Script started on 2026-04-22 17:14:43+00:00 [COMMAND="cd ~/secure-reliable-file-fransfer && { /usr/bin/time -p sudo PYTHONPATH=. python3 -u main.py --mode client --config config_phase1.json --file ./gdrive-folder/test_100mb_file; } 2>&1" TERM="xterm-256color" TTY="/dev/pts/0" COLUMNS="222" LINES="30"]
[CLIENT] running on 172.31.64.201:50000
[CLIENT] talking to server 172.31.77.14:50000
[CLIENT] sent ClientHello
[CLIENT] Handshake complete
[CLIENT] requested file: ./gdrive-folder/test_100mb_file
[CLIENT] sent ACK 4
[CLIENT] sent ACK 29
[CLIENT] sent ACK 54
[CLIENT] sent ACK 80
[CLIENT] sent ACK 105
[CLIENT] sent ACK 132
[CLIENT] sent ACK 156
[CLIENT] sent ACK 181
[CLIENT] sent ACK 208
[CLIENT] sent ACK 236
[CLIENT] sent ACK 262
[CLIENT] sent ACK 289
[CLIENT] sent ACK 315
[CLIENT] sent ACK 342
[CLIENT] sent ACK 368
[CLIENT] sent ACK 395
[CLIENT] sent ACK 421
[CLIENT] sent ACK 444
[CLIENT] sent ACK 467
[CLIENT] sent ACK 492
[CLIENT] sent ACK 517
[CLIENT] sent ACK 543
[CLIENT] sent ACK 568
[CLIENT] sent ACK 592
[CLIENT] sent ACK 613
[CLIENT] sent ACK 634
[CLIENT] sent ACK 658
[CLIENT] sent ACK 681
[CLIENT] sent ACK 705
[CLIENT] sent ACK 731
[CLIENT] sent ACK 754
[CLIENT] sent ACK 777
[CLIENT] sent ACK 802
[CLIENT] sent ACK 825
[CLIENT] sent ACK 847
[CLIENT] sent ACK 876
[CLIENT] sent ACK 903
[CLIENT] sent ACK 927
[CLIENT] sent ACK 952
[CLIENT] sent ACK 974
[CLIENT] sent ACK 996
[CLIENT] sent ACK 1020
[CLIENT] sent ACK 1039
[CLIENT] sent ACK 1059
[CLIENT] sent ACK 1083
[CLIENT] sent ACK 1106
[CLIENT] sent ACK 1127
[CLIENT] sent ACK 1153
[CLIENT] sent ACK 1178
[CLIENT] sent ACK 1199
[CLIENT] sent ACK 1223
[CLIENT] sent ACK 1248
[CLIENT] sent ACK 1274
[CLIENT] sent ACK 1297
[CLIENT] sent ACK 1319
[CLIENT] sent ACK 1343
[CLIENT] sent ACK 1366
[CLIENT] sent ACK 1391
[CLIENT] sent ACK 1415
[CLIENT] sent ACK 1437
[CLIENT] sent ACK 1459
[CLIENT] sent ACK 1483
[CLIENT] sent ACK 1508
[CLIENT] sent ACK 1532
[CLIENT] sent ACK 1554
[CLIENT] sent ACK 1580
[CLIENT] sent ACK 1603
[CLIENT] sent ACK 1627
[CLIENT] sent ACK 1650
[CLIENT] sent ACK 1673
[CLIENT] sent ACK 1697
[CLIENT] sent ACK 1720
[CLIENT] sent ACK 1744
[CLIENT] sent ACK 1769
[CLIENT] sent ACK 1791
[CLIENT] sent ACK 1816
[CLIENT] sent ACK 1840
[CLIENT] sent ACK 1864
[CLIENT] sent ACK 1887
[CLIENT] sent ACK 1910
[CLIENT] sent ACK 1934
[CLIENT] sent ACK 1957
[CLIENT] sent ACK 1982
[CLIENT] sent ACK 2006
[CLIENT] sent ACK 2030
[CLIENT] sent ACK 2055
[CLIENT] sent ACK 2079
[CLIENT] sent ACK 2103
[CLIENT] sent ACK 2128
[CLIENT] sent ACK 2151
[CLIENT] sent ACK 2177
[CLIENT] sent ACK 2202
[CLIENT] sent ACK 2227
[CLIENT] sent ACK 2251
[CLIENT] sent ACK 2275
[CLIENT] sent ACK 2301
[CLIENT] sent ACK 2324
[CLIENT] sent ACK 2349
[CLIENT] sent ACK 2375
[CLIENT] sent ACK 2398
[CLIENT] sent ACK 2421
[CLIENT] sent ACK 2443
[CLIENT] sent ACK 2467
[CLIENT] sent ACK 2490
[CLIENT] sent ACK 2513
[CLIENT] sent ACK 2538
[CLIENT] sent ACK 2563
[CLIENT] sent ACK 2588
[CLIENT] sent ACK 2613
[CLIENT] sent ACK 2637
[CLIENT] sent ACK 2660
[CLIENT] sent ACK 2685
[CLIENT] sent ACK 2711
[CLIENT] sent ACK 2736
[CLIENT] sent ACK 2759
[CLIENT] sent ACK 2784
[CLIENT] sent ACK 2808
[CLIENT] sent ACK 2832
[CLIENT] sent ACK 2856
[CLIENT] sent ACK 2880
[CLIENT] sent ACK 2903
[CLIENT] sent ACK 2928
[CLIENT] sent ACK 2952
[CLIENT] sent ACK 2976
[CLIENT] sent ACK 2998
[CLIENT] sent ACK 3022
[CLIENT] sent ACK 3046
[CLIENT] sent ACK 3071
[CLIENT] sent ACK 3096
[CLIENT] sent ACK 3120
[CLIENT] sent ACK 3145
[CLIENT] sent ACK 3170
[CLIENT] sent ACK 3193
[CLIENT] sent ACK 3215
[CLIENT] sent ACK 3238
[CLIENT] sent ACK 3262
[CLIENT] sent ACK 3286
[CLIENT] sent ACK 3309
[CLIENT] sent ACK 3334
[CLIENT] sent ACK 3356
[CLIENT] sent ACK 3379
[CLIENT] sent ACK 3404
[CLIENT] sent ACK 3427
[CLIENT] sent ACK 3450
[CLIENT] sent ACK 3472
[CLIENT] sent ACK 3496
[CLIENT] sent ACK 3521
[CLIENT] sent ACK 3545
[CLIENT] sent ACK 3569
[CLIENT] sent ACK 3592
[CLIENT] sent ACK 3615
[CLIENT] sent ACK 3639
[CLIENT] sent ACK 3663
[CLIENT] sent ACK 3687
[CLIENT] sent ACK 3711
[CLIENT] sent ACK 3736
[CLIENT] sent ACK 3763
[CLIENT] sent ACK 3788
[CLIENT] sent ACK 3812
[CLIENT] sent ACK 3835
[CLIENT] sent ACK 3860
[CLIENT] sent ACK 3886
[CLIENT] sent ACK 3909
[CLIENT] sent ACK 3931
[CLIENT] sent ACK 3954
[CLIENT] sent ACK 3980
[CLIENT] sent ACK 4006
[CLIENT] sent ACK 4034
[CLIENT] sent ACK 4058
[CLIENT] sent ACK 4082
[CLIENT] sent ACK 4106
[CLIENT] sent ACK 4130
[CLIENT] sent ACK 4156
[CLIENT] sent ACK 4180
[CLIENT] sent ACK 4205
[CLIENT] sent ACK 4229
[CLIENT] sent ACK 4253
[CLIENT] sent ACK 4278
[CLIENT] sent ACK 4301
[CLIENT] sent ACK 4325
[CLIENT] sent ACK 4350
[CLIENT] sent ACK 4375
[CLIENT] sent ACK 4398
[CLIENT] sent ACK 4421
[CLIENT] sent ACK 4445
[CLIENT] sent ACK 4470
[CLIENT] sent ACK 4495
[CLIENT] sent ACK 4520
[CLIENT] sent ACK 4546
[CLIENT] sent ACK 4568
[CLIENT] sent ACK 4594
[CLIENT] sent ACK 4618
[CLIENT] sent ACK 4645
[CLIENT] sent ACK 4668
[CLIENT] sent ACK 4694
[CLIENT] sent ACK 4719
[CLIENT] sent ACK 4744
[CLIENT] sent ACK 4770
[CLIENT] sent ACK 4793
[CLIENT] sent ACK 4817
[CLIENT] sent ACK 4841
[CLIENT] sent ACK 4865
[CLIENT] sent ACK 4889
[CLIENT] sent ACK 4912
[CLIENT] sent ACK 4937
[CLIENT] sent ACK 4961
[CLIENT] sent ACK 4983
[CLIENT] sent ACK 4998
[CLIENT] sent ACK 5024
[CLIENT] sent ACK 5049
[CLIENT] sent ACK 5076
[CLIENT] sent ACK 5101
[CLIENT] sent ACK 5128
[CLIENT] sent ACK 5156
[CLIENT] sent ACK 5184
[CLIENT] sent ACK 5212
[CLIENT] sent ACK 5236
[CLIENT] sent ACK 5259
[CLIENT] sent ACK 5281
[CLIENT] sent ACK 5307
[CLIENT] sent ACK 5331
[CLIENT] sent ACK 5356
[CLIENT] sent ACK 5380
[CLIENT] sent ACK 5403
[CLIENT] sent ACK 5429
[CLIENT] sent ACK 5453
[CLIENT] sent ACK 5476
[CLIENT] sent ACK 5500
[CLIENT] sent ACK 5524
[CLIENT] sent ACK 5548
[CLIENT] sent ACK 5572
[CLIENT] sent ACK 5596
[CLIENT] sent ACK 5621
[CLIENT] sent ACK 5643
[CLIENT] sent ACK 5668
[CLIENT] sent ACK 5692
[CLIENT] sent ACK 5717
[CLIENT] sent ACK 5740
[CLIENT] sent ACK 5762
[CLIENT] sent ACK 5785
[CLIENT] sent ACK 5809
[CLIENT] sent ACK 5834
[CLIENT] sent ACK 5858
[CLIENT] sent ACK 5881
[CLIENT] sent ACK 5905
[CLIENT] sent ACK 5929
[CLIENT] sent ACK 5954
[CLIENT] sent ACK 5978
[CLIENT] sent ACK 6002
[CLIENT] sent ACK 6026
[CLIENT] sent ACK 6052
[CLIENT] sent ACK 6077
[CLIENT] sent ACK 6101
[CLIENT] sent ACK 6122
[CLIENT] sent ACK 6147
[CLIENT] sent ACK 6171
[CLIENT] sent ACK 6197
[CLIENT] sent ACK 6221
[CLIENT] sent ACK 6245
[CLIENT] sent ACK 6269
[CLIENT] sent ACK 6292
[CLIENT] sent ACK 6315
[CLIENT] sent ACK 6340
[CLIENT] sent ACK 6362
[CLIENT] sent ACK 6388
[CLIENT] sent ACK 6415
[CLIENT] sent ACK 6440
[CLIENT] sent ACK 6462
[CLIENT] sent ACK 6484
[CLIENT] sent ACK 6509
[CLIENT] sent ACK 6536
[CLIENT] sent ACK 6562
[CLIENT] sent ACK 6587
[CLIENT] sent ACK 6610
[CLIENT] sent ACK 6631
[CLIENT] sent ACK 6658
[CLIENT] sent ACK 6679
[CLIENT] sent ACK 6704
[CLIENT] sent ACK 6727
[CLIENT] sent ACK 6753
[CLIENT] sent ACK 6778
[CLIENT] sent ACK 6801
[CLIENT] sent ACK 6826
[CLIENT] sent ACK 6850
[CLIENT] sent ACK 6875
[CLIENT] sent ACK 6901
[CLIENT] sent ACK 6926
[CLIENT] sent ACK 6948
[CLIENT] sent ACK 6971
[CLIENT] sent ACK 6996
[CLIENT] sent ACK 7021
[CLIENT] sent ACK 7044
[CLIENT] sent ACK 7068
[CLIENT] sent ACK 7093
[CLIENT] sent ACK 7118
[CLIENT] sent ACK 7143
[CLIENT] sent ACK 7169
[CLIENT] sent ACK 7193
[CLIENT] sent ACK 7219
[CLIENT] sent ACK 7245
[CLIENT] sent ACK 7270
[CLIENT] sent ACK 7295
[CLIENT] sent ACK 7318
[CLIENT] sent ACK 7344
[CLIENT] sent ACK 7370
[CLIENT] sent ACK 7395
[CLIENT] sent ACK 7420
[CLIENT] sent ACK 7442
[CLIENT] sent ACK 7464
[CLIENT] sent ACK 7488
[CLIENT] sent ACK 7512
[CLIENT] sent ACK 7537
[CLIENT] sent ACK 7561
[CLIENT] sent ACK 7586
[CLIENT] sent ACK 7610
[CLIENT] sent ACK 7636
[CLIENT] sent ACK 7662
[CLIENT] sent ACK 7686
[CLIENT] sent ACK 7709
[CLIENT] sent ACK 7736
[CLIENT] sent ACK 7760
[CLIENT] sent ACK 7786
[CLIENT] sent ACK 7809
[CLIENT] sent ACK 7834
[CLIENT] sent ACK 7857
[CLIENT] sent ACK 7882
[CLIENT] sent ACK 7906
[CLIENT] sent ACK 7928
[CLIENT] sent ACK 7951
[CLIENT] sent ACK 7975
[CLIENT] sent ACK 7997
[CLIENT] sent ACK 8021
[CLIENT] sent ACK 8043
[CLIENT] sent ACK 8068
[CLIENT] sent ACK 8091
[CLIENT] sent ACK 8116
[CLIENT] sent ACK 8140
[CLIENT] sent ACK 8165
[CLIENT] sent ACK 8188
[CLIENT] sent ACK 8212
[CLIENT] sent ACK 8234
[CLIENT] sent ACK 8257
[CLIENT] sent ACK 8282
[CLIENT] sent ACK 8305
[CLIENT] sent ACK 8330
[CLIENT] sent ACK 8354
[CLIENT] sent ACK 8377
[CLIENT] sent ACK 8401
[CLIENT] sent ACK 8424
[CLIENT] sent ACK 8447
[CLIENT] sent ACK 8472
[CLIENT] sent ACK 8496
[CLIENT] sent ACK 8520
[CLIENT] sent ACK 8541
[CLIENT] sent ACK 8566
[CLIENT] sent ACK 8592
[CLIENT] sent ACK 8617
[CLIENT] sent ACK 8641
[CLIENT] sent ACK 8664
[CLIENT] sent ACK 8688
[CLIENT] sent ACK 8712
[CLIENT] sent ACK 8739
[CLIENT] sent ACK 8763
[CLIENT] sent ACK 8787
[CLIENT] sent ACK 8812
[CLIENT] sent ACK 8835
[CLIENT] sent ACK 8857
[CLIENT] sent ACK 8878
[CLIENT] sent ACK 8903
[CLIENT] sent ACK 8929
[CLIENT] sent ACK 8957
[CLIENT] sent ACK 8983
[CLIENT] sent ACK 9010
[CLIENT] sent ACK 9037
[CLIENT] sent ACK 9063
[CLIENT] sent ACK 9087
[CLIENT] sent ACK 9111
[CLIENT] sent ACK 9134
[CLIENT] sent ACK 9159
[CLIENT] sent ACK 9184
[CLIENT] sent ACK 9206
[CLIENT] sent ACK 9231
[CLIENT] sent ACK 9255
[CLIENT] sent ACK 9280
[CLIENT] sent ACK 9304
[CLIENT] sent ACK 9328
[CLIENT] sent ACK 9352
[CLIENT] sent ACK 9375
[CLIENT] sent ACK 9399
[CLIENT] sent ACK 9428
[CLIENT] sent ACK 9453
[CLIENT] sent ACK 9480
[CLIENT] sent ACK 9503
[CLIENT] sent ACK 9528
[CLIENT] sent ACK 9552
[CLIENT] sent ACK 9576
[CLIENT] sent ACK 9602
[CLIENT] sent ACK 9624
[CLIENT] sent ACK 9649
[CLIENT] sent ACK 9675
[CLIENT] sent ACK 9701
[CLIENT] sent ACK 9728
[CLIENT] sent ACK 9750
[CLIENT] sent ACK 9773
[CLIENT] sent ACK 9801
[CLIENT] sent ACK 9826
[CLIENT] sent ACK 9851
[CLIENT] sent ACK 9875
[CLIENT] sent ACK 9903
[CLIENT] sent ACK 9928
[CLIENT] sent ACK 9953
[CLIENT] sent ACK 9979
[CLIENT] sent ACK 10001
[CLIENT] sent ACK 10027
[CLIENT] sent ACK 10054
[CLIENT] sent ACK 10078
[CLIENT] sent ACK 10105
[CLIENT] sent ACK 10130
[CLIENT] sent ACK 10155
[CLIENT] sent ACK 10180
[CLIENT] sent ACK 10204
[CLIENT] sent ACK 10228
[CLIENT] sent ACK 10252
[CLIENT] sent ACK 10275
[CLIENT] sent ACK 10301
[CLIENT] sent ACK 10323
[CLIENT] sent ACK 10348
[CLIENT] sent ACK 10373
[CLIENT] sent ACK 10397
[CLIENT] sent ACK 10422
[CLIENT] sent ACK 10448
[CLIENT] sent ACK 10473
[CLIENT] sent ACK 10498
[CLIENT] sent ACK 10523
[CLIENT] sent ACK 10549
[CLIENT] sent ACK 10576
[CLIENT] sent ACK 10601
[CLIENT] sent ACK 10625
[CLIENT] sent ACK 10650
[CLIENT] sent ACK 10674
[CLIENT] sent ACK 10698
[CLIENT] sent ACK 10723
[CLIENT] sent ACK 10746
[CLIENT] sent ACK 10771
[CLIENT] sent ACK 10795
[CLIENT] sent ACK 10821
[CLIENT] sent ACK 10847
[CLIENT] sent ACK 10870
[CLIENT] sent ACK 10895
[CLIENT] sent ACK 10918
[CLIENT] sent ACK 10943
[CLIENT] sent ACK 10967
[CLIENT] sent ACK 10992
[CLIENT] sent ACK 11015
[CLIENT] sent ACK 11041
[CLIENT] sent ACK 11066
[CLIENT] sent ACK 11092
[CLIENT] sent ACK 11116
[CLIENT] sent ACK 11140
[CLIENT] sent ACK 11166
[CLIENT] sent ACK 11190
[CLIENT] sent ACK 11215
[CLIENT] sent ACK 11239
[CLIENT] sent ACK 11266
[CLIENT] sent ACK 11292
[CLIENT] sent ACK 11316
[CLIENT] sent ACK 11343
[CLIENT] sent ACK 11368
[CLIENT] sent ACK 11393
[CLIENT] sent ACK 11417
[CLIENT] sent ACK 11442
[CLIENT] sent ACK 11468
[CLIENT] sent ACK 11492
[CLIENT] sent ACK 11517
[CLIENT] sent ACK 11545
[CLIENT] sent ACK 11571
[CLIENT] sent ACK 11598
[CLIENT] sent ACK 11622
[CLIENT] sent ACK 11646
[CLIENT] sent ACK 11672
[CLIENT] sent ACK 11696
[CLIENT] sent ACK 11721
[CLIENT] sent ACK 11744
[CLIENT] sent ACK 11769
[CLIENT] sent ACK 11794
[CLIENT] sent ACK 11817
[CLIENT] sent ACK 11841
[CLIENT] sent ACK 11864
[CLIENT] sent ACK 11888
[CLIENT] sent ACK 11914
[CLIENT] sent ACK 11937
[CLIENT] sent ACK 11962
[CLIENT] sent ACK 11986
[CLIENT] sent ACK 12012
[CLIENT] sent ACK 12036
[CLIENT] sent ACK 12061
[CLIENT] sent ACK 12086
[CLIENT] sent ACK 12110
[CLIENT] sent ACK 12134
[CLIENT] sent ACK 12160
[CLIENT] sent ACK 12185
[CLIENT] sent ACK 12209
[CLIENT] sent ACK 12234
[CLIENT] sent ACK 12257
[CLIENT] sent ACK 12283
[CLIENT] sent ACK 12308
[CLIENT] sent ACK 12333
[CLIENT] sent ACK 12356
[CLIENT] sent ACK 12381
[CLIENT] sent ACK 12405
[CLIENT] sent ACK 12428
[CLIENT] sent ACK 12451
[CLIENT] sent ACK 12474
[CLIENT] sent ACK 12499
[CLIENT] sent ACK 12523
[CLIENT] sent ACK 12548
[CLIENT] sent ACK 12573
[CLIENT] sent ACK 12598
[CLIENT] sent ACK 12619
[CLIENT] sent ACK 12644
[CLIENT] sent ACK 12667
[CLIENT] sent ACK 12691
[CLIENT] sent ACK 12717
[CLIENT] sent ACK 12742
[CLIENT] sent ACK 12767
[CLIENT] sent ACK 12791
[CLIENT] sent ACK 12816
[CLIENT] sent ACK 12840
[CLIENT] sent ACK 12865
[CLIENT] sent ACK 12892
[CLIENT] sent ACK 12917
[CLIENT] sent ACK 12943
[CLIENT] sent ACK 12967
[CLIENT] sent ACK 12993
[CLIENT] sent ACK 13019
[CLIENT] sent ACK 13046
[CLIENT] sent ACK 13072
[CLIENT] sent ACK 13097
[CLIENT] sent ACK 13121
[CLIENT] sent ACK 13145
[CLIENT] sent ACK 13169
[CLIENT] sent ACK 13192
[CLIENT] sent ACK 13216
[CLIENT] sent ACK 13241
[CLIENT] sent ACK 13266
[CLIENT] sent ACK 13290
[CLIENT] sent ACK 13314
[CLIENT] sent ACK 13337
[CLIENT] sent ACK 13362
[CLIENT] sent ACK 13387
[CLIENT] sent ACK 13410
[CLIENT] sent ACK 13436
[CLIENT] sent ACK 13459
[CLIENT] sent ACK 13483
[CLIENT] sent ACK 13510
[CLIENT] sent ACK 13534
[CLIENT] sent ACK 13560
[CLIENT] sent ACK 13584
[CLIENT] sent ACK 13605
[CLIENT] sent ACK 13630
[CLIENT] sent ACK 13657
[CLIENT] sent ACK 13683
[CLIENT] sent ACK 13708
[CLIENT] sent ACK 13733
[CLIENT] sent ACK 13760
[CLIENT] sent ACK 13786
[CLIENT] sent ACK 13811
[CLIENT] sent ACK 13835
[CLIENT] sent ACK 13859
[CLIENT] sent ACK 13884
[CLIENT] sent ACK 13910
[CLIENT] sent ACK 13932
[CLIENT] sent ACK 13938
[CLIENT] sent ACK 13963
[CLIENT] sent ACK 13989
[CLIENT] sent ACK 14016
[CLIENT] sent ACK 14042
[CLIENT] sent ACK 14068
[CLIENT] sent ACK 14093
[CLIENT] sent ACK 14119
[CLIENT] sent ACK 14145
[CLIENT] sent ACK 14172
[CLIENT] sent ACK 14199
[CLIENT] sent ACK 14226
[CLIENT] sent ACK 14252
[CLIENT] sent ACK 14280
[CLIENT] sent ACK 14305
[CLIENT] sent ACK 14330
[CLIENT] sent ACK 14357
[CLIENT] sent ACK 14383
[CLIENT] sent ACK 14409
[CLIENT] sent ACK 14435
[CLIENT] sent ACK 14461
[CLIENT] sent ACK 14489
[CLIENT] sent ACK 14515
[CLIENT] sent ACK 14541
[CLIENT] sent ACK 14566
[CLIENT] sent ACK 14595
[CLIENT] sent ACK 14622
[CLIENT] sent ACK 14650
[CLIENT] sent ACK 14676
[CLIENT] sent ACK 14701
[CLIENT] sent ACK 14727
[CLIENT] sent ACK 14753
[CLIENT] sent ACK 14780
[CLIENT] sent ACK 14806
[CLIENT] sent ACK 14830
[CLIENT] sent ACK 14857
[CLIENT] sent ACK 14881
[CLIENT] sent ACK 14907
[CLIENT] sent ACK 14933
[CLIENT] sent ACK 14957
[CLIENT] sent ACK 14981
[CLIENT] sent ACK 15006
[CLIENT] sent ACK 15030
[CLIENT] sent ACK 15055
[CLIENT] sent ACK 15078
[CLIENT] sent ACK 15103
[CLIENT] sent ACK 15127
[CLIENT] sent ACK 15152
[CLIENT] sent ACK 15176
[CLIENT] sent ACK 15201
[CLIENT] sent ACK 15226
[CLIENT] sent ACK 15252
[CLIENT] sent ACK 15278
[CLIENT] sent ACK 15302
[CLIENT] sent ACK 15326
[CLIENT] sent ACK 15350
[CLIENT] sent ACK 15374
[CLIENT] sent ACK 15399
[CLIENT] sent ACK 15421
[CLIENT] sent ACK 15446
[CLIENT] sent ACK 15472
[CLIENT] sent ACK 15496
[CLIENT] sent ACK 15520
[CLIENT] sent ACK 15542
[CLIENT] sent ACK 15564
[CLIENT] sent ACK 15586
[CLIENT] sent ACK 15609
[CLIENT] sent ACK 15633
[CLIENT] sent ACK 15656
[CLIENT] sent ACK 15679
[CLIENT] sent ACK 15703
[CLIENT] sent ACK 15729
[CLIENT] sent ACK 15754
[CLIENT] sent ACK 15777
[CLIENT] sent ACK 15798
[CLIENT] sent ACK 15822
[CLIENT] sent ACK 15845
[CLIENT] sent ACK 15870
[CLIENT] sent ACK 15895
[CLIENT] sent ACK 15919
[CLIENT] sent ACK 15944
[CLIENT] sent ACK 15968
[CLIENT] sent ACK 15993
[CLIENT] sent ACK 16018
[CLIENT] sent ACK 16040
[CLIENT] sent ACK 16065
[CLIENT] sent ACK 16091
[CLIENT] sent ACK 16117
[CLIENT] sent ACK 16142
[CLIENT] sent ACK 16168
[CLIENT] sent ACK 16195
[CLIENT] sent ACK 16221
[CLIENT] sent ACK 16246
[CLIENT] sent ACK 16270
[CLIENT] sent ACK 16297
[CLIENT] sent ACK 16324
[CLIENT] sent ACK 16351
[CLIENT] sent ACK 16376
[CLIENT] sent ACK 16398
[CLIENT] sent ACK 16424
[CLIENT] sent ACK 16448
[CLIENT] sent ACK 16473
[CLIENT] sent ACK 16499
[CLIENT] sent ACK 16523
[CLIENT] sent ACK 16547
[CLIENT] sent ACK 16573
[CLIENT] sent ACK 16598
[CLIENT] sent ACK 16623
[CLIENT] sent ACK 16647
[CLIENT] sent ACK 16674
[CLIENT] sent ACK 16697
[CLIENT] sent ACK 16722
[CLIENT] sent ACK 16747
[CLIENT] sent ACK 16771
[CLIENT] sent ACK 16797
[CLIENT] sent ACK 16823
[CLIENT] sent ACK 16850
[CLIENT] sent ACK 16875
[CLIENT] sent ACK 16899
[CLIENT] sent ACK 16925
[CLIENT] sent ACK 16950
[CLIENT] sent ACK 16975
[CLIENT] sent ACK 17000
[CLIENT] sent ACK 17023
[CLIENT] sent ACK 17046
[CLIENT] sent ACK 17068
[CLIENT] sent ACK 17092
[CLIENT] sent ACK 17118
[CLIENT] sent ACK 17142
[CLIENT] sent ACK 17168
[CLIENT] sent ACK 17192
[CLIENT] sent ACK 17217
[CLIENT] sent ACK 17242
[CLIENT] sent ACK 17264
[CLIENT] sent ACK 17288
[CLIENT] sent ACK 17311
[CLIENT] sent ACK 17336
[CLIENT] sent ACK 17361
[CLIENT] sent ACK 17383
[CLIENT] sent ACK 17407
[CLIENT] sent ACK 17432
[CLIENT] sent ACK 17455
[CLIENT] sent ACK 17480
[CLIENT] sent ACK 17505
[CLIENT] sent ACK 17528
[CLIENT] sent ACK 17554
[CLIENT] sent ACK 17578
[CLIENT] sent ACK 17602
[CLIENT] sent ACK 17627
[CLIENT] sent ACK 17650
[CLIENT] sent ACK 17674
[CLIENT] sent ACK 17698
[CLIENT] sent ACK 17723
[CLIENT] sent ACK 17748
[CLIENT] sent ACK 17773
[CLIENT] sent ACK 17796
[CLIENT] sent ACK 17820
[CLIENT] sent ACK 17844
[CLIENT] sent ACK 17868
[CLIENT] sent ACK 17892
[CLIENT] sent ACK 17917
[CLIENT] sent ACK 17940
[CLIENT] sent ACK 17963
[CLIENT] sent ACK 17988
[CLIENT] sent ACK 18011
[CLIENT] sent ACK 18035
[CLIENT] sent ACK 18059
[CLIENT] sent ACK 18083
[CLIENT] sent ACK 18105
[CLIENT] sent ACK 18126
[CLIENT] sent ACK 18150
[CLIENT] sent ACK 18176
[CLIENT] sent ACK 18200
[CLIENT] sent ACK 18222
[CLIENT] sent ACK 18246
[CLIENT] sent ACK 18269
[CLIENT] sent ACK 18295
[CLIENT] sent ACK 18320
[CLIENT] sent ACK 18344
[CLIENT] sent ACK 18368
[CLIENT] sent ACK 18395
[CLIENT] sent ACK 18418
[CLIENT] sent ACK 18443
[CLIENT] sent ACK 18468
[CLIENT] sent ACK 18491
[CLIENT] sent ACK 18516
[CLIENT] sent ACK 18541
[CLIENT] sent ACK 18566
[CLIENT] sent ACK 18591
[CLIENT] sent ACK 18613
[CLIENT] sent ACK 18638
[CLIENT] sent ACK 18662
[CLIENT] sent ACK 18687
[CLIENT] sent ACK 18712
[CLIENT] sent ACK 18733
[CLIENT] sent ACK 18755
[CLIENT] sent ACK 18779
[CLIENT] sent ACK 18805
[CLIENT] sent ACK 18831
[CLIENT] sent ACK 18852
[CLIENT] sent ACK 18877
[CLIENT] sent ACK 18904
[CLIENT] sent ACK 18929
[CLIENT] sent ACK 18953
[CLIENT] sent ACK 18976
[CLIENT] sent ACK 19001
[CLIENT] sent ACK 19024
[CLIENT] sent ACK 19048
[CLIENT] sent ACK 19071
[CLIENT] sent ACK 19095
[CLIENT] sent ACK 19120
[CLIENT] sent ACK 19144
[CLIENT] sent ACK 19169
[CLIENT] sent ACK 19193
[CLIENT] sent ACK 19216
[CLIENT] sent ACK 19242
[CLIENT] sent ACK 19265
[CLIENT] sent ACK 19288
[CLIENT] sent ACK 19314
[CLIENT] sent ACK 19338
[CLIENT] sent ACK 19363
[CLIENT] sent ACK 19385
[CLIENT] sent ACK 19408
[CLIENT] sent ACK 19433
[CLIENT] sent ACK 19458
[CLIENT] sent ACK 19483
[CLIENT] sent ACK 19509
[CLIENT] sent ACK 19535
[CLIENT] sent ACK 19556
[CLIENT] sent ACK 19578
[CLIENT] sent ACK 19603
[CLIENT] sent ACK 19627
[CLIENT] sent ACK 19650
[CLIENT] sent ACK 19671
[CLIENT] sent ACK 19698
[CLIENT] sent ACK 19723
[CLIENT] sent ACK 19747
[CLIENT] sent ACK 19771
[CLIENT] sent ACK 19796
[CLIENT] sent ACK 19820
[CLIENT] sent ACK 19845
[CLIENT] sent ACK 19870
[CLIENT] sent ACK 19895
[CLIENT] sent ACK 19918
[CLIENT] sent ACK 19941
[CLIENT] sent ACK 19965
[CLIENT] sent ACK 19991
[CLIENT] sent ACK 20016
[CLIENT] sent ACK 20041
[CLIENT] sent ACK 20067
[CLIENT] sent ACK 20092
[CLIENT] sent ACK 20117
[CLIENT] sent ACK 20143
[CLIENT] sent ACK 20167
[CLIENT] sent ACK 20190
[CLIENT] sent ACK 20215
[CLIENT] sent ACK 20240
[CLIENT] sent ACK 20263
[CLIENT] sent ACK 20285
[CLIENT] sent ACK 20309
[CLIENT] sent ACK 20334
[CLIENT] sent ACK 20357
[CLIENT] sent ACK 20381
[CLIENT] sent ACK 20402
[CLIENT] sent ACK 20426
[CLIENT] sent ACK 20451
[CLIENT] sent ACK 20475
[CLIENT] sent ACK 20498
[CLIENT] sent ACK 20520
[CLIENT] sent ACK 20544
[CLIENT] sent ACK 20569
[CLIENT] sent ACK 20597
[CLIENT] sent ACK 20623
[CLIENT] sent ACK 20649
[CLIENT] sent ACK 20672
[CLIENT] sent ACK 20697
[CLIENT] sent ACK 20722
[CLIENT] sent ACK 20746
[CLIENT] sent ACK 20771
[CLIENT] sent ACK 20794
[CLIENT] sent ACK 20818
[CLIENT] sent ACK 20841
[CLIENT] sent ACK 20867
[CLIENT] sent ACK 20892
[CLIENT] sent ACK 20914
[CLIENT] sent ACK 20935
[CLIENT] sent ACK 20960
[CLIENT] sent ACK 20983
[CLIENT] sent ACK 21007
[CLIENT] sent ACK 21031
[CLIENT] sent ACK 21053
[CLIENT] sent ACK 21078
[CLIENT] sent ACK 21102
[CLIENT] sent ACK 21126
[CLIENT] sent ACK 21149
[CLIENT] sent ACK 21174
[CLIENT] sent ACK 21195
[CLIENT] sent ACK 21222
[CLIENT] sent ACK 21247
[CLIENT] sent ACK 21270
[CLIENT] sent ACK 21297
[CLIENT] sent ACK 21322
[CLIENT] sent ACK 21345
[CLIENT] sent ACK 21370
[CLIENT] sent ACK 21393
[CLIENT] sent ACK 21418
[CLIENT] sent ACK 21442
[CLIENT] sent ACK 21467
[CLIENT] sent ACK 21487
[CLIENT] sent ACK 21511
[CLIENT] sent ACK 21539
[CLIENT] sent ACK 21567
[CLIENT] sent ACK 21591
[CLIENT] sent ACK 21614
[CLIENT] sent ACK 21638
[CLIENT] sent ACK 21661
[CLIENT] sent ACK 21686
[CLIENT] sent ACK 21707
[CLIENT] sent ACK 21731
[CLIENT] sent ACK 21755
[CLIENT] sent ACK 21779
[CLIENT] sent ACK 21804
[CLIENT] sent ACK 21828
[CLIENT] sent ACK 21853
[CLIENT] sent ACK 21875
[CLIENT] sent ACK 21899
[CLIENT] sent ACK 21923
[CLIENT] sent ACK 21948
[CLIENT] sent ACK 21973
[CLIENT] sent ACK 21997
[CLIENT] sent ACK 22023
[CLIENT] sent ACK 22047
[CLIENT] sent ACK 22071
[CLIENT] sent ACK 22095
[CLIENT] sent ACK 22119
[CLIENT] sent ACK 22142
[CLIENT] sent ACK 22167
[CLIENT] sent ACK 22191
[CLIENT] sent ACK 22215
[CLIENT] sent ACK 22239
[CLIENT] sent ACK 22263
[CLIENT] sent ACK 22288
[CLIENT] sent ACK 22313
[CLIENT] sent ACK 22338
[CLIENT] sent ACK 22361
[CLIENT] sent ACK 22384
[CLIENT] sent ACK 22410
[CLIENT] sent ACK 22435
[CLIENT] sent ACK 22455
[CLIENT] sent ACK 22477
[CLIENT] sent ACK 22501
[CLIENT] sent ACK 22526
[CLIENT] sent ACK 22550
[CLIENT] sent ACK 22571
[CLIENT] sent ACK 22597
[CLIENT] sent ACK 22621
[CLIENT] sent ACK 22646
[CLIENT] sent ACK 22669
[CLIENT] sent ACK 22693
[CLIENT] sent ACK 22716
[CLIENT] sent ACK 22739
[CLIENT] sent ACK 22764
[CLIENT] sent ACK 22789
[CLIENT] sent ACK 22812
[CLIENT] sent ACK 22834
[CLIENT] sent ACK 22854
[CLIENT] sent ACK 22878
[CLIENT] sent ACK 22902
[CLIENT] sent ACK 22926
[CLIENT] sent ACK 22949
[CLIENT] sent ACK 22971
[CLIENT] sent ACK 22996
[CLIENT] sent ACK 23020
[CLIENT] sent ACK 23044
[CLIENT] sent ACK 23065
[CLIENT] sent ACK 23090
[CLIENT] sent ACK 23114
[CLIENT] sent ACK 23138
[CLIENT] sent ACK 23163
[CLIENT] sent ACK 23186
[CLIENT] sent ACK 23210
[CLIENT] sent ACK 23235
[CLIENT] sent ACK 23262
[CLIENT] sent ACK 23285
[CLIENT] sent ACK 23308
[CLIENT] sent ACK 23331
[CLIENT] sent ACK 23357
[CLIENT] sent ACK 23382
[CLIENT] sent ACK 23407
[CLIENT] sent ACK 23430
[CLIENT] sent ACK 23455
[CLIENT] sent ACK 23481
[CLIENT] sent ACK 23506
[CLIENT] sent ACK 23529
[CLIENT] sent ACK 23553
[CLIENT] sent ACK 23577
[CLIENT] sent ACK 23602
[CLIENT] sent ACK 23626
[CLIENT] sent ACK 23647
[CLIENT] sent ACK 23670
[CLIENT] sent ACK 23695
[CLIENT] sent ACK 23721
[CLIENT] sent ACK 23743
[CLIENT] sent ACK 23766
[CLIENT] sent ACK 23788
[CLIENT] sent ACK 23813
[CLIENT] sent ACK 23837
[CLIENT] sent ACK 23863
[CLIENT] sent ACK 23888
[CLIENT] sent ACK 23911
[CLIENT] sent ACK 23935
[CLIENT] sent ACK 23957
[CLIENT] sent ACK 23981
[CLIENT] sent ACK 24007
[CLIENT] sent ACK 24030
[CLIENT] sent ACK 24053
[CLIENT] sent ACK 24077
[CLIENT] sent ACK 24102
[CLIENT] sent ACK 24126
[CLIENT] sent ACK 24150
[CLIENT] sent ACK 24173
[CLIENT] sent ACK 24199
[CLIENT] sent ACK 24223
[CLIENT] sent ACK 24247
[CLIENT] sent ACK 24272
[CLIENT] sent ACK 24294
[CLIENT] sent ACK 24318
[CLIENT] sent ACK 24342
[CLIENT] sent ACK 24366
[CLIENT] sent ACK 24391
[CLIENT] sent ACK 24413
[CLIENT] sent ACK 24437
[CLIENT] sent ACK 24463
[CLIENT] sent ACK 24487
[CLIENT] sent ACK 24508
[CLIENT] sent ACK 24531
[CLIENT] sent ACK 24555
[CLIENT] sent ACK 24578
[CLIENT] sent ACK 24604
[CLIENT] sent ACK 24626
[CLIENT] sent ACK 24650
[CLIENT] sent ACK 24674
[CLIENT] sent ACK 24697
[CLIENT] sent ACK 24721
[CLIENT] sent ACK 24743
[CLIENT] sent ACK 24768
[CLIENT] sent ACK 24792
[CLIENT] sent ACK 24816
[CLIENT] sent ACK 24838
[CLIENT] sent ACK 24861
[CLIENT] sent ACK 24885
[CLIENT] sent ACK 24909
[CLIENT] sent ACK 24933
[CLIENT] sent ACK 24956
[CLIENT] sent ACK 24981
[CLIENT] sent ACK 25006
[CLIENT] sent ACK 25029
[CLIENT] sent ACK 25053
[CLIENT] sent ACK 25078
[CLIENT] sent ACK 25101
[CLIENT] sent ACK 25125
[CLIENT] sent ACK 25149
[CLIENT] sent ACK 25173
[CLIENT] sent ACK 25198
[CLIENT] sent ACK 25222
[CLIENT] sent ACK 25246
[CLIENT] sent ACK 25270
[CLIENT] sent ACK 25293
[CLIENT] sent ACK 25317
[CLIENT] sent ACK 25343
[CLIENT] sent ACK 25366
[CLIENT] sent ACK 25389
[CLIENT] sent ACK 25413
[CLIENT] sent ACK 25434
[CLIENT] sent ACK 25457
[CLIENT] sent ACK 25483
[CLIENT] sent ACK 25508
[CLIENT] sent ACK 25534
[CLIENT] sent ACK 25559
[CLIENT] sent ACK 25581
[CLIENT] sent ACK 25606
[CLIENT] sent ACK 25629
[CLIENT] sent ACK 25655
[CLIENT] sent ACK 25679
[CLIENT] sent ACK 25704
[CLIENT] sent ACK 25729
[CLIENT] sent ACK 25754
[CLIENT] sent ACK 25778
[CLIENT] sent ACK 25803
[CLIENT] sent ACK 25827
[CLIENT] sent ACK 25850
[CLIENT] sent ACK 25873
[CLIENT] sent ACK 25895
[CLIENT] sent ACK 25918
[CLIENT] sent ACK 25942
[CLIENT] sent ACK 25966
[CLIENT] sent ACK 25989
[CLIENT] sent ACK 26014
[CLIENT] sent ACK 26039
[CLIENT] sent ACK 26064
[CLIENT] sent ACK 26089
[CLIENT] sent ACK 26113
[CLIENT] sent ACK 26138
[CLIENT] sent ACK 26161
[CLIENT] sent ACK 26186
[CLIENT] sent ACK 26211
[CLIENT] sent ACK 26237
[CLIENT] sent ACK 26262
[CLIENT] sent ACK 26287
[CLIENT] sent ACK 26313
[CLIENT] sent ACK 26337
[CLIENT] sent ACK 26364
[CLIENT] sent ACK 26389
[CLIENT] sent ACK 26412
[CLIENT] sent ACK 26437
[CLIENT] sent ACK 26465
[CLIENT] sent ACK 26493
[CLIENT] sent ACK 26518
[CLIENT] sent ACK 26543
[CLIENT] sent ACK 26568
[CLIENT] sent ACK 26594
[CLIENT] sent ACK 26618
[CLIENT] sent ACK 26643
[CLIENT] sent ACK 26666
[CLIENT] sent ACK 26690
[CLIENT] sent ACK 26716
[CLIENT] sent ACK 26739
[CLIENT] sent ACK 26764
[CLIENT] sent ACK 26788
[CLIENT] sent ACK 26813
[CLIENT] sent ACK 26837
[CLIENT] sent ACK 26862
[CLIENT] sent ACK 26888
[CLIENT] sent ACK 26911
[CLIENT] sent ACK 26936
[CLIENT] sent ACK 26960
[CLIENT] sent ACK 26984
[CLIENT] sent ACK 27008
[CLIENT] sent ACK 27031
[CLIENT] sent ACK 27055
[CLIENT] sent ACK 27076
[CLIENT] sent ACK 27101
[CLIENT] sent ACK 27124
[CLIENT] sent ACK 27146
[CLIENT] sent ACK 27170
[CLIENT] sent ACK 27195
[CLIENT] sent ACK 27218
[CLIENT] sent ACK 27242
[CLIENT] sent ACK 27266
[CLIENT] sent ACK 27288
[CLIENT] sent ACK 27311
[CLIENT] sent ACK 27336
[CLIENT] sent ACK 27359
[CLIENT] sent ACK 27382
[CLIENT] sent ACK 27407
[CLIENT] sent ACK 27430
[CLIENT] sent ACK 27453
[CLIENT] sent ACK 27477
[CLIENT] sent ACK 27499
[CLIENT] sent ACK 27523
[CLIENT] sent ACK 27548
[CLIENT] sent ACK 27572
[CLIENT] sent ACK 27597
[CLIENT] sent ACK 27622
[CLIENT] sent ACK 27647
[CLIENT] sent ACK 27672
[CLIENT] sent ACK 27697
[CLIENT] sent ACK 27721
[CLIENT] sent ACK 27744
[CLIENT] sent ACK 27768
[CLIENT] sent ACK 27794
[CLIENT] sent ACK 27820
[CLIENT] sent ACK 27844
[CLIENT] sent ACK 27867
[CLIENT] sent ACK 27891
[CLIENT] sent ACK 27916
[CLIENT] sent ACK 27939
[CLIENT] sent ACK 27964
[CLIENT] sent ACK 27986
[CLIENT] sent ACK 28011
[CLIENT] sent ACK 28032
[CLIENT] sent ACK 28056
[CLIENT] sent ACK 28080
[CLIENT] sent ACK 28104
[CLIENT] sent ACK 28129
[CLIENT] sent ACK 28155
[CLIENT] sent ACK 28180
[CLIENT] sent ACK 28205
[CLIENT] sent ACK 28231
[CLIENT] sent ACK 28254
[CLIENT] sent ACK 28279
[CLIENT] sent ACK 28303
[CLIENT] sent ACK 28329
[CLIENT] sent ACK 28353
[CLIENT] sent ACK 28379
[CLIENT] sent ACK 28401
[CLIENT] sent ACK 28424
[CLIENT] sent ACK 28449
[CLIENT] sent ACK 28473
[CLIENT] sent ACK 28497
[CLIENT] sent ACK 28520
[CLIENT] sent ACK 28544
[CLIENT] sent ACK 28568
[CLIENT] sent ACK 28592
[CLIENT] sent ACK 28616
[CLIENT] sent ACK 28641
[CLIENT] sent ACK 28662
[CLIENT] sent ACK 28686
[CLIENT] sent ACK 28712
[CLIENT] sent ACK 28738
[CLIENT] sent ACK 28764
[CLIENT] sent ACK 28788
[CLIENT] sent ACK 28812
[CLIENT] sent ACK 28835
[CLIENT] sent ACK 28859
[CLIENT] sent ACK 28883
[CLIENT] sent ACK 28908
[CLIENT] sent ACK 28933
[CLIENT] sent ACK 28957
[CLIENT] sent ACK 28982
[CLIENT] sent ACK 29006
[CLIENT] sent ACK 29031
[CLIENT] sent ACK 29054
[CLIENT] sent ACK 29076
[CLIENT] sent ACK 29101
[CLIENT] sent ACK 29126
[CLIENT] sent ACK 29150
[CLIENT] sent ACK 29174
[CLIENT] sent ACK 29198
[CLIENT] sent ACK 29223
[CLIENT] sent ACK 29249
[CLIENT] sent ACK 29271
[CLIENT] sent ACK 29297
[CLIENT] sent ACK 29321
[CLIENT] sent ACK 29345
[CLIENT] sent ACK 29370
[CLIENT] sent ACK 29394
[CLIENT] sent ACK 29416
[CLIENT] sent ACK 29438
[CLIENT] sent ACK 29462
[CLIENT] sent ACK 29486
[CLIENT] sent ACK 29509
[CLIENT] sent ACK 29534
[CLIENT] sent ACK 29557
[CLIENT] sent ACK 29581
[CLIENT] sent ACK 29606
[CLIENT] sent ACK 29631
[CLIENT] sent ACK 29654
[CLIENT] sent ACK 29676
[CLIENT] sent ACK 29700
[CLIENT] sent ACK 29723
[CLIENT] sent ACK 29747
[CLIENT] sent ACK 29771
[CLIENT] sent ACK 29795
[CLIENT] sent ACK 29820
[CLIENT] sent ACK 29844
[CLIENT] sent ACK 29869
[CLIENT] sent ACK 29896
[CLIENT] sent ACK 29919
[CLIENT] sent ACK 29946
[CLIENT] sent ACK 29970
[CLIENT] sent ACK 29996
[CLIENT] sent ACK 30019
[CLIENT] sent ACK 30044
[CLIENT] sent ACK 30068
[CLIENT] sent ACK 30090
[CLIENT] sent ACK 30114
[CLIENT] sent ACK 30139
[CLIENT] sent ACK 30162
[CLIENT] sent ACK 30187
[CLIENT] sent ACK 30209
[CLIENT] sent ACK 30230
[CLIENT] sent ACK 30254
[CLIENT] sent ACK 30275
[CLIENT] sent ACK 30300
[CLIENT] sent ACK 30324
[CLIENT] sent ACK 30348
[CLIENT] sent ACK 30371
[CLIENT] sent ACK 30392
[CLIENT] sent ACK 30419
[CLIENT] sent ACK 30442
[CLIENT] sent ACK 30466
[CLIENT] sent ACK 30489
[CLIENT] sent ACK 30512
[CLIENT] sent ACK 30537
[CLIENT] sent ACK 30563
[CLIENT] sent ACK 30588
[CLIENT] sent ACK 30611
[CLIENT] sent ACK 30634
[CLIENT] sent ACK 30658
[CLIENT] sent ACK 30681
[CLIENT] sent ACK 30705
[CLIENT] sent ACK 30728
[CLIENT] sent ACK 30751
[CLIENT] sent ACK 30776
[CLIENT] sent ACK 30800
[CLIENT] sent ACK 30824
[CLIENT] sent ACK 30848
[CLIENT] sent ACK 30870
[CLIENT] sent ACK 30895
[CLIENT] sent ACK 30920
[CLIENT] sent ACK 30943
[CLIENT] sent ACK 30967
[CLIENT] sent ACK 30991
[CLIENT] sent ACK 31017
[CLIENT] sent ACK 31044
[CLIENT] sent ACK 31069
[CLIENT] sent ACK 31094
[CLIENT] sent ACK 31117
[CLIENT] sent ACK 31141
[CLIENT] sent ACK 31166
[CLIENT] sent ACK 31191
[CLIENT] sent ACK 31214
[CLIENT] sent ACK 31237
[CLIENT] sent ACK 31261
[CLIENT] sent ACK 31287
[CLIENT] sent ACK 31312
[CLIENT] sent ACK 31332
[CLIENT] sent ACK 31354
[CLIENT] sent ACK 31377
[CLIENT] sent ACK 31402
[CLIENT] sent ACK 31426
[CLIENT] sent ACK 31441
[CLIENT] sent ACK 31448
[CLIENT] sent ACK 31451
[CLIENT] sent ACK 31459
[CLIENT] sent ACK 31466
[CLIENT] sent ACK 31469
[CLIENT] sent ACK 31480
[CLIENT] sent ACK 31485
[CLIENT] sent ACK 31494
[CLIENT] sent ACK 31517
[CLIENT] sent ACK 31542
[CLIENT] sent ACK 31548
[CLIENT] sent ACK 31548
[CLIENT] sent ACK 31548
[CLIENT] sent ACK 31548
[CLIENT] sent ACK 31548
[CLIENT] sent ACK 31548
[CLIENT] sent ACK 31548
[CLIENT] sent ACK 31548
[CLIENT] sent ACK 31548
[CLIENT] sent ACK 31548
[CLIENT] sent ACK 31548
[CLIENT] sent ACK 31548
[CLIENT] sent ACK 31548
[CLIENT] sent ACK 31548
[CLIENT] sent ACK 31548
[CLIENT] sent ACK 31556
[CLIENT] sent ACK 31598
[CLIENT] sent ACK 31606
[CLIENT] sent ACK 31606
[CLIENT] sent ACK 31606
[CLIENT] sent ACK 31611
[CLIENT] sent ACK 31628
[CLIENT] sent ACK 31628
[CLIENT] sent ACK 31655
[CLIENT] sent ACK 31655
[CLIENT] sent ACK 31672
[CLIENT] sent ACK 31673
[CLIENT] sent ACK 31690
[CLIENT] sent ACK 31691
[CLIENT] sent ACK 32203
[CLIENT] sent ACK 32220
[CLIENT] sent ACK 32244
[CLIENT] sent ACK 32270
[CLIENT] sent ACK 32297
[CLIENT] sent ACK 32322
[CLIENT] sent ACK 32345
[CLIENT] sent ACK 32370
[CLIENT] sent ACK 32395
[CLIENT] sent ACK 32421
[CLIENT] sent ACK 32439
[CLIENT] sent ACK 32463
[CLIENT] sent ACK 32491
[CLIENT] sent ACK 32518
[CLIENT] sent ACK 32543
[CLIENT] sent ACK 32568
[CLIENT] sent ACK 32593
[CLIENT] sent ACK 32617
[CLIENT] sent ACK 32642
[CLIENT] sent ACK 32668
[CLIENT] sent ACK 32692
[CLIENT] sent ACK 32715
[CLIENT] sent ACK 32738
[CLIENT] sent ACK 32763
[CLIENT] sent ACK 32786
[CLIENT] sent ACK 32810
[CLIENT] sent ACK 32833
[CLIENT] sent ACK 32855
[CLIENT] sent ACK 32879
[CLIENT] sent ACK 32905
[CLIENT] sent ACK 32929
[CLIENT] sent ACK 32951
[CLIENT] sent ACK 32975
[CLIENT] sent ACK 33001
[CLIENT] sent ACK 33009
[CLIENT] sent ACK 33026
[CLIENT] sent ACK 33031
[CLIENT] sent ACK 33043
[CLIENT] sent ACK 33056
[CLIENT] sent ACK 33059
[CLIENT] sent ACK 33063
[CLIENT] sent ACK 33067
[CLIENT] sent ACK 33084
[CLIENT] sent ACK 33093
[CLIENT] sent ACK 33099
[CLIENT] sent ACK 33107
[CLIENT] sent ACK 33118
[CLIENT] sent ACK 33134
[CLIENT] sent ACK 33145
[CLIENT] sent ACK 33152
[CLIENT] sent ACK 33163
[CLIENT] sent ACK 33170
[CLIENT] sent ACK 33175
[CLIENT] sent ACK 33178
[CLIENT] sent ACK 33180
[CLIENT] sent ACK 33186
[CLIENT] sent ACK 33194
[CLIENT] sent ACK 33197
[CLIENT] sent ACK 33201
[CLIENT] sent ACK 33205
[CLIENT] sent ACK 33210
[CLIENT] sent ACK 33215
[CLIENT] sent ACK 33221
[CLIENT] sent ACK 33224
[CLIENT] sent ACK 33226
[CLIENT] sent ACK 33233
[CLIENT] sent ACK 33234
[CLIENT] sent ACK 33237
[CLIENT] sent ACK 33240
[CLIENT] sent ACK 33247
[CLIENT] sent ACK 33254
[CLIENT] sent ACK 33261
[CLIENT] sent ACK 33269
[CLIENT] sent ACK 33277
[CLIENT] sent ACK 33285
[CLIENT] sent ACK 33293
[CLIENT] sent ACK 33301
[CLIENT] sent ACK 33308
[CLIENT] sent ACK 33308
[CLIENT] sent ACK 33308
[CLIENT] sent ACK 33308
[CLIENT] sent ACK 33308
[CLIENT] sent ACK 33308
[CLIENT] sent ACK 33308
[CLIENT] sent ACK 33308
[CLIENT] sent ACK 33308
[CLIENT] sent ACK 33308
[CLIENT] sent ACK 33308
[CLIENT] sent ACK 33308
[CLIENT] sent ACK 33308
[CLIENT] sent ACK 33308
[CLIENT] sent ACK 33308
[CLIENT] sent ACK 33308
[CLIENT] sent ACK 33308
[CLIENT] sent ACK 33308
[CLIENT] sent ACK 33308
[CLIENT] sent ACK 33308
[CLIENT] sent ACK 33308
[CLIENT] sent ACK 33308
[CLIENT] sent ACK 33308
[CLIENT] sent ACK 33308
[CLIENT] sent ACK 33308
[CLIENT] sent ACK 33308
[CLIENT] sent ACK 33308
[CLIENT] sent ACK 33308
[CLIENT] sent ACK 33308
[CLIENT] sent ACK 33308
[CLIENT] sent ACK 33308
[CLIENT] sent ACK 33308
[CLIENT] sent ACK 33308
[CLIENT] sent ACK 33308
[CLIENT] sent ACK 33308
[CLIENT] sent ACK 33308
[CLIENT] sent ACK 33335
[CLIENT] sent ACK 33351
[CLIENT] sent ACK 33351
[CLIENT] sent ACK 33357
[CLIENT] sent ACK 33372
[CLIENT] sent ACK 33372
[CLIENT] sent ACK 33389
[CLIENT] sent ACK 33389
[CLIENT] sent ACK 33411
[CLIENT] sent ACK 33411
[CLIENT] sent ACK 33452
[CLIENT] sent ACK 33472
[CLIENT] sent ACK 33472
[CLIENT] sent ACK 33472
[CLIENT] sent ACK 33984
[CLIENT] sent ACK 33997
[CLIENT] sent ACK 34022
[CLIENT] sent ACK 34044
[CLIENT] sent ACK 34067
[CLIENT] sent ACK 34092
[CLIENT] sent ACK 34117
[CLIENT] sent ACK 34142
[CLIENT] sent ACK 34167
[CLIENT] sent ACK 34182
[CLIENT] sent ACK 34208
[CLIENT] sent ACK 34232
[CLIENT] sent ACK 34259
[CLIENT] sent ACK 34287
[CLIENT] sent ACK 34314
[CLIENT] sent ACK 34339
[CLIENT] sent ACK 34366
[CLIENT] sent ACK 34391
[CLIENT] sent ACK 34412
[CLIENT] sent ACK 34431
[CLIENT] sent ACK 34449
[CLIENT] sent ACK 34470
[CLIENT] sent ACK 34494
[CLIENT] sent ACK 34520
[CLIENT] sent ACK 34542
[CLIENT] sent ACK 34567
[CLIENT] sent ACK 34590
[CLIENT] sent ACK 34614
[CLIENT] sent ACK 34637
[CLIENT] sent ACK 34662
[CLIENT] sent ACK 34681
[CLIENT] sent ACK 34700
[CLIENT] sent ACK 34720
[CLIENT] sent ACK 34741
[CLIENT] sent ACK 34767
[CLIENT] sent ACK 34790
[CLIENT] sent ACK 34811
[CLIENT] sent ACK 34834
[CLIENT] sent ACK 34859
[CLIENT] sent ACK 34883
[CLIENT] sent ACK 34903
[CLIENT] sent ACK 34926
[CLIENT] sent ACK 34948
[CLIENT] sent ACK 34971
[CLIENT] sent ACK 34992
[CLIENT] sent ACK 35015
[CLIENT] sent ACK 35033
[CLIENT] sent ACK 35055
[CLIENT] sent ACK 35072
[CLIENT] sent ACK 35088
[CLIENT] sent ACK 35109
[CLIENT] sent ACK 35133
[CLIENT] sent ACK 35151
[CLIENT] sent ACK 35178
[CLIENT] sent ACK 35204
[CLIENT] sent ACK 35230
[CLIENT] sent ACK 35255
[CLIENT] sent ACK 35283
[CLIENT] sent ACK 35311
[CLIENT] sent ACK 35335
[CLIENT] sent ACK 35361
[CLIENT] sent ACK 35387
[CLIENT] sent ACK 35415
[CLIENT] sent ACK 35443
[CLIENT] sent ACK 35470
[CLIENT] sent ACK 35494
[CLIENT] sent ACK 35521
[CLIENT] sent ACK 35549
[CLIENT] sent ACK 35577
[CLIENT] sent ACK 35604
[CLIENT] sent ACK 35631
[CLIENT] sent ACK 35657
[CLIENT] sent ACK 35685
[CLIENT] sent ACK 35713
[CLIENT] sent ACK 35739
[CLIENT] sent ACK 35767
[CLIENT] sent ACK 35793
[CLIENT] sent ACK 35819
[CLIENT] sent ACK 35845
[CLIENT] sent ACK 35872
[CLIENT] sent ACK 35901
[CLIENT] sent ACK 35927
[CLIENT] sent ACK 35956
[CLIENT] sent ACK 35981
[CLIENT] sent ACK 36003
[CLIENT] sent ACK 36028
[CLIENT] sent ACK 36051
[CLIENT] sent ACK 36077
[CLIENT] sent ACK 36101
[CLIENT] sent ACK 36125
[CLIENT] sent ACK 36146
[CLIENT] sent ACK 36171
[CLIENT] sent ACK 36197
[CLIENT] sent ACK 36218
[CLIENT] sent ACK 36241
[CLIENT] sent ACK 36264
[CLIENT] sent ACK 36289
[CLIENT] sent ACK 36316
[CLIENT] sent ACK 36339
[CLIENT] sent ACK 36362
[CLIENT] sent ACK 36382
[CLIENT] sent ACK 36408
[CLIENT] sent ACK 36433
[CLIENT] sent ACK 36458
[CLIENT] sent ACK 36480
[CLIENT] sent ACK 36505
[CLIENT] sent ACK 36529
[CLIENT] sent ACK 36555
[CLIENT] sent ACK 36580
[CLIENT] sent ACK 36605
[CLIENT] sent ACK 36631
[CLIENT] sent ACK 36656
[CLIENT] sent ACK 36680
[CLIENT] sent ACK 36704
[CLIENT] sent ACK 36729
[CLIENT] sent ACK 36753
[CLIENT] sent ACK 36775
[CLIENT] sent ACK 36797
[CLIENT] sent ACK 36820
[CLIENT] sent ACK 36845
[CLIENT] sent ACK 36871
[CLIENT] sent ACK 36895
[CLIENT] sent ACK 36921
[CLIENT] sent ACK 36946
[CLIENT] sent ACK 36971
[CLIENT] sent ACK 36997
[CLIENT] sent ACK 37023
[CLIENT] sent ACK 37048
[CLIENT] sent ACK 37072
[CLIENT] sent ACK 37098
[CLIENT] sent ACK 37125
[CLIENT] sent ACK 37151
[CLIENT] sent ACK 37177
[CLIENT] sent ACK 37201
[CLIENT] sent ACK 37227
[CLIENT] sent ACK 37248
[CLIENT] sent ACK 37274
[CLIENT] sent ACK 37300
[CLIENT] sent ACK 37325
[CLIENT] sent ACK 37352
[CLIENT] sent ACK 37378
[CLIENT] sent ACK 37404
[CLIENT] sent ACK 37432
[CLIENT] sent ACK 37457
[CLIENT] sent ACK 37479
[CLIENT] sent ACK 37504
[CLIENT] sent ACK 37530
[CLIENT] sent ACK 37556
[CLIENT] sent ACK 37581
[CLIENT] sent ACK 37607
[CLIENT] sent ACK 37632
[CLIENT] sent ACK 37656
[CLIENT] sent ACK 37680
[CLIENT] sent ACK 37703
[CLIENT] sent ACK 37728
[CLIENT] sent ACK 37751
[CLIENT] sent ACK 37773
[CLIENT] sent ACK 37797
[CLIENT] sent ACK 37820
[CLIENT] sent ACK 37843
[CLIENT] sent ACK 37866
[CLIENT] sent ACK 37890
[CLIENT] sent ACK 37914
[CLIENT] sent ACK 37936
[CLIENT] sent ACK 37960
[CLIENT] sent ACK 37984
[CLIENT] sent ACK 38007
[CLIENT] sent ACK 38031
[CLIENT] sent ACK 38054
[CLIENT] sent ACK 38078
[CLIENT] sent ACK 38102
[CLIENT] sent ACK 38128
[CLIENT] sent ACK 38151
[CLIENT] sent ACK 38175
[CLIENT] sent ACK 38199
[CLIENT] sent ACK 38224
[CLIENT] sent ACK 38249
[CLIENT] sent ACK 38274
[CLIENT] sent ACK 38299
[CLIENT] sent ACK 38323
[CLIENT] sent ACK 38348
[CLIENT] sent ACK 38371
[CLIENT] sent ACK 38396
[CLIENT] sent ACK 38419
[CLIENT] sent ACK 38443
[CLIENT] sent ACK 38466
[CLIENT] sent ACK 38489
[CLIENT] sent ACK 38510
[CLIENT] sent ACK 38529
[CLIENT] sent ACK 38551
[CLIENT] sent ACK 38572
[CLIENT] sent ACK 38594
[CLIENT] sent ACK 38615
[CLIENT] sent ACK 38638
[CLIENT] sent ACK 38663
[CLIENT] sent ACK 38688
[CLIENT] sent ACK 38711
[CLIENT] sent ACK 38736
[CLIENT] sent ACK 38756
[CLIENT] sent ACK 38782
[CLIENT] sent ACK 38806
[CLIENT] sent ACK 38827
[CLIENT] sent ACK 38850
[CLIENT] sent ACK 38877
[CLIENT] sent ACK 38902
[CLIENT] sent ACK 38926
[CLIENT] sent ACK 38950
[CLIENT] sent ACK 38974
[CLIENT] sent ACK 38983
[CLIENT] sent ACK 38991
[CLIENT] sent ACK 39004
[CLIENT] sent ACK 39027
[CLIENT] sent ACK 39053
[CLIENT] sent ACK 39074
[CLIENT] sent ACK 39099
[CLIENT] sent ACK 39124
[CLIENT] sent ACK 39143
[CLIENT] sent ACK 39162
[CLIENT] sent ACK 39181
[CLIENT] sent ACK 39205
[CLIENT] sent ACK 39228
[CLIENT] sent ACK 39252
[CLIENT] sent ACK 39270
[CLIENT] sent ACK 39292
[CLIENT] sent ACK 39315
[CLIENT] sent ACK 39333
[CLIENT] sent ACK 39359
[CLIENT] sent ACK 39383
[CLIENT] sent ACK 39408
[CLIENT] sent ACK 39413
[CLIENT] sent ACK 39413
[CLIENT] sent ACK 39413
[CLIENT] sent ACK 39413
[CLIENT] sent ACK 39413
[CLIENT] sent ACK 39413
[CLIENT] sent ACK 39413
[CLIENT] sent ACK 39413
[CLIENT] sent ACK 39413
[CLIENT] sent ACK 39413
[CLIENT] sent ACK 39413
[CLIENT] sent ACK 39413
[CLIENT] sent ACK 39413
[CLIENT] sent ACK 39413
[CLIENT] sent ACK 39413
[CLIENT] sent ACK 39413
[CLIENT] sent ACK 39413
[CLIENT] sent ACK 39413
[CLIENT] sent ACK 39413
[CLIENT] sent ACK 39626
[CLIENT] sent ACK 39626
[CLIENT] sent ACK 39626
[CLIENT] sent ACK 39626
[CLIENT] sent ACK 39626
[CLIENT] sent ACK 39626
[CLIENT] sent ACK 39626
[CLIENT] sent ACK 39626
[CLIENT] sent ACK 39626
[CLIENT] sent ACK 40138
[CLIENT] sent ACK 40156
[CLIENT] sent ACK 40179
[CLIENT] sent ACK 40204
[CLIENT] sent ACK 40228
[CLIENT] sent ACK 40253
[CLIENT] sent ACK 40278
[CLIENT] sent ACK 40303
[CLIENT] sent ACK 40329
[CLIENT] sent ACK 40355
[CLIENT] sent ACK 40381
[CLIENT] sent ACK 40407
[CLIENT] sent ACK 40432
[CLIENT] sent ACK 40456
[CLIENT] sent ACK 40476
[CLIENT] sent ACK 40488
[CLIENT] sent ACK 40505
[CLIENT] sent ACK 40532
[CLIENT] sent ACK 40557
[CLIENT] sent ACK 40583
[CLIENT] sent ACK 40610
[CLIENT] sent ACK 40637
[CLIENT] sent ACK 40663
[CLIENT] sent ACK 40690
[CLIENT] sent ACK 40716
[CLIENT] sent ACK 40742
[CLIENT] sent ACK 40768
[CLIENT] sent ACK 40795
[CLIENT] sent ACK 40822
[CLIENT] sent ACK 40847
[CLIENT] sent ACK 40872
[CLIENT] sent ACK 40898
[CLIENT] sent ACK 40923
[CLIENT] sent ACK 40949
[CLIENT] sent ACK 40974
[CLIENT] sent ACK 41000
[CLIENT] sent ACK 41027
[CLIENT] sent ACK 41053
[CLIENT] sent ACK 41080
[CLIENT] sent ACK 41105
[CLIENT] sent ACK 41128
[CLIENT] sent ACK 41154
[CLIENT] sent ACK 41178
[CLIENT] sent ACK 41203
[CLIENT] sent ACK 41227
[CLIENT] sent ACK 41251
[CLIENT] sent ACK 41274
[CLIENT] sent ACK 41300
[CLIENT] sent ACK 41324
[CLIENT] sent ACK 41349
[CLIENT] sent ACK 41374
[CLIENT] sent ACK 41398
[CLIENT] sent ACK 41425
[CLIENT] sent ACK 41448
[CLIENT] sent ACK 41471
[CLIENT] sent ACK 41493
[CLIENT] sent ACK 41518
[CLIENT] sent ACK 41542
[CLIENT] sent ACK 41566
[CLIENT] sent ACK 41591
[CLIENT] sent ACK 41613
[CLIENT] sent ACK 41635
[CLIENT] sent ACK 41659
[CLIENT] sent ACK 41684
[CLIENT] sent ACK 41707
[CLIENT] sent ACK 41734
[CLIENT] sent ACK 41758
[CLIENT] sent ACK 41782
[CLIENT] sent ACK 41807
[CLIENT] sent ACK 41830
[CLIENT] sent ACK 41853
[CLIENT] sent ACK 41879
[CLIENT] sent ACK 41902
[CLIENT] sent ACK 41927
[CLIENT] sent ACK 41950
[CLIENT] sent ACK 41973
[CLIENT] sent ACK 41999
[CLIENT] sent ACK 42022
[CLIENT] sent ACK 42047
[CLIENT] sent ACK 42073
[CLIENT] sent ACK 42098
[CLIENT] sent ACK 42123
[CLIENT] sent ACK 42148
[CLIENT] sent ACK 42172
[CLIENT] sent ACK 42197
[CLIENT] sent ACK 42223
[CLIENT] sent ACK 42247
[CLIENT] sent ACK 42271
[CLIENT] sent ACK 42296
[CLIENT] sent ACK 42319
[CLIENT] sent ACK 42341
[CLIENT] sent ACK 42364
[CLIENT] sent ACK 42386
[CLIENT] sent ACK 42409
[CLIENT] sent ACK 42433
[CLIENT] sent ACK 42457
[CLIENT] sent ACK 42482
[CLIENT] sent ACK 42506
[CLIENT] sent ACK 42532
[CLIENT] sent ACK 42555
[CLIENT] sent ACK 42581
[CLIENT] sent ACK 42605
[CLIENT] sent ACK 42629
[CLIENT] sent ACK 42653
[CLIENT] sent ACK 42676
[CLIENT] sent ACK 42700
[CLIENT] sent ACK 42723
[CLIENT] sent ACK 42748
[CLIENT] sent ACK 42772
[CLIENT] sent ACK 42797
[CLIENT] sent ACK 42822
[CLIENT] sent ACK 42846
[CLIENT] sent ACK 42870
[CLIENT] sent ACK 42893
[CLIENT] sent ACK 42917
[CLIENT] sent ACK 42943
[CLIENT] sent ACK 42967
[CLIENT] sent ACK 42991
[CLIENT] sent ACK 43016
[CLIENT] sent ACK 43038
[CLIENT] sent ACK 43061
[CLIENT] sent ACK 43086
[CLIENT] sent ACK 43110
[CLIENT] sent ACK 43134
[CLIENT] sent ACK 43157
[CLIENT] sent ACK 43181
[CLIENT] sent ACK 43206
[CLIENT] sent ACK 43231
[CLIENT] sent ACK 43256
[CLIENT] sent ACK 43280
[CLIENT] sent ACK 43302
[CLIENT] sent ACK 43327
[CLIENT] sent ACK 43353
[CLIENT] sent ACK 43378
[CLIENT] sent ACK 43401
[CLIENT] sent ACK 43426
[CLIENT] sent ACK 43451
[CLIENT] sent ACK 43476
[CLIENT] sent ACK 43501
[CLIENT] sent ACK 43525
[CLIENT] sent ACK 43546
[CLIENT] sent ACK 43571
[CLIENT] sent ACK 43594
[CLIENT] sent ACK 43618
[CLIENT] sent ACK 43641
[CLIENT] sent ACK 43665
[CLIENT] sent ACK 43689
[CLIENT] sent ACK 43713
[CLIENT] sent ACK 43736
[CLIENT] sent ACK 43759
[CLIENT] sent ACK 43783
[CLIENT] sent ACK 43807
[CLIENT] sent ACK 43833
[CLIENT] sent ACK 43857
[CLIENT] sent ACK 43881
[CLIENT] sent ACK 43906
[CLIENT] sent ACK 43931
[CLIENT] sent ACK 43957
[CLIENT] sent ACK 43980
[CLIENT] sent ACK 44001
[CLIENT] sent ACK 44025
[CLIENT] sent ACK 44050
[CLIENT] sent ACK 44075
[CLIENT] sent ACK 44100
[CLIENT] sent ACK 44124
[CLIENT] sent ACK 44148
[CLIENT] sent ACK 44173
[CLIENT] sent ACK 44198
[CLIENT] sent ACK 44221
[CLIENT] sent ACK 44244
[CLIENT] sent ACK 44269
[CLIENT] sent ACK 44292
[CLIENT] sent ACK 44317
[CLIENT] sent ACK 44340
[CLIENT] sent ACK 44365
[CLIENT] sent ACK 44390
[CLIENT] sent ACK 44414
[CLIENT] sent ACK 44437
[CLIENT] sent ACK 44461
[CLIENT] sent ACK 44484
[CLIENT] sent ACK 44508
[CLIENT] sent ACK 44533
[CLIENT] sent ACK 44559
[CLIENT] sent ACK 44584
[CLIENT] sent ACK 44607
[CLIENT] sent ACK 44631
[CLIENT] sent ACK 44655
[CLIENT] sent ACK 44680
[CLIENT] sent ACK 44696
[CLIENT] sent ACK 44710
[CLIENT] sent ACK 44723
[CLIENT] sent ACK 44738
[CLIENT] sent ACK 44754
[CLIENT] sent ACK 44769
[CLIENT] sent ACK 44795
[CLIENT] sent ACK 44822
[CLIENT] sent ACK 44846
[CLIENT] sent ACK 44872
[CLIENT] sent ACK 44898
[CLIENT] sent ACK 44924
[CLIENT] sent ACK 44949
[CLIENT] sent ACK 44976
[CLIENT] sent ACK 45002
[CLIENT] sent ACK 45029
[CLIENT] sent ACK 45056
[CLIENT] sent ACK 45081
[CLIENT] sent ACK 45107
[CLIENT] sent ACK 45133
[CLIENT] sent ACK 45160
[CLIENT] sent ACK 45188
[CLIENT] sent ACK 45213
[CLIENT] sent ACK 45240
[CLIENT] sent ACK 45265
[CLIENT] sent ACK 45292
[CLIENT] sent ACK 45319
[CLIENT] sent ACK 45345
[CLIENT] sent ACK 45371
[CLIENT] sent ACK 45397
[CLIENT] sent ACK 45423
[CLIENT] sent ACK 45449
[CLIENT] sent ACK 45475
[CLIENT] sent ACK 45502
[CLIENT] sent ACK 45530
[CLIENT] sent ACK 45556
[CLIENT] sent ACK 45581
[CLIENT] sent ACK 45607
[CLIENT] sent ACK 45633
[CLIENT] sent ACK 45660
[CLIENT] sent ACK 45686
[CLIENT] sent ACK 45711
[CLIENT] sent ACK 45737
[CLIENT] sent ACK 45764
[CLIENT] sent ACK 45790
[CLIENT] sent ACK 45816
[CLIENT] sent ACK 45843
[CLIENT] sent ACK 45870
[CLIENT] sent ACK 45898
[CLIENT] sent ACK 45926
[CLIENT] sent ACK 45952
[CLIENT] sent ACK 45977
[CLIENT] sent ACK 46005
[CLIENT] sent ACK 46031
[CLIENT] sent ACK 46054
[CLIENT] sent ACK 46069
[CLIENT] sent ACK 46081
[CLIENT] sent ACK 46093
[CLIENT] sent ACK 46108
[CLIENT] sent ACK 46121
[CLIENT] sent ACK 46142
[CLIENT] sent ACK 46168
[CLIENT] sent ACK 46193
[CLIENT] sent ACK 46216
[CLIENT] sent ACK 46239
[CLIENT] sent ACK 46260
[CLIENT] sent ACK 46283
[CLIENT] sent ACK 46306
[CLIENT] sent ACK 46332
[CLIENT] sent ACK 46359
[CLIENT] sent ACK 46386
[CLIENT] sent ACK 46413
[CLIENT] sent ACK 46439
[CLIENT] sent ACK 46465
[CLIENT] sent ACK 46491
[CLIENT] sent ACK 46517
[CLIENT] sent ACK 46543
[CLIENT] sent ACK 46569
[CLIENT] sent ACK 46596
[CLIENT] sent ACK 46621
[CLIENT] sent ACK 46647
[CLIENT] sent ACK 46674
[CLIENT] sent ACK 46702
[CLIENT] sent ACK 46729
[CLIENT] sent ACK 46754
[CLIENT] sent ACK 46780
[CLIENT] sent ACK 46806
[CLIENT] sent ACK 46831
[CLIENT] sent ACK 46857
[CLIENT] sent ACK 46883
[CLIENT] sent ACK 46910
[CLIENT] sent ACK 46935
[CLIENT] sent ACK 46961
[CLIENT] sent ACK 46987
[CLIENT] sent ACK 47014
[CLIENT] sent ACK 47040
[CLIENT] sent ACK 47066
[CLIENT] sent ACK 47092
[CLIENT] sent ACK 47117
[CLIENT] sent ACK 47143
[CLIENT] sent ACK 47169
[CLIENT] sent ACK 47194
[CLIENT] sent ACK 47216
[CLIENT] sent ACK 47239
[CLIENT] sent ACK 47263
[CLIENT] sent ACK 47287
[CLIENT] sent ACK 47312
[CLIENT] sent ACK 47330
[CLIENT] sent ACK 47355
[CLIENT] sent ACK 47382
[CLIENT] sent ACK 47409
[CLIENT] sent ACK 47433
[CLIENT] sent ACK 47458
[CLIENT] sent ACK 47482
[CLIENT] sent ACK 47508
[CLIENT] sent ACK 47534
[CLIENT] sent ACK 47560
[CLIENT] sent ACK 47585
[CLIENT] sent ACK 47609
[CLIENT] sent ACK 47635
[CLIENT] sent ACK 47660
[CLIENT] sent ACK 47683
[CLIENT] sent ACK 47709
[CLIENT] sent ACK 47732
[CLIENT] sent ACK 47755
[CLIENT] sent ACK 47781
[CLIENT] sent ACK 47805
[CLIENT] sent ACK 47830
[CLIENT] sent ACK 47853
[CLIENT] sent ACK 47877
[CLIENT] sent ACK 47904
[CLIENT] sent ACK 47924
[CLIENT] sent ACK 47942
[CLIENT] sent ACK 47966
[CLIENT] sent ACK 47991
[CLIENT] sent ACK 48017
[CLIENT] sent ACK 48044
[CLIENT] sent ACK 48071
[CLIENT] sent ACK 48098
[CLIENT] sent ACK 48123
[CLIENT] sent ACK 48151
[CLIENT] sent ACK 48177
[CLIENT] sent ACK 48202
[CLIENT] sent ACK 48225
[CLIENT] sent ACK 48249
[CLIENT] sent ACK 48277
[CLIENT] sent ACK 48304
[CLIENT] sent ACK 48328
[CLIENT] sent ACK 48351
[CLIENT] sent ACK 48375
[CLIENT] sent ACK 48402
[CLIENT] sent ACK 48428
[CLIENT] sent ACK 48454
[CLIENT] sent ACK 48478
[CLIENT] sent ACK 48503
[CLIENT] sent ACK 48530
[CLIENT] sent ACK 48556
[CLIENT] sent ACK 48581
[CLIENT] sent ACK 48606
[CLIENT] sent ACK 48631
[CLIENT] sent ACK 48657
[CLIENT] sent ACK 48682
[CLIENT] sent ACK 48706
[CLIENT] sent ACK 48729
[CLIENT] sent ACK 48754
[CLIENT] sent ACK 48780
[CLIENT] sent ACK 48804
[CLIENT] sent ACK 48828
[CLIENT] sent ACK 48852
[CLIENT] sent ACK 48876
[CLIENT] sent ACK 48903
[CLIENT] sent ACK 48928
[CLIENT] sent ACK 48951
[CLIENT] sent ACK 48974
[CLIENT] sent ACK 48998
[CLIENT] sent ACK 49020
[CLIENT] sent ACK 49043
[CLIENT] sent ACK 49068
[CLIENT] sent ACK 49093
[CLIENT] sent ACK 49116
[CLIENT] sent ACK 49140
[CLIENT] sent ACK 49164
[CLIENT] sent ACK 49187
[CLIENT] sent ACK 49213
[CLIENT] sent ACK 49237
[CLIENT] sent ACK 49262
[CLIENT] sent ACK 49286
[CLIENT] sent ACK 49309
[CLIENT] sent ACK 49335
[CLIENT] sent ACK 49358
[CLIENT] sent ACK 49381
[CLIENT] sent ACK 49406
[CLIENT] sent ACK 49428
[CLIENT] sent ACK 49452
[CLIENT] sent ACK 49474
[CLIENT] sent ACK 49496
[CLIENT] sent ACK 49520
[CLIENT] sent ACK 49543
[CLIENT] sent ACK 49568
[CLIENT] sent ACK 49589
[CLIENT] sent ACK 49614
[CLIENT] sent ACK 49638
[CLIENT] sent ACK 49660
[CLIENT] sent ACK 49685
[CLIENT] sent ACK 49708
[CLIENT] sent ACK 49734
[CLIENT] sent ACK 49756
[CLIENT] sent ACK 49781
[CLIENT] sent ACK 49806
[CLIENT] sent ACK 49829
[CLIENT] sent ACK 49853
[CLIENT] sent ACK 49877
[CLIENT] sent ACK 49903
[CLIENT] sent ACK 49928
[CLIENT] sent ACK 49951
[CLIENT] sent ACK 49978
[CLIENT] sent ACK 50001
[CLIENT] sent ACK 50025
[CLIENT] sent ACK 50051
[CLIENT] sent ACK 50076
[CLIENT] sent ACK 50101
[CLIENT] sent ACK 50127
[CLIENT] sent ACK 50152
[CLIENT] sent ACK 50175
[CLIENT] sent ACK 50200
[CLIENT] sent ACK 50224
[CLIENT] sent ACK 50251
[CLIENT] sent ACK 50276
[CLIENT] sent ACK 50301
[CLIENT] sent ACK 50327
[CLIENT] sent ACK 50353
[CLIENT] sent ACK 50377
[CLIENT] sent ACK 50402
[CLIENT] sent ACK 50427
[CLIENT] sent ACK 50453
[CLIENT] sent ACK 50479
[CLIENT] sent ACK 50504
[CLIENT] sent ACK 50530
[CLIENT] sent ACK 50552
[CLIENT] sent ACK 50579
[CLIENT] sent ACK 50605
[CLIENT] sent ACK 50631
[CLIENT] sent ACK 50657
[CLIENT] sent ACK 50680
[CLIENT] sent ACK 50706
[CLIENT] sent ACK 50730
[CLIENT] sent ACK 50755
[CLIENT] sent ACK 50779
[CLIENT] sent ACK 50804
[CLIENT] sent ACK 50829
[CLIENT] sent ACK 50853
[CLIENT] sent ACK 50878
[CLIENT] sent ACK 50900
[CLIENT] sent ACK 50923
[CLIENT] sent ACK 50947
[CLIENT] sent ACK 50973
[CLIENT] sent ACK 50997
[CLIENT] sent ACK 51021
[CLIENT] sent ACK 51047
[CLIENT] sent ACK 51072
[CLIENT] sent ACK 51097
[CLIENT] sent ACK 51121
[CLIENT] sent ACK 51145
[CLIENT] sent ACK 51169
[CLIENT] sent ACK 51191
[CLIENT] sent ACK 51215
[CLIENT] sent ACK 51241
[CLIENT] sent ACK 51263
[CLIENT] sent ACK 51289
[CLIENT] sent ACK 51312
[CLIENT] sent ACK 51336
[CLIENT] sent ACK 51360
[CLIENT] sent ACK 51386
[CLIENT] sent ACK 51411
[CLIENT] sent ACK 51432
[CLIENT] sent ACK 51456
[CLIENT] sent ACK 51481
[CLIENT] sent ACK 51505
[CLIENT] sent ACK 51530
[CLIENT] sent ACK 51553
[CLIENT] sent ACK 51577
[CLIENT] sent ACK 51602
[CLIENT] sent ACK 51626
[CLIENT] sent ACK 51650
[CLIENT] sent ACK 51674
[CLIENT] sent ACK 51699
[CLIENT] sent ACK 51723
[CLIENT] sent ACK 51747
[CLIENT] sent ACK 51774
[CLIENT] sent ACK 51795
[CLIENT] sent ACK 51820
[CLIENT] sent ACK 51844
[CLIENT] sent ACK 51867
[CLIENT] sent ACK 51891
[CLIENT] sent ACK 51914
[CLIENT] sent ACK 51938
[CLIENT] sent ACK 51962
[CLIENT] sent ACK 51989
[CLIENT] sent ACK 52014
[CLIENT] sent ACK 52037
[CLIENT] sent ACK 52061
[CLIENT] sent ACK 52086
[CLIENT] sent ACK 52111
[CLIENT] sent ACK 52137
[CLIENT] sent ACK 52159
[CLIENT] sent ACK 52183
[CLIENT] sent ACK 52205
[CLIENT] sent ACK 52231
[CLIENT] sent ACK 52256
[CLIENT] sent ACK 52279
[CLIENT] sent ACK 52306
[CLIENT] sent ACK 52328
[CLIENT] sent ACK 52352
[CLIENT] sent ACK 52378
[CLIENT] sent ACK 52400
[CLIENT] sent ACK 52423
[CLIENT] sent ACK 52446
[CLIENT] sent ACK 52473
[CLIENT] sent ACK 52495
[CLIENT] sent ACK 52518
[CLIENT] sent ACK 52543
[CLIENT] sent ACK 52567
[CLIENT] sent ACK 52593
[CLIENT] sent ACK 52616
[CLIENT] sent ACK 52639
[CLIENT] sent ACK 52663
[CLIENT] sent ACK 52686
[CLIENT] sent ACK 52710
[CLIENT] sent ACK 52734
[CLIENT] sent ACK 52759
[CLIENT] sent ACK 52782
[CLIENT] sent ACK 52805
[CLIENT] sent ACK 52830
[CLIENT] sent ACK 52855
[CLIENT] sent ACK 52878
[CLIENT] sent ACK 52902
[CLIENT] sent ACK 52925
[CLIENT] sent ACK 52951
[CLIENT] sent ACK 52977
[CLIENT] sent ACK 53002
[CLIENT] sent ACK 53029
[CLIENT] sent ACK 53051
[CLIENT] sent ACK 53075
[CLIENT] sent ACK 53099
[CLIENT] sent ACK 53121
[CLIENT] sent ACK 53146
[CLIENT] sent ACK 53170
[CLIENT] sent ACK 53194
[CLIENT] sent ACK 53220
[CLIENT] sent ACK 53242
[CLIENT] sent ACK 53266
[CLIENT] sent ACK 53290
[CLIENT] sent ACK 53314
[CLIENT] sent ACK 53338
[CLIENT] sent ACK 53360
[CLIENT] sent ACK 53383
[CLIENT] sent ACK 53409
[CLIENT] sent ACK 53433
[CLIENT] sent ACK 53457
[CLIENT] sent ACK 53481
[CLIENT] sent ACK 53504
[CLIENT] sent ACK 53529
[CLIENT] sent ACK 53552
[CLIENT] sent ACK 53576
[CLIENT] sent ACK 53600
[CLIENT] sent ACK 53624
[CLIENT] sent ACK 53651
[CLIENT] sent ACK 53675
[CLIENT] sent ACK 53699
[CLIENT] sent ACK 53723
[CLIENT] sent ACK 53748
[CLIENT] sent ACK 53773
[CLIENT] sent ACK 53798
[CLIENT] sent ACK 53821
[CLIENT] sent ACK 53844
[CLIENT] sent ACK 53868
[CLIENT] sent ACK 53890
[CLIENT] sent ACK 53914
[CLIENT] sent ACK 53937
[CLIENT] sent ACK 53959
[CLIENT] sent ACK 53984
[CLIENT] sent ACK 54008
[CLIENT] sent ACK 54033
[CLIENT] sent ACK 54058
[CLIENT] sent ACK 54084
[CLIENT] sent ACK 54109
[CLIENT] sent ACK 54134
[CLIENT] sent ACK 54159
[CLIENT] sent ACK 54183
[CLIENT] sent ACK 54207
[CLIENT] sent ACK 54231
[CLIENT] sent ACK 54258
[CLIENT] sent ACK 54282
[CLIENT] sent ACK 54307
[CLIENT] sent ACK 54330
[CLIENT] sent ACK 54353
[CLIENT] sent ACK 54376
[CLIENT] sent ACK 54399
[CLIENT] sent ACK 54423
[CLIENT] sent ACK 54446
[CLIENT] sent ACK 54470
[CLIENT] sent ACK 54493
[CLIENT] sent ACK 54519
[CLIENT] sent ACK 54541
[CLIENT] sent ACK 54563
[CLIENT] sent ACK 54587
[CLIENT] sent ACK 54613
[CLIENT] sent ACK 54639
[CLIENT] sent ACK 54664
[CLIENT] sent ACK 54687
[CLIENT] sent ACK 54710
[CLIENT] sent ACK 54734
[CLIENT] sent ACK 54757
[CLIENT] sent ACK 54782
[CLIENT] sent ACK 54805
[CLIENT] sent ACK 54829
[CLIENT] sent ACK 54854
[CLIENT] sent ACK 54878
[CLIENT] sent ACK 54903
[CLIENT] sent ACK 54926
[CLIENT] sent ACK 54950
[CLIENT] sent ACK 54974
[CLIENT] sent ACK 54998
[CLIENT] sent ACK 55025
[CLIENT] sent ACK 55049
[CLIENT] sent ACK 55075
[CLIENT] sent ACK 55098
[CLIENT] sent ACK 55119
[CLIENT] sent ACK 55143
[CLIENT] sent ACK 55169
[CLIENT] sent ACK 55195
[CLIENT] sent ACK 55220
[CLIENT] sent ACK 55243
[CLIENT] sent ACK 55268
[CLIENT] sent ACK 55292
[CLIENT] sent ACK 55317
[CLIENT] sent ACK 55341
[CLIENT] sent ACK 55366
[CLIENT] sent ACK 55390
[CLIENT] sent ACK 55415
[CLIENT] sent ACK 55423
[CLIENT] sent ACK 55428
[CLIENT] sent ACK 55440
[CLIENT] sent ACK 55455
[CLIENT] sent ACK 55462
[CLIENT] sent ACK 55481
[CLIENT] sent ACK 55509
[CLIENT] sent ACK 55535
[CLIENT] sent ACK 55560
[CLIENT] sent ACK 55560
[CLIENT] sent ACK 55560
[CLIENT] sent ACK 55560
[CLIENT] sent ACK 55560
[CLIENT] sent ACK 55560
[CLIENT] sent ACK 55560
[CLIENT] sent ACK 55560
[CLIENT] sent ACK 55560
[CLIENT] sent ACK 55560
[CLIENT] sent ACK 55560
[CLIENT] sent ACK 55560
[CLIENT] sent ACK 55560
[CLIENT] sent ACK 55560
[CLIENT] sent ACK 55560
[CLIENT] sent ACK 55560
[CLIENT] sent ACK 55560
[CLIENT] sent ACK 55566
[CLIENT] sent ACK 55593
[CLIENT] sent ACK 56072
[CLIENT] sent ACK 56090
[CLIENT] sent ACK 56110
[CLIENT] sent ACK 56136
[CLIENT] sent ACK 56162
[CLIENT] sent ACK 56187
[CLIENT] sent ACK 56213
[CLIENT] sent ACK 56239
[CLIENT] sent ACK 56267
[CLIENT] sent ACK 56294
[CLIENT] sent ACK 56322
[CLIENT] sent ACK 56350
[CLIENT] sent ACK 56377
[CLIENT] sent ACK 56403
[CLIENT] sent ACK 56430
[CLIENT] sent ACK 56458
[CLIENT] sent ACK 56488
[CLIENT] sent ACK 56515
[CLIENT] sent ACK 56541
[CLIENT] sent ACK 56569
[CLIENT] sent ACK 56595
[CLIENT] sent ACK 56622
[CLIENT] sent ACK 56649
[CLIENT] sent ACK 56674
[CLIENT] sent ACK 56696
[CLIENT] sent ACK 56721
[CLIENT] sent ACK 56746
[CLIENT] sent ACK 56770
[CLIENT] sent ACK 56796
[CLIENT] sent ACK 56819
[CLIENT] sent ACK 56844
[CLIENT] sent ACK 56871
[CLIENT] sent ACK 56896
[CLIENT] sent ACK 56919
[CLIENT] sent ACK 56943
[CLIENT] sent ACK 56970
[CLIENT] sent ACK 56991
[CLIENT] sent ACK 57014
[CLIENT] sent ACK 57036
[CLIENT] sent ACK 57060
[CLIENT] sent ACK 57085
[CLIENT] sent ACK 57108
[CLIENT] sent ACK 57133
[CLIENT] sent ACK 57155
[CLIENT] sent ACK 57178
[CLIENT] sent ACK 57201
[CLIENT] sent ACK 57225
[CLIENT] sent ACK 57247
[CLIENT] sent ACK 57270
[CLIENT] sent ACK 57295
[CLIENT] sent ACK 57318
[CLIENT] sent ACK 57342
[CLIENT] sent ACK 57367
[CLIENT] sent ACK 57393
[CLIENT] sent ACK 57419
[CLIENT] sent ACK 57444
[CLIENT] sent ACK 57467
[CLIENT] sent ACK 57493
[CLIENT] sent ACK 57516
[CLIENT] sent ACK 57539
[CLIENT] sent ACK 57563
[CLIENT] sent ACK 57587
[CLIENT] sent ACK 57611
[CLIENT] sent ACK 57635
[CLIENT] sent ACK 57660
[CLIENT] sent ACK 57683
[CLIENT] sent ACK 57709
[CLIENT] sent ACK 57734
[CLIENT] sent ACK 57757
[CLIENT] sent ACK 57780
[CLIENT] sent ACK 57803
[CLIENT] sent ACK 57827
[CLIENT] sent ACK 57851
[CLIENT] sent ACK 57874
[CLIENT] sent ACK 57899
[CLIENT] sent ACK 57922
[CLIENT] sent ACK 57948
[CLIENT] sent ACK 57971
[CLIENT] sent ACK 57995
[CLIENT] sent ACK 58019
[CLIENT] sent ACK 58046
[CLIENT] sent ACK 58069
[CLIENT] sent ACK 58094
[CLIENT] sent ACK 58119
[CLIENT] sent ACK 58142
[CLIENT] sent ACK 58167
[CLIENT] sent ACK 58190
[CLIENT] sent ACK 58213
[CLIENT] sent ACK 58237
[CLIENT] sent ACK 58262
[CLIENT] sent ACK 58287
[CLIENT] sent ACK 58310
[CLIENT] sent ACK 58332
[CLIENT] sent ACK 58356
[CLIENT] sent ACK 58380
[CLIENT] sent ACK 58403
[CLIENT] sent ACK 58429
[CLIENT] sent ACK 58454
[CLIENT] sent ACK 58478
[CLIENT] sent ACK 58502
[CLIENT] sent ACK 58528
[CLIENT] sent ACK 58553
[CLIENT] sent ACK 58578
[CLIENT] sent ACK 58602
[CLIENT] sent ACK 58626
[CLIENT] sent ACK 58649
[CLIENT] sent ACK 58674
[CLIENT] sent ACK 58696
[CLIENT] sent ACK 58720
[CLIENT] sent ACK 58745
[CLIENT] sent ACK 58770
[CLIENT] sent ACK 58795
[CLIENT] sent ACK 58817
[CLIENT] sent ACK 58842
[CLIENT] sent ACK 58866
[CLIENT] sent ACK 58888
[CLIENT] sent ACK 58912
[CLIENT] sent ACK 58936
[CLIENT] sent ACK 58959
[CLIENT] sent ACK 58983
[CLIENT] sent ACK 59009
[CLIENT] sent ACK 59035
[CLIENT] sent ACK 59058
[CLIENT] sent ACK 59083
[CLIENT] sent ACK 59108
[CLIENT] sent ACK 59130
[CLIENT] sent ACK 59153
[CLIENT] sent ACK 59174
[CLIENT] sent ACK 59197
[CLIENT] sent ACK 59221
[CLIENT] sent ACK 59245
[CLIENT] sent ACK 59269
[CLIENT] sent ACK 59292
[CLIENT] sent ACK 59317
[CLIENT] sent ACK 59341
[CLIENT] sent ACK 59366
[CLIENT] sent ACK 59390
[CLIENT] sent ACK 59413
[CLIENT] sent ACK 59437
[CLIENT] sent ACK 59462
[CLIENT] sent ACK 59487
[CLIENT] sent ACK 59510
[CLIENT] sent ACK 59533
[CLIENT] sent ACK 59560
[CLIENT] sent ACK 59586
[CLIENT] sent ACK 59611
[CLIENT] sent ACK 59635
[CLIENT] sent ACK 59658
[CLIENT] sent ACK 59682
[CLIENT] sent ACK 59706
[CLIENT] sent ACK 59730
[CLIENT] sent ACK 59754
[CLIENT] sent ACK 59776
[CLIENT] sent ACK 59800
[CLIENT] sent ACK 59825
[CLIENT] sent ACK 59849
[CLIENT] sent ACK 59873
[CLIENT] sent ACK 59895
[CLIENT] sent ACK 59920
[CLIENT] sent ACK 59944
[CLIENT] sent ACK 59966
[CLIENT] sent ACK 59991
[CLIENT] sent ACK 60014
[CLIENT] sent ACK 60038
[CLIENT] sent ACK 60062
[CLIENT] sent ACK 60085
[CLIENT] sent ACK 60110
[CLIENT] sent ACK 60133
[CLIENT] sent ACK 60156
[CLIENT] sent ACK 60180
[CLIENT] sent ACK 60203
[CLIENT] sent ACK 60228
[CLIENT] sent ACK 60249
[CLIENT] sent ACK 60272
[CLIENT] sent ACK 60296
[CLIENT] sent ACK 60319
[CLIENT] sent ACK 60343
[CLIENT] sent ACK 60367
[CLIENT] sent ACK 60393
[CLIENT] sent ACK 60418
[CLIENT] sent ACK 60443
[CLIENT] sent ACK 60468
[CLIENT] sent ACK 60492
[CLIENT] sent ACK 60517
[CLIENT] sent ACK 60543
[CLIENT] sent ACK 60568
[CLIENT] sent ACK 60592
[CLIENT] sent ACK 60615
[CLIENT] sent ACK 60641
[CLIENT] sent ACK 60666
[CLIENT] sent ACK 60691
[CLIENT] sent ACK 60715
[CLIENT] sent ACK 60736
[CLIENT] sent ACK 60761
[CLIENT] sent ACK 60783
[CLIENT] sent ACK 60807
[CLIENT] sent ACK 60829
[CLIENT] sent ACK 60852
[CLIENT] sent ACK 60877
[CLIENT] sent ACK 60903
[CLIENT] sent ACK 60926
[CLIENT] sent ACK 60950
[CLIENT] sent ACK 60974
[CLIENT] sent ACK 60999
[CLIENT] sent ACK 61027
[CLIENT] sent ACK 61053
[CLIENT] sent ACK 61076
[CLIENT] sent ACK 61100
[CLIENT] sent ACK 61124
[CLIENT] sent ACK 61148
[CLIENT] sent ACK 61172
[CLIENT] sent ACK 61196
[CLIENT] sent ACK 61219
[CLIENT] sent ACK 61247
[CLIENT] sent ACK 61269
[CLIENT] sent ACK 61295
[CLIENT] sent ACK 61319
[CLIENT] sent ACK 61340
[CLIENT] sent ACK 61364
[CLIENT] sent ACK 61387
[CLIENT] sent ACK 61411
[CLIENT] sent ACK 61436
[CLIENT] sent ACK 61460
[CLIENT] sent ACK 61485
[CLIENT] sent ACK 61508
[CLIENT] sent ACK 61531
[CLIENT] sent ACK 61556
[CLIENT] sent ACK 61578
[CLIENT] sent ACK 61600
[CLIENT] sent ACK 61625
[CLIENT] sent ACK 61649
[CLIENT] sent ACK 61674
[CLIENT] sent ACK 61699
[CLIENT] sent ACK 61724
[CLIENT] sent ACK 61749
[CLIENT] sent ACK 61775
[CLIENT] sent ACK 61801
[CLIENT] sent ACK 61824
[CLIENT] sent ACK 61849
[CLIENT] sent ACK 61872
[CLIENT] sent ACK 61897
[CLIENT] sent ACK 61920
[CLIENT] sent ACK 61943
[CLIENT] sent ACK 61966
[CLIENT] sent ACK 61989
[CLIENT] sent ACK 62012
[CLIENT] sent ACK 62036
[CLIENT] sent ACK 62058
[CLIENT] sent ACK 62081
[CLIENT] sent ACK 62105
[CLIENT] sent ACK 62130
[CLIENT] sent ACK 62155
[CLIENT] sent ACK 62177
[CLIENT] sent ACK 62202
[CLIENT] sent ACK 62227
[CLIENT] sent ACK 62252
[CLIENT] sent ACK 62277
[CLIENT] sent ACK 62301
[CLIENT] sent ACK 62325
[CLIENT] sent ACK 62351
[CLIENT] sent ACK 62378
[CLIENT] sent ACK 62401
[CLIENT] sent ACK 62423
[CLIENT] sent ACK 62448
[CLIENT] sent ACK 62470
[CLIENT] sent ACK 62495
[CLIENT] sent ACK 62519
[CLIENT] sent ACK 62542
[CLIENT] sent ACK 62566
[CLIENT] sent ACK 62590
[CLIENT] sent ACK 62614
[CLIENT] sent ACK 62638
[CLIENT] sent ACK 62661
[CLIENT] sent ACK 62685
[CLIENT] sent ACK 62710
[CLIENT] sent ACK 62733
[CLIENT] sent ACK 62757
[CLIENT] sent ACK 62779
[CLIENT] sent ACK 62803
[CLIENT] sent ACK 62826
[CLIENT] sent ACK 62850
[CLIENT] sent ACK 62876
[CLIENT] sent ACK 62899
[CLIENT] sent ACK 62922
[CLIENT] sent ACK 62947
[CLIENT] sent ACK 62971
[CLIENT] sent ACK 62996
[CLIENT] sent ACK 63020
[CLIENT] sent ACK 63044
[CLIENT] sent ACK 63068
[CLIENT] sent ACK 63094
[CLIENT] sent ACK 63119
[CLIENT] sent ACK 63142
[CLIENT] sent ACK 63166
[CLIENT] sent ACK 63191
[CLIENT] sent ACK 63216
[CLIENT] sent ACK 63240
[CLIENT] sent ACK 63263
[CLIENT] sent ACK 63287
[CLIENT] sent ACK 63312
[CLIENT] sent ACK 63338
[CLIENT] sent ACK 63362
[CLIENT] sent ACK 63386
[CLIENT] sent ACK 63409
[CLIENT] sent ACK 63432
[CLIENT] sent ACK 63454
[CLIENT] sent ACK 63477
[CLIENT] sent ACK 63502
[CLIENT] sent ACK 63527
[CLIENT] sent ACK 63552
[CLIENT] sent ACK 63578
[CLIENT] sent ACK 63604
[CLIENT] sent ACK 63628
[CLIENT] sent ACK 63652
[CLIENT] sent ACK 63678
[CLIENT] sent ACK 63701
[CLIENT] sent ACK 63724
[CLIENT] sent ACK 63746
[CLIENT] sent ACK 63770
[CLIENT] sent ACK 63796
[CLIENT] sent ACK 63821
[CLIENT] sent ACK 63846
[CLIENT] sent ACK 63870
[CLIENT] sent ACK 63896
[CLIENT] sent ACK 63921
[CLIENT] sent ACK 63943
[CLIENT] sent ACK 63965
[CLIENT] sent ACK 63987
[CLIENT] sent ACK 64011
[CLIENT] sent ACK 64036
[CLIENT] sent ACK 64062
[CLIENT] sent ACK 64085
[CLIENT] sent ACK 64107
[CLIENT] sent ACK 64129
[CLIENT] sent ACK 64153
[CLIENT] sent ACK 64176
[CLIENT] sent ACK 64199
[CLIENT] sent ACK 64222
[CLIENT] sent ACK 64247
[CLIENT] sent ACK 64271
[CLIENT] sent ACK 64295
[CLIENT] sent ACK 64319
[CLIENT] sent ACK 64343
[CLIENT] sent ACK 64371
[CLIENT] sent ACK 64396
[CLIENT] sent ACK 64422
[CLIENT] sent ACK 64447
[CLIENT] sent ACK 64470
[CLIENT] sent ACK 64495
[CLIENT] sent ACK 64519
[CLIENT] sent ACK 64548
[CLIENT] sent ACK 64573
[CLIENT] sent ACK 64595
[CLIENT] sent ACK 64618
[CLIENT] sent ACK 64640
[CLIENT] sent ACK 64663
[CLIENT] sent ACK 64686
[CLIENT] sent ACK 64709
[CLIENT] sent ACK 64731
[CLIENT] sent ACK 64757
[CLIENT] sent ACK 64783
[CLIENT] sent ACK 64803
[CLIENT] sent ACK 64825
[CLIENT] sent ACK 64850
[CLIENT] sent ACK 64874
[CLIENT] sent ACK 64899
[CLIENT] sent ACK 64923
[CLIENT] sent ACK 64948
[CLIENT] sent ACK 64971
[CLIENT] sent ACK 64997
[CLIENT] sent ACK 65022
[CLIENT] sent ACK 65045
[CLIENT] sent ACK 65068
[CLIENT] sent ACK 65092
[CLIENT] sent ACK 65116
[CLIENT] sent ACK 65141
[CLIENT] sent ACK 65165
[CLIENT] sent ACK 65189
[CLIENT] sent ACK 65214
[CLIENT] sent ACK 65237
[CLIENT] sent ACK 65261
[CLIENT] sent ACK 65286
[CLIENT] sent ACK 65309
[CLIENT] sent ACK 65334
[CLIENT] sent ACK 65361
[CLIENT] sent ACK 65383
[CLIENT] sent ACK 65405
[CLIENT] sent ACK 65430
[CLIENT] sent ACK 65454
[CLIENT] sent ACK 65480
[CLIENT] sent ACK 65504
[CLIENT] sent ACK 65528
[CLIENT] sent ACK 65551
[CLIENT] sent ACK 65575
[CLIENT] sent ACK 65600
[CLIENT] sent ACK 65624
[CLIENT] sent ACK 65648
[CLIENT] sent ACK 65671
[CLIENT] sent ACK 65695
[CLIENT] sent ACK 65720
[CLIENT] sent ACK 65744
[CLIENT] sent ACK 65768
[CLIENT] sent ACK 65792
[CLIENT] sent ACK 65816
[CLIENT] sent ACK 65840
[CLIENT] sent ACK 65865
[CLIENT] sent ACK 65887
[CLIENT] sent ACK 65910
[CLIENT] sent ACK 65935
[CLIENT] sent ACK 65961
[CLIENT] sent ACK 65986
[CLIENT] sent ACK 66012
[CLIENT] sent ACK 66037
[CLIENT] sent ACK 66062
[CLIENT] sent ACK 66087
[CLIENT] sent ACK 66112
[CLIENT] sent ACK 66136
[CLIENT] sent ACK 66155
[CLIENT] sent ACK 66180
[CLIENT] sent ACK 66204
[CLIENT] sent ACK 66228
[CLIENT] sent ACK 66251
[CLIENT] sent ACK 66274
[CLIENT] sent ACK 66298
[CLIENT] sent ACK 66322
[CLIENT] sent ACK 66348
[CLIENT] sent ACK 66372
[CLIENT] sent ACK 66395
[CLIENT] sent ACK 66421
[CLIENT] sent ACK 66443
[CLIENT] sent ACK 66466
[CLIENT] sent ACK 66492
[CLIENT] sent ACK 66515
[CLIENT] sent ACK 66537
[CLIENT] sent ACK 66562
[CLIENT] sent ACK 66586
[CLIENT] sent ACK 66611
[CLIENT] sent ACK 66633
[CLIENT] sent ACK 66658
[CLIENT] sent ACK 66681
[CLIENT] sent ACK 66704
[CLIENT] sent ACK 66728
[CLIENT] sent ACK 66752
[CLIENT] sent ACK 66774
[CLIENT] sent ACK 66798
[CLIENT] sent ACK 66821
[CLIENT] sent ACK 66844
[CLIENT] sent ACK 66866
[CLIENT] sent ACK 66890
[CLIENT] sent ACK 66913
[CLIENT] sent ACK 66937
[CLIENT] sent ACK 66962
[CLIENT] sent ACK 66986
[CLIENT] sent ACK 67009
[CLIENT] sent ACK 67034
[CLIENT] sent ACK 67057
[CLIENT] sent ACK 67081
[CLIENT] sent ACK 67104
[CLIENT] sent ACK 67130
[CLIENT] sent ACK 67153
[CLIENT] sent ACK 67177
[CLIENT] sent ACK 67202
[CLIENT] sent ACK 67225
[CLIENT] sent ACK 67249
[CLIENT] sent ACK 67274
[CLIENT] sent ACK 67297
[CLIENT] sent ACK 67323
[CLIENT] sent ACK 67346
[CLIENT] sent ACK 67371
[CLIENT] sent ACK 67396
[CLIENT] sent ACK 67422
[CLIENT] sent ACK 67447
[CLIENT] sent ACK 67473
[CLIENT] sent ACK 67496
[CLIENT] sent ACK 67521
[CLIENT] sent ACK 67543
[CLIENT] sent ACK 67567
[CLIENT] sent ACK 67590
[CLIENT] sent ACK 67616
[CLIENT] sent ACK 67638
[CLIENT] sent ACK 67662
[CLIENT] sent ACK 67686
[CLIENT] sent ACK 67709
[CLIENT] sent ACK 67734
[CLIENT] sent ACK 67759
[CLIENT] sent ACK 67783
[CLIENT] sent ACK 67807
[CLIENT] sent ACK 67831
[CLIENT] sent ACK 67857
[CLIENT] sent ACK 67879
[CLIENT] sent ACK 67904
[CLIENT] sent ACK 67927
[CLIENT] sent ACK 67951
[CLIENT] sent ACK 67977
[CLIENT] sent ACK 68002
[CLIENT] sent ACK 68027
[CLIENT] sent ACK 68052
[CLIENT] sent ACK 68074
[CLIENT] sent ACK 68098
[CLIENT] sent ACK 68122
[CLIENT] sent ACK 68147
[CLIENT] sent ACK 68171
[CLIENT] sent ACK 68195
[CLIENT] sent ACK 68218
[CLIENT] sent ACK 68243
[CLIENT] sent ACK 68266
[CLIENT] sent ACK 68289
[CLIENT] sent ACK 68313
[CLIENT] sent ACK 68337
[CLIENT] sent ACK 68363
[CLIENT] sent ACK 68387
[CLIENT] sent ACK 68411
[CLIENT] sent ACK 68434
[CLIENT] sent ACK 68459
[CLIENT] sent ACK 68483
[CLIENT] sent ACK 68509
[CLIENT] sent ACK 68533
[CLIENT] sent ACK 68558
[CLIENT] sent ACK 68582
[CLIENT] sent ACK 68607
[CLIENT] sent ACK 68631
[CLIENT] sent ACK 68655
[CLIENT] sent ACK 68678
[CLIENT] sent ACK 68704
[CLIENT] sent ACK 68729
[CLIENT] sent ACK 68751
[CLIENT] sent ACK 68776
[CLIENT] sent ACK 68801
[CLIENT] sent ACK 68822
[CLIENT] sent ACK 68847
[CLIENT] sent ACK 68872
[CLIENT] sent ACK 68896
[CLIENT] sent ACK 68920
[CLIENT] sent ACK 68946
[CLIENT] sent ACK 68967
[CLIENT] sent ACK 68992
[CLIENT] sent ACK 69018
[CLIENT] sent ACK 69042
[CLIENT] sent ACK 69066
[CLIENT] sent ACK 69091
[CLIENT] sent ACK 69115
[CLIENT] sent ACK 69139
[CLIENT] sent ACK 69160
[CLIENT] sent ACK 69184
[CLIENT] sent ACK 69210
[CLIENT] sent ACK 69236
[CLIENT] sent ACK 69260
[CLIENT] sent ACK 69284
[CLIENT] sent ACK 69309
[CLIENT] sent ACK 69334
[CLIENT] sent ACK 69359
[CLIENT] sent ACK 69380
[CLIENT] sent ACK 69402
[CLIENT] sent ACK 69426
[CLIENT] sent ACK 69452
[CLIENT] sent ACK 69476
[CLIENT] sent ACK 69501
[CLIENT] sent ACK 69525
[CLIENT] sent ACK 69552
[CLIENT] sent ACK 69576
[CLIENT] sent ACK 69599
[CLIENT] sent ACK 69623
[CLIENT] sent ACK 69646
[CLIENT] sent ACK 69670
[CLIENT] sent ACK 69694
[CLIENT] sent ACK 69717
[CLIENT] sent ACK 69741
[CLIENT] sent ACK 69765
[CLIENT] sent ACK 69789
[CLIENT] sent ACK 69814
[CLIENT] sent ACK 69840
[CLIENT] sent ACK 69866
[CLIENT] sent ACK 69888
[CLIENT] sent ACK 69910
[CLIENT] sent ACK 69936
[CLIENT] sent ACK 69959
[CLIENT] sent ACK 69983
[CLIENT] sent ACK 70008
[CLIENT] sent ACK 70033
[CLIENT] sent ACK 70061
[CLIENT] sent ACK 70084
[CLIENT] sent ACK 70110
[CLIENT] sent ACK 70132
[CLIENT] sent ACK 70157
[CLIENT] sent ACK 70179
[CLIENT] sent ACK 70202
[CLIENT] sent ACK 70228
[CLIENT] sent ACK 70250
[CLIENT] sent ACK 70274
[CLIENT] sent ACK 70298
[CLIENT] sent ACK 70323
[CLIENT] sent ACK 70347
[CLIENT] sent ACK 70371
[CLIENT] sent ACK 70396
[CLIENT] sent ACK 70420
[CLIENT] sent ACK 70444
[CLIENT] sent ACK 70467
[CLIENT] sent ACK 70491
[CLIENT] sent ACK 70517
[CLIENT] sent ACK 70544
[CLIENT] sent ACK 70565
[CLIENT] sent ACK 70590
[CLIENT] sent ACK 70614
[CLIENT] sent ACK 70638
[CLIENT] sent ACK 70664
[CLIENT] sent ACK 70691
[CLIENT] sent ACK 70715
[CLIENT] sent ACK 70740
[CLIENT] sent ACK 70764
[CLIENT] sent ACK 70788
[CLIENT] sent ACK 70811
[CLIENT] sent ACK 70835
[CLIENT] sent ACK 70857
[CLIENT] sent ACK 70881
[CLIENT] sent ACK 70905
[CLIENT] sent ACK 70930
[CLIENT] sent ACK 70954
[CLIENT] sent ACK 70977
[CLIENT] sent ACK 71001
[CLIENT] sent ACK 71026
[CLIENT] sent ACK 71050
[CLIENT] sent ACK 71077
[CLIENT] sent ACK 71098
[CLIENT] sent ACK 71121
[CLIENT] sent ACK 71147
[CLIENT] sent ACK 71173
[CLIENT] sent ACK 71197
[CLIENT] sent ACK 71221
[CLIENT] sent ACK 71247
[CLIENT] sent ACK 71273
[CLIENT] sent ACK 71298
[CLIENT] sent ACK 71322
[CLIENT] sent ACK 71344
[CLIENT] sent ACK 71368
[CLIENT] sent ACK 71390
[CLIENT] sent ACK 71414
[CLIENT] sent ACK 71438
[CLIENT] sent ACK 71462
[CLIENT] sent ACK 71488
[CLIENT] sent ACK 71510
[CLIENT] sent ACK 71534
[CLIENT] sent ACK 71558
[CLIENT] sent ACK 71581
[CLIENT] sent ACK 71606
[CLIENT] sent ACK 71629
[CLIENT] sent ACK 71653
[CLIENT] sent ACK 71678
[CLIENT] sent ACK 71701
[CLIENT] sent ACK 71726
[CLIENT] sent ACK 71751
[CLIENT] sent ACK 71776
[CLIENT] sent ACK 71800
[CLIENT] sent ACK 71822
[CLIENT] sent ACK 71847
[CLIENT] sent ACK 71870
[CLIENT] sent ACK 71895
[CLIENT] sent ACK 71919
[CLIENT] sent ACK 71941
[CLIENT] sent ACK 71966
[CLIENT] sent ACK 71991
[CLIENT] sent ACK 72016
[CLIENT] sent ACK 72039
[CLIENT] sent ACK 72064
[CLIENT] sent ACK 72087
[CLIENT] sent ACK 72112
[CLIENT] sent ACK 72134
[CLIENT] sent ACK 72158
[CLIENT] sent ACK 72182
[CLIENT] sent ACK 72205
[CLIENT] sent ACK 72231
[CLIENT] sent ACK 72256
[CLIENT] sent ACK 72280
[CLIENT] sent ACK 72303
[CLIENT] sent ACK 72326
[CLIENT] sent ACK 72349
[CLIENT] sent ACK 72372
[CLIENT] sent ACK 72397
[CLIENT] sent ACK 72422
[CLIENT] sent ACK 72447
[CLIENT] sent ACK 72471
[CLIENT] sent ACK 72497
[CLIENT] sent ACK 72522
[CLIENT] sent ACK 72546
[CLIENT] sent ACK 72569
[CLIENT] sent ACK 72594
[CLIENT] sent ACK 72618
[CLIENT] sent ACK 72642
[CLIENT] sent ACK 72667
[CLIENT] sent ACK 72693
[CLIENT] sent ACK 72715
[CLIENT] sent ACK 72738
[CLIENT] sent ACK 72760
[CLIENT] sent ACK 72785
[CLIENT] sent ACK 72809
[CLIENT] sent ACK 72833
[CLIENT] sent ACK 72856
[CLIENT] sent ACK 72880
[CLIENT] sent ACK 72905
[CLIENT] sent ACK 72932
[CLIENT] sent ACK 72959
[CLIENT] sent ACK 72983
[CLIENT] sent ACK 73009
[CLIENT] sent ACK 73031
[CLIENT] sent ACK 73056
[CLIENT] sent ACK 73081
[CLIENT] sent ACK 73106
[CLIENT] sent ACK 73130
[CLIENT] sent ACK 73155
[CLIENT] sent ACK 73180
[CLIENT] sent ACK 73205
[CLIENT] sent ACK 73229
[CLIENT] sent ACK 73254
[CLIENT] sent ACK 73280
[CLIENT] sent ACK 73305
[CLIENT] sent ACK 73323
[CLIENT] sent ACK 73326
[CLIENT] sent ACK 73333
[CLIENT] sent ACK 73360
[CLIENT] sent ACK 73385
[CLIENT] sent ACK 73411
[CLIENT] sent ACK 73430
[CLIENT] sent ACK 73430
[CLIENT] sent ACK 73430
[CLIENT] sent ACK 73430
[CLIENT] sent ACK 73430
[CLIENT] sent ACK 73430
[CLIENT] sent ACK 73430
[CLIENT] sent ACK 73430
[CLIENT] sent ACK 73430
[CLIENT] sent ACK 73430
[CLIENT] sent ACK 73430
[CLIENT] sent ACK 73430
[CLIENT] sent ACK 73430
[CLIENT] sent ACK 73430
[CLIENT] sent ACK 73430
[CLIENT] sent ACK 73430
[CLIENT] sent ACK 73430
[CLIENT] sent ACK 73430
[CLIENT] sent ACK 73437
[CLIENT] sent ACK 73943
[CLIENT] sent ACK 73962
[CLIENT] sent ACK 73988
[CLIENT] sent ACK 74015
[CLIENT] sent ACK 74042
[CLIENT] sent ACK 74069
[CLIENT] sent ACK 74095
[CLIENT] sent ACK 74121
[CLIENT] sent ACK 74147
[CLIENT] sent ACK 74172
[CLIENT] sent ACK 74197
[CLIENT] sent ACK 74222
[CLIENT] sent ACK 74246
[CLIENT] sent ACK 74270
[CLIENT] sent ACK 74296
[CLIENT] sent ACK 74322
[CLIENT] sent ACK 74346
[CLIENT] sent ACK 74370
[CLIENT] sent ACK 74394
[CLIENT] sent ACK 74419
[CLIENT] sent ACK 74447
[CLIENT] sent ACK 74470
[CLIENT] sent ACK 74495
[CLIENT] sent ACK 74521
[CLIENT] sent ACK 74546
[CLIENT] sent ACK 74569
[CLIENT] sent ACK 74594
[CLIENT] sent ACK 74621
[CLIENT] sent ACK 74645
[CLIENT] sent ACK 74672
[CLIENT] sent ACK 74695
[CLIENT] sent ACK 74718
[CLIENT] sent ACK 74742
[CLIENT] sent ACK 74765
[CLIENT] sent ACK 74790
[CLIENT] sent ACK 74814
[CLIENT] sent ACK 74837
[CLIENT] sent ACK 74863
[CLIENT] sent ACK 74888
[CLIENT] sent ACK 74899
[CLIENT] sent ACK 74900
[CLIENT] SHA-256 match: True

==================================================
CLIENT REPORT
==================================================
Security enabled (PSK + AEAD):            Yes
Handshake status:                         Success
Size of the transferred file:             104857600 bytes
Number of packets received from server:   74899
Number of duplicate packets:              933
Replay drops:                             933
Number of out-of-order packets:           2800
Number of packets with checksum errors:   0
Time duration of the file transfer:       00:00:38
Received file MD5:                        2f282b84e7e608d5852449ed940bfc51
AEAD authentication failures:             0
SHA-256 match:                            Yes
==================================================

[CLIENT] Report saved to client_report.txt
[CLIENT] file saved as received_test_100mb_file
real 43.61
user 0.06
sys 0.17

Script done on 2026-04-22 17:15:27+00:00 [COMMAND_EXIT_CODE="0"]
