Script started on 2026-04-22 15:16:21+00:00 [COMMAND="cd ~/secure-reliable-file-fransfer && { /usr/bin/time -p sudo PYTHONPATH=. python3 -u main.py --mode client --config config_phase1.json --file ./gdrive-folder/test_100mb_file; } 2>&1" TERM="xterm-256color" TTY="/dev/pts/0" COLUMNS="222" LINES="30"]
[CLIENT] running on 172.31.64.201:50000
[CLIENT] talking to server 172.31.77.14:50000
[CLIENT] requested file: ./gdrive-folder/test_100mb_file
[CLIENT] sent ACK 23
[CLIENT] sent ACK 50
[CLIENT] sent ACK 79
[CLIENT] sent ACK 107
[CLIENT] sent ACK 134
[CLIENT] sent ACK 163
[CLIENT] sent ACK 190
[CLIENT] sent ACK 218
[CLIENT] sent ACK 246
[CLIENT] sent ACK 273
[CLIENT] sent ACK 299
[CLIENT] sent ACK 327
[CLIENT] sent ACK 355
[CLIENT] sent ACK 382
[CLIENT] sent ACK 411
[CLIENT] sent ACK 438
[CLIENT] sent ACK 466
[CLIENT] sent ACK 494
[CLIENT] sent ACK 520
[CLIENT] sent ACK 548
[CLIENT] sent ACK 575
[CLIENT] sent ACK 601
[CLIENT] sent ACK 629
[CLIENT] sent ACK 654
[CLIENT] sent ACK 682
[CLIENT] sent ACK 711
[CLIENT] sent ACK 739
[CLIENT] sent ACK 767
[CLIENT] sent ACK 793
[CLIENT] sent ACK 821
[CLIENT] sent ACK 850
[CLIENT] sent ACK 878
[CLIENT] sent ACK 907
[CLIENT] sent ACK 934
[CLIENT] sent ACK 963
[CLIENT] sent ACK 991
[CLIENT] sent ACK 1019
[CLIENT] sent ACK 1047
[CLIENT] sent ACK 1075
[CLIENT] sent ACK 1101
[CLIENT] sent ACK 1128
[CLIENT] sent ACK 1156
[CLIENT] sent ACK 1184
[CLIENT] sent ACK 1212
[CLIENT] sent ACK 1238
[CLIENT] sent ACK 1266
[CLIENT] sent ACK 1294
[CLIENT] sent ACK 1322
[CLIENT] sent ACK 1350
[CLIENT] sent ACK 1377
[CLIENT] sent ACK 1405
[CLIENT] sent ACK 1432
[CLIENT] sent ACK 1460
[CLIENT] sent ACK 1487
[CLIENT] sent ACK 1512
[CLIENT] sent ACK 1540
[CLIENT] sent ACK 1567
[CLIENT] sent ACK 1595
[CLIENT] sent ACK 1622
[CLIENT] sent ACK 1649
[CLIENT] sent ACK 1677
[CLIENT] sent ACK 1704
[CLIENT] sent ACK 1732
[CLIENT] sent ACK 1760
[CLIENT] sent ACK 1785
[CLIENT] sent ACK 1813
[CLIENT] sent ACK 1840
[CLIENT] sent ACK 1867
[CLIENT] sent ACK 1894
[CLIENT] sent ACK 1920
[CLIENT] sent ACK 1947
[CLIENT] sent ACK 1975
[CLIENT] sent ACK 2002
[CLIENT] sent ACK 2029
[CLIENT] sent ACK 2055
[CLIENT] sent ACK 2080
[CLIENT] sent ACK 2106
[CLIENT] sent ACK 2133
[CLIENT] sent ACK 2160
[CLIENT] sent ACK 2188
[CLIENT] sent ACK 2215
[CLIENT] sent ACK 2240
[CLIENT] sent ACK 2268
[CLIENT] sent ACK 2295
[CLIENT] sent ACK 2323
[CLIENT] sent ACK 2350
[CLIENT] sent ACK 2375
[CLIENT] sent ACK 2403
[CLIENT] sent ACK 2431
[CLIENT] sent ACK 2459
[CLIENT] sent ACK 2486
[CLIENT] sent ACK 2511
[CLIENT] sent ACK 2539
[CLIENT] sent ACK 2566
[CLIENT] sent ACK 2593
[CLIENT] sent ACK 2621
[CLIENT] sent ACK 2647
[CLIENT] sent ACK 2673
[CLIENT] sent ACK 2702
[CLIENT] sent ACK 2729
[CLIENT] sent ACK 2756
[CLIENT] sent ACK 2783
[CLIENT] sent ACK 2808
[CLIENT] sent ACK 2835
[CLIENT] sent ACK 2862
[CLIENT] sent ACK 2888
[CLIENT] sent ACK 2915
[CLIENT] sent ACK 2942
[CLIENT] sent ACK 2969
[CLIENT] sent ACK 2994
[CLIENT] sent ACK 3022
[CLIENT] sent ACK 3049
[CLIENT] sent ACK 3076
[CLIENT] sent ACK 3103
[CLIENT] sent ACK 3128
[CLIENT] sent ACK 3155
[CLIENT] sent ACK 3182
[CLIENT] sent ACK 3209
[CLIENT] sent ACK 3236
[CLIENT] sent ACK 3261
[CLIENT] sent ACK 3289
[CLIENT] sent ACK 3316
[CLIENT] sent ACK 3343
[CLIENT] sent ACK 3372
[CLIENT] sent ACK 3399
[CLIENT] sent ACK 3424
[CLIENT] sent ACK 3451
[CLIENT] sent ACK 3478
[CLIENT] sent ACK 3505
[CLIENT] sent ACK 3533
[CLIENT] sent ACK 3558
[CLIENT] sent ACK 3585
[CLIENT] sent ACK 3612
[CLIENT] sent ACK 3639
[CLIENT] sent ACK 3667
[CLIENT] sent ACK 3693
[CLIENT] sent ACK 3720
[CLIENT] sent ACK 3747
[CLIENT] sent ACK 3773
[CLIENT] sent ACK 3801
[CLIENT] sent ACK 3827
[CLIENT] sent ACK 3855
[CLIENT] sent ACK 3882
[CLIENT] sent ACK 3909
[CLIENT] sent ACK 3936
[CLIENT] sent ACK 3962
[CLIENT] sent ACK 3990
[CLIENT] sent ACK 4017
[CLIENT] sent ACK 4044
[CLIENT] sent ACK 4070
[CLIENT] sent ACK 4097
[CLIENT] sent ACK 4124
[CLIENT] sent ACK 4151
[CLIENT] sent ACK 4178
[CLIENT] sent ACK 4205
[CLIENT] sent ACK 4232
[CLIENT] sent ACK 4258
[CLIENT] sent ACK 4285
[CLIENT] sent ACK 4313
[CLIENT] sent ACK 4340
[CLIENT] sent ACK 4367
[CLIENT] sent ACK 4394
[CLIENT] sent ACK 4419
[CLIENT] sent ACK 4446
[CLIENT] sent ACK 4473
[CLIENT] sent ACK 4500
[CLIENT] sent ACK 4528
[CLIENT] sent ACK 4555
[CLIENT] sent ACK 4581
[CLIENT] sent ACK 4609
[CLIENT] sent ACK 4637
[CLIENT] sent ACK 4665
[CLIENT] sent ACK 4694
[CLIENT] sent ACK 4721
[CLIENT] sent ACK 4749
[CLIENT] sent ACK 4778
[CLIENT] sent ACK 4806
[CLIENT] sent ACK 4834
[CLIENT] sent ACK 4861
[CLIENT] sent ACK 4889
[CLIENT] sent ACK 4918
[CLIENT] sent ACK 4946
[CLIENT] sent ACK 4974
[CLIENT] sent ACK 5003
[CLIENT] sent ACK 5032
[CLIENT] sent ACK 5058
[CLIENT] sent ACK 5086
[CLIENT] sent ACK 5116
[CLIENT] sent ACK 5146
[CLIENT] sent ACK 5176
[CLIENT] sent ACK 5203
[CLIENT] sent ACK 5229
[CLIENT] sent ACK 5257
[CLIENT] sent ACK 5285
[CLIENT] sent ACK 5312
[CLIENT] sent ACK 5339
[CLIENT] sent ACK 5365
[CLIENT] sent ACK 5392
[CLIENT] sent ACK 5419
[CLIENT] sent ACK 5446
[CLIENT] sent ACK 5474
[CLIENT] sent ACK 5499
[CLIENT] sent ACK 5526
[CLIENT] sent ACK 5552
[CLIENT] sent ACK 5579
[CLIENT] sent ACK 5601
[CLIENT] sent ACK 5631
[CLIENT] sent ACK 5669
[CLIENT] sent ACK 5703
[CLIENT] sent ACK 5765
[CLIENT] sent ACK 5791
[CLIENT] sent ACK 5818
[CLIENT] sent ACK 5845
[CLIENT] sent ACK 5871
[CLIENT] sent ACK 5900
[CLIENT] sent ACK 5926
[CLIENT] sent ACK 5954
[CLIENT] sent ACK 5982
[CLIENT] sent ACK 6009
[CLIENT] sent ACK 6037
[CLIENT] sent ACK 6063
[CLIENT] sent ACK 6090
[CLIENT] sent ACK 6116
[CLIENT] sent ACK 6144
[CLIENT] sent ACK 6171
[CLIENT] sent ACK 6197
[CLIENT] sent ACK 6224
[CLIENT] sent ACK 6252
[CLIENT] sent ACK 6279
[CLIENT] sent ACK 6306
[CLIENT] sent ACK 6331
[CLIENT] sent ACK 6360
[CLIENT] sent ACK 6387
[CLIENT] sent ACK 6414
[CLIENT] sent ACK 6441
[CLIENT] sent ACK 6467
[CLIENT] sent ACK 6494
[CLIENT] sent ACK 6521
[CLIENT] sent ACK 6548
[CLIENT] sent ACK 6575
[CLIENT] sent ACK 6602
[CLIENT] sent ACK 6628
[CLIENT] sent ACK 6655
[CLIENT] sent ACK 6682
[CLIENT] sent ACK 6709
[CLIENT] sent ACK 6735
[CLIENT] sent ACK 6762
[CLIENT] sent ACK 6789
[CLIENT] sent ACK 6815
[CLIENT] sent ACK 6847
[CLIENT] sent ACK 6873
[CLIENT] sent ACK 6899
[CLIENT] sent ACK 6927
[CLIENT] sent ACK 6955
[CLIENT] sent ACK 6982
[CLIENT] sent ACK 7008
[CLIENT] sent ACK 7034
[CLIENT] sent ACK 7061
[CLIENT] sent ACK 7088
[CLIENT] sent ACK 7116
[CLIENT] sent ACK 7143
[CLIENT] sent ACK 7169
[CLIENT] sent ACK 7195
[CLIENT] sent ACK 7222
[CLIENT] sent ACK 7250
[CLIENT] sent ACK 7277
[CLIENT] sent ACK 7304
[CLIENT] sent ACK 7329
[CLIENT] sent ACK 7356
[CLIENT] sent ACK 7384
[CLIENT] sent ACK 7411
[CLIENT] sent ACK 7438
[CLIENT] sent ACK 7465
[CLIENT] sent ACK 7490
[CLIENT] sent ACK 7518
[CLIENT] sent ACK 7545
[CLIENT] sent ACK 7572
[CLIENT] sent ACK 7599
[CLIENT] sent ACK 7625
[CLIENT] sent ACK 7651
[CLIENT] sent ACK 7678
[CLIENT] sent ACK 7705
[CLIENT] sent ACK 7732
[CLIENT] sent ACK 7760
[CLIENT] sent ACK 7785
[CLIENT] sent ACK 7812
[CLIENT] sent ACK 7839
[CLIENT] sent ACK 7867
[CLIENT] sent ACK 7894
[CLIENT] sent ACK 7920
[CLIENT] sent ACK 7946
[CLIENT] sent ACK 7974
[CLIENT] sent ACK 8001
[CLIENT] sent ACK 8029
[CLIENT] sent ACK 8056
[CLIENT] sent ACK 8081
[CLIENT] sent ACK 8108
[CLIENT] sent ACK 8136
[CLIENT] sent ACK 8163
[CLIENT] sent ACK 8190
[CLIENT] sent ACK 8217
[CLIENT] sent ACK 8242
[CLIENT] sent ACK 8269
[CLIENT] sent ACK 8297
[CLIENT] sent ACK 8324
[CLIENT] sent ACK 8351
[CLIENT] sent ACK 8378
[CLIENT] sent ACK 8403
[CLIENT] sent ACK 8430
[CLIENT] sent ACK 8457
[CLIENT] sent ACK 8485
[CLIENT] sent ACK 8512
[CLIENT] sent ACK 8539
[CLIENT] sent ACK 8564
[CLIENT] sent ACK 8591
[CLIENT] sent ACK 8618
[CLIENT] sent ACK 8645
[CLIENT] sent ACK 8672
[CLIENT] sent ACK 8699
[CLIENT] sent ACK 8724
[CLIENT] sent ACK 8751
[CLIENT] sent ACK 8778
[CLIENT] sent ACK 8805
[CLIENT] sent ACK 8832
[CLIENT] sent ACK 8857
[CLIENT] sent ACK 8885
[CLIENT] sent ACK 8912
[CLIENT] sent ACK 8939
[CLIENT] sent ACK 8966
[CLIENT] sent ACK 8993
[CLIENT] sent ACK 9019
[CLIENT] sent ACK 9047
[CLIENT] sent ACK 9075
[CLIENT] sent ACK 9103
[CLIENT] sent ACK 9130
[CLIENT] sent ACK 9157
[CLIENT] sent ACK 9183
[CLIENT] sent ACK 9210
[CLIENT] sent ACK 9237
[CLIENT] sent ACK 9265
[CLIENT] sent ACK 9291
[CLIENT] sent ACK 9318
[CLIENT] sent ACK 9345
[CLIENT] sent ACK 9372
[CLIENT] sent ACK 9400
[CLIENT] sent ACK 9426
[CLIENT] sent ACK 9453
[CLIENT] sent ACK 9480
[CLIENT] sent ACK 9507
[CLIENT] sent ACK 9533
[CLIENT] sent ACK 9560
[CLIENT] sent ACK 9587
[CLIENT] sent ACK 9614
[CLIENT] sent ACK 9641
[CLIENT] sent ACK 9668
[CLIENT] sent ACK 9695
[CLIENT] sent ACK 9721
[CLIENT] sent ACK 9749
[CLIENT] sent ACK 9776
[CLIENT] sent ACK 9803
[CLIENT] sent ACK 9830
[CLIENT] sent ACK 9855
[CLIENT] sent ACK 9882
[CLIENT] sent ACK 9909
[CLIENT] sent ACK 9938
[CLIENT] sent ACK 9965
[CLIENT] sent ACK 9990
[CLIENT] sent ACK 10017
[CLIENT] sent ACK 10044
[CLIENT] sent ACK 10072
[CLIENT] sent ACK 10099
[CLIENT] sent ACK 10125
[CLIENT] sent ACK 10151
[CLIENT] sent ACK 10178
[CLIENT] sent ACK 10206
[CLIENT] sent ACK 10233
[CLIENT] sent ACK 10260
[CLIENT] sent ACK 10286
[CLIENT] sent ACK 10303
[CLIENT] sent ACK 10342
[CLIENT] sent ACK 10370
[CLIENT] sent ACK 10398
[CLIENT] sent ACK 10425
[CLIENT] sent ACK 10450
[CLIENT] sent ACK 10477
[CLIENT] sent ACK 10503
[CLIENT] sent ACK 10530
[CLIENT] sent ACK 10558
[CLIENT] sent ACK 10585
[CLIENT] sent ACK 10611
[CLIENT] sent ACK 10637
[CLIENT] sent ACK 10663
[CLIENT] sent ACK 10691
[CLIENT] sent ACK 10718
[CLIENT] sent ACK 10744
[CLIENT] sent ACK 10772
[CLIENT] sent ACK 10798
[CLIENT] sent ACK 10825
[CLIENT] sent ACK 10854
[CLIENT] sent ACK 10882
[CLIENT] sent ACK 10910
[CLIENT] sent ACK 10937
[CLIENT] sent ACK 10964
[CLIENT] sent ACK 10993
[CLIENT] sent ACK 11021
[CLIENT] sent ACK 11048
[CLIENT] sent ACK 11075
[CLIENT] sent ACK 11103
[CLIENT] sent ACK 11131
[CLIENT] sent ACK 11159
[CLIENT] sent ACK 11189
[CLIENT] sent ACK 11217
[CLIENT] sent ACK 11243
[CLIENT] sent ACK 11272
[CLIENT] sent ACK 11301
[CLIENT] sent ACK 11329
[CLIENT] sent ACK 11357
[CLIENT] sent ACK 11384
[CLIENT] sent ACK 11411
[CLIENT] sent ACK 11440
[CLIENT] sent ACK 11469
[CLIENT] sent ACK 11496
[CLIENT] sent ACK 11524
[CLIENT] sent ACK 11550
[CLIENT] sent ACK 11578
[CLIENT] sent ACK 11608
[CLIENT] sent ACK 11636
[CLIENT] sent ACK 11665
[CLIENT] sent ACK 11691
[CLIENT] sent ACK 11721
[CLIENT] sent ACK 11750
[CLIENT] sent ACK 11777
[CLIENT] sent ACK 11806
[CLIENT] sent ACK 11833
[CLIENT] sent ACK 11861
[CLIENT] sent ACK 11891
[CLIENT] sent ACK 11919
[CLIENT] sent ACK 11948
[CLIENT] sent ACK 11977
[CLIENT] sent ACK 12004
[CLIENT] sent ACK 12034
[CLIENT] sent ACK 12062
[CLIENT] sent ACK 12090
[CLIENT] sent ACK 12118
[CLIENT] sent ACK 12145
[CLIENT] sent ACK 12170
[CLIENT] sent ACK 12198
[CLIENT] sent ACK 12225
[CLIENT] sent ACK 12252
[CLIENT] sent ACK 12279
[CLIENT] sent ACK 12304
[CLIENT] sent ACK 12331
[CLIENT] sent ACK 12357
[CLIENT] sent ACK 12385
[CLIENT] sent ACK 12412
[CLIENT] sent ACK 12437
[CLIENT] sent ACK 12465
[CLIENT] sent ACK 12492
[CLIENT] sent ACK 12520
[CLIENT] sent ACK 12548
[CLIENT] sent ACK 12574
[CLIENT] sent ACK 12601
[CLIENT] sent ACK 12629
[CLIENT] sent ACK 12657
[CLIENT] sent ACK 12684
[CLIENT] sent ACK 12711
[CLIENT] sent ACK 12738
[CLIENT] sent ACK 12767
[CLIENT] sent ACK 12795
[CLIENT] sent ACK 12823
[CLIENT] sent ACK 12853
[CLIENT] sent ACK 12880
[CLIENT] sent ACK 12909
[CLIENT] sent ACK 12937
[CLIENT] sent ACK 12965
[CLIENT] sent ACK 12993
[CLIENT] sent ACK 13021
[CLIENT] sent ACK 13047
[CLIENT] sent ACK 13075
[CLIENT] sent ACK 13102
[CLIENT] sent ACK 13130
[CLIENT] sent ACK 13157
[CLIENT] sent ACK 13182
[CLIENT] sent ACK 13211
[CLIENT] sent ACK 13240
[CLIENT] sent ACK 13267
[CLIENT] sent ACK 13294
[CLIENT] sent ACK 13319
[CLIENT] sent ACK 13347
[CLIENT] sent ACK 13374
[CLIENT] sent ACK 13402
[CLIENT] sent ACK 13429
[CLIENT] sent ACK 13454
[CLIENT] sent ACK 13482
[CLIENT] sent ACK 13509
[CLIENT] sent ACK 13536
[CLIENT] sent ACK 13563
[CLIENT] sent ACK 13588
[CLIENT] sent ACK 13615
[CLIENT] sent ACK 13643
[CLIENT] sent ACK 13670
[CLIENT] sent ACK 13697
[CLIENT] sent ACK 13723
[CLIENT] sent ACK 13752
[CLIENT] sent ACK 13779
[CLIENT] sent ACK 13807
[CLIENT] sent ACK 13835
[CLIENT] sent ACK 13862
[CLIENT] sent ACK 13890
[CLIENT] sent ACK 13918
[CLIENT] sent ACK 13946
[CLIENT] sent ACK 13975
[CLIENT] sent ACK 14003
[CLIENT] sent ACK 14030
[CLIENT] sent ACK 14057
[CLIENT] sent ACK 14084
[CLIENT] sent ACK 14111
[CLIENT] sent ACK 14138
[CLIENT] sent ACK 14163
[CLIENT] sent ACK 14190
[CLIENT] sent ACK 14220
[CLIENT] sent ACK 14247
[CLIENT] sent ACK 14276
[CLIENT] sent ACK 14303
[CLIENT] sent ACK 14330
[CLIENT] sent ACK 14357
[CLIENT] sent ACK 14386
[CLIENT] sent ACK 14414
[CLIENT] sent ACK 14439
[CLIENT] sent ACK 14466
[CLIENT] sent ACK 14495
[CLIENT] sent ACK 14522
[CLIENT] sent ACK 14549
[CLIENT] sent ACK 14574
[CLIENT] sent ACK 14600
[CLIENT] sent ACK 14628
[CLIENT] sent ACK 14655
[CLIENT] sent ACK 14683
[CLIENT] sent ACK 14710
[CLIENT] sent ACK 14735
[CLIENT] sent ACK 14762
[CLIENT] sent ACK 14790
[CLIENT] sent ACK 14817
[CLIENT] sent ACK 14844
[CLIENT] sent ACK 14870
[CLIENT] sent ACK 14897
[CLIENT] sent ACK 14925
[CLIENT] sent ACK 14952
[CLIENT] sent ACK 14979
[CLIENT] sent ACK 15006
[CLIENT] sent ACK 15031
[CLIENT] sent ACK 15060
[CLIENT] sent ACK 15087
[CLIENT] sent ACK 15115
[CLIENT] sent ACK 15142
[CLIENT] sent ACK 15167
[CLIENT] sent ACK 15194
[CLIENT] sent ACK 15222
[CLIENT] sent ACK 15248
[CLIENT] sent ACK 15275
[CLIENT] sent ACK 15302
[CLIENT] sent ACK 15329
[CLIENT] sent ACK 15357
[CLIENT] sent ACK 15386
[CLIENT] sent ACK 15414
[CLIENT] sent ACK 15442
[CLIENT] sent ACK 15470
[CLIENT] sent ACK 15501
[CLIENT] sent ACK 15529
[CLIENT] sent ACK 15557
[CLIENT] sent ACK 15585
[CLIENT] sent ACK 15613
[CLIENT] sent ACK 15640
[CLIENT] sent ACK 15669
[CLIENT] sent ACK 15698
[CLIENT] sent ACK 15726
[CLIENT] sent ACK 15754
[CLIENT] sent ACK 15782
[CLIENT] sent ACK 15809
[CLIENT] sent ACK 15836
[CLIENT] sent ACK 15863
[CLIENT] sent ACK 15890
[CLIENT] sent ACK 15916
[CLIENT] sent ACK 15943
[CLIENT] sent ACK 15970
[CLIENT] sent ACK 15997
[CLIENT] sent ACK 16023
[CLIENT] sent ACK 16051
[CLIENT] sent ACK 16077
[CLIENT] sent ACK 16105
[CLIENT] sent ACK 16132
[CLIENT] sent ACK 16159
[CLIENT] sent ACK 16187
[CLIENT] sent ACK 16212
[CLIENT] sent ACK 16240
[CLIENT] sent ACK 16267
[CLIENT] sent ACK 16294
[CLIENT] sent ACK 16321
[CLIENT] sent ACK 16348
[CLIENT] sent ACK 16375
[CLIENT] sent ACK 16402
[CLIENT] sent ACK 16430
[CLIENT] sent ACK 16459
[CLIENT] sent ACK 16487
[CLIENT] sent ACK 16514
[CLIENT] sent ACK 16543
[CLIENT] sent ACK 16571
[CLIENT] sent ACK 16600
[CLIENT] sent ACK 16628
[CLIENT] sent ACK 16656
[CLIENT] sent ACK 16683
[CLIENT] sent ACK 16711
[CLIENT] sent ACK 16739
[CLIENT] sent ACK 16769
[CLIENT] sent ACK 16797
[CLIENT] sent ACK 16824
[CLIENT] sent ACK 16851
[CLIENT] sent ACK 16880
[CLIENT] sent ACK 16908
[CLIENT] sent ACK 16936
[CLIENT] sent ACK 16964
[CLIENT] sent ACK 16991
[CLIENT] sent ACK 17018
[CLIENT] sent ACK 17046
[CLIENT] sent ACK 17073
[CLIENT] sent ACK 17102
[CLIENT] sent ACK 17129
[CLIENT] sent ACK 17154
[CLIENT] sent ACK 17182
[CLIENT] sent ACK 17209
[CLIENT] sent ACK 17237
[CLIENT] sent ACK 17264
[CLIENT] sent ACK 17289
[CLIENT] sent ACK 17326
[CLIENT] sent ACK 17354
[CLIENT] sent ACK 17383
[CLIENT] sent ACK 17411
[CLIENT] sent ACK 17437
[CLIENT] sent ACK 17465
[CLIENT] sent ACK 17493
[CLIENT] sent ACK 17522
[CLIENT] sent ACK 17550
[CLIENT] sent ACK 17576
[CLIENT] sent ACK 17604
[CLIENT] sent ACK 17633
[CLIENT] sent ACK 17661
[CLIENT] sent ACK 17689
[CLIENT] sent ACK 17714
[CLIENT] sent ACK 17743
[CLIENT] sent ACK 17772
[CLIENT] sent ACK 17801
[CLIENT] sent ACK 17829
[CLIENT] sent ACK 17857
[CLIENT] sent ACK 17883
[CLIENT] sent ACK 17911
[CLIENT] sent ACK 17939
[CLIENT] sent ACK 17967
[CLIENT] sent ACK 17995
[CLIENT] sent ACK 18023
[CLIENT] sent ACK 18050
[CLIENT] sent ACK 18078
[CLIENT] sent ACK 18106
[CLIENT] sent ACK 18134
[CLIENT] sent ACK 18162
[CLIENT] sent ACK 18190
[CLIENT] sent ACK 18216
[CLIENT] sent ACK 18243
[CLIENT] sent ACK 18271
[CLIENT] sent ACK 18300
[CLIENT] sent ACK 18328
[CLIENT] sent ACK 18354
[CLIENT] sent ACK 18382
[CLIENT] sent ACK 18410
[CLIENT] sent ACK 18438
[CLIENT] sent ACK 18466
[CLIENT] sent ACK 18492
[CLIENT] sent ACK 18520
[CLIENT] sent ACK 18548
[CLIENT] sent ACK 18576
[CLIENT] sent ACK 18604
[CLIENT] sent ACK 18630
[CLIENT] sent ACK 18659
[CLIENT] sent ACK 18686
[CLIENT] sent ACK 18713
[CLIENT] sent ACK 18740
[CLIENT] sent ACK 18765
[CLIENT] sent ACK 18793
[CLIENT] sent ACK 18821
[CLIENT] sent ACK 18848
[CLIENT] sent ACK 18875
[CLIENT] sent ACK 18901
[CLIENT] sent ACK 18928
[CLIENT] sent ACK 18956
[CLIENT] sent ACK 18984
[CLIENT] sent ACK 19012
[CLIENT] sent ACK 19038
[CLIENT] sent ACK 19068
[CLIENT] sent ACK 19097
[CLIENT] sent ACK 19125
[CLIENT] sent ACK 19155
[CLIENT] sent ACK 19182
[CLIENT] sent ACK 19212
[CLIENT] sent ACK 19240
[CLIENT] sent ACK 19269
[CLIENT] sent ACK 19297
[CLIENT] sent ACK 19325
[CLIENT] sent ACK 19350
[CLIENT] sent ACK 19378
[CLIENT] sent ACK 19405
[CLIENT] sent ACK 19432
[CLIENT] sent ACK 19461
[CLIENT] sent ACK 19486
[CLIENT] sent ACK 19512
[CLIENT] sent ACK 19539
[CLIENT] sent ACK 19567
[CLIENT] sent ACK 19594
[CLIENT] sent ACK 19619
[CLIENT] sent ACK 19647
[CLIENT] sent ACK 19674
[CLIENT] sent ACK 19701
[CLIENT] sent ACK 19729
[CLIENT] sent ACK 19754
[CLIENT] sent ACK 19784
[CLIENT] sent ACK 19812
[CLIENT] sent ACK 19840
[CLIENT] sent ACK 19868
[CLIENT] sent ACK 19894
[CLIENT] sent ACK 19921
[CLIENT] sent ACK 19948
[CLIENT] sent ACK 19976
[CLIENT] sent ACK 20003
[CLIENT] sent ACK 20028
[CLIENT] sent ACK 20058
[CLIENT] sent ACK 20085
[CLIENT] sent ACK 20112
[CLIENT] sent ACK 20139
[CLIENT] sent ACK 20154
[CLIENT] sent ACK 20176
[CLIENT] sent ACK 20204
[CLIENT] sent ACK 20231
[CLIENT] sent ACK 20258
[CLIENT] sent ACK 20285
[CLIENT] sent ACK 20312
[CLIENT] sent ACK 20338
[CLIENT] sent ACK 20366
[CLIENT] sent ACK 20393
[CLIENT] sent ACK 20420
[CLIENT] sent ACK 20445
[CLIENT] sent ACK 20472
[CLIENT] sent ACK 20499
[CLIENT] sent ACK 20526
[CLIENT] sent ACK 20553
[CLIENT] sent ACK 20580
[CLIENT] sent ACK 20607
[CLIENT] sent ACK 20634
[CLIENT] sent ACK 20661
[CLIENT] sent ACK 20688
[CLIENT] sent ACK 20714
[CLIENT] sent ACK 20740
[CLIENT] sent ACK 20769
[CLIENT] sent ACK 20796
[CLIENT] sent ACK 20823
[CLIENT] sent ACK 20850
[CLIENT] sent ACK 20876
[CLIENT] sent ACK 20902
[CLIENT] sent ACK 20929
[CLIENT] sent ACK 20956
[CLIENT] sent ACK 20984
[CLIENT] sent ACK 21011
[CLIENT] sent ACK 21038
[CLIENT] sent ACK 21062
[CLIENT] sent ACK 21090
[CLIENT] sent ACK 21117
[CLIENT] sent ACK 21144
[CLIENT] sent ACK 21171
[CLIENT] sent ACK 21198
[CLIENT] sent ACK 21223
[CLIENT] sent ACK 21250
[CLIENT] sent ACK 21278
[CLIENT] sent ACK 21305
[CLIENT] sent ACK 21333
[CLIENT] sent ACK 21360
[CLIENT] sent ACK 21388
[CLIENT] sent ACK 21415
[CLIENT] sent ACK 21444
[CLIENT] sent ACK 21471
[CLIENT] sent ACK 21500
[CLIENT] sent ACK 21528
[CLIENT] sent ACK 21555
[CLIENT] sent ACK 21584
[CLIENT] sent ACK 21611
[CLIENT] sent ACK 21636
[CLIENT] sent ACK 21664
[CLIENT] sent ACK 21691
[CLIENT] sent ACK 21718
[CLIENT] sent ACK 21745
[CLIENT] sent ACK 21770
[CLIENT] sent ACK 21798
[CLIENT] sent ACK 21825
[CLIENT] sent ACK 21853
[CLIENT] sent ACK 21880
[CLIENT] sent ACK 21905
[CLIENT] sent ACK 21932
[CLIENT] sent ACK 21959
[CLIENT] sent ACK 21986
[CLIENT] sent ACK 22015
[CLIENT] sent ACK 22040
[CLIENT] sent ACK 22067
[CLIENT] sent ACK 22096
[CLIENT] sent ACK 22123
[CLIENT] sent ACK 22149
[CLIENT] sent ACK 22176
[CLIENT] sent ACK 22203
[CLIENT] sent ACK 22230
[CLIENT] sent ACK 22257
[CLIENT] sent ACK 22283
[CLIENT] sent ACK 22310
[CLIENT] sent ACK 22337
[CLIENT] sent ACK 22363
[CLIENT] sent ACK 22390
[CLIENT] sent ACK 22417
[CLIENT] sent ACK 22444
[CLIENT] sent ACK 22471
[CLIENT] sent ACK 22497
[CLIENT] sent ACK 22524
[CLIENT] sent ACK 22552
[CLIENT] sent ACK 22579
[CLIENT] sent ACK 22606
[CLIENT] sent ACK 22633
[CLIENT] sent ACK 22660
[CLIENT] sent ACK 22687
[CLIENT] sent ACK 22714
[CLIENT] sent ACK 22741
[CLIENT] sent ACK 22767
[CLIENT] sent ACK 22794
[CLIENT] sent ACK 22821
[CLIENT] sent ACK 22848
[CLIENT] sent ACK 22875
[CLIENT] sent ACK 22902
[CLIENT] sent ACK 22927
[CLIENT] sent ACK 22954
[CLIENT] sent ACK 22981
[CLIENT] sent ACK 23008
[CLIENT] sent ACK 23035
[CLIENT] sent ACK 23061
[CLIENT] sent ACK 23088
[CLIENT] sent ACK 23115
[CLIENT] sent ACK 23141
[CLIENT] sent ACK 23168
[CLIENT] sent ACK 23195
[CLIENT] sent ACK 23221
[CLIENT] sent ACK 23248
[CLIENT] sent ACK 23276
[CLIENT] sent ACK 23304
[CLIENT] sent ACK 23332
[CLIENT] sent ACK 23357
[CLIENT] sent ACK 23385
[CLIENT] sent ACK 23412
[CLIENT] sent ACK 23439
[CLIENT] sent ACK 23466
[CLIENT] sent ACK 23493
[CLIENT] sent ACK 23519
[CLIENT] sent ACK 23546
[CLIENT] sent ACK 23573
[CLIENT] sent ACK 23600
[CLIENT] sent ACK 23627
[CLIENT] sent ACK 23653
[CLIENT] sent ACK 23679
[CLIENT] sent ACK 23707
[CLIENT] sent ACK 23733
[CLIENT] sent ACK 23761
[CLIENT] sent ACK 23788
[CLIENT] sent ACK 23815
[CLIENT] sent ACK 23841
[CLIENT] sent ACK 23868
[CLIENT] sent ACK 23896
[CLIENT] sent ACK 23923
[CLIENT] sent ACK 23951
[CLIENT] sent ACK 23978
[CLIENT] sent ACK 24005
[CLIENT] sent ACK 24031
[CLIENT] sent ACK 24058
[CLIENT] sent ACK 24084
[CLIENT] sent ACK 24112
[CLIENT] sent ACK 24139
[CLIENT] sent ACK 24165
[CLIENT] sent ACK 24192
[CLIENT] sent ACK 24219
[CLIENT] sent ACK 24246
[CLIENT] sent ACK 24273
[CLIENT] sent ACK 24300
[CLIENT] sent ACK 24327
[CLIENT] sent ACK 24353
[CLIENT] sent ACK 24380
[CLIENT] sent ACK 24407
[CLIENT] sent ACK 24434
[CLIENT] sent ACK 24461
[CLIENT] sent ACK 24488
[CLIENT] sent ACK 24514
[CLIENT] sent ACK 24542
[CLIENT] sent ACK 24572
[CLIENT] sent ACK 24601
[CLIENT] sent ACK 24631
[CLIENT] sent ACK 24659
[CLIENT] sent ACK 24689
[CLIENT] sent ACK 24719
[CLIENT] sent ACK 24749
[CLIENT] sent ACK 24779
[CLIENT] sent ACK 24808
[CLIENT] sent ACK 24833
[CLIENT] sent ACK 24860
[CLIENT] sent ACK 24887
[CLIENT] sent ACK 24913
[CLIENT] sent ACK 24942
[CLIENT] sent ACK 24970
[CLIENT] sent ACK 24995
[CLIENT] sent ACK 25022
[CLIENT] sent ACK 25050
[CLIENT] sent ACK 25077
[CLIENT] sent ACK 25105
[CLIENT] sent ACK 25131
[CLIENT] sent ACK 25158
[CLIENT] sent ACK 25185
[CLIENT] sent ACK 25212
[CLIENT] sent ACK 25240
[CLIENT] sent ACK 25265
[CLIENT] sent ACK 25293
[CLIENT] sent ACK 25320
[CLIENT] sent ACK 25347
[CLIENT] sent ACK 25374
[CLIENT] sent ACK 25401
[CLIENT] sent ACK 25428
[CLIENT] sent ACK 25456
[CLIENT] sent ACK 25483
[CLIENT] sent ACK 25511
[CLIENT] sent ACK 25537
[CLIENT] sent ACK 25564
[CLIENT] sent ACK 25592
[CLIENT] sent ACK 25619
[CLIENT] sent ACK 25647
[CLIENT] sent ACK 25673
[CLIENT] sent ACK 25700
[CLIENT] sent ACK 25727
[CLIENT] sent ACK 25754
[CLIENT] sent ACK 25783
[CLIENT] sent ACK 25809
[CLIENT] sent ACK 25836
[CLIENT] sent ACK 25863
[CLIENT] sent ACK 25890
[CLIENT] sent ACK 25916
[CLIENT] sent ACK 25946
[CLIENT] sent ACK 25971
[CLIENT] sent ACK 25998
[CLIENT] sent ACK 26025
[CLIENT] sent ACK 26052
[CLIENT] sent ACK 26079
[CLIENT] sent ACK 26105
[CLIENT] sent ACK 26133
[CLIENT] sent ACK 26160
[CLIENT] sent ACK 26187
[CLIENT] sent ACK 26214
[CLIENT] sent ACK 26241
[CLIENT] sent ACK 26267
[CLIENT] sent ACK 26296
[CLIENT] sent ACK 26325
[CLIENT] sent ACK 26352
[CLIENT] sent ACK 26377
[CLIENT] sent ACK 26404
[CLIENT] sent ACK 26432
[CLIENT] sent ACK 26459
[CLIENT] sent ACK 26484
[CLIENT] sent ACK 26510
[CLIENT] sent ACK 26537
[CLIENT] sent ACK 26570
[CLIENT] sent ACK 26597
[CLIENT] sent ACK 26624
[CLIENT] sent ACK 26649
[CLIENT] sent ACK 26676
[CLIENT] sent ACK 26703
[CLIENT] sent ACK 26731
[CLIENT] sent ACK 26758
[CLIENT] sent ACK 26784
[CLIENT] sent ACK 26811
[CLIENT] sent ACK 26840
[CLIENT] sent ACK 26868
[CLIENT] sent ACK 26897
[CLIENT] sent ACK 26923
[CLIENT] sent ACK 26951
[CLIENT] sent ACK 26979
[CLIENT] sent ACK 27008
[CLIENT] sent ACK 27036
[CLIENT] sent ACK 27063
[CLIENT] sent ACK 27091
[CLIENT] sent ACK 27120
[CLIENT] sent ACK 27149
[CLIENT] sent ACK 27178
[CLIENT] sent ACK 27205
[CLIENT] sent ACK 27233
[CLIENT] sent ACK 27259
[CLIENT] sent ACK 27288
[CLIENT] sent ACK 27316
[CLIENT] sent ACK 27344
[CLIENT] sent ACK 27372
[CLIENT] sent ACK 27401
[CLIENT] sent ACK 27427
[CLIENT] sent ACK 27454
[CLIENT] sent ACK 27482
[CLIENT] sent ACK 27510
[CLIENT] sent ACK 27537
[CLIENT] sent ACK 27564
[CLIENT] sent ACK 27593
[CLIENT] sent ACK 27622
[CLIENT] sent ACK 27650
[CLIENT] sent ACK 27678
[CLIENT] sent ACK 27704
[CLIENT] sent ACK 27732
[CLIENT] sent ACK 27760
[CLIENT] sent ACK 27787
[CLIENT] sent ACK 27815
[CLIENT] sent ACK 27841
[CLIENT] sent ACK 27868
[CLIENT] sent ACK 27898
[CLIENT] sent ACK 27922
[CLIENT] sent ACK 27959
[CLIENT] sent ACK 27988
[CLIENT] sent ACK 28017
[CLIENT] sent ACK 28043
[CLIENT] sent ACK 28073
[CLIENT] sent ACK 28099
[CLIENT] sent ACK 28126
[CLIENT] sent ACK 28154
[CLIENT] sent ACK 28181
[CLIENT] sent ACK 28209
[CLIENT] sent ACK 28237
[CLIENT] sent ACK 28264
[CLIENT] sent ACK 28291
[CLIENT] sent ACK 28318
[CLIENT] sent ACK 28345
[CLIENT] sent ACK 28372
[CLIENT] sent ACK 28399
[CLIENT] sent ACK 28427
[CLIENT] sent ACK 28455
[CLIENT] sent ACK 28483
[CLIENT] sent ACK 28511
[CLIENT] sent ACK 28536
[CLIENT] sent ACK 28564
[CLIENT] sent ACK 28588
[CLIENT] sent ACK 28631
[CLIENT] sent ACK 28691
[CLIENT] sent ACK 28718
[CLIENT] sent ACK 28745
[CLIENT] sent ACK 28772
[CLIENT] sent ACK 28799
[CLIENT] sent ACK 28825
[CLIENT] sent ACK 28854
[CLIENT] sent ACK 28881
[CLIENT] sent ACK 28910
[CLIENT] sent ACK 28937
[CLIENT] sent ACK 28962
[CLIENT] sent ACK 28989
[CLIENT] sent ACK 29017
[CLIENT] sent ACK 29045
[CLIENT] sent ACK 29072
[CLIENT] sent ACK 29098
[CLIENT] sent ACK 29124
[CLIENT] sent ACK 29152
[CLIENT] sent ACK 29182
[CLIENT] sent ACK 29208
[CLIENT] sent ACK 29235
[CLIENT] sent ACK 29263
[CLIENT] sent ACK 29291
[CLIENT] sent ACK 29318
[CLIENT] sent ACK 29345
[CLIENT] sent ACK 29371
[CLIENT] sent ACK 29398
[CLIENT] sent ACK 29425
[CLIENT] sent ACK 29452
[CLIENT] sent ACK 29479
[CLIENT] sent ACK 29505
[CLIENT] sent ACK 29532
[CLIENT] sent ACK 29559
[CLIENT] sent ACK 29586
[CLIENT] sent ACK 29614
[CLIENT] sent ACK 29639
[CLIENT] sent ACK 29667
[CLIENT] sent ACK 29694
[CLIENT] sent ACK 29720
[CLIENT] sent ACK 29748
[CLIENT] sent ACK 29775
[CLIENT] sent ACK 29801
[CLIENT] sent ACK 29828
[CLIENT] sent ACK 29854
[CLIENT] sent ACK 29882
[CLIENT] sent ACK 29909
[CLIENT] sent ACK 29934
[CLIENT] sent ACK 29962
[CLIENT] sent ACK 29989
[CLIENT] sent ACK 30017
[CLIENT] sent ACK 30044
[CLIENT] sent ACK 30069
[CLIENT] sent ACK 30097
[CLIENT] sent ACK 30125
[CLIENT] sent ACK 30151
[CLIENT] sent ACK 30179
[CLIENT] sent ACK 30205
[CLIENT] sent ACK 30232
[CLIENT] sent ACK 30260
[CLIENT] sent ACK 30287
[CLIENT] sent ACK 30313
[CLIENT] sent ACK 30340
[CLIENT] sent ACK 30366
[CLIENT] sent ACK 30394
[CLIENT] sent ACK 30421
[CLIENT] sent ACK 30446
[CLIENT] sent ACK 30474
[CLIENT] sent ACK 30501
[CLIENT] sent ACK 30528
[CLIENT] sent ACK 30555
[CLIENT] sent ACK 30581
[CLIENT] sent ACK 30608
[CLIENT] sent ACK 30635
[CLIENT] sent ACK 30662
[CLIENT] sent ACK 30690
[CLIENT] sent ACK 30717
[CLIENT] sent ACK 30744
[CLIENT] sent ACK 30771
[CLIENT] sent ACK 30798
[CLIENT] sent ACK 30825
[CLIENT] sent ACK 30852
[CLIENT] sent ACK 30878
[CLIENT] sent ACK 30904
[CLIENT] sent ACK 30930
[CLIENT] sent ACK 30958
[CLIENT] sent ACK 30985
[CLIENT] sent ACK 31013
[CLIENT] sent ACK 31040
[CLIENT] sent ACK 31066
[CLIENT] sent ACK 31093
[CLIENT] sent ACK 31120
[CLIENT] sent ACK 31147
[CLIENT] sent ACK 31174
[CLIENT] sent ACK 31200
[CLIENT] sent ACK 31227
[CLIENT] sent ACK 31255
[CLIENT] sent ACK 31282
[CLIENT] sent ACK 31309
[CLIENT] sent ACK 31336
[CLIENT] sent ACK 31361
[CLIENT] sent ACK 31389
[CLIENT] sent ACK 31416
[CLIENT] sent ACK 31442
[CLIENT] sent ACK 31470
[CLIENT] sent ACK 31497
[CLIENT] sent ACK 31522
[CLIENT] sent ACK 31550
[CLIENT] sent ACK 31578
[CLIENT] sent ACK 31605
[CLIENT] sent ACK 31632
[CLIENT] sent ACK 31659
[CLIENT] sent ACK 31684
[CLIENT] sent ACK 31711
[CLIENT] sent ACK 31739
[CLIENT] sent ACK 31766
[CLIENT] sent ACK 31793
[CLIENT] sent ACK 31819
[CLIENT] sent ACK 31846
[CLIENT] sent ACK 31873
[CLIENT] sent ACK 31900
[CLIENT] sent ACK 31926
[CLIENT] sent ACK 31953
[CLIENT] sent ACK 31980
[CLIENT] sent ACK 32005
[CLIENT] sent ACK 32033
[CLIENT] sent ACK 32059
[CLIENT] sent ACK 32087
[CLIENT] sent ACK 32114
[CLIENT] sent ACK 32141
[CLIENT] sent ACK 32168
[CLIENT] sent ACK 32195
[CLIENT] sent ACK 32222
[CLIENT] sent ACK 32249
[CLIENT] sent ACK 32276
[CLIENT] sent ACK 32304
[CLIENT] sent ACK 32331
[CLIENT] sent ACK 32357
[CLIENT] sent ACK 32384
[CLIENT] sent ACK 32411
[CLIENT] sent ACK 32438
[CLIENT] sent ACK 32465
[CLIENT] sent ACK 32492
[CLIENT] sent ACK 32517
[CLIENT] sent ACK 32544
[CLIENT] sent ACK 32571
[CLIENT] sent ACK 32598
[CLIENT] sent ACK 32625
[CLIENT] sent ACK 32652
[CLIENT] sent ACK 32677
[CLIENT] sent ACK 32704
[CLIENT] sent ACK 32731
[CLIENT] sent ACK 32758
[CLIENT] sent ACK 32785
[CLIENT] sent ACK 32810
[CLIENT] sent ACK 32838
[CLIENT] sent ACK 32865
[CLIENT] sent ACK 32892
[CLIENT] sent ACK 32919
[CLIENT] sent ACK 32944
[CLIENT] sent ACK 32972
[CLIENT] sent ACK 33000
[CLIENT] sent ACK 33027
[CLIENT] sent ACK 33054
[CLIENT] sent ACK 33079
[CLIENT] sent ACK 33106
[CLIENT] sent ACK 33134
[CLIENT] sent ACK 33161
[CLIENT] sent ACK 33188
[CLIENT] sent ACK 33216
[CLIENT] sent ACK 33241
[CLIENT] sent ACK 33270
[CLIENT] sent ACK 33297
[CLIENT] sent ACK 33325
[CLIENT] sent ACK 33353
[CLIENT] sent ACK 33379
[CLIENT] sent ACK 33406
[CLIENT] sent ACK 33435
[CLIENT] sent ACK 33463
[CLIENT] sent ACK 33491
[CLIENT] sent ACK 33519
[CLIENT] sent ACK 33546
[CLIENT] sent ACK 33573
[CLIENT] sent ACK 33600
[CLIENT] sent ACK 33627
[CLIENT] sent ACK 33655
[CLIENT] sent ACK 33680
[CLIENT] sent ACK 33708
[CLIENT] sent ACK 33735
[CLIENT] sent ACK 33763
[CLIENT] sent ACK 33790
[CLIENT] sent ACK 33815
[CLIENT] sent ACK 33842
[CLIENT] sent ACK 33869
[CLIENT] sent ACK 33896
[CLIENT] sent ACK 33923
[CLIENT] sent ACK 33950
[CLIENT] sent ACK 33977
[CLIENT] sent ACK 34004
[CLIENT] sent ACK 34031
[CLIENT] sent ACK 34058
[CLIENT] sent ACK 34085
[CLIENT] sent ACK 34109
[CLIENT] sent ACK 34137
[CLIENT] sent ACK 34164
[CLIENT] sent ACK 34191
[CLIENT] sent ACK 34218
[CLIENT] sent ACK 34246
[CLIENT] sent ACK 34271
[CLIENT] sent ACK 34298
[CLIENT] sent ACK 34324
[CLIENT] sent ACK 34352
[CLIENT] sent ACK 34379
[CLIENT] sent ACK 34407
[CLIENT] sent ACK 34433
[CLIENT] sent ACK 34460
[CLIENT] sent ACK 34487
[CLIENT] sent ACK 34515
[CLIENT] sent ACK 34543
[CLIENT] sent ACK 34569
[CLIENT] sent ACK 34596
[CLIENT] sent ACK 34623
[CLIENT] sent ACK 34651
[CLIENT] sent ACK 34677
[CLIENT] sent ACK 34703
[CLIENT] sent ACK 34731
[CLIENT] sent ACK 34759
[CLIENT] sent ACK 34786
[CLIENT] sent ACK 34811
[CLIENT] sent ACK 34838
[CLIENT] sent ACK 34864
[CLIENT] sent ACK 34910
[CLIENT] sent ACK 34937
[CLIENT] sent ACK 34964
[CLIENT] sent ACK 34991
[CLIENT] sent ACK 35021
[CLIENT] sent ACK 35050
[CLIENT] sent ACK 35078
[CLIENT] sent ACK 35104
[CLIENT] sent ACK 35133
[CLIENT] sent ACK 35161
[CLIENT] sent ACK 35189
[CLIENT] sent ACK 35216
[CLIENT] sent ACK 35243
[CLIENT] sent ACK 35270
[CLIENT] sent ACK 35298
[CLIENT] sent ACK 35325
[CLIENT] sent ACK 35354
[CLIENT] sent ACK 35382
[CLIENT] sent ACK 35410
[CLIENT] sent ACK 35436
[CLIENT] sent ACK 35463
[CLIENT] sent ACK 35493
[CLIENT] sent ACK 35521
[CLIENT] sent ACK 35550
[CLIENT] sent ACK 35577
[CLIENT] sent ACK 35605
[CLIENT] sent ACK 35633
[CLIENT] sent ACK 35661
[CLIENT] sent ACK 35689
[CLIENT] sent ACK 35715
[CLIENT] sent ACK 35743
[CLIENT] sent ACK 35773
[CLIENT] sent ACK 35802
[CLIENT] sent ACK 35830
[CLIENT] sent ACK 35857
[CLIENT] sent ACK 35884
[CLIENT] sent ACK 35912
[CLIENT] sent ACK 35940
[CLIENT] sent ACK 35968
[CLIENT] sent ACK 35997
[CLIENT] sent ACK 36023
[CLIENT] sent ACK 36050
[CLIENT] sent ACK 36078
[CLIENT] sent ACK 36106
[CLIENT] sent ACK 36133
[CLIENT] sent ACK 36158
[CLIENT] sent ACK 36186
[CLIENT] sent ACK 36213
[CLIENT] sent ACK 36240
[CLIENT] sent ACK 36267
[CLIENT] sent ACK 36292
[CLIENT] sent ACK 36321
[CLIENT] sent ACK 36350
[CLIENT] sent ACK 36378
[CLIENT] sent ACK 36407
[CLIENT] sent ACK 36434
[CLIENT] sent ACK 36462
[CLIENT] sent ACK 36490
[CLIENT] sent ACK 36518
[CLIENT] sent ACK 36546
[CLIENT] sent ACK 36574
[CLIENT] sent ACK 36601
[CLIENT] sent ACK 36630
[CLIENT] sent ACK 36658
[CLIENT] sent ACK 36686
[CLIENT] sent ACK 36713
[CLIENT] sent ACK 36741
[CLIENT] sent ACK 36770
[CLIENT] sent ACK 36798
[CLIENT] sent ACK 36825
[CLIENT] sent ACK 36853
[CLIENT] sent ACK 36882
[CLIENT] sent ACK 36910
[CLIENT] sent ACK 36938
[CLIENT] sent ACK 36965
[CLIENT] sent ACK 36991
[CLIENT] sent ACK 37019
[CLIENT] sent ACK 37051
[CLIENT] sent ACK 37080
[CLIENT] sent ACK 37109
[CLIENT] sent ACK 37135
[CLIENT] sent ACK 37164
[CLIENT] sent ACK 37192
[CLIENT] sent ACK 37222
[CLIENT] sent ACK 37250
[CLIENT] sent ACK 37275
[CLIENT] sent ACK 37302
[CLIENT] sent ACK 37329
[CLIENT] sent ACK 37356
[CLIENT] sent ACK 37384
[CLIENT] sent ACK 37409
[CLIENT] sent ACK 37437
[CLIENT] sent ACK 37464
[CLIENT] sent ACK 37491
[CLIENT] sent ACK 37520
[CLIENT] sent ACK 37546
[CLIENT] sent ACK 37579
[CLIENT] sent ACK 37606
[CLIENT] sent ACK 37634
[CLIENT] sent ACK 37661
[CLIENT] sent ACK 37686
[CLIENT] sent ACK 37713
[CLIENT] sent ACK 37740
[CLIENT] sent ACK 37767
[CLIENT] sent ACK 37793
[CLIENT] sent ACK 37819
[CLIENT] sent ACK 37846
[CLIENT] sent ACK 37874
[CLIENT] sent ACK 37901
[CLIENT] sent ACK 37928
[CLIENT] sent ACK 37953
[CLIENT] sent ACK 37980
[CLIENT] sent ACK 38009
[CLIENT] sent ACK 38037
[CLIENT] sent ACK 38064
[CLIENT] sent ACK 38092
[CLIENT] sent ACK 38119
[CLIENT] sent ACK 38146
[CLIENT] sent ACK 38173
[CLIENT] sent ACK 38199
[CLIENT] sent ACK 38227
[CLIENT] sent ACK 38253
[CLIENT] sent ACK 38279
[CLIENT] sent ACK 38307
[CLIENT] sent ACK 38334
[CLIENT] sent ACK 38361
[CLIENT] sent ACK 38387
[CLIENT] sent ACK 38413
[CLIENT] sent ACK 38441
[CLIENT] sent ACK 38466
[CLIENT] sent ACK 38494
[CLIENT] sent ACK 38521
[CLIENT] sent ACK 38546
[CLIENT] sent ACK 38573
[CLIENT] sent ACK 38601
[CLIENT] sent ACK 38629
[CLIENT] sent ACK 38657
[CLIENT] sent ACK 38683
[CLIENT] sent ACK 38710
[CLIENT] sent ACK 38737
[CLIENT] sent ACK 38764
[CLIENT] sent ACK 38791
[CLIENT] sent ACK 38818
[CLIENT] sent ACK 38844
[CLIENT] sent ACK 38871
[CLIENT] sent ACK 38899
[CLIENT] sent ACK 38925
[CLIENT] sent ACK 38952
[CLIENT] sent ACK 38978
[CLIENT] sent ACK 39006
[CLIENT] sent ACK 39033
[CLIENT] sent ACK 39059
[CLIENT] sent ACK 39086
[CLIENT] sent ACK 39113
[CLIENT] sent ACK 39140
[CLIENT] sent ACK 39165
[CLIENT] sent ACK 39192
[CLIENT] sent ACK 39219
[CLIENT] sent ACK 39246
[CLIENT] sent ACK 39274
[CLIENT] sent ACK 39301
[CLIENT] sent ACK 39329
[CLIENT] sent ACK 39356
[CLIENT] sent ACK 39384
[CLIENT] sent ACK 39413
[CLIENT] sent ACK 39441
[CLIENT] sent ACK 39469
[CLIENT] sent ACK 39498
[CLIENT] sent ACK 39527
[CLIENT] sent ACK 39555
[CLIENT] sent ACK 39579
[CLIENT] sent ACK 39607
[CLIENT] sent ACK 39635
[CLIENT] sent ACK 39664
[CLIENT] sent ACK 39692
[CLIENT] sent ACK 39719
[CLIENT] sent ACK 39746
[CLIENT] sent ACK 39774
[CLIENT] sent ACK 39802
[CLIENT] sent ACK 39831
[CLIENT] sent ACK 39860
[CLIENT] sent ACK 39888
[CLIENT] sent ACK 39915
[CLIENT] sent ACK 39942
[CLIENT] sent ACK 39970
[CLIENT] sent ACK 39997
[CLIENT] sent ACK 40025
[CLIENT] sent ACK 40050
[CLIENT] sent ACK 40077
[CLIENT] sent ACK 40105
[CLIENT] sent ACK 40129
[CLIENT] sent ACK 40162
[CLIENT] sent ACK 40188
[CLIENT] sent ACK 40215
[CLIENT] sent ACK 40243
[CLIENT] sent ACK 40270
[CLIENT] sent ACK 40297
[CLIENT] sent ACK 40322
[CLIENT] sent ACK 40350
[CLIENT] sent ACK 40379
[CLIENT] sent ACK 40407
[CLIENT] sent ACK 40436
[CLIENT] sent ACK 40462
[CLIENT] sent ACK 40490
[CLIENT] sent ACK 40518
[CLIENT] sent ACK 40546
[CLIENT] sent ACK 40574
[CLIENT] sent ACK 40602
[CLIENT] sent ACK 40629
[CLIENT] sent ACK 40656
[CLIENT] sent ACK 40685
[CLIENT] sent ACK 40714
[CLIENT] sent ACK 40742
[CLIENT] sent ACK 40768
[CLIENT] sent ACK 40795
[CLIENT] sent ACK 40825
[CLIENT] sent ACK 40853
[CLIENT] sent ACK 40881
[CLIENT] sent ACK 40908
[CLIENT] sent ACK 40938
[CLIENT] sent ACK 40966
[CLIENT] sent ACK 40994
[CLIENT] sent ACK 41022
[CLIENT] sent ACK 41048
[CLIENT] sent ACK 41076
[CLIENT] sent ACK 41104
[CLIENT] sent ACK 41133
[CLIENT] sent ACK 41162
[CLIENT] sent ACK 41188
[CLIENT] sent ACK 41216
[CLIENT] sent ACK 41244
[CLIENT] sent ACK 41273
[CLIENT] sent ACK 41302
[CLIENT] sent ACK 41328
[CLIENT] sent ACK 41358
[CLIENT] sent ACK 41386
[CLIENT] sent ACK 41414
[CLIENT] sent ACK 41442
[CLIENT] sent ACK 41469
[CLIENT] sent ACK 41496
[CLIENT] sent ACK 41524
[CLIENT] sent ACK 41552
[CLIENT] sent ACK 41581
[CLIENT] sent ACK 41607
[CLIENT] sent ACK 41636
[CLIENT] sent ACK 41665
[CLIENT] sent ACK 41694
[CLIENT] sent ACK 41723
[CLIENT] sent ACK 41750
[CLIENT] sent ACK 41779
[CLIENT] sent ACK 41810
[CLIENT] sent ACK 41838
[CLIENT] sent ACK 41866
[CLIENT] sent ACK 41893
[CLIENT] sent ACK 41921
[CLIENT] sent ACK 41949
[CLIENT] sent ACK 41977
[CLIENT] sent ACK 42006
[CLIENT] sent ACK 42034
[CLIENT] sent ACK 42060
[CLIENT] sent ACK 42091
[CLIENT] sent ACK 42119
[CLIENT] sent ACK 42147
[CLIENT] sent ACK 42175
[CLIENT] sent ACK 42201
[CLIENT] sent ACK 42230
[CLIENT] sent ACK 42258
[CLIENT] sent ACK 42285
[CLIENT] sent ACK 42314
[CLIENT] sent ACK 42340
[CLIENT] sent ACK 42368
[CLIENT] sent ACK 42396
[CLIENT] sent ACK 42424
[CLIENT] sent ACK 42453
[CLIENT] sent ACK 42478
[CLIENT] sent ACK 42507
[CLIENT] sent ACK 42535
[CLIENT] sent ACK 42564
[CLIENT] sent ACK 42592
[CLIENT] sent ACK 42618
[CLIENT] sent ACK 42648
[CLIENT] sent ACK 42676
[CLIENT] sent ACK 42704
[CLIENT] sent ACK 42732
[CLIENT] sent ACK 42757
[CLIENT] sent ACK 42787
[CLIENT] sent ACK 42814
[CLIENT] sent ACK 42841
[CLIENT] sent ACK 42869
[CLIENT] sent ACK 42894
[CLIENT] sent ACK 42922
[CLIENT] sent ACK 42949
[CLIENT] sent ACK 42976
[CLIENT] sent ACK 43004
[CLIENT] sent ACK 43029
[CLIENT] sent ACK 43056
[CLIENT] sent ACK 43083
[CLIENT] sent ACK 43110
[CLIENT] sent ACK 43137
[CLIENT] sent ACK 43163
[CLIENT] sent ACK 43190
[CLIENT] sent ACK 43218
[CLIENT] sent ACK 43245
[CLIENT] sent ACK 43274
[CLIENT] sent ACK 43300
[CLIENT] sent ACK 43326
[CLIENT] sent ACK 43354
[CLIENT] sent ACK 43381
[CLIENT] sent ACK 43408
[CLIENT] sent ACK 43435
[CLIENT] sent ACK 43461
[CLIENT] sent ACK 43487
[CLIENT] sent ACK 43514
[CLIENT] sent ACK 43541
[CLIENT] sent ACK 43568
[CLIENT] sent ACK 43595
[CLIENT] sent ACK 43622
[CLIENT] sent ACK 43647
[CLIENT] sent ACK 43675
[CLIENT] sent ACK 43702
[CLIENT] sent ACK 43729
[CLIENT] sent ACK 43757
[CLIENT] sent ACK 43784
[CLIENT] sent ACK 43809
[CLIENT] sent ACK 43837
[CLIENT] sent ACK 43865
[CLIENT] sent ACK 43892
[CLIENT] sent ACK 43919
[CLIENT] sent ACK 43946
[CLIENT] sent ACK 43972
[CLIENT] sent ACK 43999
[CLIENT] sent ACK 44026
[CLIENT] sent ACK 44053
[CLIENT] sent ACK 44080
[CLIENT] sent ACK 44106
[CLIENT] sent ACK 44133
[CLIENT] sent ACK 44160
[CLIENT] sent ACK 44187
[CLIENT] sent ACK 44214
[CLIENT] sent ACK 44241
[CLIENT] sent ACK 44268
[CLIENT] sent ACK 44296
[CLIENT] sent ACK 44325
[CLIENT] sent ACK 44353
[CLIENT] sent ACK 44380
[CLIENT] sent ACK 44407
[CLIENT] sent ACK 44435
[CLIENT] sent ACK 44462
[CLIENT] sent ACK 44489
[CLIENT] sent ACK 44514
[CLIENT] sent ACK 44542
[CLIENT] sent ACK 44570
[CLIENT] sent ACK 44597
[CLIENT] sent ACK 44624
[CLIENT] sent ACK 44651
[CLIENT] sent ACK 44677
[CLIENT] sent ACK 44703
[CLIENT] sent ACK 44731
[CLIENT] sent ACK 44758
[CLIENT] sent ACK 44785
[CLIENT] sent ACK 44813
[CLIENT] sent ACK 44838
[CLIENT] sent ACK 44865
[CLIENT] sent ACK 44893
[CLIENT] sent ACK 44921
[CLIENT] sent ACK 44948
[CLIENT] sent ACK 44974
[CLIENT] sent ACK 45000
[CLIENT] sent ACK 45027
[CLIENT] sent ACK 45055
[CLIENT] sent ACK 45083
[CLIENT] sent ACK 45109
[CLIENT] sent ACK 45136
[CLIENT] sent ACK 45164
[CLIENT] sent ACK 45191
[CLIENT] sent ACK 45218
[CLIENT] sent ACK 45244
[CLIENT] sent ACK 45271
[CLIENT] sent ACK 45298
[CLIENT] sent ACK 45325
[CLIENT] sent ACK 45352
[CLIENT] sent ACK 45378
[CLIENT] sent ACK 45405
[CLIENT] sent ACK 45432
[CLIENT] sent ACK 45459
[CLIENT] sent ACK 45486
[CLIENT] sent ACK 45512
[CLIENT] sent ACK 45539
[CLIENT] sent ACK 45567
[CLIENT] sent ACK 45595
[CLIENT] sent ACK 45622
[CLIENT] sent ACK 45649
[CLIENT] sent ACK 45677
[CLIENT] sent ACK 45706
[CLIENT] sent ACK 45734
[CLIENT] sent ACK 45762
[CLIENT] sent ACK 45789
[CLIENT] sent ACK 45816
[CLIENT] sent ACK 45844
[CLIENT] sent ACK 45872
[CLIENT] sent ACK 45899
[CLIENT] sent ACK 45928
[CLIENT] sent ACK 45956
[CLIENT] sent ACK 45984
[CLIENT] sent ACK 46013
[CLIENT] sent ACK 46041
[CLIENT] sent ACK 46069
[CLIENT] sent ACK 46098
[CLIENT] sent ACK 46125
[CLIENT] sent ACK 46151
[CLIENT] sent ACK 46178
[CLIENT] sent ACK 46206
[CLIENT] sent ACK 46234
[CLIENT] sent ACK 46262
[CLIENT] sent ACK 46290
[CLIENT] sent ACK 46317
[CLIENT] sent ACK 46347
[CLIENT] sent ACK 46379
[CLIENT] sent ACK 46404
[CLIENT] sent ACK 46433
[CLIENT] sent ACK 46461
[CLIENT] sent ACK 46489
[CLIENT] sent ACK 46518
[CLIENT] sent ACK 46545
[CLIENT] sent ACK 46573
[CLIENT] sent ACK 46600
[CLIENT] sent ACK 46628
[CLIENT] sent ACK 46657
[CLIENT] sent ACK 46679
[CLIENT] sent ACK 46707
[CLIENT] sent ACK 46747
[CLIENT] sent ACK 46773
[CLIENT] sent ACK 46805
[CLIENT] sent ACK 46859
[CLIENT] sent ACK 46913
[CLIENT] sent ACK 46941
[CLIENT] sent ACK 46969
[CLIENT] sent ACK 46999
[CLIENT] sent ACK 47028
[CLIENT] sent ACK 47053
[CLIENT] sent ACK 47080
[CLIENT] sent ACK 47109
[CLIENT] sent ACK 47136
[CLIENT] sent ACK 47162
[CLIENT] sent ACK 47189
[CLIENT] sent ACK 47216
[CLIENT] sent ACK 47243
[CLIENT] sent ACK 47271
[CLIENT] sent ACK 47298
[CLIENT] sent ACK 47324
[CLIENT] sent ACK 47352
[CLIENT] sent ACK 47380
[CLIENT] sent ACK 47407
[CLIENT] sent ACK 47435
[CLIENT] sent ACK 47460
[CLIENT] sent ACK 47488
[CLIENT] sent ACK 47516
[CLIENT] sent ACK 47543
[CLIENT] sent ACK 47572
[CLIENT] sent ACK 47598
[CLIENT] sent ACK 47626
[CLIENT] sent ACK 47654
[CLIENT] sent ACK 47683
[CLIENT] sent ACK 47711
[CLIENT] sent ACK 47738
[CLIENT] sent ACK 47766
[CLIENT] sent ACK 47793
[CLIENT] sent ACK 47821
[CLIENT] sent ACK 47850
[CLIENT] sent ACK 47878
[CLIENT] sent ACK 47905
[CLIENT] sent ACK 47934
[CLIENT] sent ACK 47962
[CLIENT] sent ACK 47992
[CLIENT] sent ACK 48020
[CLIENT] sent ACK 48048
[CLIENT] sent ACK 48075
[CLIENT] sent ACK 48103
[CLIENT] sent ACK 48131
[CLIENT] sent ACK 48159
[CLIENT] sent ACK 48187
[CLIENT] sent ACK 48213
[CLIENT] sent ACK 48241
[CLIENT] sent ACK 48270
[CLIENT] sent ACK 48298
[CLIENT] sent ACK 48327
[CLIENT] sent ACK 48354
[CLIENT] sent ACK 48382
[CLIENT] sent ACK 48410
[CLIENT] sent ACK 48439
[CLIENT] sent ACK 48467
[CLIENT] sent ACK 48494
[CLIENT] sent ACK 48523
[CLIENT] sent ACK 48553
[CLIENT] sent ACK 48581
[CLIENT] sent ACK 48609
[CLIENT] sent ACK 48635
[CLIENT] sent ACK 48664
[CLIENT] sent ACK 48692
[CLIENT] sent ACK 48721
[CLIENT] sent ACK 48749
[CLIENT] sent ACK 48777
[CLIENT] sent ACK 48808
[CLIENT] sent ACK 48837
[CLIENT] sent ACK 48865
[CLIENT] sent ACK 48893
[CLIENT] sent ACK 48920
[CLIENT] sent ACK 48948
[CLIENT] sent ACK 48976
[CLIENT] sent ACK 49003
[CLIENT] sent ACK 49031
[CLIENT] sent ACK 49057
[CLIENT] sent ACK 49085
[CLIENT] sent ACK 49113
[CLIENT] sent ACK 49142
[CLIENT] sent ACK 49170
[CLIENT] sent ACK 49196
[CLIENT] sent ACK 49223
[CLIENT] sent ACK 49250
[CLIENT] sent ACK 49277
[CLIENT] sent ACK 49304
[CLIENT] sent ACK 49329
[CLIENT] sent ACK 49357
[CLIENT] sent ACK 49384
[CLIENT] sent ACK 49411
[CLIENT] sent ACK 49438
[CLIENT] sent ACK 49463
[CLIENT] sent ACK 49492
[CLIENT] sent ACK 49519
[CLIENT] sent ACK 49546
[CLIENT] sent ACK 49573
[CLIENT] sent ACK 49599
[CLIENT] sent ACK 49627
[CLIENT] sent ACK 49654
[CLIENT] sent ACK 49681
[CLIENT] sent ACK 49708
[CLIENT] sent ACK 49735
[CLIENT] sent ACK 49761
[CLIENT] sent ACK 49789
[CLIENT] sent ACK 49816
[CLIENT] sent ACK 49842
[CLIENT] sent ACK 49869
[CLIENT] sent ACK 49896
[CLIENT] sent ACK 49921
[CLIENT] sent ACK 49948
[CLIENT] sent ACK 49975
[CLIENT] sent ACK 50003
[CLIENT] sent ACK 50031
[CLIENT] sent ACK 50058
[CLIENT] sent ACK 50084
[CLIENT] sent ACK 50111
[CLIENT] sent ACK 50137
[CLIENT] sent ACK 50164
[CLIENT] sent ACK 50191
[CLIENT] sent ACK 50217
[CLIENT] sent ACK 50245
[CLIENT] sent ACK 50272
[CLIENT] sent ACK 50299
[CLIENT] sent ACK 50326
[CLIENT] sent ACK 50351
[CLIENT] sent ACK 50379
[CLIENT] sent ACK 50407
[CLIENT] sent ACK 50433
[CLIENT] sent ACK 50460
[CLIENT] sent ACK 50486
[CLIENT] sent ACK 50513
[CLIENT] sent ACK 50540
[CLIENT] sent ACK 50567
[CLIENT] sent ACK 50595
[CLIENT] sent ACK 50622
[CLIENT] sent ACK 50647
[CLIENT] sent ACK 50674
[CLIENT] sent ACK 50701
[CLIENT] sent ACK 50729
[CLIENT] sent ACK 50757
[CLIENT] sent ACK 50784
[CLIENT] sent ACK 50809
[CLIENT] sent ACK 50836
[CLIENT] sent ACK 50863
[CLIENT] sent ACK 50890
[CLIENT] sent ACK 50917
[CLIENT] sent ACK 50945
[CLIENT] sent ACK 50970
[CLIENT] sent ACK 50997
[CLIENT] sent ACK 51024
[CLIENT] sent ACK 51051
[CLIENT] sent ACK 51078
[CLIENT] sent ACK 51105
[CLIENT] sent ACK 51130
[CLIENT] sent ACK 51157
[CLIENT] sent ACK 51185
[CLIENT] sent ACK 51212
[CLIENT] sent ACK 51239
[CLIENT] sent ACK 51265
[CLIENT] sent ACK 51291
[CLIENT] sent ACK 51319
[CLIENT] sent ACK 51346
[CLIENT] sent ACK 51373
[CLIENT] sent ACK 51400
[CLIENT] sent ACK 51427
[CLIENT] sent ACK 51452
[CLIENT] sent ACK 51480
[CLIENT] sent ACK 51507
[CLIENT] sent ACK 51534
[CLIENT] sent ACK 51561
[CLIENT] sent ACK 51588
[CLIENT] sent ACK 51617
[CLIENT] sent ACK 51645
[CLIENT] sent ACK 51672
[CLIENT] sent ACK 51699
[CLIENT] sent ACK 51725
[CLIENT] sent ACK 51751
[CLIENT] sent ACK 51778
[CLIENT] sent ACK 51805
[CLIENT] sent ACK 51832
[CLIENT] sent ACK 51859
[CLIENT] sent ACK 51885
[CLIENT] sent ACK 51911
[CLIENT] sent ACK 51938
[CLIENT] sent ACK 51964
[CLIENT] sent ACK 51992
[CLIENT] sent ACK 52019
[CLIENT] sent ACK 52046
[CLIENT] sent ACK 52072
[CLIENT] sent ACK 52100
[CLIENT] sent ACK 52127
[CLIENT] sent ACK 52155
[CLIENT] sent ACK 52182
[CLIENT] sent ACK 52208
[CLIENT] sent ACK 52235
[CLIENT] sent ACK 52263
[CLIENT] sent ACK 52290
[CLIENT] sent ACK 52317
[CLIENT] sent ACK 52343
[CLIENT] sent ACK 52371
[CLIENT] sent ACK 52397
[CLIENT] sent ACK 52425
[CLIENT] sent ACK 52451
[CLIENT] sent ACK 52478
[CLIENT] sent ACK 52505
[CLIENT] sent ACK 52532
[CLIENT] sent ACK 52559
[CLIENT] sent ACK 52585
[CLIENT] sent ACK 52613
[CLIENT] sent ACK 52640
[CLIENT] sent ACK 52667
[CLIENT] sent ACK 52694
[CLIENT] sent ACK 52720
[CLIENT] sent ACK 52746
[CLIENT] sent ACK 52773
[CLIENT] sent ACK 52798
[CLIENT] sent ACK 52830
[CLIENT] sent ACK 52858
[CLIENT] sent ACK 52884
[CLIENT] sent ACK 52911
[CLIENT] sent ACK 52938
[CLIENT] sent ACK 52965
[CLIENT] sent ACK 52992
[CLIENT] sent ACK 53019
[CLIENT] sent ACK 53045
[CLIENT] sent ACK 53072
[CLIENT] sent ACK 53099
[CLIENT] sent ACK 53126
[CLIENT] sent ACK 53153
[CLIENT] sent ACK 53181
[CLIENT] sent ACK 53206
[CLIENT] sent ACK 53233
[CLIENT] sent ACK 53260
[CLIENT] sent ACK 53287
[CLIENT] sent ACK 53314
[CLIENT] sent ACK 53342
[CLIENT] sent ACK 53370
[CLIENT] sent ACK 53396
[CLIENT] sent ACK 53423
[CLIENT] sent ACK 53450
[CLIENT] sent ACK 53476
[CLIENT] sent ACK 53503
[CLIENT] sent ACK 53531
[CLIENT] sent ACK 53557
[CLIENT] sent ACK 53585
[CLIENT] sent ACK 53612
[CLIENT] sent ACK 53638
[CLIENT] sent ACK 53665
[CLIENT] sent ACK 53692
[CLIENT] sent ACK 53719
[CLIENT] sent ACK 53746
[CLIENT] sent ACK 53772
[CLIENT] sent ACK 53799
[CLIENT] sent ACK 53826
[CLIENT] sent ACK 53853
[CLIENT] sent ACK 53880
[CLIENT] sent ACK 53908
[CLIENT] sent ACK 53934
[CLIENT] sent ACK 53961
[CLIENT] sent ACK 53988
[CLIENT] sent ACK 54015
[CLIENT] sent ACK 54042
[CLIENT] sent ACK 54069
[CLIENT] sent ACK 54093
[CLIENT] sent ACK 54120
[CLIENT] sent ACK 54147
[CLIENT] sent ACK 54174
[CLIENT] sent ACK 54201
[CLIENT] sent ACK 54227
[CLIENT] sent ACK 54254
[CLIENT] sent ACK 54281
[CLIENT] sent ACK 54308
[CLIENT] sent ACK 54335
[CLIENT] sent ACK 54363
[CLIENT] sent ACK 54390
[CLIENT] sent ACK 54416
[CLIENT] sent ACK 54443
[CLIENT] sent ACK 54471
[CLIENT] sent ACK 54498
[CLIENT] sent ACK 54525
[CLIENT] sent ACK 54552
[CLIENT] sent ACK 54578
[CLIENT] sent ACK 54606
[CLIENT] sent ACK 54634
[CLIENT] sent ACK 54661
[CLIENT] sent ACK 54690
[CLIENT] sent ACK 54715
[CLIENT] sent ACK 54742
[CLIENT] sent ACK 54771
[CLIENT] sent ACK 54798
[CLIENT] sent ACK 54825
[CLIENT] sent ACK 54852
[CLIENT] sent ACK 54877
[CLIENT] sent ACK 54904
[CLIENT] sent ACK 54932
[CLIENT] sent ACK 54959
[CLIENT] sent ACK 54986
[CLIENT] sent ACK 55013
[CLIENT] sent ACK 55041
[CLIENT] sent ACK 55068
[CLIENT] sent ACK 55095
[CLIENT] sent ACK 55122
[CLIENT] sent ACK 55149
[CLIENT] sent ACK 55174
[CLIENT] sent ACK 55205
[CLIENT] sent ACK 55232
[CLIENT] sent ACK 55260
[CLIENT] sent ACK 55288
[CLIENT] sent ACK 55314
[CLIENT] sent ACK 55340
[CLIENT] sent ACK 55367
[CLIENT] sent ACK 55395
[CLIENT] sent ACK 55423
[CLIENT] sent ACK 55449
[CLIENT] sent ACK 55476
[CLIENT] sent ACK 55504
[CLIENT] sent ACK 55531
[CLIENT] sent ACK 55558
[CLIENT] sent ACK 55583
[CLIENT] sent ACK 55610
[CLIENT] sent ACK 55638
[CLIENT] sent ACK 55665
[CLIENT] sent ACK 55692
[CLIENT] sent ACK 55718
[CLIENT] sent ACK 55746
[CLIENT] sent ACK 55775
[CLIENT] sent ACK 55804
[CLIENT] sent ACK 55833
[CLIENT] sent ACK 55860
[CLIENT] sent ACK 55888
[CLIENT] sent ACK 55915
[CLIENT] sent ACK 55942
[CLIENT] sent ACK 55970
[CLIENT] sent ACK 55997
[CLIENT] sent ACK 56023
[CLIENT] sent ACK 56050
[CLIENT] sent ACK 56078
[CLIENT] sent ACK 56106
[CLIENT] sent ACK 56133
[CLIENT] sent ACK 56159
[CLIENT] sent ACK 56186
[CLIENT] sent ACK 56214
[CLIENT] sent ACK 56242
[CLIENT] sent ACK 56269
[CLIENT] sent ACK 56294
[CLIENT] sent ACK 56321
[CLIENT] sent ACK 56348
[CLIENT] sent ACK 56376
[CLIENT] sent ACK 56404
[CLIENT] sent ACK 56429
[CLIENT] sent ACK 56456
[CLIENT] sent ACK 56483
[CLIENT] sent ACK 56511
[CLIENT] sent ACK 56538
[CLIENT] sent ACK 56565
[CLIENT] sent ACK 56593
[CLIENT] sent ACK 56620
[CLIENT] sent ACK 56647
[CLIENT] sent ACK 56674
[CLIENT] sent ACK 56701
[CLIENT] sent ACK 56728
[CLIENT] sent ACK 56754
[CLIENT] sent ACK 56780
[CLIENT] sent ACK 56806
[CLIENT] sent ACK 56834
[CLIENT] sent ACK 56861
[CLIENT] sent ACK 56889
[CLIENT] sent ACK 56916
[CLIENT] sent ACK 56941
[CLIENT] sent ACK 56969
[CLIENT] sent ACK 56995
[CLIENT] sent ACK 57023
[CLIENT] sent ACK 57050
[CLIENT] sent ACK 57076
[CLIENT] sent ACK 57103
[CLIENT] sent ACK 57131
[CLIENT] sent ACK 57159
[CLIENT] sent ACK 57186
[CLIENT] sent ACK 57213
[CLIENT] sent ACK 57240
[CLIENT] sent ACK 57266
[CLIENT] sent ACK 57293
[CLIENT] sent ACK 57321
[CLIENT] sent ACK 57348
[CLIENT] sent ACK 57375
[CLIENT] sent ACK 57403
[CLIENT] sent ACK 57430
[CLIENT] sent ACK 57456
[CLIENT] sent ACK 57484
[CLIENT] sent ACK 57511
[CLIENT] sent ACK 57538
[CLIENT] sent ACK 57565
[CLIENT] sent ACK 57591
[CLIENT] sent ACK 57619
[CLIENT] sent ACK 57646
[CLIENT] sent ACK 57673
[CLIENT] sent ACK 57700
[CLIENT] sent ACK 57726
[CLIENT] sent ACK 57752
[CLIENT] sent ACK 57780
[CLIENT] sent ACK 57807
[CLIENT] sent ACK 57834
[CLIENT] sent ACK 57860
[CLIENT] sent ACK 57887
[CLIENT] sent ACK 57914
[CLIENT] sent ACK 57941
[CLIENT] sent ACK 57968
[CLIENT] sent ACK 57995
[CLIENT] sent ACK 58020
[CLIENT] sent ACK 58048
[CLIENT] sent ACK 58076
[CLIENT] sent ACK 58103
[CLIENT] sent ACK 58130
[CLIENT] sent ACK 58157
[CLIENT] sent ACK 58183
[CLIENT] sent ACK 58211
[CLIENT] sent ACK 58238
[CLIENT] sent ACK 58264
[CLIENT] sent ACK 58292
[CLIENT] sent ACK 58319
[CLIENT] sent ACK 58344
[CLIENT] sent ACK 58371
[CLIENT] sent ACK 58399
[CLIENT] sent ACK 58426
[CLIENT] sent ACK 58453
[CLIENT] sent ACK 58480
[CLIENT] sent ACK 58505
[CLIENT] sent ACK 58532
[CLIENT] sent ACK 58559
[CLIENT] sent ACK 58586
[CLIENT] sent ACK 58613
[CLIENT] sent ACK 58640
[CLIENT] sent ACK 58668
[CLIENT] sent ACK 58695
[CLIENT] sent ACK 58722
[CLIENT] sent ACK 58749
[CLIENT] sent ACK 58774
[CLIENT] sent ACK 58802
[CLIENT] sent ACK 58829
[CLIENT] sent ACK 58856
[CLIENT] sent ACK 58883
[CLIENT] sent ACK 58909
[CLIENT] sent ACK 58936
[CLIENT] sent ACK 58965
[CLIENT] sent ACK 58992
[CLIENT] sent ACK 59017
[CLIENT] sent ACK 59044
[CLIENT] sent ACK 59071
[CLIENT] sent ACK 59098
[CLIENT] sent ACK 59125
[CLIENT] sent ACK 59152
[CLIENT] sent ACK 59179
[CLIENT] sent ACK 59207
[CLIENT] sent ACK 59234
[CLIENT] sent ACK 59261
[CLIENT] sent ACK 59286
[CLIENT] sent ACK 59314
[CLIENT] sent ACK 59341
[CLIENT] sent ACK 59368
[CLIENT] sent ACK 59395
[CLIENT] sent ACK 59411
[CLIENT] sent ACK 59432
[CLIENT] sent ACK 59459
[CLIENT] sent ACK 59487
[CLIENT] sent ACK 59514
[CLIENT] sent ACK 59542
[CLIENT] sent ACK 59567
[CLIENT] sent ACK 59594
[CLIENT] sent ACK 59621
[CLIENT] sent ACK 59649
[CLIENT] sent ACK 59676
[CLIENT] sent ACK 59703
[CLIENT] sent ACK 59730
[CLIENT] sent ACK 59759
[CLIENT] sent ACK 59787
[CLIENT] sent ACK 59820
[CLIENT] sent ACK 59840
[CLIENT] sent ACK 59882
[CLIENT] sent ACK 59909
[CLIENT] sent ACK 59936
[CLIENT] sent ACK 59965
[CLIENT] sent ACK 59990
[CLIENT] sent ACK 60018
[CLIENT] sent ACK 60045
[CLIENT] sent ACK 60072
[CLIENT] sent ACK 60099
[CLIENT] sent ACK 60125
[CLIENT] sent ACK 60153
[CLIENT] sent ACK 60180
[CLIENT] sent ACK 60208
[CLIENT] sent ACK 60236
[CLIENT] sent ACK 60262
[CLIENT] sent ACK 60289
[CLIENT] sent ACK 60316
[CLIENT] sent ACK 60345
[CLIENT] sent ACK 60374
[CLIENT] sent ACK 60401
[CLIENT] sent ACK 60429
[CLIENT] sent ACK 60458
[CLIENT] sent ACK 60487
[CLIENT] sent ACK 60515
[CLIENT] sent ACK 60541
[CLIENT] sent ACK 60570
[CLIENT] sent ACK 60598
[CLIENT] sent ACK 60626
[CLIENT] sent ACK 60654
[CLIENT] sent ACK 60682
[CLIENT] sent ACK 60708
[CLIENT] sent ACK 60737
[CLIENT] sent ACK 60765
[CLIENT] sent ACK 60793
[CLIENT] sent ACK 60822
[CLIENT] sent ACK 60848
[CLIENT] sent ACK 60877
[CLIENT] sent ACK 60906
[CLIENT] sent ACK 60934
[CLIENT] sent ACK 60962
[CLIENT] sent ACK 60989
[CLIENT] sent ACK 61018
[CLIENT] sent ACK 61047
[CLIENT] sent ACK 61075
[CLIENT] sent ACK 61103
[CLIENT] sent ACK 61129
[CLIENT] sent ACK 61158
[CLIENT] sent ACK 61186
[CLIENT] sent ACK 61215
[CLIENT] sent ACK 61243
[CLIENT] sent ACK 61268
[CLIENT] sent ACK 61296
[CLIENT] sent ACK 61323
[CLIENT] sent ACK 61351
[CLIENT] sent ACK 61378
[CLIENT] sent ACK 61403
[CLIENT] sent ACK 61430
[CLIENT] sent ACK 61457
[CLIENT] sent ACK 61486
[CLIENT] sent ACK 61513
[CLIENT] sent ACK 61538
[CLIENT] sent ACK 61567
[CLIENT] sent ACK 61596
[CLIENT] sent ACK 61623
[CLIENT] sent ACK 61652
[CLIENT] sent ACK 61678
[CLIENT] sent ACK 61706
[CLIENT] sent ACK 61734
[CLIENT] sent ACK 61762
[CLIENT] sent ACK 61790
[CLIENT] sent ACK 61817
[CLIENT] sent ACK 61846
[CLIENT] sent ACK 61874
[CLIENT] sent ACK 61903
[CLIENT] sent ACK 61932
[CLIENT] sent ACK 61960
[CLIENT] sent ACK 61986
[CLIENT] sent ACK 62013
[CLIENT] sent ACK 62040
[CLIENT] sent ACK 62069
[CLIENT] sent ACK 62097
[CLIENT] sent ACK 62123
[CLIENT] sent ACK 62150
[CLIENT] sent ACK 62175
[CLIENT] sent ACK 62205
[CLIENT] sent ACK 62246
[CLIENT] sent ACK 62281
[CLIENT] sent ACK 62326
[CLIENT] sent ACK 62354
[CLIENT] sent ACK 62382
[CLIENT] sent ACK 62409
[CLIENT] sent ACK 62438
[CLIENT] sent ACK 62466
[CLIENT] sent ACK 62494
[CLIENT] sent ACK 62523
[CLIENT] sent ACK 62550
[CLIENT] sent ACK 62579
[CLIENT] sent ACK 62607
[CLIENT] sent ACK 62635
[CLIENT] sent ACK 62662
[CLIENT] sent ACK 62688
[CLIENT] sent ACK 62717
[CLIENT] sent ACK 62745
[CLIENT] sent ACK 62774
[CLIENT] sent ACK 62802
[CLIENT] sent ACK 62830
[CLIENT] sent ACK 62856
[CLIENT] sent ACK 62884
[CLIENT] sent ACK 62911
[CLIENT] sent ACK 62938
[CLIENT] sent ACK 62966
[CLIENT] sent ACK 62991
[CLIENT] sent ACK 63019
[CLIENT] sent ACK 63046
[CLIENT] sent ACK 63073
[CLIENT] sent ACK 63100
[CLIENT] sent ACK 63126
[CLIENT] sent ACK 63154
[CLIENT] sent ACK 63180
[CLIENT] sent ACK 63208
[CLIENT] sent ACK 63235
[CLIENT] sent ACK 63260
[CLIENT] sent ACK 63290
[CLIENT] sent ACK 63318
[CLIENT] sent ACK 63346
[CLIENT] sent ACK 63374
[CLIENT] sent ACK 63400
[CLIENT] sent ACK 63428
[CLIENT] sent ACK 63456
[CLIENT] sent ACK 63485
[CLIENT] sent ACK 63514
[CLIENT] sent ACK 63541
[CLIENT] sent ACK 63570
[CLIENT] sent ACK 63597
[CLIENT] sent ACK 63624
[CLIENT] sent ACK 63651
[CLIENT] sent ACK 63678
[CLIENT] sent ACK 63704
[CLIENT] sent ACK 63732
[CLIENT] sent ACK 63759
[CLIENT] sent ACK 63786
[CLIENT] sent ACK 63814
[CLIENT] sent ACK 63839
[CLIENT] sent ACK 63867
[CLIENT] sent ACK 63894
[CLIENT] sent ACK 63921
[CLIENT] sent ACK 63948
[CLIENT] sent ACK 63974
[CLIENT] sent ACK 64001
[CLIENT] sent ACK 64028
[CLIENT] sent ACK 64055
[CLIENT] sent ACK 64082
[CLIENT] sent ACK 64109
[CLIENT] sent ACK 64135
[CLIENT] sent ACK 64163
[CLIENT] sent ACK 64190
[CLIENT] sent ACK 64216
[CLIENT] sent ACK 64243
[CLIENT] sent ACK 64269
[CLIENT] sent ACK 64298
[CLIENT] sent ACK 64325
[CLIENT] sent ACK 64352
[CLIENT] sent ACK 64379
[CLIENT] sent ACK 64405
[CLIENT] sent ACK 64433
[CLIENT] sent ACK 64460
[CLIENT] sent ACK 64486
[CLIENT] sent ACK 64513
[CLIENT] sent ACK 64540
[CLIENT] sent ACK 64565
[CLIENT] sent ACK 64593
[CLIENT] sent ACK 64620
[CLIENT] sent ACK 64647
[CLIENT] sent ACK 64674
[CLIENT] sent ACK 64701
[CLIENT] sent ACK 64726
[CLIENT] sent ACK 64753
[CLIENT] sent ACK 64780
[CLIENT] sent ACK 64807
[CLIENT] sent ACK 64834
[CLIENT] sent ACK 64862
[CLIENT] sent ACK 64890
[CLIENT] sent ACK 64918
[CLIENT] sent ACK 64947
[CLIENT] sent ACK 64975
[CLIENT] sent ACK 65002
[CLIENT] sent ACK 65028
[CLIENT] sent ACK 65056
[CLIENT] sent ACK 65083
[CLIENT] sent ACK 65111
[CLIENT] sent ACK 65136
[CLIENT] sent ACK 65163
[CLIENT] sent ACK 65191
[CLIENT] sent ACK 65219
[CLIENT] sent ACK 65246
[CLIENT] sent ACK 65273
[CLIENT] sent ACK 65299
[CLIENT] sent ACK 65326
[CLIENT] sent ACK 65353
[CLIENT] sent ACK 65381
[CLIENT] sent ACK 65408
[CLIENT] sent ACK 65435
[CLIENT] sent ACK 65460
[CLIENT] sent ACK 65487
[CLIENT] sent ACK 65515
[CLIENT] sent ACK 65542
[CLIENT] sent ACK 65569
[CLIENT] sent ACK 65596
[CLIENT] sent ACK 65623
[CLIENT] sent ACK 65648
[CLIENT] sent ACK 65675
[CLIENT] sent ACK 65702
[CLIENT] sent ACK 65729
[CLIENT] sent ACK 65757
[CLIENT] sent ACK 65784
[CLIENT] sent ACK 65809
[CLIENT] sent ACK 65837
[CLIENT] sent ACK 65864
[CLIENT] sent ACK 65890
[CLIENT] sent ACK 65918
[CLIENT] sent ACK 65945
[CLIENT] sent ACK 65970
[CLIENT] sent ACK 65997
[CLIENT] sent ACK 66025
[CLIENT] sent ACK 66053
[CLIENT] sent ACK 66080
[CLIENT] sent ACK 66106
[CLIENT] sent ACK 66132
[CLIENT] sent ACK 66159
[CLIENT] sent ACK 66186
[CLIENT] sent ACK 66213
[CLIENT] sent ACK 66240
[CLIENT] sent ACK 66267
[CLIENT] sent ACK 66293
[CLIENT] sent ACK 66320
[CLIENT] sent ACK 66347
[CLIENT] sent ACK 66375
[CLIENT] sent ACK 66402
[CLIENT] sent ACK 66428
[CLIENT] sent ACK 66454
[CLIENT] sent ACK 66482
[CLIENT] sent ACK 66510
[CLIENT] sent ACK 66537
[CLIENT] sent ACK 66564
[CLIENT] sent ACK 66589
[CLIENT] sent ACK 66616
[CLIENT] sent ACK 66643
[CLIENT] sent ACK 66670
[CLIENT] sent ACK 66698
[CLIENT] sent ACK 66725
[CLIENT] sent ACK 66750
[CLIENT] sent ACK 66777
[CLIENT] sent ACK 66804
[CLIENT] sent ACK 66831
[CLIENT] sent ACK 66858
[CLIENT] sent ACK 66884
[CLIENT] sent ACK 66910
[CLIENT] sent ACK 66938
[CLIENT] sent ACK 66965
[CLIENT] sent ACK 66992
[CLIENT] sent ACK 67020
[CLIENT] sent ACK 67047
[CLIENT] sent ACK 67072
[CLIENT] sent ACK 67099
[CLIENT] sent ACK 67126
[CLIENT] sent ACK 67153
[CLIENT] sent ACK 67180
[CLIENT] sent ACK 67207
[CLIENT] sent ACK 67232
[CLIENT] sent ACK 67256
[CLIENT] sent ACK 67270
[CLIENT] sent ACK 67297
[CLIENT] sent ACK 67324
[CLIENT] sent ACK 67348
[CLIENT] sent ACK 67381
[CLIENT] sent ACK 67408
[CLIENT] sent ACK 67435
[CLIENT] sent ACK 67462
[CLIENT] sent ACK 67488
[CLIENT] sent ACK 67515
[CLIENT] sent ACK 67543
[CLIENT] sent ACK 67570
[CLIENT] sent ACK 67597
[CLIENT] sent ACK 67625
[CLIENT] sent ACK 67650
[CLIENT] sent ACK 67677
[CLIENT] sent ACK 67705
[CLIENT] sent ACK 67733
[CLIENT] sent ACK 67760
[CLIENT] sent ACK 67784
[CLIENT] sent ACK 67813
[CLIENT] sent ACK 67840
[CLIENT] sent ACK 67869
[CLIENT] sent ACK 67897
[CLIENT] sent ACK 67923
[CLIENT] sent ACK 67951
[CLIENT] sent ACK 67980
[CLIENT] sent ACK 68008
[CLIENT] sent ACK 68036
[CLIENT] sent ACK 68063
[CLIENT] sent ACK 68090
[CLIENT] sent ACK 68118
[CLIENT] sent ACK 68146
[CLIENT] sent ACK 68175
[CLIENT] sent ACK 68203
[CLIENT] sent ACK 68232
[CLIENT] sent ACK 68259
[CLIENT] sent ACK 68286
[CLIENT] sent ACK 68314
[CLIENT] sent ACK 68342
[CLIENT] sent ACK 68370
[CLIENT] sent ACK 68395
[CLIENT] sent ACK 68423
[CLIENT] sent ACK 68451
[CLIENT] sent ACK 68479
[CLIENT] sent ACK 68507
[CLIENT] sent ACK 68533
[CLIENT] sent ACK 68562
[CLIENT] sent ACK 68590
[CLIENT] sent ACK 68618
[CLIENT] sent ACK 68646
[CLIENT] sent ACK 68672
[CLIENT] sent ACK 68700
[CLIENT] sent ACK 68728
[CLIENT] sent ACK 68756
[CLIENT] sent ACK 68784
[CLIENT] sent ACK 68809
[CLIENT] sent ACK 68837
[CLIENT] sent ACK 68864
[CLIENT] sent ACK 68891
[CLIENT] sent ACK 68918
[CLIENT] sent ACK 68944
[CLIENT] sent ACK 68972
[CLIENT] sent ACK 68999
[CLIENT] sent ACK 69026
[CLIENT] sent ACK 69053
[CLIENT] sent ACK 69078
[CLIENT] sent ACK 69105
[CLIENT] sent ACK 69132
[CLIENT] sent ACK 69159
[CLIENT] sent ACK 69186
[CLIENT] sent ACK 69212
[CLIENT] sent ACK 69239
[CLIENT] sent ACK 69266
[CLIENT] sent ACK 69293
[CLIENT] sent ACK 69321
[CLIENT] sent ACK 69348
[CLIENT] sent ACK 69373
[CLIENT] sent ACK 69401
[CLIENT] sent ACK 69430
[CLIENT] sent ACK 69456
[CLIENT] sent ACK 69484
[CLIENT] sent ACK 69511
[CLIENT] sent ACK 69538
[CLIENT] sent ACK 69565
[CLIENT] sent ACK 69591
[CLIENT] sent ACK 69618
[CLIENT] sent ACK 69645
[CLIENT] sent ACK 69672
[CLIENT] sent ACK 69700
[CLIENT] sent ACK 69727
[CLIENT] sent ACK 69752
[CLIENT] sent ACK 69781
[CLIENT] sent ACK 69809
[CLIENT] sent ACK 69836
[CLIENT] sent ACK 69864
[CLIENT] sent ACK 69890
[CLIENT] sent ACK 69918
[CLIENT] sent ACK 69946
[CLIENT] sent ACK 69974
[CLIENT] sent ACK 70002
[CLIENT] sent ACK 70029
[CLIENT] sent ACK 70057
[CLIENT] sent ACK 70085
[CLIENT] sent ACK 70113
[CLIENT] sent ACK 70143
[CLIENT] sent ACK 70171
[CLIENT] sent ACK 70197
[CLIENT] sent ACK 70226
[CLIENT] sent ACK 70255
[CLIENT] sent ACK 70283
[CLIENT] sent ACK 70311
[CLIENT] sent ACK 70338
[CLIENT] sent ACK 70366
[CLIENT] sent ACK 70394
[CLIENT] sent ACK 70422
[CLIENT] sent ACK 70452
[CLIENT] sent ACK 70479
[CLIENT] sent ACK 70508
[CLIENT] sent ACK 70537
[CLIENT] sent ACK 70565
[CLIENT] sent ACK 70593
[CLIENT] sent ACK 70619
[CLIENT] sent ACK 70648
[CLIENT] sent ACK 70677
[CLIENT] sent ACK 70705
[CLIENT] sent ACK 70733
[CLIENT] sent ACK 70758
[CLIENT] sent ACK 70785
[CLIENT] sent ACK 70813
[CLIENT] sent ACK 70842
[CLIENT] sent ACK 70870
[CLIENT] sent ACK 70896
[CLIENT] sent ACK 70924
[CLIENT] sent ACK 70953
[CLIENT] sent ACK 70981
[CLIENT] sent ACK 71010
[CLIENT] sent ACK 71036
[CLIENT] sent ACK 71064
[CLIENT] sent ACK 71094
[CLIENT] sent ACK 71122
[CLIENT] sent ACK 71150
[CLIENT] sent ACK 71176
[CLIENT] sent ACK 71204
[CLIENT] sent ACK 71232
[CLIENT] sent ACK 71259
[CLIENT] sent ACK 71289
[CLIENT] sent ACK 71316
[CLIENT] sent ACK 71344
[CLIENT] sent ACK 71373
[CLIENT] sent ACK 71402
[CLIENT] sent ACK 71430
[CLIENT] sent ACK 71456
[CLIENT] sent ACK 71486
[CLIENT] sent ACK 71514
[CLIENT] sent ACK 71542
[CLIENT] sent ACK 71570
[CLIENT] sent ACK 71596
[CLIENT] sent ACK 71623
[CLIENT] sent ACK 71650
[CLIENT] sent ACK 71677
[CLIENT] sent ACK 71704
[CLIENT] sent ACK 71730
[CLIENT] sent ACK 71757
[CLIENT] sent ACK 71784
[CLIENT] sent ACK 71811
[CLIENT] sent ACK 71839
[CLIENT] sent ACK 71864
[CLIENT] sent ACK 71892
[CLIENT] sent ACK 71919
[CLIENT] sent ACK 71946
[CLIENT] sent ACK 71974
[CLIENT] sent ACK 71999
[CLIENT] sent ACK 72026
[CLIENT] sent ACK 72053
[CLIENT] sent ACK 72081
[CLIENT] sent ACK 72108
[CLIENT] sent ACK 72135
[CLIENT] sent ACK 72163
[CLIENT] sent ACK 72193
[CLIENT] sent ACK 72222
[CLIENT] sent ACK 72251
[CLIENT] sent ACK 72280
[CLIENT] sent ACK 72306
[CLIENT] sent ACK 72335
[CLIENT] sent ACK 72363
[CLIENT] sent ACK 72391
[CLIENT] sent ACK 72420
[CLIENT] sent ACK 72448
[CLIENT] sent ACK 72474
[CLIENT] sent ACK 72501
[CLIENT] sent ACK 72528
[CLIENT] sent ACK 72555
[CLIENT] sent ACK 72582
[CLIENT] sent ACK 72608
[CLIENT] sent ACK 72635
[CLIENT] sent ACK 72662
[CLIENT] sent ACK 72689
[CLIENT] sent ACK 72716
[CLIENT] sent ACK 72743
[CLIENT] sent ACK 72770
[CLIENT] sent ACK 72797
[CLIENT] sent ACK 72824
[CLIENT] sent ACK 72851
[CLIENT] sent ACK 72877
[CLIENT] sent ACK 72904
[CLIENT] sent ACK 72931
[CLIENT] sent ACK 72959
[CLIENT] sent ACK 72986
[CLIENT] sent ACK 73013
[CLIENT] sent ACK 73039
[CLIENT] sent ACK 73067
[CLIENT] sent ACK 73094
[CLIENT] sent ACK 73120
[CLIENT] sent ACK 73148
[CLIENT] sent ACK 73174
[CLIENT] sent ACK 73202
[CLIENT] sent ACK 73229
[CLIENT] sent ACK 73256
[CLIENT] sent ACK 73284
[CLIENT] sent ACK 73311
[CLIENT] sent ACK 73338
[CLIENT] sent ACK 73365
[CLIENT] sent ACK 73391
[CLIENT] sent ACK 73418
[CLIENT] sent ACK 73446
[CLIENT] sent ACK 73473
[CLIENT] sent ACK 73501
[CLIENT] sent ACK 73528
[CLIENT] sent ACK 73554
[CLIENT] sent ACK 73580
[CLIENT] sent ACK 73607
[CLIENT] sent ACK 73634
[CLIENT] sent ACK 73660
[CLIENT] sent ACK 73687
[CLIENT] sent ACK 73714
[CLIENT] sent ACK 73740
[CLIENT] sent ACK 73767
[CLIENT] sent ACK 73794
[CLIENT] sent ACK 73821
[CLIENT] sent ACK 73848
[CLIENT] sent ACK 73876
[CLIENT] sent ACK 73902
[CLIENT] sent ACK 73929
[CLIENT] sent ACK 73956
[CLIENT] sent ACK 73983
[CLIENT] sent ACK 74011
[CLIENT] sent ACK 74038
[CLIENT] sent ACK 74064
[CLIENT] sent ACK 74093
[CLIENT] sent ACK 74121
[CLIENT] sent ACK 74149
[CLIENT] sent ACK 74176
[CLIENT] sent ACK 74204
[CLIENT] sent ACK 74234
[CLIENT] sent ACK 74262
[CLIENT] sent ACK 74291
[CLIENT] sent ACK 74319
[CLIENT] sent ACK 74346
[CLIENT] sent ACK 74376
[CLIENT] sent ACK 74404
[CLIENT] sent ACK 74433
[CLIENT] sent ACK 74462
[CLIENT] sent ACK 74489
[CLIENT] sent ACK 74517
[CLIENT] sent ACK 74546
[CLIENT] sent ACK 74576
[CLIENT] sent ACK 74604
[CLIENT] sent ACK 74631
[CLIENT] sent ACK 74658
[CLIENT] sent ACK 74687
[CLIENT] sent ACK 74715
[CLIENT] sent ACK 74743
[CLIENT] sent ACK 74772
[CLIENT] sent ACK 74799
[CLIENT] sent ACK 74827
[CLIENT] sent ACK 74855
[CLIENT] sent ACK 74883
[CLIENT] sent ACK 74899
[CLIENT] sent ACK 74900

==================================================
CLIENT REPORT
==================================================
Security enabled (PSK + AEAD):            No
Handshake status:                         Fail
Size of the transferred file:             104857600 bytes
Number of packets received from server:   75410
Number of duplicate packets:              511
Replay drops:                             511
Number of out-of-order packets:           0
Number of packets with checksum errors:   0
Time duration of the file transfer:       00:00:28
Received file MD5:                        2f282b84e7e608d5852449ed940bfc51
AEAD authentication failures:             0
SHA-256 match:                            No
==================================================

[CLIENT] Report saved to client_report.txt
[CLIENT] file saved as received_test_100mb_file
real 31.80
user 0.05
sys 0.10

Script done on 2026-04-22 15:16:53+00:00 [COMMAND_EXIT_CODE="0"]
