Script started on 2026-04-22 15:54:23+00:00 [COMMAND="cd ~/secure-reliable-file-fransfer && { /usr/bin/time -p sudo PYTHONPATH=. python3 -u main.py --mode client --config config_phase1.json --file ./gdrive-folder/test_100mb_file; } 2>&1" TERM="xterm-256color" TTY="/dev/pts/0" COLUMNS="222" LINES="30"]
[CLIENT] running on 172.31.64.201:50000
[CLIENT] talking to server 172.31.77.14:50000
[CLIENT] requested file: ./gdrive-folder/test_100mb_file
[CLIENT] sent ACK 2
[CLIENT] sent ACK 19
[CLIENT] sent ACK 19
[CLIENT] sent ACK 19
[CLIENT] sent ACK 19
[CLIENT] sent ACK 19
[CLIENT] sent ACK 19
[CLIENT] sent ACK 19
[CLIENT] sent ACK 19
[CLIENT] sent ACK 19
[CLIENT] sent ACK 19
[CLIENT] sent ACK 19
[CLIENT] sent ACK 19
[CLIENT] sent ACK 19
[CLIENT] sent ACK 19
[CLIENT] sent ACK 19
[CLIENT] sent ACK 19
[CLIENT] sent ACK 19
[CLIENT] sent ACK 19
[CLIENT] sent ACK 82
[CLIENT] sent ACK 82
[CLIENT] sent ACK 82
[CLIENT] sent ACK 133
[CLIENT] sent ACK 133
[CLIENT] sent ACK 213
[CLIENT] sent ACK 213
[CLIENT] sent ACK 283
[CLIENT] sent ACK 283
[CLIENT] sent ACK 283
[CLIENT] sent ACK 371
[CLIENT] sent ACK 371
[CLIENT] sent ACK 371
[CLIENT] sent ACK 371
[CLIENT] sent ACK 575
[CLIENT] sent ACK 575
[CLIENT] sent ACK 575
[CLIENT] sent ACK 575
[CLIENT] sent ACK 575
[CLIENT] sent ACK 575
[CLIENT] sent ACK 575
[CLIENT] sent ACK 575
[CLIENT] sent ACK 745
[CLIENT] sent ACK 745
[CLIENT] sent ACK 745
[CLIENT] sent ACK 745
[CLIENT] sent ACK 745
[CLIENT] sent ACK 745
[CLIENT] sent ACK 745
[CLIENT] sent ACK 816
[CLIENT] sent ACK 816
[CLIENT] sent ACK 816
[CLIENT] sent ACK 973
[CLIENT] sent ACK 973
[CLIENT] sent ACK 973
[CLIENT] sent ACK 973
[CLIENT] sent ACK 973
[CLIENT] sent ACK 973
[CLIENT] sent ACK 1095
[CLIENT] sent ACK 1095
[CLIENT] sent ACK 1095
[CLIENT] sent ACK 1095
[CLIENT] sent ACK 1095
[CLIENT] sent ACK 1251
[CLIENT] sent ACK 1251
[CLIENT] sent ACK 1251
[CLIENT] sent ACK 1251
[CLIENT] sent ACK 1251
[CLIENT] sent ACK 1251
[CLIENT] sent ACK 1318
[CLIENT] sent ACK 1318
[CLIENT] sent ACK 1318
[CLIENT] sent ACK 1349
[CLIENT] sent ACK 1349
[CLIENT] sent ACK 1444
[CLIENT] sent ACK 1444
[CLIENT] sent ACK 1444
[CLIENT] sent ACK 1444
[CLIENT] sent ACK 1534
[CLIENT] sent ACK 1534
[CLIENT] sent ACK 1534
[CLIENT] sent ACK 1534
[CLIENT] sent ACK 1607
[CLIENT] sent ACK 1607
[CLIENT] sent ACK 1607
[CLIENT] sent ACK 1673
[CLIENT] sent ACK 1673
[CLIENT] sent ACK 1673
[CLIENT] sent ACK 1776
[CLIENT] sent ACK 1776
[CLIENT] sent ACK 1776
[CLIENT] sent ACK 1776
[CLIENT] sent ACK 1891
[CLIENT] sent ACK 1891
[CLIENT] sent ACK 1891
[CLIENT] sent ACK 1891
[CLIENT] sent ACK 1891
[CLIENT] sent ACK 1998
[CLIENT] sent ACK 1998
[CLIENT] sent ACK 1998
[CLIENT] sent ACK 1998
[CLIENT] sent ACK 2099
[CLIENT] sent ACK 2099
[CLIENT] sent ACK 2099
[CLIENT] sent ACK 2099
[CLIENT] sent ACK 2148
[CLIENT] sent ACK 2148
[CLIENT] sent ACK 2229
[CLIENT] sent ACK 2229
[CLIENT] sent ACK 2229
[CLIENT] sent ACK 2450
[CLIENT] sent ACK 2450
[CLIENT] sent ACK 2450
[CLIENT] sent ACK 2450
[CLIENT] sent ACK 2450
[CLIENT] sent ACK 2450
[CLIENT] sent ACK 2450
[CLIENT] sent ACK 2450
[CLIENT] sent ACK 2550
[CLIENT] sent ACK 2550
[CLIENT] sent ACK 2550
[CLIENT] sent ACK 2550
[CLIENT] sent ACK 2550
[CLIENT] sent ACK 2683
[CLIENT] sent ACK 2683
[CLIENT] sent ACK 2683
[CLIENT] sent ACK 2683
[CLIENT] sent ACK 2683
[CLIENT] sent ACK 2810
[CLIENT] sent ACK 2810
[CLIENT] sent ACK 2810
[CLIENT] sent ACK 2810
[CLIENT] sent ACK 2810
[CLIENT] sent ACK 2902
[CLIENT] sent ACK 2902
[CLIENT] sent ACK 2902
[CLIENT] sent ACK 2902
[CLIENT] sent ACK 2974
[CLIENT] sent ACK 2974
[CLIENT] sent ACK 2974
[CLIENT] sent ACK 3051
[CLIENT] sent ACK 3051
[CLIENT] sent ACK 3051
[CLIENT] sent ACK 3190
[CLIENT] sent ACK 3190
[CLIENT] sent ACK 3190
[CLIENT] sent ACK 3190
[CLIENT] sent ACK 3190
[CLIENT] sent ACK 3217
[CLIENT] sent ACK 3283
[CLIENT] sent ACK 3283
[CLIENT] sent ACK 3283
[CLIENT] sent ACK 3377
[CLIENT] sent ACK 3377
[CLIENT] sent ACK 3377
[CLIENT] sent ACK 3377
[CLIENT] sent ACK 3442
[CLIENT] sent ACK 3442
[CLIENT] sent ACK 3442
[CLIENT] sent ACK 3514
[CLIENT] sent ACK 3514
[CLIENT] sent ACK 3514
[CLIENT] sent ACK 3613
[CLIENT] sent ACK 3613
[CLIENT] sent ACK 3613
[CLIENT] sent ACK 3613
[CLIENT] sent ACK 3719
[CLIENT] sent ACK 3719
[CLIENT] sent ACK 3719
[CLIENT] sent ACK 3719
[CLIENT] sent ACK 3938
[CLIENT] sent ACK 3938
[CLIENT] sent ACK 3938
[CLIENT] sent ACK 3938
[CLIENT] sent ACK 3938
[CLIENT] sent ACK 3938
[CLIENT] sent ACK 3938
[CLIENT] sent ACK 3938
[CLIENT] sent ACK 4041
[CLIENT] sent ACK 4041
[CLIENT] sent ACK 4041
[CLIENT] sent ACK 4041
[CLIENT] sent ACK 4217
[CLIENT] sent ACK 4217
[CLIENT] sent ACK 4217
[CLIENT] sent ACK 4217
[CLIENT] sent ACK 4217
[CLIENT] sent ACK 4217
[CLIENT] sent ACK 4217
[CLIENT] sent ACK 4336
[CLIENT] sent ACK 4336
[CLIENT] sent ACK 4336
[CLIENT] sent ACK 4336
[CLIENT] sent ACK 4336
[CLIENT] sent ACK 4408
[CLIENT] sent ACK 4408
[CLIENT] sent ACK 4408
[CLIENT] sent ACK 4510
[CLIENT] sent ACK 4510
[CLIENT] sent ACK 4510
[CLIENT] sent ACK 4510
[CLIENT] sent ACK 4592
[CLIENT] sent ACK 4592
[CLIENT] sent ACK 4592
[CLIENT] sent ACK 4667
[CLIENT] sent ACK 4667
[CLIENT] sent ACK 4667
[CLIENT] sent ACK 4739
[CLIENT] sent ACK 4739
[CLIENT] sent ACK 4739
[CLIENT] sent ACK 4852
[CLIENT] sent ACK 4852
[CLIENT] sent ACK 4852
[CLIENT] sent ACK 4852
[CLIENT] sent ACK 4862
[CLIENT] sent ACK 4990
[CLIENT] sent ACK 4990
[CLIENT] sent ACK 4990
[CLIENT] sent ACK 4990
[CLIENT] sent ACK 4990
[CLIENT] sent ACK 5036
[CLIENT] sent ACK 5036
[CLIENT] sent ACK 5102
[CLIENT] sent ACK 5102
[CLIENT] sent ACK 5102
[CLIENT] sent ACK 5171
[CLIENT] sent ACK 5171
[CLIENT] sent ACK 5171
[CLIENT] sent ACK 5239
[CLIENT] sent ACK 5239
[CLIENT] sent ACK 5239
[CLIENT] sent ACK 5315
[CLIENT] sent ACK 5315
[CLIENT] sent ACK 5315
[CLIENT] sent ACK 5391
[CLIENT] sent ACK 5391
[CLIENT] sent ACK 5391
[CLIENT] sent ACK 5460
[CLIENT] sent ACK 5460
[CLIENT] sent ACK 5460
[CLIENT] sent ACK 5535
[CLIENT] sent ACK 5535
[CLIENT] sent ACK 5535
[CLIENT] sent ACK 5602
[CLIENT] sent ACK 5602
[CLIENT] sent ACK 5602
[CLIENT] sent ACK 5731
[CLIENT] sent ACK 5731
[CLIENT] sent ACK 5731
[CLIENT] sent ACK 5731
[CLIENT] sent ACK 5731
[CLIENT] sent ACK 5933
[CLIENT] sent ACK 5933
[CLIENT] sent ACK 5933
[CLIENT] sent ACK 5933
[CLIENT] sent ACK 5933
[CLIENT] sent ACK 5933
[CLIENT] sent ACK 5933
[CLIENT] sent ACK 5933
[CLIENT] sent ACK 6015
[CLIENT] sent ACK 6015
[CLIENT] sent ACK 6015
[CLIENT] sent ACK 6082
[CLIENT] sent ACK 6082
[CLIENT] sent ACK 6082
[CLIENT] sent ACK 6185
[CLIENT] sent ACK 6185
[CLIENT] sent ACK 6185
[CLIENT] sent ACK 6185
[CLIENT] sent ACK 6290
[CLIENT] sent ACK 6290
[CLIENT] sent ACK 6290
[CLIENT] sent ACK 6290
[CLIENT] sent ACK 6374
[CLIENT] sent ACK 6374
[CLIENT] sent ACK 6374
[CLIENT] sent ACK 6378
[CLIENT] sent ACK 6378
[CLIENT] sent ACK 6564
[CLIENT] sent ACK 6564
[CLIENT] sent ACK 6564
[CLIENT] sent ACK 6564
[CLIENT] sent ACK 6564
[CLIENT] sent ACK 6564
[CLIENT] sent ACK 6564
[CLIENT] sent ACK 6640
[CLIENT] sent ACK 6640
[CLIENT] sent ACK 6640
[CLIENT] sent ACK 6851
[CLIENT] sent ACK 6851
[CLIENT] sent ACK 6851
[CLIENT] sent ACK 6851
[CLIENT] sent ACK 6851
[CLIENT] sent ACK 6851
[CLIENT] sent ACK 6851
[CLIENT] sent ACK 6851
[CLIENT] sent ACK 6890
[CLIENT] sent ACK 6890
[CLIENT] sent ACK 6985
[CLIENT] sent ACK 6985
[CLIENT] sent ACK 6985
[CLIENT] sent ACK 6985
[CLIENT] sent ACK 7120
[CLIENT] sent ACK 7120
[CLIENT] sent ACK 7120
[CLIENT] sent ACK 7120
[CLIENT] sent ACK 7120
[CLIENT] sent ACK 7120
[CLIENT] sent ACK 7250
[CLIENT] sent ACK 7250
[CLIENT] sent ACK 7250
[CLIENT] sent ACK 7250
[CLIENT] sent ACK 7250
[CLIENT] sent ACK 7325
[CLIENT] sent ACK 7325
[CLIENT] sent ACK 7325
[CLIENT] sent ACK 7457
[CLIENT] sent ACK 7457
[CLIENT] sent ACK 7457
[CLIENT] sent ACK 7457
[CLIENT] sent ACK 7457
[CLIENT] sent ACK 7536
[CLIENT] sent ACK 7536
[CLIENT] sent ACK 7536
[CLIENT] sent ACK 7536
[CLIENT] sent ACK 7603
[CLIENT] sent ACK 7603
[CLIENT] sent ACK 7603
[CLIENT] sent ACK 7685
[CLIENT] sent ACK 7685
[CLIENT] sent ACK 7685
[CLIENT] sent ACK 7785
[CLIENT] sent ACK 7785
[CLIENT] sent ACK 7785
[CLIENT] sent ACK 7785
[CLIENT] sent ACK 7853
[CLIENT] sent ACK 7853
[CLIENT] sent ACK 7853
[CLIENT] sent ACK 7964
[CLIENT] sent ACK 7964
[CLIENT] sent ACK 7964
[CLIENT] sent ACK 7964
[CLIENT] sent ACK 7984
[CLIENT] sent ACK 8109
[CLIENT] sent ACK 8109
[CLIENT] sent ACK 8109
[CLIENT] sent ACK 8109
[CLIENT] sent ACK 8109
[CLIENT] sent ACK 8253
[CLIENT] sent ACK 8253
[CLIENT] sent ACK 8253
[CLIENT] sent ACK 8253
[CLIENT] sent ACK 8253
[CLIENT] sent ACK 8253
[CLIENT] sent ACK 8352
[CLIENT] sent ACK 8352
[CLIENT] sent ACK 8352
[CLIENT] sent ACK 8352
[CLIENT] sent ACK 8510
[CLIENT] sent ACK 8510
[CLIENT] sent ACK 8510
[CLIENT] sent ACK 8510
[CLIENT] sent ACK 8510
[CLIENT] sent ACK 8510
[CLIENT] sent ACK 8628
[CLIENT] sent ACK 8628
[CLIENT] sent ACK 8628
[CLIENT] sent ACK 8628
[CLIENT] sent ACK 8628
[CLIENT] sent ACK 8715
[CLIENT] sent ACK 8715
[CLIENT] sent ACK 8715
[CLIENT] sent ACK 8715
[CLIENT] sent ACK 8826
[CLIENT] sent ACK 8826
[CLIENT] sent ACK 8826
[CLIENT] sent ACK 8826
[CLIENT] sent ACK 8920
[CLIENT] sent ACK 8920
[CLIENT] sent ACK 8920
[CLIENT] sent ACK 8920
[CLIENT] sent ACK 8996
[CLIENT] sent ACK 8996
[CLIENT] sent ACK 8996
[CLIENT] sent ACK 9094
[CLIENT] sent ACK 9094
[CLIENT] sent ACK 9094
[CLIENT] sent ACK 9094
[CLIENT] sent ACK 9177
[CLIENT] sent ACK 9177
[CLIENT] sent ACK 9177
[CLIENT] sent ACK 9311
[CLIENT] sent ACK 9311
[CLIENT] sent ACK 9311
[CLIENT] sent ACK 9311
[CLIENT] sent ACK 9311
[CLIENT] sent ACK 9401
[CLIENT] sent ACK 9401
[CLIENT] sent ACK 9401
[CLIENT] sent ACK 9401
[CLIENT] sent ACK 9518
[CLIENT] sent ACK 9518
[CLIENT] sent ACK 9518
[CLIENT] sent ACK 9518
[CLIENT] sent ACK 9518
[CLIENT] sent ACK 9623
[CLIENT] sent ACK 9623
[CLIENT] sent ACK 9623
[CLIENT] sent ACK 9623
[CLIENT] sent ACK 9772
[CLIENT] sent ACK 9772
[CLIENT] sent ACK 9772
[CLIENT] sent ACK 9772
[CLIENT] sent ACK 9772
[CLIENT] sent ACK 9772
[CLIENT] sent ACK 9844
[CLIENT] sent ACK 9844
[CLIENT] sent ACK 9844
[CLIENT] sent ACK 10023
[CLIENT] sent ACK 10023
[CLIENT] sent ACK 10023
[CLIENT] sent ACK 10023
[CLIENT] sent ACK 10023
[CLIENT] sent ACK 10023
[CLIENT] sent ACK 10023
[CLIENT] sent ACK 10091
[CLIENT] sent ACK 10091
[CLIENT] sent ACK 10091
[CLIENT] sent ACK 10183
[CLIENT] sent ACK 10183
[CLIENT] sent ACK 10183
[CLIENT] sent ACK 10183
[CLIENT] sent ACK 10307
[CLIENT] sent ACK 10307
[CLIENT] sent ACK 10307
[CLIENT] sent ACK 10307
[CLIENT] sent ACK 10307
[CLIENT] sent ACK 10449
[CLIENT] sent ACK 10449
[CLIENT] sent ACK 10449
[CLIENT] sent ACK 10449
[CLIENT] sent ACK 10449
[CLIENT] sent ACK 10516
[CLIENT] sent ACK 10516
[CLIENT] sent ACK 10516
[CLIENT] sent ACK 10587
[CLIENT] sent ACK 10587
[CLIENT] sent ACK 10587
[CLIENT] sent ACK 10683
[CLIENT] sent ACK 10683
[CLIENT] sent ACK 10683
[CLIENT] sent ACK 10683
[CLIENT] sent ACK 10744
[CLIENT] sent ACK 10744
[CLIENT] sent ACK 10744
[CLIENT] sent ACK 10815
[CLIENT] sent ACK 10815
[CLIENT] sent ACK 10819
[CLIENT] sent ACK 10927
[CLIENT] sent ACK 10927
[CLIENT] sent ACK 10927
[CLIENT] sent ACK 10927
[CLIENT] sent ACK 10940
[CLIENT] sent ACK 10940
[CLIENT] sent ACK 11083
[CLIENT] sent ACK 11083
[CLIENT] sent ACK 11083
[CLIENT] sent ACK 11083
[CLIENT] sent ACK 11083
[CLIENT] sent ACK 11083
[CLIENT] sent ACK 11191
[CLIENT] sent ACK 11191
[CLIENT] sent ACK 11191
[CLIENT] sent ACK 11191
[CLIENT] sent ACK 11264
[CLIENT] sent ACK 11264
[CLIENT] sent ACK 11264
[CLIENT] sent ACK 11352
[CLIENT] sent ACK 11352
[CLIENT] sent ACK 11352
[CLIENT] sent ACK 11352
[CLIENT] sent ACK 11373
[CLIENT] sent ACK 11454
[CLIENT] sent ACK 11454
[CLIENT] sent ACK 11454
[CLIENT] sent ACK 11555
[CLIENT] sent ACK 11555
[CLIENT] sent ACK 11555
[CLIENT] sent ACK 11555
[CLIENT] sent ACK 11662
[CLIENT] sent ACK 11662
[CLIENT] sent ACK 11662
[CLIENT] sent ACK 11662
[CLIENT] sent ACK 11736
[CLIENT] sent ACK 11736
[CLIENT] sent ACK 11736
[CLIENT] sent ACK 11816
[CLIENT] sent ACK 11816
[CLIENT] sent ACK 11816
[CLIENT] sent ACK 11897
[CLIENT] sent ACK 11897
[CLIENT] sent ACK 11897
[CLIENT] sent ACK 12011
[CLIENT] sent ACK 12011
[CLIENT] sent ACK 12011
[CLIENT] sent ACK 12011
[CLIENT] sent ACK 12116
[CLIENT] sent ACK 12116
[CLIENT] sent ACK 12116
[CLIENT] sent ACK 12116
[CLIENT] sent ACK 12204
[CLIENT] sent ACK 12204
[CLIENT] sent ACK 12204
[CLIENT] sent ACK 12204
[CLIENT] sent ACK 12285
[CLIENT] sent ACK 12285
[CLIENT] sent ACK 12285
[CLIENT] sent ACK 12359
[CLIENT] sent ACK 12359
[CLIENT] sent ACK 12359
[CLIENT] sent ACK 12441
[CLIENT] sent ACK 12441
[CLIENT] sent ACK 12441
[CLIENT] sent ACK 12512
[CLIENT] sent ACK 12512
[CLIENT] sent ACK 12512
[CLIENT] sent ACK 12600
[CLIENT] sent ACK 12600
[CLIENT] sent ACK 12600
[CLIENT] sent ACK 12600
[CLIENT] sent ACK 12726
[CLIENT] sent ACK 12726
[CLIENT] sent ACK 12726
[CLIENT] sent ACK 12726
[CLIENT] sent ACK 12726
[CLIENT] sent ACK 12793
[CLIENT] sent ACK 12793
[CLIENT] sent ACK 12793
[CLIENT] sent ACK 12865
[CLIENT] sent ACK 12865
[CLIENT] sent ACK 12865
[CLIENT] sent ACK 13012
[CLIENT] sent ACK 13012
[CLIENT] sent ACK 13012
[CLIENT] sent ACK 13012
[CLIENT] sent ACK 13012
[CLIENT] sent ACK 13012
[CLIENT] sent ACK 13080
[CLIENT] sent ACK 13080
[CLIENT] sent ACK 13080
[CLIENT] sent ACK 13204
[CLIENT] sent ACK 13204
[CLIENT] sent ACK 13204
[CLIENT] sent ACK 13204
[CLIENT] sent ACK 13204
[CLIENT] sent ACK 13336
[CLIENT] sent ACK 13336
[CLIENT] sent ACK 13336
[CLIENT] sent ACK 13336
[CLIENT] sent ACK 13336
[CLIENT] sent ACK 13428
[CLIENT] sent ACK 13428
[CLIENT] sent ACK 13428
[CLIENT] sent ACK 13428
[CLIENT] sent ACK 13428
[CLIENT] sent ACK 13499
[CLIENT] sent ACK 13499
[CLIENT] sent ACK 13499
[CLIENT] sent ACK 13584
[CLIENT] sent ACK 13584
[CLIENT] sent ACK 13584
[CLIENT] sent ACK 13584
[CLIENT] sent ACK 13584
[CLIENT] sent ACK 13714
[CLIENT] sent ACK 13714
[CLIENT] sent ACK 13714
[CLIENT] sent ACK 13714
[CLIENT] sent ACK 13714
[CLIENT] sent ACK 13779
[CLIENT] sent ACK 13779
[CLIENT] sent ACK 13779
[CLIENT] sent ACK 13908
[CLIENT] sent ACK 13908
[CLIENT] sent ACK 13908
[CLIENT] sent ACK 13908
[CLIENT] sent ACK 13908
[CLIENT] sent ACK 13977
[CLIENT] sent ACK 13977
[CLIENT] sent ACK 13977
[CLIENT] sent ACK 14046
[CLIENT] sent ACK 14046
[CLIENT] sent ACK 14046
[CLIENT] sent ACK 14111
[CLIENT] sent ACK 14111
[CLIENT] sent ACK 14111
[CLIENT] sent ACK 14190
[CLIENT] sent ACK 14190
[CLIENT] sent ACK 14190
[CLIENT] sent ACK 14224
[CLIENT] sent ACK 14302
[CLIENT] sent ACK 14302
[CLIENT] sent ACK 14302
[CLIENT] sent ACK 14302
[CLIENT] sent ACK 14335
[CLIENT] sent ACK 14335
[CLIENT] sent ACK 14454
[CLIENT] sent ACK 14454
[CLIENT] sent ACK 14454
[CLIENT] sent ACK 14454
[CLIENT] sent ACK 14454
[CLIENT] sent ACK 14530
[CLIENT] sent ACK 14530
[CLIENT] sent ACK 14530
[CLIENT] sent ACK 14622
[CLIENT] sent ACK 14622
[CLIENT] sent ACK 14622
[CLIENT] sent ACK 14622
[CLIENT] sent ACK 14708
[CLIENT] sent ACK 14708
[CLIENT] sent ACK 14708
[CLIENT] sent ACK 14708
[CLIENT] sent ACK 14788
[CLIENT] sent ACK 14788
[CLIENT] sent ACK 14788
[CLIENT] sent ACK 14942
[CLIENT] sent ACK 14942
[CLIENT] sent ACK 14942
[CLIENT] sent ACK 14942
[CLIENT] sent ACK 14942
[CLIENT] sent ACK 14942
[CLIENT] sent ACK 15020
[CLIENT] sent ACK 15020
[CLIENT] sent ACK 15020
[CLIENT] sent ACK 15097
[CLIENT] sent ACK 15097
[CLIENT] sent ACK 15097
[CLIENT] sent ACK 15194
[CLIENT] sent ACK 15194
[CLIENT] sent ACK 15194
[CLIENT] sent ACK 15194
[CLIENT] sent ACK 15264
[CLIENT] sent ACK 15264
[CLIENT] sent ACK 15264
[CLIENT] sent ACK 15348
[CLIENT] sent ACK 15348
[CLIENT] sent ACK 15348
[CLIENT] sent ACK 15348
[CLIENT] sent ACK 15401
[CLIENT] sent ACK 15401
[CLIENT] sent ACK 15401
[CLIENT] sent ACK 15517
[CLIENT] sent ACK 15517
[CLIENT] sent ACK 15517
[CLIENT] sent ACK 15517
[CLIENT] sent ACK 15517
[CLIENT] sent ACK 15645
[CLIENT] sent ACK 15645
[CLIENT] sent ACK 15645
[CLIENT] sent ACK 15645
[CLIENT] sent ACK 15645
[CLIENT] sent ACK 15785
[CLIENT] sent ACK 15785
[CLIENT] sent ACK 15785
[CLIENT] sent ACK 15785
[CLIENT] sent ACK 15785
[CLIENT] sent ACK 15785
[CLIENT] sent ACK 15860
[CLIENT] sent ACK 15860
[CLIENT] sent ACK 15860
[CLIENT] sent ACK 16007
[CLIENT] sent ACK 16007
[CLIENT] sent ACK 16007
[CLIENT] sent ACK 16007
[CLIENT] sent ACK 16007
[CLIENT] sent ACK 16007
[CLIENT] sent ACK 16088
[CLIENT] sent ACK 16088
[CLIENT] sent ACK 16088
[CLIENT] sent ACK 16142
[CLIENT] sent ACK 16226
[CLIENT] sent ACK 16226
[CLIENT] sent ACK 16226
[CLIENT] sent ACK 16226
[CLIENT] sent ACK 16242
[CLIENT] sent ACK 16364
[CLIENT] sent ACK 16364
[CLIENT] sent ACK 16364
[CLIENT] sent ACK 16364
[CLIENT] sent ACK 16364
[CLIENT] sent ACK 16594
[CLIENT] sent ACK 16594
[CLIENT] sent ACK 16594
[CLIENT] sent ACK 16594
[CLIENT] sent ACK 16594
[CLIENT] sent ACK 16594
[CLIENT] sent ACK 16594
[CLIENT] sent ACK 16594
[CLIENT] sent ACK 16594
[CLIENT] sent ACK 16678
[CLIENT] sent ACK 16678
[CLIENT] sent ACK 16678
[CLIENT] sent ACK 16678
[CLIENT] sent ACK 16855
[CLIENT] sent ACK 16855
[CLIENT] sent ACK 16855
[CLIENT] sent ACK 16855
[CLIENT] sent ACK 16855
[CLIENT] sent ACK 16855
[CLIENT] sent ACK 16855
[CLIENT] sent ACK 16968
[CLIENT] sent ACK 16968
[CLIENT] sent ACK 16968
[CLIENT] sent ACK 16968
[CLIENT] sent ACK 16968
[CLIENT] sent ACK 17105
[CLIENT] sent ACK 17105
[CLIENT] sent ACK 17105
[CLIENT] sent ACK 17105
[CLIENT] sent ACK 17105
[CLIENT] sent ACK 17163
[CLIENT] sent ACK 17201
[CLIENT] sent ACK 17201
[CLIENT] sent ACK 17202
[CLIENT] sent ACK 17300
[CLIENT] sent ACK 17300
[CLIENT] sent ACK 17300
[CLIENT] sent ACK 17300
[CLIENT] sent ACK 17389
[CLIENT] sent ACK 17389
[CLIENT] sent ACK 17389
[CLIENT] sent ACK 17389
[CLIENT] sent ACK 17516
[CLIENT] sent ACK 17516
[CLIENT] sent ACK 17516
[CLIENT] sent ACK 17516
[CLIENT] sent ACK 17516
[CLIENT] sent ACK 17600
[CLIENT] sent ACK 17600
[CLIENT] sent ACK 17600
[CLIENT] sent ACK 17600
[CLIENT] sent ACK 17702
[CLIENT] sent ACK 17702
[CLIENT] sent ACK 17702
[CLIENT] sent ACK 17702
[CLIENT] sent ACK 17775
[CLIENT] sent ACK 17775
[CLIENT] sent ACK 17775
[CLIENT] sent ACK 17839
[CLIENT] sent ACK 17839
[CLIENT] sent ACK 17839
[CLIENT] sent ACK 17933
[CLIENT] sent ACK 17933
[CLIENT] sent ACK 17933
[CLIENT] sent ACK 17933
[CLIENT] sent ACK 18007
[CLIENT] sent ACK 18007
[CLIENT] sent ACK 18007
[CLIENT] sent ACK 18079
[CLIENT] sent ACK 18079
[CLIENT] sent ACK 18079
[CLIENT] sent ACK 18177
[CLIENT] sent ACK 18177
[CLIENT] sent ACK 18177
[CLIENT] sent ACK 18177
[CLIENT] sent ACK 18249
[CLIENT] sent ACK 18249
[CLIENT] sent ACK 18249
[CLIENT] sent ACK 18322
[CLIENT] sent ACK 18322
[CLIENT] sent ACK 18322
[CLIENT] sent ACK 18543
[CLIENT] sent ACK 18543
[CLIENT] sent ACK 18543
[CLIENT] sent ACK 18543
[CLIENT] sent ACK 18543
[CLIENT] sent ACK 18543
[CLIENT] sent ACK 18543
[CLIENT] sent ACK 18543
[CLIENT] sent ACK 18560
[CLIENT] sent ACK 18560
[CLIENT] sent ACK 18625
[CLIENT] sent ACK 18625
[CLIENT] sent ACK 18625
[CLIENT] sent ACK 18730
[CLIENT] sent ACK 18730
[CLIENT] sent ACK 18730
[CLIENT] sent ACK 18730
[CLIENT] sent ACK 18869
[CLIENT] sent ACK 18869
[CLIENT] sent ACK 18869
[CLIENT] sent ACK 18869
[CLIENT] sent ACK 18869
[CLIENT] sent ACK 18945
[CLIENT] sent ACK 18945
[CLIENT] sent ACK 18945
[CLIENT] sent ACK 19019
[CLIENT] sent ACK 19019
[CLIENT] sent ACK 19019
[CLIENT] sent ACK 19116
[CLIENT] sent ACK 19116
[CLIENT] sent ACK 19116
[CLIENT] sent ACK 19116
[CLIENT] sent ACK 19423
[CLIENT] sent ACK 19423
[CLIENT] sent ACK 19423
[CLIENT] sent ACK 19423
[CLIENT] sent ACK 19423
[CLIENT] sent ACK 19423
[CLIENT] sent ACK 19423
[CLIENT] sent ACK 19423
[CLIENT] sent ACK 19423
[CLIENT] sent ACK 19423
[CLIENT] sent ACK 19423
[CLIENT] sent ACK 19504
[CLIENT] sent ACK 19504
[CLIENT] sent ACK 19572
[CLIENT] sent ACK 19572
[CLIENT] sent ACK 19572
[CLIENT] sent ACK 19646
[CLIENT] sent ACK 19646
[CLIENT] sent ACK 19646
[CLIENT] sent ACK 19727
[CLIENT] sent ACK 19727
[CLIENT] sent ACK 19727
[CLIENT] sent ACK 19831
[CLIENT] sent ACK 19831
[CLIENT] sent ACK 19831
[CLIENT] sent ACK 19831
[CLIENT] sent ACK 19912
[CLIENT] sent ACK 19912
[CLIENT] sent ACK 19912
[CLIENT] sent ACK 19958
[CLIENT] sent ACK 19999
[CLIENT] sent ACK 20047
[CLIENT] sent ACK 20047
[CLIENT] sent ACK 20083
[CLIENT] sent ACK 20091
[CLIENT] sent ACK 20186
[CLIENT] sent ACK 20186
[CLIENT] sent ACK 20186
[CLIENT] sent ACK 20186
[CLIENT] sent ACK 20186
[CLIENT] sent ACK 20267
[CLIENT] sent ACK 20267
[CLIENT] sent ACK 20267
[CLIENT] sent ACK 20288
[CLIENT] sent ACK 20378
[CLIENT] sent ACK 20378
[CLIENT] sent ACK 20378
[CLIENT] sent ACK 20378
[CLIENT] sent ACK 20442
[CLIENT] sent ACK 20442
[CLIENT] sent ACK 20442
[CLIENT] sent ACK 20592
[CLIENT] sent ACK 20592
[CLIENT] sent ACK 20592
[CLIENT] sent ACK 20592
[CLIENT] sent ACK 20592
[CLIENT] sent ACK 20592
[CLIENT] sent ACK 20656
[CLIENT] sent ACK 20656
[CLIENT] sent ACK 20656
[CLIENT] sent ACK 20804
[CLIENT] sent ACK 20804
[CLIENT] sent ACK 20804
[CLIENT] sent ACK 20804
[CLIENT] sent ACK 20804
[CLIENT] sent ACK 20804
[CLIENT] sent ACK 20884
[CLIENT] sent ACK 20884
[CLIENT] sent ACK 20884
[CLIENT] sent ACK 20967
[CLIENT] sent ACK 20967
[CLIENT] sent ACK 20967
[CLIENT] sent ACK 20967
[CLIENT] sent ACK 21070
[CLIENT] sent ACK 21070
[CLIENT] sent ACK 21070
[CLIENT] sent ACK 21070
[CLIENT] sent ACK 21070
[CLIENT] sent ACK 21168
[CLIENT] sent ACK 21168
[CLIENT] sent ACK 21168
[CLIENT] sent ACK 21168
[CLIENT] sent ACK 21360
[CLIENT] sent ACK 21360
[CLIENT] sent ACK 21360
[CLIENT] sent ACK 21360
[CLIENT] sent ACK 21360
[CLIENT] sent ACK 21360
[CLIENT] sent ACK 21360
[CLIENT] sent ACK 21435
[CLIENT] sent ACK 21435
[CLIENT] sent ACK 21435
[CLIENT] sent ACK 21541
[CLIENT] sent ACK 21541
[CLIENT] sent ACK 21541
[CLIENT] sent ACK 21541
[CLIENT] sent ACK 21635
[CLIENT] sent ACK 21635
[CLIENT] sent ACK 21635
[CLIENT] sent ACK 21635
[CLIENT] sent ACK 21766
[CLIENT] sent ACK 21766
[CLIENT] sent ACK 21766
[CLIENT] sent ACK 21766
[CLIENT] sent ACK 21766
[CLIENT] sent ACK 21861
[CLIENT] sent ACK 21861
[CLIENT] sent ACK 21861
[CLIENT] sent ACK 21861
[CLIENT] sent ACK 21934
[CLIENT] sent ACK 21934
[CLIENT] sent ACK 21934
[CLIENT] sent ACK 22068
[CLIENT] sent ACK 22068
[CLIENT] sent ACK 22068
[CLIENT] sent ACK 22068
[CLIENT] sent ACK 22068
[CLIENT] sent ACK 22110
[CLIENT] sent ACK 22110
[CLIENT] sent ACK 22209
[CLIENT] sent ACK 22209
[CLIENT] sent ACK 22209
[CLIENT] sent ACK 22209
[CLIENT] sent ACK 22285
[CLIENT] sent ACK 22285
[CLIENT] sent ACK 22285
[CLIENT] sent ACK 22377
[CLIENT] sent ACK 22377
[CLIENT] sent ACK 22377
[CLIENT] sent ACK 22377
[CLIENT] sent ACK 22414
[CLIENT] sent ACK 22414
[CLIENT] sent ACK 22484
[CLIENT] sent ACK 22484
[CLIENT] sent ACK 22484
[CLIENT] sent ACK 22594
[CLIENT] sent ACK 22594
[CLIENT] sent ACK 22594
[CLIENT] sent ACK 22594
[CLIENT] sent ACK 22649
[CLIENT] sent ACK 22661
[CLIENT] sent ACK 22661
[CLIENT] sent ACK 22661
[CLIENT] sent ACK 22747
[CLIENT] sent ACK 22747
[CLIENT] sent ACK 22819
[CLIENT] sent ACK 22819
[CLIENT] sent ACK 22819
[CLIENT] sent ACK 22908
[CLIENT] sent ACK 22908
[CLIENT] sent ACK 22908
[CLIENT] sent ACK 22908
[CLIENT] sent ACK 22983
[CLIENT] sent ACK 22983
[CLIENT] sent ACK 22983
[CLIENT] sent ACK 23066
[CLIENT] sent ACK 23066
[CLIENT] sent ACK 23066
[CLIENT] sent ACK 23066
[CLIENT] sent ACK 23107
[CLIENT] sent ACK 23163
[CLIENT] sent ACK 23194
[CLIENT] sent ACK 23194
[CLIENT] sent ACK 23242
[CLIENT] sent ACK 23284
[CLIENT] sent ACK 23284
[CLIENT] sent ACK 23355
[CLIENT] sent ACK 23355
[CLIENT] sent ACK 23355
[CLIENT] sent ACK 23355
[CLIENT] sent ACK 23427
[CLIENT] sent ACK 23427
[CLIENT] sent ACK 23427
[CLIENT] sent ACK 23493
[CLIENT] sent ACK 23493
[CLIENT] sent ACK 23493
[CLIENT] sent ACK 23573
[CLIENT] sent ACK 23573
[CLIENT] sent ACK 23573
[CLIENT] sent ACK 23638
[CLIENT] sent ACK 23638
[CLIENT] sent ACK 23638
[CLIENT] sent ACK 23743
[CLIENT] sent ACK 23743
[CLIENT] sent ACK 23743
[CLIENT] sent ACK 23743
[CLIENT] sent ACK 23843
[CLIENT] sent ACK 23843
[CLIENT] sent ACK 23843
[CLIENT] sent ACK 23843
[CLIENT] sent ACK 23922
[CLIENT] sent ACK 23922
[CLIENT] sent ACK 23922
[CLIENT] sent ACK 23986
[CLIENT] sent ACK 23986
[CLIENT] sent ACK 23986
[CLIENT] sent ACK 24057
[CLIENT] sent ACK 24057
[CLIENT] sent ACK 24057
[CLIENT] sent ACK 24154
[CLIENT] sent ACK 24154
[CLIENT] sent ACK 24154
[CLIENT] sent ACK 24154
[CLIENT] sent ACK 24244
[CLIENT] sent ACK 24244
[CLIENT] sent ACK 24244
[CLIENT] sent ACK 24244
[CLIENT] sent ACK 24324
[CLIENT] sent ACK 24324
[CLIENT] sent ACK 24324
[CLIENT] sent ACK 24415
[CLIENT] sent ACK 24415
[CLIENT] sent ACK 24415
[CLIENT] sent ACK 24415
[CLIENT] sent ACK 24496
[CLIENT] sent ACK 24496
[CLIENT] sent ACK 24496
[CLIENT] sent ACK 24598
[CLIENT] sent ACK 24598
[CLIENT] sent ACK 24598
[CLIENT] sent ACK 24598
[CLIENT] sent ACK 24663
[CLIENT] sent ACK 24663
[CLIENT] sent ACK 24663
[CLIENT] sent ACK 24799
[CLIENT] sent ACK 24799
[CLIENT] sent ACK 24799
[CLIENT] sent ACK 24799
[CLIENT] sent ACK 24799
[CLIENT] sent ACK 24833
[CLIENT] sent ACK 24869
[CLIENT] sent ACK 24935
[CLIENT] sent ACK 24935
[CLIENT] sent ACK 24935
[CLIENT] sent ACK 24935
[CLIENT] sent ACK 25004
[CLIENT] sent ACK 25004
[CLIENT] sent ACK 25004
[CLIENT] sent ACK 25098
[CLIENT] sent ACK 25098
[CLIENT] sent ACK 25098
[CLIENT] sent ACK 25098
[CLIENT] sent ACK 25180
[CLIENT] sent ACK 25180
[CLIENT] sent ACK 25180
[CLIENT] sent ACK 25223
[CLIENT] sent ACK 25297
[CLIENT] sent ACK 25297
[CLIENT] sent ACK 25297
[CLIENT] sent ACK 25297
[CLIENT] sent ACK 25379
[CLIENT] sent ACK 25379
[CLIENT] sent ACK 25379
[CLIENT] sent ACK 25417
[CLIENT] sent ACK 25452
[CLIENT] sent ACK 25569
[CLIENT] sent ACK 25569
[CLIENT] sent ACK 25569
[CLIENT] sent ACK 25569
[CLIENT] sent ACK 25569
[CLIENT] sent ACK 25695
[CLIENT] sent ACK 25695
[CLIENT] sent ACK 25695
[CLIENT] sent ACK 25695
[CLIENT] sent ACK 25695
[CLIENT] sent ACK 25789
[CLIENT] sent ACK 25789
[CLIENT] sent ACK 25789
[CLIENT] sent ACK 25789
[CLIENT] sent ACK 25836
[CLIENT] sent ACK 25836
[CLIENT] sent ACK 25882
[CLIENT] sent ACK 25882
[CLIENT] sent ACK 25950
[CLIENT] sent ACK 25950
[CLIENT] sent ACK 25950
[CLIENT] sent ACK 26059
[CLIENT] sent ACK 26059
[CLIENT] sent ACK 26059
[CLIENT] sent ACK 26059
[CLIENT] sent ACK 26145
[CLIENT] sent ACK 26145
[CLIENT] sent ACK 26145
[CLIENT] sent ACK 26145
[CLIENT] sent ACK 26221
[CLIENT] sent ACK 26221
[CLIENT] sent ACK 26221
[CLIENT] sent ACK 26337
[CLIENT] sent ACK 26337
[CLIENT] sent ACK 26337
[CLIENT] sent ACK 26337
[CLIENT] sent ACK 26416
[CLIENT] sent ACK 26416
[CLIENT] sent ACK 26416
[CLIENT] sent ACK 26488
[CLIENT] sent ACK 26488
[CLIENT] sent ACK 26488
[CLIENT] sent ACK 26594
[CLIENT] sent ACK 26594
[CLIENT] sent ACK 26594
[CLIENT] sent ACK 26594
[CLIENT] sent ACK 26660
[CLIENT] sent ACK 26660
[CLIENT] sent ACK 26660
[CLIENT] sent ACK 26858
[CLIENT] sent ACK 26858
[CLIENT] sent ACK 26858
[CLIENT] sent ACK 26858
[CLIENT] sent ACK 26858
[CLIENT] sent ACK 26858
[CLIENT] sent ACK 26858
[CLIENT] sent ACK 26858
[CLIENT] sent ACK 26930
[CLIENT] sent ACK 26930
[CLIENT] sent ACK 26930
[CLIENT] sent ACK 27005
[CLIENT] sent ACK 27005
[CLIENT] sent ACK 27005
[CLIENT] sent ACK 27092
[CLIENT] sent ACK 27092
[CLIENT] sent ACK 27092
[CLIENT] sent ACK 27092
[CLIENT] sent ACK 27195
[CLIENT] sent ACK 27195
[CLIENT] sent ACK 27195
[CLIENT] sent ACK 27195
[CLIENT] sent ACK 27284
[CLIENT] sent ACK 27284
[CLIENT] sent ACK 27284
[CLIENT] sent ACK 27284
[CLIENT] sent ACK 27354
[CLIENT] sent ACK 27354
[CLIENT] sent ACK 27354
[CLIENT] sent ACK 27442
[CLIENT] sent ACK 27442
[CLIENT] sent ACK 27442
[CLIENT] sent ACK 27442
[CLIENT] sent ACK 27442
[CLIENT] sent ACK 27509
[CLIENT] sent ACK 27509
[CLIENT] sent ACK 27509
[CLIENT] sent ACK 27582
[CLIENT] sent ACK 27582
[CLIENT] sent ACK 27582
[CLIENT] sent ACK 27654
[CLIENT] sent ACK 27654
[CLIENT] sent ACK 27654
[CLIENT] sent ACK 27725
[CLIENT] sent ACK 27725
[CLIENT] sent ACK 27725
[CLIENT] sent ACK 27876
[CLIENT] sent ACK 27876
[CLIENT] sent ACK 27876
[CLIENT] sent ACK 27876
[CLIENT] sent ACK 27876
[CLIENT] sent ACK 27876
[CLIENT] sent ACK 27949
[CLIENT] sent ACK 27949
[CLIENT] sent ACK 27949
[CLIENT] sent ACK 28110
[CLIENT] sent ACK 28110
[CLIENT] sent ACK 28110
[CLIENT] sent ACK 28110
[CLIENT] sent ACK 28110
[CLIENT] sent ACK 28110
[CLIENT] sent ACK 28185
[CLIENT] sent ACK 28185
[CLIENT] sent ACK 28185
[CLIENT] sent ACK 28270
[CLIENT] sent ACK 28270
[CLIENT] sent ACK 28270
[CLIENT] sent ACK 28270
[CLIENT] sent ACK 28376
[CLIENT] sent ACK 28376
[CLIENT] sent ACK 28376
[CLIENT] sent ACK 28376
[CLIENT] sent ACK 28440
[CLIENT] sent ACK 28440
[CLIENT] sent ACK 28440
[CLIENT] sent ACK 28547
[CLIENT] sent ACK 28547
[CLIENT] sent ACK 28547
[CLIENT] sent ACK 28547
[CLIENT] sent ACK 28612
[CLIENT] sent ACK 28612
[CLIENT] sent ACK 28612
[CLIENT] sent ACK 28714
[CLIENT] sent ACK 28714
[CLIENT] sent ACK 28714
[CLIENT] sent ACK 28714
[CLIENT] sent ACK 28791
[CLIENT] sent ACK 28791
[CLIENT] sent ACK 28791
[CLIENT] sent ACK 28895
[CLIENT] sent ACK 28895
[CLIENT] sent ACK 28895
[CLIENT] sent ACK 28895
[CLIENT] sent ACK 28963
[CLIENT] sent ACK 28963
[CLIENT] sent ACK 28963
[CLIENT] sent ACK 29080
[CLIENT] sent ACK 29080
[CLIENT] sent ACK 29080
[CLIENT] sent ACK 29080
[CLIENT] sent ACK 29080
[CLIENT] sent ACK 29120
[CLIENT] sent ACK 29120
[CLIENT] sent ACK 29184
[CLIENT] sent ACK 29184
[CLIENT] sent ACK 29184
[CLIENT] sent ACK 29272
[CLIENT] sent ACK 29272
[CLIENT] sent ACK 29272
[CLIENT] sent ACK 29272
[CLIENT] sent ACK 29388
[CLIENT] sent ACK 29388
[CLIENT] sent ACK 29388
[CLIENT] sent ACK 29388
[CLIENT] sent ACK 29388
[CLIENT] sent ACK 29473
[CLIENT] sent ACK 29473
[CLIENT] sent ACK 29473
[CLIENT] sent ACK 29473
[CLIENT] sent ACK 29650
[CLIENT] sent ACK 29650
[CLIENT] sent ACK 29650
[CLIENT] sent ACK 29650
[CLIENT] sent ACK 29650
[CLIENT] sent ACK 29650
[CLIENT] sent ACK 29650
[CLIENT] sent ACK 29730
[CLIENT] sent ACK 29730
[CLIENT] sent ACK 29730
[CLIENT] sent ACK 29801
[CLIENT] sent ACK 29801
[CLIENT] sent ACK 29801
[CLIENT] sent ACK 29909
[CLIENT] sent ACK 29909
[CLIENT] sent ACK 29909
[CLIENT] sent ACK 29909
[CLIENT] sent ACK 29979
[CLIENT] sent ACK 29979
[CLIENT] sent ACK 29979
[CLIENT] sent ACK 30049
[CLIENT] sent ACK 30049
[CLIENT] sent ACK 30049
[CLIENT] sent ACK 30129
[CLIENT] sent ACK 30129
[CLIENT] sent ACK 30129
[CLIENT] sent ACK 30149
[CLIENT] sent ACK 30390
[CLIENT] sent ACK 30390
[CLIENT] sent ACK 30390
[CLIENT] sent ACK 30390
[CLIENT] sent ACK 30390
[CLIENT] sent ACK 30390
[CLIENT] sent ACK 30390
[CLIENT] sent ACK 30390
[CLIENT] sent ACK 30390
[CLIENT] sent ACK 30463
[CLIENT] sent ACK 30463
[CLIENT] sent ACK 30463
[CLIENT] sent ACK 30539
[CLIENT] sent ACK 30539
[CLIENT] sent ACK 30539
[CLIENT] sent ACK 30649
[CLIENT] sent ACK 30649
[CLIENT] sent ACK 30649
[CLIENT] sent ACK 30649
[CLIENT] sent ACK 30654
[CLIENT] sent ACK 30736
[CLIENT] sent ACK 30736
[CLIENT] sent ACK 30736
[CLIENT] sent ACK 30736
[CLIENT] sent ACK 30810
[CLIENT] sent ACK 30810
[CLIENT] sent ACK 30810
[CLIENT] sent ACK 30874
[CLIENT] sent ACK 30874
[CLIENT] sent ACK 30874
[CLIENT] sent ACK 30963
[CLIENT] sent ACK 30963
[CLIENT] sent ACK 30963
[CLIENT] sent ACK 30963
[CLIENT] sent ACK 31065
[CLIENT] sent ACK 31065
[CLIENT] sent ACK 31065
[CLIENT] sent ACK 31065
[CLIENT] sent ACK 31156
[CLIENT] sent ACK 31156
[CLIENT] sent ACK 31156
[CLIENT] sent ACK 31156
[CLIENT] sent ACK 31224
[CLIENT] sent ACK 31224
[CLIENT] sent ACK 31224
[CLIENT] sent ACK 31310
[CLIENT] sent ACK 31310
[CLIENT] sent ACK 31313
[CLIENT] sent ACK 31399
[CLIENT] sent ACK 31399
[CLIENT] sent ACK 31399
[CLIENT] sent ACK 31399
[CLIENT] sent ACK 31508
[CLIENT] sent ACK 31508
[CLIENT] sent ACK 31508
[CLIENT] sent ACK 31508
[CLIENT] sent ACK 31616
[CLIENT] sent ACK 31616
[CLIENT] sent ACK 31616
[CLIENT] sent ACK 31616
[CLIENT] sent ACK 31793
[CLIENT] sent ACK 31793
[CLIENT] sent ACK 31793
[CLIENT] sent ACK 31793
[CLIENT] sent ACK 31793
[CLIENT] sent ACK 31793
[CLIENT] sent ACK 31793
[CLIENT] sent ACK 31941
[CLIENT] sent ACK 31941
[CLIENT] sent ACK 31941
[CLIENT] sent ACK 31941
[CLIENT] sent ACK 31941
[CLIENT] sent ACK 31941
[CLIENT] sent ACK 32052
[CLIENT] sent ACK 32052
[CLIENT] sent ACK 32052
[CLIENT] sent ACK 32052
[CLIENT] sent ACK 32052
[CLIENT] sent ACK 32052
[CLIENT] sent ACK 32138
[CLIENT] sent ACK 32138
[CLIENT] sent ACK 32138
[CLIENT] sent ACK 32138
[CLIENT] sent ACK 32218
[CLIENT] sent ACK 32218
[CLIENT] sent ACK 32218
[CLIENT] sent ACK 32264
[CLIENT] sent ACK 32264
[CLIENT] sent ACK 32341
[CLIENT] sent ACK 32341
[CLIENT] sent ACK 32341
[CLIENT] sent ACK 32513
[CLIENT] sent ACK 32513
[CLIENT] sent ACK 32513
[CLIENT] sent ACK 32513
[CLIENT] sent ACK 32513
[CLIENT] sent ACK 32513
[CLIENT] sent ACK 32513
[CLIENT] sent ACK 32660
[CLIENT] sent ACK 32660
[CLIENT] sent ACK 32660
[CLIENT] sent ACK 32660
[CLIENT] sent ACK 32660
[CLIENT] sent ACK 32660
[CLIENT] sent ACK 32731
[CLIENT] sent ACK 32731
[CLIENT] sent ACK 32731
[CLIENT] sent ACK 32901
[CLIENT] sent ACK 32901
[CLIENT] sent ACK 32901
[CLIENT] sent ACK 32901
[CLIENT] sent ACK 32901
[CLIENT] sent ACK 32901
[CLIENT] sent ACK 32910
[CLIENT] sent ACK 33012
[CLIENT] sent ACK 33012
[CLIENT] sent ACK 33012
[CLIENT] sent ACK 33012
[CLIENT] sent ACK 33107
[CLIENT] sent ACK 33107
[CLIENT] sent ACK 33107
[CLIENT] sent ACK 33107
[CLIENT] sent ACK 33181
[CLIENT] sent ACK 33181
[CLIENT] sent ACK 33181
[CLIENT] sent ACK 33340
[CLIENT] sent ACK 33340
[CLIENT] sent ACK 33340
[CLIENT] sent ACK 33340
[CLIENT] sent ACK 33340
[CLIENT] sent ACK 33340
[CLIENT] sent ACK 33408
[CLIENT] sent ACK 33408
[CLIENT] sent ACK 33408
[CLIENT] sent ACK 33474
[CLIENT] sent ACK 33474
[CLIENT] sent ACK 33474
[CLIENT] sent ACK 33553
[CLIENT] sent ACK 33553
[CLIENT] sent ACK 33553
[CLIENT] sent ACK 33615
[CLIENT] sent ACK 33627
[CLIENT] sent ACK 33627
[CLIENT] sent ACK 33713
[CLIENT] sent ACK 33713
[CLIENT] sent ACK 33713
[CLIENT] sent ACK 33713
[CLIENT] sent ACK 33744
[CLIENT] sent ACK 33744
[CLIENT] sent ACK 33843
[CLIENT] sent ACK 33843
[CLIENT] sent ACK 33843
[CLIENT] sent ACK 33843
[CLIENT] sent ACK 33945
[CLIENT] sent ACK 33945
[CLIENT] sent ACK 33945
[CLIENT] sent ACK 33945
[CLIENT] sent ACK 34009
[CLIENT] sent ACK 34009
[CLIENT] sent ACK 34009
[CLIENT] sent ACK 34085
[CLIENT] sent ACK 34085
[CLIENT] sent ACK 34085
[CLIENT] sent ACK 34176
[CLIENT] sent ACK 34176
[CLIENT] sent ACK 34176
[CLIENT] sent ACK 34176
[CLIENT] sent ACK 34240
[CLIENT] sent ACK 34240
[CLIENT] sent ACK 34240
[CLIENT] sent ACK 34309
[CLIENT] sent ACK 34309
[CLIENT] sent ACK 34309
[CLIENT] sent ACK 34376
[CLIENT] sent ACK 34376
[CLIENT] sent ACK 34376
[CLIENT] sent ACK 34463
[CLIENT] sent ACK 34463
[CLIENT] sent ACK 34463
[CLIENT] sent ACK 34463
[CLIENT] sent ACK 34572
[CLIENT] sent ACK 34572
[CLIENT] sent ACK 34572
[CLIENT] sent ACK 34572
[CLIENT] sent ACK 34644
[CLIENT] sent ACK 34644
[CLIENT] sent ACK 34644
[CLIENT] sent ACK 34731
[CLIENT] sent ACK 34731
[CLIENT] sent ACK 34731
[CLIENT] sent ACK 34731
[CLIENT] sent ACK 34830
[CLIENT] sent ACK 34830
[CLIENT] sent ACK 34830
[CLIENT] sent ACK 34830
[CLIENT] sent ACK 34929
[CLIENT] sent ACK 34929
[CLIENT] sent ACK 34929
[CLIENT] sent ACK 34929
[CLIENT] sent ACK 35068
[CLIENT] sent ACK 35068
[CLIENT] sent ACK 35068
[CLIENT] sent ACK 35068
[CLIENT] sent ACK 35068
[CLIENT] sent ACK 35068
[CLIENT] sent ACK 35131
[CLIENT] sent ACK 35131
[CLIENT] sent ACK 35131
[CLIENT] sent ACK 35201
[CLIENT] sent ACK 35201
[CLIENT] sent ACK 35201
[CLIENT] sent ACK 35273
[CLIENT] sent ACK 35273
[CLIENT] sent ACK 35273
[CLIENT] sent ACK 35338
[CLIENT] sent ACK 35338
[CLIENT] sent ACK 35338
[CLIENT] sent ACK 35421
[CLIENT] sent ACK 35421
[CLIENT] sent ACK 35421
[CLIENT] sent ACK 35421
[CLIENT] sent ACK 35491
[CLIENT] sent ACK 35491
[CLIENT] sent ACK 35491
[CLIENT] sent ACK 35601
[CLIENT] sent ACK 35601
[CLIENT] sent ACK 35601
[CLIENT] sent ACK 35601
[CLIENT] sent ACK 35601
[CLIENT] sent ACK 35686
[CLIENT] sent ACK 35686
[CLIENT] sent ACK 35686
[CLIENT] sent ACK 35686
[CLIENT] sent ACK 35773
[CLIENT] sent ACK 35773
[CLIENT] sent ACK 35773
[CLIENT] sent ACK 35773
[CLIENT] sent ACK 35848
[CLIENT] sent ACK 35848
[CLIENT] sent ACK 35848
[CLIENT] sent ACK 35969
[CLIENT] sent ACK 35969
[CLIENT] sent ACK 35969
[CLIENT] sent ACK 35969
[CLIENT] sent ACK 35969
[CLIENT] sent ACK 36006
[CLIENT] sent ACK 36006
[CLIENT] sent ACK 36106
[CLIENT] sent ACK 36106
[CLIENT] sent ACK 36106
[CLIENT] sent ACK 36106
[CLIENT] sent ACK 36226
[CLIENT] sent ACK 36226
[CLIENT] sent ACK 36226
[CLIENT] sent ACK 36226
[CLIENT] sent ACK 36226
[CLIENT] sent ACK 36342
[CLIENT] sent ACK 36342
[CLIENT] sent ACK 36342
[CLIENT] sent ACK 36342
[CLIENT] sent ACK 36464
[CLIENT] sent ACK 36464
[CLIENT] sent ACK 36464
[CLIENT] sent ACK 36464
[CLIENT] sent ACK 36464
[CLIENT] sent ACK 36528
[CLIENT] sent ACK 36528
[CLIENT] sent ACK 36528
[CLIENT] sent ACK 36604
[CLIENT] sent ACK 36604
[CLIENT] sent ACK 36604
[CLIENT] sent ACK 36704
[CLIENT] sent ACK 36704
[CLIENT] sent ACK 36704
[CLIENT] sent ACK 36704
[CLIENT] sent ACK 36782
[CLIENT] sent ACK 36782
[CLIENT] sent ACK 36782
[CLIENT] sent ACK 36851
[CLIENT] sent ACK 36851
[CLIENT] sent ACK 36851
[CLIENT] sent ACK 36921
[CLIENT] sent ACK 36921
[CLIENT] sent ACK 36921
[CLIENT] sent ACK 36975
[CLIENT] sent ACK 36975
[CLIENT] sent ACK 37019
[CLIENT] sent ACK 37044
[CLIENT] sent ACK 37103
[CLIENT] sent ACK 37130
[CLIENT] sent ACK 37130
[CLIENT] sent ACK 37169
[CLIENT] sent ACK 37197
[CLIENT] sent ACK 37236
[CLIENT] sent ACK 37236
[CLIENT] sent ACK 37304
[CLIENT] sent ACK 37304
[CLIENT] sent ACK 37304
[CLIENT] sent ACK 37397
[CLIENT] sent ACK 37397
[CLIENT] sent ACK 37397
[CLIENT] sent ACK 37397
[CLIENT] sent ACK 37397
[CLIENT] sent ACK 37487
[CLIENT] sent ACK 37487
[CLIENT] sent ACK 37487
[CLIENT] sent ACK 37487
[CLIENT] sent ACK 37553
[CLIENT] sent ACK 37553
[CLIENT] sent ACK 37553
[CLIENT] sent ACK 37581
[CLIENT] sent ACK 37581
[CLIENT] sent ACK 37679
[CLIENT] sent ACK 37679
[CLIENT] sent ACK 37679
[CLIENT] sent ACK 37679
[CLIENT] sent ACK 37749
[CLIENT] sent ACK 37749
[CLIENT] sent ACK 37749
[CLIENT] sent ACK 37885
[CLIENT] sent ACK 37885
[CLIENT] sent ACK 37885
[CLIENT] sent ACK 37885
[CLIENT] sent ACK 37885
[CLIENT] sent ACK 37885
[CLIENT] sent ACK 37946
[CLIENT] sent ACK 37946
[CLIENT] sent ACK 37946
[CLIENT] sent ACK 38102
[CLIENT] sent ACK 38102
[CLIENT] sent ACK 38102
[CLIENT] sent ACK 38102
[CLIENT] sent ACK 38120
[CLIENT] sent ACK 38264
[CLIENT] sent ACK 38264
[CLIENT] sent ACK 38264
[CLIENT] sent ACK 38264
[CLIENT] sent ACK 38264
[CLIENT] sent ACK 38264
[CLIENT] sent ACK 38341
[CLIENT] sent ACK 38341
[CLIENT] sent ACK 38341
[CLIENT] sent ACK 38450
[CLIENT] sent ACK 38450
[CLIENT] sent ACK 38450
[CLIENT] sent ACK 38450
[CLIENT] sent ACK 38518
[CLIENT] sent ACK 38518
[CLIENT] sent ACK 38518
[CLIENT] sent ACK 38689
[CLIENT] sent ACK 38689
[CLIENT] sent ACK 38689
[CLIENT] sent ACK 38689
[CLIENT] sent ACK 38689
[CLIENT] sent ACK 38689
[CLIENT] sent ACK 38689
[CLIENT] sent ACK 38769
[CLIENT] sent ACK 38769
[CLIENT] sent ACK 38769
[CLIENT] sent ACK 38847
[CLIENT] sent ACK 38847
[CLIENT] sent ACK 38847
[CLIENT] sent ACK 38927
[CLIENT] sent ACK 38927
[CLIENT] sent ACK 38927
[CLIENT] sent ACK 39002
[CLIENT] sent ACK 39002
[CLIENT] sent ACK 39002
[CLIENT] sent ACK 39046
[CLIENT] sent ACK 39046
[CLIENT] sent ACK 39123
[CLIENT] sent ACK 39123
[CLIENT] sent ACK 39123
[CLIENT] sent ACK 39196
[CLIENT] sent ACK 39196
[CLIENT] sent ACK 39196
[CLIENT] sent ACK 39387
[CLIENT] sent ACK 39387
[CLIENT] sent ACK 39387
[CLIENT] sent ACK 39387
[CLIENT] sent ACK 39387
[CLIENT] sent ACK 39387
[CLIENT] sent ACK 39387
[CLIENT] sent ACK 39458
[CLIENT] sent ACK 39458
[CLIENT] sent ACK 39458
[CLIENT] sent ACK 39547
[CLIENT] sent ACK 39547
[CLIENT] sent ACK 39547
[CLIENT] sent ACK 39547
[CLIENT] sent ACK 39633
[CLIENT] sent ACK 39633
[CLIENT] sent ACK 39633
[CLIENT] sent ACK 39633
[CLIENT] sent ACK 39740
[CLIENT] sent ACK 39740
[CLIENT] sent ACK 39740
[CLIENT] sent ACK 39740
[CLIENT] sent ACK 39840
[CLIENT] sent ACK 39840
[CLIENT] sent ACK 39840
[CLIENT] sent ACK 39840
[CLIENT] sent ACK 39969
[CLIENT] sent ACK 39969
[CLIENT] sent ACK 39969
[CLIENT] sent ACK 39969
[CLIENT] sent ACK 39969
[CLIENT] sent ACK 40023
[CLIENT] sent ACK 40023
[CLIENT] sent ACK 40023
[CLIENT] sent ACK 40133
[CLIENT] sent ACK 40133
[CLIENT] sent ACK 40133
[CLIENT] sent ACK 40133
[CLIENT] sent ACK 40206
[CLIENT] sent ACK 40206
[CLIENT] sent ACK 40206
[CLIENT] sent ACK 40206
[CLIENT] sent ACK 40276
[CLIENT] sent ACK 40276
[CLIENT] sent ACK 40276
[CLIENT] sent ACK 40376
[CLIENT] sent ACK 40376
[CLIENT] sent ACK 40376
[CLIENT] sent ACK 40376
[CLIENT] sent ACK 40443
[CLIENT] sent ACK 40443
[CLIENT] sent ACK 40443
[CLIENT] sent ACK 40528
[CLIENT] sent ACK 40528
[CLIENT] sent ACK 40528
[CLIENT] sent ACK 40627
[CLIENT] sent ACK 40627
[CLIENT] sent ACK 40627
[CLIENT] sent ACK 40627
[CLIENT] sent ACK 40715
[CLIENT] sent ACK 40715
[CLIENT] sent ACK 40715
[CLIENT] sent ACK 40715
[CLIENT] sent ACK 40847
[CLIENT] sent ACK 40847
[CLIENT] sent ACK 40847
[CLIENT] sent ACK 40847
[CLIENT] sent ACK 40847
[CLIENT] sent ACK 41028
[CLIENT] sent ACK 41028
[CLIENT] sent ACK 41028
[CLIENT] sent ACK 41028
[CLIENT] sent ACK 41028
[CLIENT] sent ACK 41028
[CLIENT] sent ACK 41028
[CLIENT] sent ACK 41105
[CLIENT] sent ACK 41105
[CLIENT] sent ACK 41105
[CLIENT] sent ACK 41262
[CLIENT] sent ACK 41262
[CLIENT] sent ACK 41262
[CLIENT] sent ACK 41262
[CLIENT] sent ACK 41262
[CLIENT] sent ACK 41262
[CLIENT] sent ACK 41441
[CLIENT] sent ACK 41441
[CLIENT] sent ACK 41441
[CLIENT] sent ACK 41441
[CLIENT] sent ACK 41441
[CLIENT] sent ACK 41441
[CLIENT] sent ACK 41441
[CLIENT] sent ACK 41541
[CLIENT] sent ACK 41541
[CLIENT] sent ACK 41541
[CLIENT] sent ACK 41541
[CLIENT] sent ACK 41609
[CLIENT] sent ACK 41609
[CLIENT] sent ACK 41609
[CLIENT] sent ACK 41673
[CLIENT] sent ACK 41673
[CLIENT] sent ACK 41673
[CLIENT] sent ACK 41752
[CLIENT] sent ACK 41752
[CLIENT] sent ACK 41752
[CLIENT] sent ACK 41859
[CLIENT] sent ACK 41859
[CLIENT] sent ACK 41859
[CLIENT] sent ACK 41859
[CLIENT] sent ACK 41947
[CLIENT] sent ACK 41947
[CLIENT] sent ACK 41947
[CLIENT] sent ACK 41947
[CLIENT] sent ACK 42082
[CLIENT] sent ACK 42082
[CLIENT] sent ACK 42082
[CLIENT] sent ACK 42082
[CLIENT] sent ACK 42082
[CLIENT] sent ACK 42220
[CLIENT] sent ACK 42220
[CLIENT] sent ACK 42220
[CLIENT] sent ACK 42220
[CLIENT] sent ACK 42220
[CLIENT] sent ACK 42301
[CLIENT] sent ACK 42301
[CLIENT] sent ACK 42301
[CLIENT] sent ACK 42311
[CLIENT] sent ACK 42377
[CLIENT] sent ACK 42377
[CLIENT] sent ACK 42377
[CLIENT] sent ACK 42377
[CLIENT] sent ACK 42471
[CLIENT] sent ACK 42471
[CLIENT] sent ACK 42471
[CLIENT] sent ACK 42471
[CLIENT] sent ACK 42579
[CLIENT] sent ACK 42579
[CLIENT] sent ACK 42579
[CLIENT] sent ACK 42579
[CLIENT] sent ACK 42646
[CLIENT] sent ACK 42646
[CLIENT] sent ACK 42646
[CLIENT] sent ACK 42780
[CLIENT] sent ACK 42780
[CLIENT] sent ACK 42780
[CLIENT] sent ACK 42780
[CLIENT] sent ACK 42780
[CLIENT] sent ACK 42780
[CLIENT] sent ACK 42850
[CLIENT] sent ACK 42850
[CLIENT] sent ACK 42850
[CLIENT] sent ACK 42928
[CLIENT] sent ACK 42928
[CLIENT] sent ACK 42928
[CLIENT] sent ACK 43011
[CLIENT] sent ACK 43011
[CLIENT] sent ACK 43011
[CLIENT] sent ACK 43011
[CLIENT] sent ACK 43096
[CLIENT] sent ACK 43096
[CLIENT] sent ACK 43096
[CLIENT] sent ACK 43104
[CLIENT] sent ACK 43191
[CLIENT] sent ACK 43191
[CLIENT] sent ACK 43191
[CLIENT] sent ACK 43191
[CLIENT] sent ACK 43291
[CLIENT] sent ACK 43291
[CLIENT] sent ACK 43291
[CLIENT] sent ACK 43291
[CLIENT] sent ACK 43361
[CLIENT] sent ACK 43361
[CLIENT] sent ACK 43361
[CLIENT] sent ACK 43447
[CLIENT] sent ACK 43447
[CLIENT] sent ACK 43447
[CLIENT] sent ACK 43449
[CLIENT] sent ACK 43517
[CLIENT] sent ACK 43517
[CLIENT] sent ACK 43517
[CLIENT] sent ACK 43632
[CLIENT] sent ACK 43632
[CLIENT] sent ACK 43632
[CLIENT] sent ACK 43632
[CLIENT] sent ACK 43632
[CLIENT] sent ACK 43727
[CLIENT] sent ACK 43727
[CLIENT] sent ACK 43727
[CLIENT] sent ACK 43727
[CLIENT] sent ACK 43795
[CLIENT] sent ACK 43795
[CLIENT] sent ACK 43795
[CLIENT] sent ACK 43907
[CLIENT] sent ACK 43907
[CLIENT] sent ACK 43907
[CLIENT] sent ACK 43907
[CLIENT] sent ACK 43963
[CLIENT] sent ACK 44022
[CLIENT] sent ACK 44022
[CLIENT] sent ACK 44022
[CLIENT] sent ACK 44022
[CLIENT] sent ACK 44102
[CLIENT] sent ACK 44102
[CLIENT] sent ACK 44102
[CLIENT] sent ACK 44127
[CLIENT] sent ACK 44127
[CLIENT] sent ACK 44374
[CLIENT] sent ACK 44374
[CLIENT] sent ACK 44374
[CLIENT] sent ACK 44374
[CLIENT] sent ACK 44374
[CLIENT] sent ACK 44374
[CLIENT] sent ACK 44374
[CLIENT] sent ACK 44374
[CLIENT] sent ACK 44374
[CLIENT] sent ACK 44490
[CLIENT] sent ACK 44490
[CLIENT] sent ACK 44490
[CLIENT] sent ACK 44490
[CLIENT] sent ACK 44567
[CLIENT] sent ACK 44567
[CLIENT] sent ACK 44567
[CLIENT] sent ACK 44633
[CLIENT] sent ACK 44633
[CLIENT] sent ACK 44633
[CLIENT] sent ACK 44709
[CLIENT] sent ACK 44709
[CLIENT] sent ACK 44709
[CLIENT] sent ACK 44709
[CLIENT] sent ACK 44756
[CLIENT] sent ACK 44756
[CLIENT] sent ACK 44756
[CLIENT] sent ACK 44848
[CLIENT] sent ACK 44848
[CLIENT] sent ACK 44848
[CLIENT] sent ACK 44848
[CLIENT] sent ACK 44948
[CLIENT] sent ACK 44948
[CLIENT] sent ACK 44948
[CLIENT] sent ACK 44948
[CLIENT] sent ACK 45015
[CLIENT] sent ACK 45015
[CLIENT] sent ACK 45015
[CLIENT] sent ACK 45089
[CLIENT] sent ACK 45089
[CLIENT] sent ACK 45089
[CLIENT] sent ACK 45179
[CLIENT] sent ACK 45179
[CLIENT] sent ACK 45179
[CLIENT] sent ACK 45179
[CLIENT] sent ACK 45258
[CLIENT] sent ACK 45258
[CLIENT] sent ACK 45258
[CLIENT] sent ACK 45342
[CLIENT] sent ACK 45342
[CLIENT] sent ACK 45342
[CLIENT] sent ACK 45394
[CLIENT] sent ACK 45439
[CLIENT] sent ACK 45483
[CLIENT] sent ACK 45483
[CLIENT] sent ACK 45512
[CLIENT] sent ACK 45512
[CLIENT] sent ACK 45579
[CLIENT] sent ACK 45579
[CLIENT] sent ACK 45579
[CLIENT] sent ACK 45689
[CLIENT] sent ACK 45689
[CLIENT] sent ACK 45689
[CLIENT] sent ACK 45689
[CLIENT] sent ACK 45760
[CLIENT] sent ACK 45760
[CLIENT] sent ACK 45760
[CLIENT] sent ACK 45830
[CLIENT] sent ACK 45830
[CLIENT] sent ACK 45830
[CLIENT] sent ACK 45837
[CLIENT] sent ACK 45837
[CLIENT] sent ACK 45906
[CLIENT] sent ACK 45906
[CLIENT] sent ACK 45906
[CLIENT] sent ACK 45992
[CLIENT] sent ACK 45992
[CLIENT] sent ACK 45992
[CLIENT] sent ACK 46030
[CLIENT] sent ACK 46073
[CLIENT] sent ACK 46165
[CLIENT] sent ACK 46165
[CLIENT] sent ACK 46165
[CLIENT] sent ACK 46165
[CLIENT] sent ACK 46165
[CLIENT] sent ACK 46258
[CLIENT] sent ACK 46258
[CLIENT] sent ACK 46258
[CLIENT] sent ACK 46258
[CLIENT] sent ACK 46327
[CLIENT] sent ACK 46327
[CLIENT] sent ACK 46327
[CLIENT] sent ACK 46476
[CLIENT] sent ACK 46476
[CLIENT] sent ACK 46476
[CLIENT] sent ACK 46476
[CLIENT] sent ACK 46476
[CLIENT] sent ACK 46476
[CLIENT] sent ACK 46540
[CLIENT] sent ACK 46540
[CLIENT] sent ACK 46540
[CLIENT] sent ACK 46615
[CLIENT] sent ACK 46615
[CLIENT] sent ACK 46615
[CLIENT] sent ACK 46732
[CLIENT] sent ACK 46732
[CLIENT] sent ACK 46732
[CLIENT] sent ACK 46732
[CLIENT] sent ACK 46732
[CLIENT] sent ACK 46870
[CLIENT] sent ACK 46870
[CLIENT] sent ACK 46870
[CLIENT] sent ACK 46870
[CLIENT] sent ACK 46870
[CLIENT] sent ACK 46870
[CLIENT] sent ACK 46938
[CLIENT] sent ACK 46938
[CLIENT] sent ACK 46938
[CLIENT] sent ACK 47025
[CLIENT] sent ACK 47025
[CLIENT] sent ACK 47025
[CLIENT] sent ACK 47025
[CLIENT] sent ACK 47099
[CLIENT] sent ACK 47099
[CLIENT] sent ACK 47099
[CLIENT] sent ACK 47172
[CLIENT] sent ACK 47172
[CLIENT] sent ACK 47172
[CLIENT] sent ACK 47279
[CLIENT] sent ACK 47279
[CLIENT] sent ACK 47279
[CLIENT] sent ACK 47279
[CLIENT] sent ACK 47343
[CLIENT] sent ACK 47343
[CLIENT] sent ACK 47343
[CLIENT] sent ACK 47411
[CLIENT] sent ACK 47411
[CLIENT] sent ACK 47411
[CLIENT] sent ACK 47493
[CLIENT] sent ACK 47493
[CLIENT] sent ACK 47493
[CLIENT] sent ACK 47493
[CLIENT] sent ACK 47557
[CLIENT] sent ACK 47557
[CLIENT] sent ACK 47557
[CLIENT] sent ACK 47627
[CLIENT] sent ACK 47627
[CLIENT] sent ACK 47627
[CLIENT] sent ACK 47716
[CLIENT] sent ACK 47716
[CLIENT] sent ACK 47716
[CLIENT] sent ACK 47716
[CLIENT] sent ACK 47780
[CLIENT] sent ACK 47780
[CLIENT] sent ACK 47780
[CLIENT] sent ACK 47849
[CLIENT] sent ACK 47849
[CLIENT] sent ACK 47849
[CLIENT] sent ACK 47981
[CLIENT] sent ACK 47981
[CLIENT] sent ACK 47981
[CLIENT] sent ACK 47981
[CLIENT] sent ACK 47981
[CLIENT] sent ACK 48087
[CLIENT] sent ACK 48087
[CLIENT] sent ACK 48087
[CLIENT] sent ACK 48087
[CLIENT] sent ACK 48160
[CLIENT] sent ACK 48160
[CLIENT] sent ACK 48160
[CLIENT] sent ACK 48232
[CLIENT] sent ACK 48232
[CLIENT] sent ACK 48232
[CLIENT] sent ACK 48371
[CLIENT] sent ACK 48371
[CLIENT] sent ACK 48371
[CLIENT] sent ACK 48371
[CLIENT] sent ACK 48371
[CLIENT] sent ACK 48372
[CLIENT] sent ACK 48456
[CLIENT] sent ACK 48456
[CLIENT] sent ACK 48456
[CLIENT] sent ACK 48456
[CLIENT] sent ACK 48539
[CLIENT] sent ACK 48539
[CLIENT] sent ACK 48539
[CLIENT] sent ACK 48539
[CLIENT] sent ACK 48554
[CLIENT] sent ACK 48620
[CLIENT] sent ACK 48620
[CLIENT] sent ACK 48620
[CLIENT] sent ACK 48748
[CLIENT] sent ACK 48748
[CLIENT] sent ACK 48748
[CLIENT] sent ACK 48748
[CLIENT] sent ACK 48748
[CLIENT] sent ACK 48828
[CLIENT] sent ACK 48828
[CLIENT] sent ACK 48828
[CLIENT] sent ACK 48970
[CLIENT] sent ACK 48970
[CLIENT] sent ACK 48970
[CLIENT] sent ACK 48970
[CLIENT] sent ACK 48970
[CLIENT] sent ACK 48970
[CLIENT] sent ACK 48971
[CLIENT] sent ACK 48971
[CLIENT] sent ACK 49066
[CLIENT] sent ACK 49066
[CLIENT] sent ACK 49066
[CLIENT] sent ACK 49066
[CLIENT] sent ACK 49162
[CLIENT] sent ACK 49162
[CLIENT] sent ACK 49162
[CLIENT] sent ACK 49162
[CLIENT] sent ACK 49231
[CLIENT] sent ACK 49231
[CLIENT] sent ACK 49231
[CLIENT] sent ACK 49339
[CLIENT] sent ACK 49339
[CLIENT] sent ACK 49339
[CLIENT] sent ACK 49339
[CLIENT] sent ACK 49440
[CLIENT] sent ACK 49440
[CLIENT] sent ACK 49440
[CLIENT] sent ACK 49440
[CLIENT] sent ACK 49506
[CLIENT] sent ACK 49506
[CLIENT] sent ACK 49506
[CLIENT] sent ACK 49719
[CLIENT] sent ACK 49719
[CLIENT] sent ACK 49719
[CLIENT] sent ACK 49719
[CLIENT] sent ACK 49719
[CLIENT] sent ACK 49719
[CLIENT] sent ACK 49719
[CLIENT] sent ACK 49719
[CLIENT] sent ACK 49754
[CLIENT] sent ACK 49754
[CLIENT] sent ACK 49827
[CLIENT] sent ACK 49827
[CLIENT] sent ACK 49827
[CLIENT] sent ACK 49916
[CLIENT] sent ACK 49916
[CLIENT] sent ACK 49916
[CLIENT] sent ACK 49916
[CLIENT] sent ACK 50018
[CLIENT] sent ACK 50018
[CLIENT] sent ACK 50018
[CLIENT] sent ACK 50018
[CLIENT] sent ACK 50102
[CLIENT] sent ACK 50102
[CLIENT] sent ACK 50102
[CLIENT] sent ACK 50102
[CLIENT] sent ACK 50171
[CLIENT] sent ACK 50171
[CLIENT] sent ACK 50171
[CLIENT] sent ACK 50209
[CLIENT] sent ACK 50209
[CLIENT] sent ACK 50300
[CLIENT] sent ACK 50300
[CLIENT] sent ACK 50300
[CLIENT] sent ACK 50300
[CLIENT] sent ACK 50364
[CLIENT] sent ACK 50364
[CLIENT] sent ACK 50364
[CLIENT] sent ACK 50428
[CLIENT] sent ACK 50428
[CLIENT] sent ACK 50428
[CLIENT] sent ACK 50523
[CLIENT] sent ACK 50523
[CLIENT] sent ACK 50523
[CLIENT] sent ACK 50523
[CLIENT] sent ACK 50703
[CLIENT] sent ACK 50703
[CLIENT] sent ACK 50703
[CLIENT] sent ACK 50703
[CLIENT] sent ACK 50703
[CLIENT] sent ACK 50703
[CLIENT] sent ACK 50703
[CLIENT] sent ACK 50781
[CLIENT] sent ACK 50781
[CLIENT] sent ACK 50781
[CLIENT] sent ACK 50889
[CLIENT] sent ACK 50889
[CLIENT] sent ACK 50889
[CLIENT] sent ACK 50889
[CLIENT] sent ACK 51006
[CLIENT] sent ACK 51006
[CLIENT] sent ACK 51006
[CLIENT] sent ACK 51006
[CLIENT] sent ACK 51006
[CLIENT] sent ACK 51019
[CLIENT] sent ACK 51103
[CLIENT] sent ACK 51103
[CLIENT] sent ACK 51103
[CLIENT] sent ACK 51103
[CLIENT] sent ACK 51216
[CLIENT] sent ACK 51216
[CLIENT] sent ACK 51216
[CLIENT] sent ACK 51216
[CLIENT] sent ACK 51216
[CLIENT] sent ACK 51317
[CLIENT] sent ACK 51317
[CLIENT] sent ACK 51317
[CLIENT] sent ACK 51317
[CLIENT] sent ACK 51338
[CLIENT] sent ACK 51338
[CLIENT] sent ACK 51451
[CLIENT] sent ACK 51451
[CLIENT] sent ACK 51451
[CLIENT] sent ACK 51451
[CLIENT] sent ACK 51451
[CLIENT] sent ACK 51515
[CLIENT] sent ACK 51515
[CLIENT] sent ACK 51515
[CLIENT] sent ACK 51583
[CLIENT] sent ACK 51583
[CLIENT] sent ACK 51583
[CLIENT] sent ACK 51696
[CLIENT] sent ACK 51696
[CLIENT] sent ACK 51696
[CLIENT] sent ACK 51696
[CLIENT] sent ACK 51696
[CLIENT] sent ACK 51778
[CLIENT] sent ACK 51778
[CLIENT] sent ACK 51778
[CLIENT] sent ACK 51778
[CLIENT] sent ACK 51862
[CLIENT] sent ACK 51862
[CLIENT] sent ACK 51862
[CLIENT] sent ACK 51862
[CLIENT] sent ACK 51979
[CLIENT] sent ACK 51979
[CLIENT] sent ACK 51979
[CLIENT] sent ACK 51979
[CLIENT] sent ACK 51979
[CLIENT] sent ACK 52089
[CLIENT] sent ACK 52089
[CLIENT] sent ACK 52089
[CLIENT] sent ACK 52089
[CLIENT] sent ACK 52089
[CLIENT] sent ACK 52158
[CLIENT] sent ACK 52158
[CLIENT] sent ACK 52158
[CLIENT] sent ACK 52238
[CLIENT] sent ACK 52238
[CLIENT] sent ACK 52238
[CLIENT] sent ACK 52276
[CLIENT] sent ACK 52313
[CLIENT] sent ACK 52380
[CLIENT] sent ACK 52380
[CLIENT] sent ACK 52380
[CLIENT] sent ACK 52380
[CLIENT] sent ACK 52455
[CLIENT] sent ACK 52455
[CLIENT] sent ACK 52455
[CLIENT] sent ACK 52526
[CLIENT] sent ACK 52526
[CLIENT] sent ACK 52526
[CLIENT] sent ACK 52620
[CLIENT] sent ACK 52620
[CLIENT] sent ACK 52620
[CLIENT] sent ACK 52620
[CLIENT] sent ACK 52743
[CLIENT] sent ACK 52743
[CLIENT] sent ACK 52743
[CLIENT] sent ACK 52743
[CLIENT] sent ACK 52743
[CLIENT] sent ACK 52809
[CLIENT] sent ACK 52809
[CLIENT] sent ACK 52809
[CLIENT] sent ACK 52967
[CLIENT] sent ACK 52967
[CLIENT] sent ACK 52967
[CLIENT] sent ACK 52967
[CLIENT] sent ACK 52967
[CLIENT] sent ACK 52967
[CLIENT] sent ACK 53053
[CLIENT] sent ACK 53053
[CLIENT] sent ACK 53053
[CLIENT] sent ACK 53053
[CLIENT] sent ACK 53171
[CLIENT] sent ACK 53171
[CLIENT] sent ACK 53171
[CLIENT] sent ACK 53171
[CLIENT] sent ACK 53171
[CLIENT] sent ACK 53254
[CLIENT] sent ACK 53254
[CLIENT] sent ACK 53254
[CLIENT] sent ACK 53273
[CLIENT] sent ACK 53355
[CLIENT] sent ACK 53355
[CLIENT] sent ACK 53355
[CLIENT] sent ACK 53355
[CLIENT] sent ACK 53451
[CLIENT] sent ACK 53451
[CLIENT] sent ACK 53451
[CLIENT] sent ACK 53451
[CLIENT] sent ACK 53544
[CLIENT] sent ACK 53544
[CLIENT] sent ACK 53544
[CLIENT] sent ACK 53544
[CLIENT] sent ACK 53610
[CLIENT] sent ACK 53610
[CLIENT] sent ACK 53610
[CLIENT] sent ACK 53703
[CLIENT] sent ACK 53703
[CLIENT] sent ACK 53703
[CLIENT] sent ACK 53703
[CLIENT] sent ACK 53810
[CLIENT] sent ACK 53810
[CLIENT] sent ACK 53810
[CLIENT] sent ACK 53810
[CLIENT] sent ACK 53851
[CLIENT] sent ACK 53851
[CLIENT] sent ACK 53851
[CLIENT] sent ACK 53921
[CLIENT] sent ACK 53921
[CLIENT] sent ACK 53921
[CLIENT] sent ACK 53986
[CLIENT] sent ACK 53986
[CLIENT] sent ACK 53986
[CLIENT] sent ACK 54107
[CLIENT] sent ACK 54107
[CLIENT] sent ACK 54107
[CLIENT] sent ACK 54107
[CLIENT] sent ACK 54107
[CLIENT] sent ACK 54183
[CLIENT] sent ACK 54183
[CLIENT] sent ACK 54183
[CLIENT] sent ACK 54288
[CLIENT] sent ACK 54288
[CLIENT] sent ACK 54288
[CLIENT] sent ACK 54288
[CLIENT] sent ACK 54388
[CLIENT] sent ACK 54388
[CLIENT] sent ACK 54388
[CLIENT] sent ACK 54388
[CLIENT] sent ACK 54453
[CLIENT] sent ACK 54453
[CLIENT] sent ACK 54453
[CLIENT] sent ACK 54609
[CLIENT] sent ACK 54609
[CLIENT] sent ACK 54609
[CLIENT] sent ACK 54609
[CLIENT] sent ACK 54609
[CLIENT] sent ACK 54609
[CLIENT] sent ACK 54703
[CLIENT] sent ACK 54703
[CLIENT] sent ACK 54703
[CLIENT] sent ACK 54703
[CLIENT] sent ACK 54785
[CLIENT] sent ACK 54785
[CLIENT] sent ACK 54804
[CLIENT] sent ACK 54877
[CLIENT] sent ACK 54877
[CLIENT] sent ACK 54877
[CLIENT] sent ACK 55049
[CLIENT] sent ACK 55049
[CLIENT] sent ACK 55049
[CLIENT] sent ACK 55049
[CLIENT] sent ACK 55049
[CLIENT] sent ACK 55049
[CLIENT] sent ACK 55049
[CLIENT] sent ACK 55163
[CLIENT] sent ACK 55163
[CLIENT] sent ACK 55163
[CLIENT] sent ACK 55163
[CLIENT] sent ACK 55163
[CLIENT] sent ACK 55233
[CLIENT] sent ACK 55233
[CLIENT] sent ACK 55233
[CLIENT] sent ACK 55405
[CLIENT] sent ACK 55405
[CLIENT] sent ACK 55405
[CLIENT] sent ACK 55405
[CLIENT] sent ACK 55405
[CLIENT] sent ACK 55405
[CLIENT] sent ACK 55405
[CLIENT] sent ACK 55405
[CLIENT] sent ACK 55490
[CLIENT] sent ACK 55490
[CLIENT] sent ACK 55490
[CLIENT] sent ACK 55490
[CLIENT] sent ACK 55645
[CLIENT] sent ACK 55645
[CLIENT] sent ACK 55645
[CLIENT] sent ACK 55645
[CLIENT] sent ACK 55645
[CLIENT] sent ACK 55645
[CLIENT] sent ACK 55801
[CLIENT] sent ACK 55801
[CLIENT] sent ACK 55801
[CLIENT] sent ACK 55801
[CLIENT] sent ACK 55801
[CLIENT] sent ACK 55801
[CLIENT] sent ACK 55871
[CLIENT] sent ACK 55871
[CLIENT] sent ACK 55871
[CLIENT] sent ACK 55942
[CLIENT] sent ACK 55942
[CLIENT] sent ACK 55942
[CLIENT] sent ACK 56016
[CLIENT] sent ACK 56016
[CLIENT] sent ACK 56016
[CLIENT] sent ACK 56111
[CLIENT] sent ACK 56111
[CLIENT] sent ACK 56111
[CLIENT] sent ACK 56111
[CLIENT] sent ACK 56241
[CLIENT] sent ACK 56241
[CLIENT] sent ACK 56241
[CLIENT] sent ACK 56241
[CLIENT] sent ACK 56241
[CLIENT] sent ACK 56320
[CLIENT] sent ACK 56320
[CLIENT] sent ACK 56320
[CLIENT] sent ACK 56413
[CLIENT] sent ACK 56413
[CLIENT] sent ACK 56413
[CLIENT] sent ACK 56413
[CLIENT] sent ACK 56478
[CLIENT] sent ACK 56478
[CLIENT] sent ACK 56478
[CLIENT] sent ACK 56552
[CLIENT] sent ACK 56552
[CLIENT] sent ACK 56552
[CLIENT] sent ACK 56682
[CLIENT] sent ACK 56682
[CLIENT] sent ACK 56682
[CLIENT] sent ACK 56682
[CLIENT] sent ACK 56682
[CLIENT] sent ACK 56727
[CLIENT] sent ACK 56727
[CLIENT] sent ACK 56802
[CLIENT] sent ACK 56802
[CLIENT] sent ACK 56802
[CLIENT] sent ACK 56872
[CLIENT] sent ACK 56872
[CLIENT] sent ACK 56872
[CLIENT] sent ACK 56981
[CLIENT] sent ACK 56981
[CLIENT] sent ACK 56981
[CLIENT] sent ACK 56981
[CLIENT] sent ACK 56996
[CLIENT] sent ACK 57112
[CLIENT] sent ACK 57112
[CLIENT] sent ACK 57112
[CLIENT] sent ACK 57112
[CLIENT] sent ACK 57112
[CLIENT] sent ACK 57205
[CLIENT] sent ACK 57205
[CLIENT] sent ACK 57205
[CLIENT] sent ACK 57205
[CLIENT] sent ACK 57370
[CLIENT] sent ACK 57370
[CLIENT] sent ACK 57370
[CLIENT] sent ACK 57370
[CLIENT] sent ACK 57370
[CLIENT] sent ACK 57370
[CLIENT] sent ACK 57474
[CLIENT] sent ACK 57474
[CLIENT] sent ACK 57474
[CLIENT] sent ACK 57474
[CLIENT] sent ACK 57540
[CLIENT] sent ACK 57540
[CLIENT] sent ACK 57540
[CLIENT] sent ACK 57540
[CLIENT] sent ACK 57633
[CLIENT] sent ACK 57633
[CLIENT] sent ACK 57633
[CLIENT] sent ACK 57633
[CLIENT] sent ACK 57699
[CLIENT] sent ACK 57699
[CLIENT] sent ACK 57699
[CLIENT] sent ACK 57779
[CLIENT] sent ACK 57779
[CLIENT] sent ACK 57779
[CLIENT] sent ACK 57881
[CLIENT] sent ACK 57881
[CLIENT] sent ACK 57881
[CLIENT] sent ACK 57881
[CLIENT] sent ACK 57959
[CLIENT] sent ACK 57959
[CLIENT] sent ACK 57959
[CLIENT] sent ACK 58030
[CLIENT] sent ACK 58030
[CLIENT] sent ACK 58030
[CLIENT] sent ACK 58115
[CLIENT] sent ACK 58115
[CLIENT] sent ACK 58115
[CLIENT] sent ACK 58115
[CLIENT] sent ACK 58214
[CLIENT] sent ACK 58214
[CLIENT] sent ACK 58214
[CLIENT] sent ACK 58214
[CLIENT] sent ACK 58228
[CLIENT] sent ACK 58228
[CLIENT] sent ACK 58402
[CLIENT] sent ACK 58402
[CLIENT] sent ACK 58402
[CLIENT] sent ACK 58402
[CLIENT] sent ACK 58402
[CLIENT] sent ACK 58402
[CLIENT] sent ACK 58402
[CLIENT] sent ACK 58565
[CLIENT] sent ACK 58565
[CLIENT] sent ACK 58565
[CLIENT] sent ACK 58565
[CLIENT] sent ACK 58565
[CLIENT] sent ACK 58565
[CLIENT] sent ACK 58645
[CLIENT] sent ACK 58645
[CLIENT] sent ACK 58645
[CLIENT] sent ACK 58718
[CLIENT] sent ACK 58718
[CLIENT] sent ACK 58718
[CLIENT] sent ACK 58805
[CLIENT] sent ACK 58805
[CLIENT] sent ACK 58805
[CLIENT] sent ACK 58805
[CLIENT] sent ACK 58890
[CLIENT] sent ACK 58890
[CLIENT] sent ACK 58890
[CLIENT] sent ACK 58902
[CLIENT] sent ACK 58974
[CLIENT] sent ACK 58974
[CLIENT] sent ACK 58974
[CLIENT] sent ACK 59077
[CLIENT] sent ACK 59077
[CLIENT] sent ACK 59077
[CLIENT] sent ACK 59077
[CLIENT] sent ACK 59078
[CLIENT] sent ACK 59158
[CLIENT] sent ACK 59158
[CLIENT] sent ACK 59158
[CLIENT] sent ACK 59174
[CLIENT] sent ACK 59313
[CLIENT] sent ACK 59313
[CLIENT] sent ACK 59313
[CLIENT] sent ACK 59313
[CLIENT] sent ACK 59313
[CLIENT] sent ACK 59313
[CLIENT] sent ACK 59473
[CLIENT] sent ACK 59473
[CLIENT] sent ACK 59473
[CLIENT] sent ACK 59473
[CLIENT] sent ACK 59473
[CLIENT] sent ACK 59473
[CLIENT] sent ACK 59554
[CLIENT] sent ACK 59554
[CLIENT] sent ACK 59554
[CLIENT] sent ACK 59654
[CLIENT] sent ACK 59654
[CLIENT] sent ACK 59654
[CLIENT] sent ACK 59654
[CLIENT] sent ACK 59723
[CLIENT] sent ACK 59723
[CLIENT] sent ACK 59723
[CLIENT] sent ACK 59808
[CLIENT] sent ACK 59808
[CLIENT] sent ACK 59808
[CLIENT] sent ACK 59808
[CLIENT] sent ACK 59879
[CLIENT] sent ACK 59879
[CLIENT] sent ACK 59879
[CLIENT] sent ACK 59955
[CLIENT] sent ACK 59955
[CLIENT] sent ACK 59955
[CLIENT] sent ACK 60041
[CLIENT] sent ACK 60041
[CLIENT] sent ACK 60041
[CLIENT] sent ACK 60041
[CLIENT] sent ACK 60187
[CLIENT] sent ACK 60187
[CLIENT] sent ACK 60187
[CLIENT] sent ACK 60187
[CLIENT] sent ACK 60187
[CLIENT] sent ACK 60210
[CLIENT] sent ACK 60334
[CLIENT] sent ACK 60334
[CLIENT] sent ACK 60334
[CLIENT] sent ACK 60334
[CLIENT] sent ACK 60334
[CLIENT] sent ACK 60404
[CLIENT] sent ACK 60404
[CLIENT] sent ACK 60404
[CLIENT] sent ACK 60482
[CLIENT] sent ACK 60482
[CLIENT] sent ACK 60482
[CLIENT] sent ACK 60566
[CLIENT] sent ACK 60566
[CLIENT] sent ACK 60566
[CLIENT] sent ACK 60566
[CLIENT] sent ACK 60655
[CLIENT] sent ACK 60655
[CLIENT] sent ACK 60655
[CLIENT] sent ACK 60655
[CLIENT] sent ACK 60741
[CLIENT] sent ACK 60741
[CLIENT] sent ACK 60741
[CLIENT] sent ACK 60768
[CLIENT] sent ACK 60814
[CLIENT] sent ACK 60886
[CLIENT] sent ACK 60886
[CLIENT] sent ACK 60886
[CLIENT] sent ACK 60886
[CLIENT] sent ACK 60990
[CLIENT] sent ACK 60990
[CLIENT] sent ACK 60990
[CLIENT] sent ACK 60990
[CLIENT] sent ACK 61089
[CLIENT] sent ACK 61089
[CLIENT] sent ACK 61089
[CLIENT] sent ACK 61093
[CLIENT] sent ACK 61210
[CLIENT] sent ACK 61210
[CLIENT] sent ACK 61210
[CLIENT] sent ACK 61210
[CLIENT] sent ACK 61210
[CLIENT] sent ACK 61287
[CLIENT] sent ACK 61287
[CLIENT] sent ACK 61287
[CLIENT] sent ACK 61438
[CLIENT] sent ACK 61438
[CLIENT] sent ACK 61438
[CLIENT] sent ACK 61438
[CLIENT] sent ACK 61438
[CLIENT] sent ACK 61438
[CLIENT] sent ACK 61510
[CLIENT] sent ACK 61510
[CLIENT] sent ACK 61510
[CLIENT] sent ACK 61578
[CLIENT] sent ACK 61578
[CLIENT] sent ACK 61744
[CLIENT] sent ACK 61744
[CLIENT] sent ACK 61744
[CLIENT] sent ACK 61835
[CLIENT] sent ACK 61835
[CLIENT] sent ACK 61835
[CLIENT] sent ACK 61835
[CLIENT] sent ACK 61911
[CLIENT] sent ACK 61911
[CLIENT] sent ACK 61911
[CLIENT] sent ACK 62051
[CLIENT] sent ACK 62051
[CLIENT] sent ACK 62051
[CLIENT] sent ACK 62051
[CLIENT] sent ACK 62051
[CLIENT] sent ACK 62117
[CLIENT] sent ACK 62117
[CLIENT] sent ACK 62117
[CLIENT] sent ACK 62196
[CLIENT] sent ACK 62196
[CLIENT] sent ACK 62196
[CLIENT] sent ACK 62303
[CLIENT] sent ACK 62303
[CLIENT] sent ACK 62303
[CLIENT] sent ACK 62303
[CLIENT] sent ACK 62389
[CLIENT] sent ACK 62389
[CLIENT] sent ACK 62389
[CLIENT] sent ACK 62389
[CLIENT] sent ACK 62445
[CLIENT] sent ACK 62445
[CLIENT] sent ACK 62485
[CLIENT] sent ACK 62534
[CLIENT] sent ACK 62557
[CLIENT] sent ACK 62557
[CLIENT] sent ACK 62616
[CLIENT] sent ACK 62623
[CLIENT] sent ACK 62726
[CLIENT] sent ACK 62726
[CLIENT] sent ACK 62726
[CLIENT] sent ACK 62726
[CLIENT] sent ACK 62791
[CLIENT] sent ACK 62791
[CLIENT] sent ACK 62791
[CLIENT] sent ACK 62864
[CLIENT] sent ACK 62864
[CLIENT] sent ACK 62864
[CLIENT] sent ACK 62930
[CLIENT] sent ACK 62930
[CLIENT] sent ACK 62930
[CLIENT] sent ACK 63041
[CLIENT] sent ACK 63041
[CLIENT] sent ACK 63041
[CLIENT] sent ACK 63041
[CLIENT] sent ACK 63129
[CLIENT] sent ACK 63129
[CLIENT] sent ACK 63129
[CLIENT] sent ACK 63172
[CLIENT] sent ACK 63199
[CLIENT] sent ACK 63237
[CLIENT] sent ACK 63293
[CLIENT] sent ACK 63313
[CLIENT] sent ACK 63313
[CLIENT] sent ACK 63313
[CLIENT] sent ACK 63388
[CLIENT] sent ACK 63388
[CLIENT] sent ACK 63388
[CLIENT] sent ACK 63480
[CLIENT] sent ACK 63480
[CLIENT] sent ACK 63480
[CLIENT] sent ACK 63480
[CLIENT] sent ACK 63571
[CLIENT] sent ACK 63571
[CLIENT] sent ACK 63571
[CLIENT] sent ACK 63571
[CLIENT] sent ACK 63649
[CLIENT] sent ACK 63649
[CLIENT] sent ACK 63649
[CLIENT] sent ACK 63726
[CLIENT] sent ACK 63726
[CLIENT] sent ACK 63726
[CLIENT] sent ACK 63794
[CLIENT] sent ACK 63794
[CLIENT] sent ACK 63936
[CLIENT] sent ACK 63936
[CLIENT] sent ACK 63936
[CLIENT] sent ACK 63936
[CLIENT] sent ACK 63936
[CLIENT] sent ACK 63946
[CLIENT] sent ACK 63946
[CLIENT] sent ACK 64214
[CLIENT] sent ACK 64214
[CLIENT] sent ACK 64214
[CLIENT] sent ACK 64214
[CLIENT] sent ACK 64214
[CLIENT] sent ACK 64214
[CLIENT] sent ACK 64214
[CLIENT] sent ACK 64214
[CLIENT] sent ACK 64214
[CLIENT] sent ACK 64335
[CLIENT] sent ACK 64335
[CLIENT] sent ACK 64335
[CLIENT] sent ACK 64335
[CLIENT] sent ACK 64353
[CLIENT] sent ACK 64459
[CLIENT] sent ACK 64459
[CLIENT] sent ACK 64459
[CLIENT] sent ACK 64459
[CLIENT] sent ACK 64528
[CLIENT] sent ACK 64528
[CLIENT] sent ACK 64528
[CLIENT] sent ACK 64612
[CLIENT] sent ACK 64612
[CLIENT] sent ACK 64612
[CLIENT] sent ACK 64612
[CLIENT] sent ACK 64686
[CLIENT] sent ACK 64686
[CLIENT] sent ACK 64686
[CLIENT] sent ACK 64796
[CLIENT] sent ACK 64796
[CLIENT] sent ACK 64796
[CLIENT] sent ACK 64796
[CLIENT] sent ACK 64865
[CLIENT] sent ACK 64865
[CLIENT] sent ACK 64865
[CLIENT] sent ACK 64938
[CLIENT] sent ACK 64938
[CLIENT] sent ACK 64938
[CLIENT] sent ACK 65057
[CLIENT] sent ACK 65057
[CLIENT] sent ACK 65057
[CLIENT] sent ACK 65057
[CLIENT] sent ACK 65057
[CLIENT] sent ACK 65082
[CLIENT] sent ACK 65167
[CLIENT] sent ACK 65167
[CLIENT] sent ACK 65167
[CLIENT] sent ACK 65291
[CLIENT] sent ACK 65291
[CLIENT] sent ACK 65291
[CLIENT] sent ACK 65291
[CLIENT] sent ACK 65291
[CLIENT] sent ACK 65381
[CLIENT] sent ACK 65381
[CLIENT] sent ACK 65381
[CLIENT] sent ACK 65381
[CLIENT] sent ACK 65458
[CLIENT] sent ACK 65458
[CLIENT] sent ACK 65458
[CLIENT] sent ACK 65559
[CLIENT] sent ACK 65559
[CLIENT] sent ACK 65559
[CLIENT] sent ACK 65559
[CLIENT] sent ACK 65625
[CLIENT] sent ACK 65625
[CLIENT] sent ACK 65625
[CLIENT] sent ACK 65693
[CLIENT] sent ACK 65693
[CLIENT] sent ACK 65693
[CLIENT] sent ACK 65761
[CLIENT] sent ACK 65761
[CLIENT] sent ACK 65761
[CLIENT] sent ACK 65880
[CLIENT] sent ACK 65880
[CLIENT] sent ACK 65880
[CLIENT] sent ACK 65880
[CLIENT] sent ACK 65880
[CLIENT] sent ACK 65946
[CLIENT] sent ACK 65946
[CLIENT] sent ACK 65946
[CLIENT] sent ACK 66041
[CLIENT] sent ACK 66041
[CLIENT] sent ACK 66041
[CLIENT] sent ACK 66041
[CLIENT] sent ACK 66142
[CLIENT] sent ACK 66142
[CLIENT] sent ACK 66142
[CLIENT] sent ACK 66142
[CLIENT] sent ACK 66209
[CLIENT] sent ACK 66209
[CLIENT] sent ACK 66209
[CLIENT] sent ACK 66415
[CLIENT] sent ACK 66415
[CLIENT] sent ACK 66415
[CLIENT] sent ACK 66415
[CLIENT] sent ACK 66415
[CLIENT] sent ACK 66415
[CLIENT] sent ACK 66415
[CLIENT] sent ACK 66415
[CLIENT] sent ACK 66484
[CLIENT] sent ACK 66484
[CLIENT] sent ACK 66484
[CLIENT] sent ACK 66585
[CLIENT] sent ACK 66585
[CLIENT] sent ACK 66585
[CLIENT] sent ACK 66585
[CLIENT] sent ACK 66707
[CLIENT] sent ACK 66707
[CLIENT] sent ACK 66707
[CLIENT] sent ACK 66707
[CLIENT] sent ACK 66707
[CLIENT] sent ACK 66823
[CLIENT] sent ACK 66823
[CLIENT] sent ACK 66823
[CLIENT] sent ACK 66823
[CLIENT] sent ACK 66823
[CLIENT] sent ACK 66949
[CLIENT] sent ACK 66949
[CLIENT] sent ACK 66949
[CLIENT] sent ACK 66949
[CLIENT] sent ACK 66949
[CLIENT] sent ACK 67012
[CLIENT] sent ACK 67012
[CLIENT] sent ACK 67012
[CLIENT] sent ACK 67077
[CLIENT] sent ACK 67077
[CLIENT] sent ACK 67077
[CLIENT] sent ACK 67155
[CLIENT] sent ACK 67155
[CLIENT] sent ACK 67155
[CLIENT] sent ACK 67342
[CLIENT] sent ACK 67342
[CLIENT] sent ACK 67342
[CLIENT] sent ACK 67342
[CLIENT] sent ACK 67342
[CLIENT] sent ACK 67342
[CLIENT] sent ACK 67342
[CLIENT] sent ACK 67351
[CLIENT] sent ACK 67351
[CLIENT] sent ACK 67437
[CLIENT] sent ACK 67437
[CLIENT] sent ACK 67437
[CLIENT] sent ACK 67437
[CLIENT] sent ACK 67513
[CLIENT] sent ACK 67513
[CLIENT] sent ACK 67513
[CLIENT] sent ACK 67669
[CLIENT] sent ACK 67669
[CLIENT] sent ACK 67669
[CLIENT] sent ACK 67669
[CLIENT] sent ACK 67669
[CLIENT] sent ACK 67669
[CLIENT] sent ACK 67753
[CLIENT] sent ACK 67753
[CLIENT] sent ACK 67753
[CLIENT] sent ACK 67847
[CLIENT] sent ACK 67847
[CLIENT] sent ACK 67847
[CLIENT] sent ACK 67847
[CLIENT] sent ACK 67917
[CLIENT] sent ACK 67917
[CLIENT] sent ACK 67917
[CLIENT] sent ACK 67990
[CLIENT] sent ACK 67990
[CLIENT] sent ACK 67990
[CLIENT] sent ACK 68072
[CLIENT] sent ACK 68072
[CLIENT] sent ACK 68072
[CLIENT] sent ACK 68152
[CLIENT] sent ACK 68152
[CLIENT] sent ACK 68152
[CLIENT] sent ACK 68220
[CLIENT] sent ACK 68220
[CLIENT] sent ACK 68220
[CLIENT] sent ACK 68305
[CLIENT] sent ACK 68305
[CLIENT] sent ACK 68305
[CLIENT] sent ACK 68393
[CLIENT] sent ACK 68393
[CLIENT] sent ACK 68393
[CLIENT] sent ACK 68393
[CLIENT] sent ACK 68422
[CLIENT] sent ACK 68422
[CLIENT] sent ACK 68514
[CLIENT] sent ACK 68514
[CLIENT] sent ACK 68514
[CLIENT] sent ACK 68514
[CLIENT] sent ACK 68597
[CLIENT] sent ACK 68597
[CLIENT] sent ACK 68597
[CLIENT] sent ACK 68673
[CLIENT] sent ACK 68673
[CLIENT] sent ACK 68673
[CLIENT] sent ACK 68760
[CLIENT] sent ACK 68760
[CLIENT] sent ACK 68760
[CLIENT] sent ACK 68760
[CLIENT] sent ACK 68764
[CLIENT] sent ACK 68859
[CLIENT] sent ACK 68859
[CLIENT] sent ACK 68859
[CLIENT] sent ACK 68859
[CLIENT] sent ACK 68926
[CLIENT] sent ACK 68926
[CLIENT] sent ACK 68926
[CLIENT] sent ACK 69007
[CLIENT] sent ACK 69007
[CLIENT] sent ACK 69007
[CLIENT] sent ACK 69110
[CLIENT] sent ACK 69110
[CLIENT] sent ACK 69110
[CLIENT] sent ACK 69110
[CLIENT] sent ACK 69236
[CLIENT] sent ACK 69236
[CLIENT] sent ACK 69236
[CLIENT] sent ACK 69236
[CLIENT] sent ACK 69236
[CLIENT] sent ACK 69318
[CLIENT] sent ACK 69318
[CLIENT] sent ACK 69318
[CLIENT] sent ACK 69386
[CLIENT] sent ACK 69386
[CLIENT] sent ACK 69386
[CLIENT] sent ACK 69468
[CLIENT] sent ACK 69468
[CLIENT] sent ACK 69468
[CLIENT] sent ACK 69552
[CLIENT] sent ACK 69552
[CLIENT] sent ACK 69552
[CLIENT] sent ACK 69628
[CLIENT] sent ACK 69628
[CLIENT] sent ACK 69628
[CLIENT] sent ACK 69703
[CLIENT] sent ACK 69703
[CLIENT] sent ACK 69703
[CLIENT] sent ACK 69852
[CLIENT] sent ACK 69852
[CLIENT] sent ACK 69852
[CLIENT] sent ACK 69852
[CLIENT] sent ACK 69852
[CLIENT] sent ACK 69852
[CLIENT] sent ACK 69932
[CLIENT] sent ACK 69932
[CLIENT] sent ACK 69932
[CLIENT] sent ACK 70017
[CLIENT] sent ACK 70017
[CLIENT] sent ACK 70017
[CLIENT] sent ACK 70057
[CLIENT] sent ACK 70120
[CLIENT] sent ACK 70196
[CLIENT] sent ACK 70196
[CLIENT] sent ACK 70196
[CLIENT] sent ACK 70196
[CLIENT] sent ACK 70196
[CLIENT] sent ACK 70270
[CLIENT] sent ACK 70270
[CLIENT] sent ACK 70270
[CLIENT] sent ACK 70391
[CLIENT] sent ACK 70391
[CLIENT] sent ACK 70391
[CLIENT] sent ACK 70391
[CLIENT] sent ACK 70391
[CLIENT] sent ACK 70479
[CLIENT] sent ACK 70479
[CLIENT] sent ACK 70479
[CLIENT] sent ACK 70479
[CLIENT] sent ACK 70546
[CLIENT] sent ACK 70546
[CLIENT] sent ACK 70546
[CLIENT] sent ACK 70616
[CLIENT] sent ACK 70616
[CLIENT] sent ACK 70616
[CLIENT] sent ACK 70795
[CLIENT] sent ACK 70795
[CLIENT] sent ACK 70795
[CLIENT] sent ACK 70795
[CLIENT] sent ACK 70795
[CLIENT] sent ACK 70795
[CLIENT] sent ACK 70795
[CLIENT] sent ACK 70938
[CLIENT] sent ACK 70938
[CLIENT] sent ACK 70938
[CLIENT] sent ACK 70938
[CLIENT] sent ACK 70938
[CLIENT] sent ACK 70961
[CLIENT] sent ACK 71078
[CLIENT] sent ACK 71078
[CLIENT] sent ACK 71078
[CLIENT] sent ACK 71078
[CLIENT] sent ACK 71078
[CLIENT] sent ACK 71143
[CLIENT] sent ACK 71143
[CLIENT] sent ACK 71143
[CLIENT] sent ACK 71229
[CLIENT] sent ACK 71229
[CLIENT] sent ACK 71229
[CLIENT] sent ACK 71229
[CLIENT] sent ACK 71300
[CLIENT] sent ACK 71300
[CLIENT] sent ACK 71300
[CLIENT] sent ACK 71385
[CLIENT] sent ACK 71385
[CLIENT] sent ACK 71385
[CLIENT] sent ACK 71394
[CLIENT] sent ACK 71514
[CLIENT] sent ACK 71514
[CLIENT] sent ACK 71514
[CLIENT] sent ACK 71514
[CLIENT] sent ACK 71514
[CLIENT] sent ACK 71583
[CLIENT] sent ACK 71583
[CLIENT] sent ACK 71583
[CLIENT] sent ACK 71666
[CLIENT] sent ACK 71666
[CLIENT] sent ACK 71666
[CLIENT] sent ACK 71763
[CLIENT] sent ACK 71763
[CLIENT] sent ACK 71763
[CLIENT] sent ACK 71763
[CLIENT] sent ACK 71831
[CLIENT] sent ACK 71831
[CLIENT] sent ACK 71831
[CLIENT] sent ACK 71959
[CLIENT] sent ACK 71959
[CLIENT] sent ACK 71959
[CLIENT] sent ACK 71959
[CLIENT] sent ACK 71959
[CLIENT] sent ACK 71987
[CLIENT] sent ACK 71987
[CLIENT] sent ACK 72056
[CLIENT] sent ACK 72056
[CLIENT] sent ACK 72056
[CLIENT] sent ACK 72163
[CLIENT] sent ACK 72163
[CLIENT] sent ACK 72163
[CLIENT] sent ACK 72163
[CLIENT] sent ACK 72266
[CLIENT] sent ACK 72266
[CLIENT] sent ACK 72266
[CLIENT] sent ACK 72266
[CLIENT] sent ACK 72332
[CLIENT] sent ACK 72332
[CLIENT] sent ACK 72332
[CLIENT] sent ACK 72421
[CLIENT] sent ACK 72421
[CLIENT] sent ACK 72421
[CLIENT] sent ACK 72421
[CLIENT] sent ACK 72524
[CLIENT] sent ACK 72524
[CLIENT] sent ACK 72524
[CLIENT] sent ACK 72524
[CLIENT] sent ACK 72625
[CLIENT] sent ACK 72625
[CLIENT] sent ACK 72625
[CLIENT] sent ACK 72625
[CLIENT] sent ACK 72733
[CLIENT] sent ACK 72733
[CLIENT] sent ACK 72733
[CLIENT] sent ACK 72733
[CLIENT] sent ACK 72813
[CLIENT] sent ACK 72813
[CLIENT] sent ACK 72813
[CLIENT] sent ACK 72866
[CLIENT] sent ACK 72926
[CLIENT] sent ACK 73163
[CLIENT] sent ACK 73163
[CLIENT] sent ACK 73163
[CLIENT] sent ACK 73163
[CLIENT] sent ACK 73163
[CLIENT] sent ACK 73163
[CLIENT] sent ACK 73163
[CLIENT] sent ACK 73163
[CLIENT] sent ACK 73163
[CLIENT] sent ACK 73163
[CLIENT] sent ACK 73163
[CLIENT] sent ACK 73268
[CLIENT] sent ACK 73268
[CLIENT] sent ACK 73268
[CLIENT] sent ACK 73268
[CLIENT] sent ACK 73336
[CLIENT] sent ACK 73336
[CLIENT] sent ACK 73336
[CLIENT] sent ACK 73438
[CLIENT] sent ACK 73438
[CLIENT] sent ACK 73438
[CLIENT] sent ACK 73438
[CLIENT] sent ACK 73518
[CLIENT] sent ACK 73518
[CLIENT] sent ACK 73518
[CLIENT] sent ACK 73643
[CLIENT] sent ACK 73643
[CLIENT] sent ACK 73643
[CLIENT] sent ACK 73643
[CLIENT] sent ACK 73643
[CLIENT] sent ACK 73696
[CLIENT] sent ACK 73696
[CLIENT] sent ACK 73778
[CLIENT] sent ACK 73778
[CLIENT] sent ACK 73778
[CLIENT] sent ACK 73853
[CLIENT] sent ACK 73853
[CLIENT] sent ACK 73853
[CLIENT] sent ACK 73961
[CLIENT] sent ACK 73961
[CLIENT] sent ACK 73961
[CLIENT] sent ACK 73961
[CLIENT] sent ACK 74104
[CLIENT] sent ACK 74104
[CLIENT] sent ACK 74104
[CLIENT] sent ACK 74104
[CLIENT] sent ACK 74104
[CLIENT] sent ACK 74159
[CLIENT] sent ACK 74159
[CLIENT] sent ACK 74186
[CLIENT] sent ACK 74186
[CLIENT] sent ACK 74264
[CLIENT] sent ACK 74264
[CLIENT] sent ACK 74264
[CLIENT] sent ACK 74381
[CLIENT] sent ACK 74381
[CLIENT] sent ACK 74381
[CLIENT] sent ACK 74381
[CLIENT] sent ACK 74381
[CLIENT] sent ACK 74479
[CLIENT] sent ACK 74550
[CLIENT] sent ACK 74572
[CLIENT] sent ACK 74572
[CLIENT] sent ACK 74645
[CLIENT] sent ACK 74715
[CLIENT] sent ACK 74782
[CLIENT] sent ACK 74873
[CLIENT] sent ACK 74899
[CLIENT] sent ACK 74900

==================================================
CLIENT REPORT
==================================================
Security enabled (PSK + AEAD):            No
Handshake status:                         Fail
Size of the transferred file:             104857600 bytes
Number of packets received from server:   74977
Number of duplicate packets:              78
Replay drops:                             78
Number of out-of-order packets:           72725
Number of packets with checksum errors:   0
Time duration of the file transfer:       00:00:34
Received file MD5:                        2f282b84e7e608d5852449ed940bfc51
AEAD authentication failures:             0
SHA-256 match:                            No
==================================================

[CLIENT] Report saved to client_report.txt
[CLIENT] file saved as received_test_100mb_file
real 37.64
user 0.06
sys 0.11

Script done on 2026-04-22 15:55:01+00:00 [COMMAND_EXIT_CODE="0"]
