Script started on 2026-04-22 16:14:51+00:00 [COMMAND="cd ~/secure-reliable-file-fransfer && { /usr/bin/time -p sudo PYTHONPATH=. python3 -u main.py --mode client --config config_phase1.json --file ./gdrive-folder/test_100mb_file; } 2>&1" TERM="xterm-256color" TTY="/dev/pts/0" COLUMNS="222" LINES="30"]
[CLIENT] running on 172.31.64.201:50000
[CLIENT] talking to server 172.31.77.14:50000
[CLIENT] requested file: ./gdrive-folder/test_100mb_file
[CLIENT] sent ACK 9
[CLIENT] sent ACK 20
[CLIENT] sent ACK 20
[CLIENT] sent ACK 20
[CLIENT] sent ACK 20
[CLIENT] sent ACK 20
[CLIENT] sent ACK 20
[CLIENT] sent ACK 20
[CLIENT] sent ACK 20
[CLIENT] sent ACK 20
[CLIENT] sent ACK 20
[CLIENT] sent ACK 20
[CLIENT] sent ACK 20
[CLIENT] sent ACK 20
[CLIENT] sent ACK 20
[CLIENT] sent ACK 20
[CLIENT] sent ACK 20
[CLIENT] sent ACK 20
[CLIENT] sent ACK 20
[CLIENT] sent ACK 85
[CLIENT] sent ACK 85
[CLIENT] sent ACK 85
[CLIENT] sent ACK 173
[CLIENT] sent ACK 173
[CLIENT] sent ACK 173
[CLIENT] sent ACK 173
[CLIENT] sent ACK 242
[CLIENT] sent ACK 242
[CLIENT] sent ACK 242
[CLIENT] sent ACK 350
[CLIENT] sent ACK 350
[CLIENT] sent ACK 350
[CLIENT] sent ACK 350
[CLIENT] sent ACK 569
[CLIENT] sent ACK 569
[CLIENT] sent ACK 569
[CLIENT] sent ACK 569
[CLIENT] sent ACK 569
[CLIENT] sent ACK 569
[CLIENT] sent ACK 569
[CLIENT] sent ACK 569
[CLIENT] sent ACK 660
[CLIENT] sent ACK 660
[CLIENT] sent ACK 660
[CLIENT] sent ACK 660
[CLIENT] sent ACK 741
[CLIENT] sent ACK 741
[CLIENT] sent ACK 741
[CLIENT] sent ACK 805
[CLIENT] sent ACK 805
[CLIENT] sent ACK 805
[CLIENT] sent ACK 891
[CLIENT] sent ACK 891
[CLIENT] sent ACK 891
[CLIENT] sent ACK 891
[CLIENT] sent ACK 952
[CLIENT] sent ACK 952
[CLIENT] sent ACK 952
[CLIENT] sent ACK 1076
[CLIENT] sent ACK 1076
[CLIENT] sent ACK 1076
[CLIENT] sent ACK 1076
[CLIENT] sent ACK 1076
[CLIENT] sent ACK 1150
[CLIENT] sent ACK 1150
[CLIENT] sent ACK 1150
[CLIENT] sent ACK 1235
[CLIENT] sent ACK 1235
[CLIENT] sent ACK 1235
[CLIENT] sent ACK 1235
[CLIENT] sent ACK 1303
[CLIENT] sent ACK 1303
[CLIENT] sent ACK 1303
[CLIENT] sent ACK 1373
[CLIENT] sent ACK 1373
[CLIENT] sent ACK 1373
[CLIENT] sent ACK 1456
[CLIENT] sent ACK 1456
[CLIENT] sent ACK 1456
[CLIENT] sent ACK 1456
[CLIENT] sent ACK 1533
[CLIENT] sent ACK 1533
[CLIENT] sent ACK 1533
[CLIENT] sent ACK 1579
[CLIENT] sent ACK 1579
[CLIENT] sent ACK 1653
[CLIENT] sent ACK 1653
[CLIENT] sent ACK 1741
[CLIENT] sent ACK 1741
[CLIENT] sent ACK 1741
[CLIENT] sent ACK 1741
[CLIENT] sent ACK 1780
[CLIENT] sent ACK 1780
[CLIENT] sent ACK 1855
[CLIENT] sent ACK 1855
[CLIENT] sent ACK 1855
[CLIENT] sent ACK 1866
[CLIENT] sent ACK 1866
[CLIENT] sent ACK 1969
[CLIENT] sent ACK 1969
[CLIENT] sent ACK 1969
[CLIENT] sent ACK 1969
[CLIENT] sent ACK 2041
[CLIENT] sent ACK 2041
[CLIENT] sent ACK 2041
[CLIENT] sent ACK 2108
[CLIENT] sent ACK 2108
[CLIENT] sent ACK 2108
[CLIENT] sent ACK 2176
[CLIENT] sent ACK 2176
[CLIENT] sent ACK 2176
[CLIENT] sent ACK 2275
[CLIENT] sent ACK 2275
[CLIENT] sent ACK 2275
[CLIENT] sent ACK 2275
[CLIENT] sent ACK 2421
[CLIENT] sent ACK 2421
[CLIENT] sent ACK 2421
[CLIENT] sent ACK 2421
[CLIENT] sent ACK 2421
[CLIENT] sent ACK 2421
[CLIENT] sent ACK 2435
[CLIENT] sent ACK 2519
[CLIENT] sent ACK 2519
[CLIENT] sent ACK 2519
[CLIENT] sent ACK 2519
[CLIENT] sent ACK 2587
[CLIENT] sent ACK 2587
[CLIENT] sent ACK 2587
[CLIENT] sent ACK 2652
[CLIENT] sent ACK 2652
[CLIENT] sent ACK 2652
[CLIENT] sent ACK 2730
[CLIENT] sent ACK 2730
[CLIENT] sent ACK 2730
[CLIENT] sent ACK 2843
[CLIENT] sent ACK 2843
[CLIENT] sent ACK 2843
[CLIENT] sent ACK 2843
[CLIENT] sent ACK 2843
[CLIENT] sent ACK 2922
[CLIENT] sent ACK 2922
[CLIENT] sent ACK 2922
[CLIENT] sent ACK 2959
[CLIENT] sent ACK 3055
[CLIENT] sent ACK 3055
[CLIENT] sent ACK 3055
[CLIENT] sent ACK 3055
[CLIENT] sent ACK 3119
[CLIENT] sent ACK 3119
[CLIENT] sent ACK 3119
[CLIENT] sent ACK 3220
[CLIENT] sent ACK 3220
[CLIENT] sent ACK 3220
[CLIENT] sent ACK 3220
[CLIENT] sent ACK 3309
[CLIENT] sent ACK 3309
[CLIENT] sent ACK 3309
[CLIENT] sent ACK 3309
[CLIENT] sent ACK 3320
[CLIENT] sent ACK 3400
[CLIENT] sent ACK 3400
[CLIENT] sent ACK 3400
[CLIENT] sent ACK 3404
[CLIENT] sent ACK 3404
[CLIENT] sent ACK 3491
[CLIENT] sent ACK 3491
[CLIENT] sent ACK 3491
[CLIENT] sent ACK 3491
[CLIENT] sent ACK 3566
[CLIENT] sent ACK 3566
[CLIENT] sent ACK 3566
[CLIENT] sent ACK 3695
[CLIENT] sent ACK 3695
[CLIENT] sent ACK 3695
[CLIENT] sent ACK 3695
[CLIENT] sent ACK 3695
[CLIENT] sent ACK 3809
[CLIENT] sent ACK 3809
[CLIENT] sent ACK 3809
[CLIENT] sent ACK 3809
[CLIENT] sent ACK 3827
[CLIENT] sent ACK 3898
[CLIENT] sent ACK 3898
[CLIENT] sent ACK 3898
[CLIENT] sent ACK 4016
[CLIENT] sent ACK 4016
[CLIENT] sent ACK 4016
[CLIENT] sent ACK 4016
[CLIENT] sent ACK 4016
[CLIENT] sent ACK 4084
[CLIENT] sent ACK 4084
[CLIENT] sent ACK 4084
[CLIENT] sent ACK 4166
[CLIENT] sent ACK 4166
[CLIENT] sent ACK 4166
[CLIENT] sent ACK 4212
[CLIENT] sent ACK 4288
[CLIENT] sent ACK 4288
[CLIENT] sent ACK 4288
[CLIENT] sent ACK 4288
[CLIENT] sent ACK 4367
[CLIENT] sent ACK 4367
[CLIENT] sent ACK 4367
[CLIENT] sent ACK 4515
[CLIENT] sent ACK 4515
[CLIENT] sent ACK 4515
[CLIENT] sent ACK 4515
[CLIENT] sent ACK 4515
[CLIENT] sent ACK 4515
[CLIENT] sent ACK 4602
[CLIENT] sent ACK 4602
[CLIENT] sent ACK 4602
[CLIENT] sent ACK 4602
[CLIENT] sent ACK 4667
[CLIENT] sent ACK 4667
[CLIENT] sent ACK 4667
[CLIENT] sent ACK 4779
[CLIENT] sent ACK 4779
[CLIENT] sent ACK 4779
[CLIENT] sent ACK 4779
[CLIENT] sent ACK 4779
[CLIENT] sent ACK 4846
[CLIENT] sent ACK 4846
[CLIENT] sent ACK 4846
[CLIENT] sent ACK 4950
[CLIENT] sent ACK 4950
[CLIENT] sent ACK 4950
[CLIENT] sent ACK 4950
[CLIENT] sent ACK 5024
[CLIENT] sent ACK 5024
[CLIENT] sent ACK 5024
[CLIENT] sent ACK 5095
[CLIENT] sent ACK 5095
[CLIENT] sent ACK 5095
[CLIENT] sent ACK 5166
[CLIENT] sent ACK 5166
[CLIENT] sent ACK 5166
[CLIENT] sent ACK 5237
[CLIENT] sent ACK 5237
[CLIENT] sent ACK 5237
[CLIENT] sent ACK 5302
[CLIENT] sent ACK 5302
[CLIENT] sent ACK 5302
[CLIENT] sent ACK 5379
[CLIENT] sent ACK 5379
[CLIENT] sent ACK 5379
[CLIENT] sent ACK 5456
[CLIENT] sent ACK 5456
[CLIENT] sent ACK 5456
[CLIENT] sent ACK 5529
[CLIENT] sent ACK 5529
[CLIENT] sent ACK 5529
[CLIENT] sent ACK 5597
[CLIENT] sent ACK 5597
[CLIENT] sent ACK 5597
[CLIENT] sent ACK 5740
[CLIENT] sent ACK 5740
[CLIENT] sent ACK 5740
[CLIENT] sent ACK 5740
[CLIENT] sent ACK 5740
[CLIENT] sent ACK 5777
[CLIENT] sent ACK 5825
[CLIENT] sent ACK 5834
[CLIENT] sent ACK 5834
[CLIENT] sent ACK 5901
[CLIENT] sent ACK 5901
[CLIENT] sent ACK 5901
[CLIENT] sent ACK 5975
[CLIENT] sent ACK 5975
[CLIENT] sent ACK 5975
[CLIENT] sent ACK 6048
[CLIENT] sent ACK 6048
[CLIENT] sent ACK 6048
[CLIENT] sent ACK 6132
[CLIENT] sent ACK 6132
[CLIENT] sent ACK 6132
[CLIENT] sent ACK 6132
[CLIENT] sent ACK 6200
[CLIENT] sent ACK 6200
[CLIENT] sent ACK 6200
[CLIENT] sent ACK 6265
[CLIENT] sent ACK 6265
[CLIENT] sent ACK 6265
[CLIENT] sent ACK 6333
[CLIENT] sent ACK 6333
[CLIENT] sent ACK 6333
[CLIENT] sent ACK 6420
[CLIENT] sent ACK 6420
[CLIENT] sent ACK 6420
[CLIENT] sent ACK 6420
[CLIENT] sent ACK 6505
[CLIENT] sent ACK 6505
[CLIENT] sent ACK 6505
[CLIENT] sent ACK 6505
[CLIENT] sent ACK 6586
[CLIENT] sent ACK 6586
[CLIENT] sent ACK 6586
[CLIENT] sent ACK 6635
[CLIENT] sent ACK 6645
[CLIENT] sent ACK 6706
[CLIENT] sent ACK 6713
[CLIENT] sent ACK 6713
[CLIENT] sent ACK 6763
[CLIENT] sent ACK 6763
[CLIENT] sent ACK 6854
[CLIENT] sent ACK 6854
[CLIENT] sent ACK 6854
[CLIENT] sent ACK 6854
[CLIENT] sent ACK 6932
[CLIENT] sent ACK 6932
[CLIENT] sent ACK 6932
[CLIENT] sent ACK 6998
[CLIENT] sent ACK 6998
[CLIENT] sent ACK 6998
[CLIENT] sent ACK 7067
[CLIENT] sent ACK 7067
[CLIENT] sent ACK 7067
[CLIENT] sent ACK 7142
[CLIENT] sent ACK 7142
[CLIENT] sent ACK 7142
[CLIENT] sent ACK 7224
[CLIENT] sent ACK 7224
[CLIENT] sent ACK 7224
[CLIENT] sent ACK 7263
[CLIENT] sent ACK 7301
[CLIENT] sent ACK 7357
[CLIENT] sent ACK 7357
[CLIENT] sent ACK 7475
[CLIENT] sent ACK 7475
[CLIENT] sent ACK 7475
[CLIENT] sent ACK 7475
[CLIENT] sent ACK 7475
[CLIENT] sent ACK 7477
[CLIENT] sent ACK 7547
[CLIENT] sent ACK 7547
[CLIENT] sent ACK 7547
[CLIENT] sent ACK 7643
[CLIENT] sent ACK 7643
[CLIENT] sent ACK 7643
[CLIENT] sent ACK 7643
[CLIENT] sent ACK 7709
[CLIENT] sent ACK 7709
[CLIENT] sent ACK 7709
[CLIENT] sent ACK 7827
[CLIENT] sent ACK 7827
[CLIENT] sent ACK 7827
[CLIENT] sent ACK 7827
[CLIENT] sent ACK 7827
[CLIENT] sent ACK 7897
[CLIENT] sent ACK 7897
[CLIENT] sent ACK 7897
[CLIENT] sent ACK 7973
[CLIENT] sent ACK 7973
[CLIENT] sent ACK 7973
[CLIENT] sent ACK 8079
[CLIENT] sent ACK 8079
[CLIENT] sent ACK 8079
[CLIENT] sent ACK 8079
[CLIENT] sent ACK 8155
[CLIENT] sent ACK 8155
[CLIENT] sent ACK 8155
[CLIENT] sent ACK 8243
[CLIENT] sent ACK 8243
[CLIENT] sent ACK 8243
[CLIENT] sent ACK 8243
[CLIENT] sent ACK 8344
[CLIENT] sent ACK 8344
[CLIENT] sent ACK 8344
[CLIENT] sent ACK 8344
[CLIENT] sent ACK 8438
[CLIENT] sent ACK 8438
[CLIENT] sent ACK 8438
[CLIENT] sent ACK 8438
[CLIENT] sent ACK 8517
[CLIENT] sent ACK 8517
[CLIENT] sent ACK 8517
[CLIENT] sent ACK 8596
[CLIENT] sent ACK 8596
[CLIENT] sent ACK 8596
[CLIENT] sent ACK 8708
[CLIENT] sent ACK 8708
[CLIENT] sent ACK 8708
[CLIENT] sent ACK 8708
[CLIENT] sent ACK 8730
[CLIENT] sent ACK 8798
[CLIENT] sent ACK 8798
[CLIENT] sent ACK 8798
[CLIENT] sent ACK 8875
[CLIENT] sent ACK 8875
[CLIENT] sent ACK 8875
[CLIENT] sent ACK 8973
[CLIENT] sent ACK 8973
[CLIENT] sent ACK 8973
[CLIENT] sent ACK 8973
[CLIENT] sent ACK 9001
[CLIENT] sent ACK 9001
[CLIENT] sent ACK 9068
[CLIENT] sent ACK 9068
[CLIENT] sent ACK 9068
[CLIENT] sent ACK 9137
[CLIENT] sent ACK 9137
[CLIENT] sent ACK 9137
[CLIENT] sent ACK 9202
[CLIENT] sent ACK 9202
[CLIENT] sent ACK 9202
[CLIENT] sent ACK 9276
[CLIENT] sent ACK 9276
[CLIENT] sent ACK 9276
[CLIENT] sent ACK 9343
[CLIENT] sent ACK 9343
[CLIENT] sent ACK 9343
[CLIENT] sent ACK 9436
[CLIENT] sent ACK 9436
[CLIENT] sent ACK 9436
[CLIENT] sent ACK 9436
[CLIENT] sent ACK 9526
[CLIENT] sent ACK 9526
[CLIENT] sent ACK 9526
[CLIENT] sent ACK 9526
[CLIENT] sent ACK 9590
[CLIENT] sent ACK 9590
[CLIENT] sent ACK 9590
[CLIENT] sent ACK 9640
[CLIENT] sent ACK 9640
[CLIENT] sent ACK 9709
[CLIENT] sent ACK 9709
[CLIENT] sent ACK 9709
[CLIENT] sent ACK 9785
[CLIENT] sent ACK 9785
[CLIENT] sent ACK 9785
[CLIENT] sent ACK 9898
[CLIENT] sent ACK 9898
[CLIENT] sent ACK 9898
[CLIENT] sent ACK 9898
[CLIENT] sent ACK 9898
[CLIENT] sent ACK 9986
[CLIENT] sent ACK 9986
[CLIENT] sent ACK 9986
[CLIENT] sent ACK 9986
[CLIENT] sent ACK 10061
[CLIENT] sent ACK 10061
[CLIENT] sent ACK 10061
[CLIENT] sent ACK 10143
[CLIENT] sent ACK 10143
[CLIENT] sent ACK 10143
[CLIENT] sent ACK 10148
[CLIENT] sent ACK 10252
[CLIENT] sent ACK 10252
[CLIENT] sent ACK 10252
[CLIENT] sent ACK 10252
[CLIENT] sent ACK 10320
[CLIENT] sent ACK 10320
[CLIENT] sent ACK 10320
[CLIENT] sent ACK 10435
[CLIENT] sent ACK 10435
[CLIENT] sent ACK 10435
[CLIENT] sent ACK 10435
[CLIENT] sent ACK 10435
[CLIENT] sent ACK 10499
[CLIENT] sent ACK 10499
[CLIENT] sent ACK 10499
[CLIENT] sent ACK 10615
[CLIENT] sent ACK 10615
[CLIENT] sent ACK 10615
[CLIENT] sent ACK 10615
[CLIENT] sent ACK 10615
[CLIENT] sent ACK 10691
[CLIENT] sent ACK 10691
[CLIENT] sent ACK 10691
[CLIENT] sent ACK 10691
[CLIENT] sent ACK 10768
[CLIENT] sent ACK 10768
[CLIENT] sent ACK 10768
[CLIENT] sent ACK 10874
[CLIENT] sent ACK 10874
[CLIENT] sent ACK 10874
[CLIENT] sent ACK 10874
[CLIENT] sent ACK 10991
[CLIENT] sent ACK 10991
[CLIENT] sent ACK 10991
[CLIENT] sent ACK 10991
[CLIENT] sent ACK 10991
[CLIENT] sent ACK 11060
[CLIENT] sent ACK 11060
[CLIENT] sent ACK 11060
[CLIENT] sent ACK 11147
[CLIENT] sent ACK 11147
[CLIENT] sent ACK 11147
[CLIENT] sent ACK 11147
[CLIENT] sent ACK 11216
[CLIENT] sent ACK 11216
[CLIENT] sent ACK 11216
[CLIENT] sent ACK 11301
[CLIENT] sent ACK 11301
[CLIENT] sent ACK 11301
[CLIENT] sent ACK 11301
[CLIENT] sent ACK 11393
[CLIENT] sent ACK 11393
[CLIENT] sent ACK 11393
[CLIENT] sent ACK 11393
[CLIENT] sent ACK 11503
[CLIENT] sent ACK 11503
[CLIENT] sent ACK 11503
[CLIENT] sent ACK 11503
[CLIENT] sent ACK 11630
[CLIENT] sent ACK 11630
[CLIENT] sent ACK 11630
[CLIENT] sent ACK 11630
[CLIENT] sent ACK 11630
[CLIENT] sent ACK 11722
[CLIENT] sent ACK 11722
[CLIENT] sent ACK 11722
[CLIENT] sent ACK 11722
[CLIENT] sent ACK 11891
[CLIENT] sent ACK 11891
[CLIENT] sent ACK 11891
[CLIENT] sent ACK 11891
[CLIENT] sent ACK 11891
[CLIENT] sent ACK 11891
[CLIENT] sent ACK 11952
[CLIENT] sent ACK 11952
[CLIENT] sent ACK 11952
[CLIENT] sent ACK 12077
[CLIENT] sent ACK 12077
[CLIENT] sent ACK 12077
[CLIENT] sent ACK 12077
[CLIENT] sent ACK 12077
[CLIENT] sent ACK 12162
[CLIENT] sent ACK 12162
[CLIENT] sent ACK 12162
[CLIENT] sent ACK 12162
[CLIENT] sent ACK 12313
[CLIENT] sent ACK 12313
[CLIENT] sent ACK 12313
[CLIENT] sent ACK 12313
[CLIENT] sent ACK 12313
[CLIENT] sent ACK 12313
[CLIENT] sent ACK 12338
[CLIENT] sent ACK 12450
[CLIENT] sent ACK 12450
[CLIENT] sent ACK 12450
[CLIENT] sent ACK 12450
[CLIENT] sent ACK 12450
[CLIENT] sent ACK 12555
[CLIENT] sent ACK 12555
[CLIENT] sent ACK 12555
[CLIENT] sent ACK 12555
[CLIENT] sent ACK 12606
[CLIENT] sent ACK 12606
[CLIENT] sent ACK 12718
[CLIENT] sent ACK 12718
[CLIENT] sent ACK 12718
[CLIENT] sent ACK 12718
[CLIENT] sent ACK 12718
[CLIENT] sent ACK 12789
[CLIENT] sent ACK 12789
[CLIENT] sent ACK 12789
[CLIENT] sent ACK 12873
[CLIENT] sent ACK 12873
[CLIENT] sent ACK 12873
[CLIENT] sent ACK 12873
[CLIENT] sent ACK 12958
[CLIENT] sent ACK 12958
[CLIENT] sent ACK 12958
[CLIENT] sent ACK 12958
[CLIENT] sent ACK 13036
[CLIENT] sent ACK 13036
[CLIENT] sent ACK 13036
[CLIENT] sent ACK 13095
[CLIENT] sent ACK 13184
[CLIENT] sent ACK 13184
[CLIENT] sent ACK 13184
[CLIENT] sent ACK 13184
[CLIENT] sent ACK 13184
[CLIENT] sent ACK 13251
[CLIENT] sent ACK 13251
[CLIENT] sent ACK 13251
[CLIENT] sent ACK 13326
[CLIENT] sent ACK 13326
[CLIENT] sent ACK 13326
[CLIENT] sent ACK 13476
[CLIENT] sent ACK 13476
[CLIENT] sent ACK 13476
[CLIENT] sent ACK 13476
[CLIENT] sent ACK 13476
[CLIENT] sent ACK 13476
[CLIENT] sent ACK 13541
[CLIENT] sent ACK 13541
[CLIENT] sent ACK 13541
[CLIENT] sent ACK 13650
[CLIENT] sent ACK 13650
[CLIENT] sent ACK 13650
[CLIENT] sent ACK 13650
[CLIENT] sent ACK 13655
[CLIENT] sent ACK 13749
[CLIENT] sent ACK 13749
[CLIENT] sent ACK 13749
[CLIENT] sent ACK 13749
[CLIENT] sent ACK 13793
[CLIENT] sent ACK 13793
[CLIENT] sent ACK 13857
[CLIENT] sent ACK 13857
[CLIENT] sent ACK 13857
[CLIENT] sent ACK 13941
[CLIENT] sent ACK 13941
[CLIENT] sent ACK 13941
[CLIENT] sent ACK 13941
[CLIENT] sent ACK 14013
[CLIENT] sent ACK 14013
[CLIENT] sent ACK 14013
[CLIENT] sent ACK 14091
[CLIENT] sent ACK 14091
[CLIENT] sent ACK 14091
[CLIENT] sent ACK 14178
[CLIENT] sent ACK 14178
[CLIENT] sent ACK 14178
[CLIENT] sent ACK 14178
[CLIENT] sent ACK 14270
[CLIENT] sent ACK 14270
[CLIENT] sent ACK 14270
[CLIENT] sent ACK 14270
[CLIENT] sent ACK 14414
[CLIENT] sent ACK 14414
[CLIENT] sent ACK 14414
[CLIENT] sent ACK 14414
[CLIENT] sent ACK 14414
[CLIENT] sent ACK 14414
[CLIENT] sent ACK 14506
[CLIENT] sent ACK 14506
[CLIENT] sent ACK 14506
[CLIENT] sent ACK 14506
[CLIENT] sent ACK 14588
[CLIENT] sent ACK 14588
[CLIENT] sent ACK 14588
[CLIENT] sent ACK 14611
[CLIENT] sent ACK 14662
[CLIENT] sent ACK 14688
[CLIENT] sent ACK 14734
[CLIENT] sent ACK 14756
[CLIENT] sent ACK 14756
[CLIENT] sent ACK 14833
[CLIENT] sent ACK 14833
[CLIENT] sent ACK 14833
[CLIENT] sent ACK 14833
[CLIENT] sent ACK 14955
[CLIENT] sent ACK 14955
[CLIENT] sent ACK 14955
[CLIENT] sent ACK 14955
[CLIENT] sent ACK 14955
[CLIENT] sent ACK 15032
[CLIENT] sent ACK 15032
[CLIENT] sent ACK 15032
[CLIENT] sent ACK 15106
[CLIENT] sent ACK 15106
[CLIENT] sent ACK 15106
[CLIENT] sent ACK 15211
[CLIENT] sent ACK 15211
[CLIENT] sent ACK 15211
[CLIENT] sent ACK 15211
[CLIENT] sent ACK 15316
[CLIENT] sent ACK 15316
[CLIENT] sent ACK 15316
[CLIENT] sent ACK 15316
[CLIENT] sent ACK 15316
[CLIENT] sent ACK 15381
[CLIENT] sent ACK 15381
[CLIENT] sent ACK 15381
[CLIENT] sent ACK 15453
[CLIENT] sent ACK 15453
[CLIENT] sent ACK 15453
[CLIENT] sent ACK 15520
[CLIENT] sent ACK 15520
[CLIENT] sent ACK 15520
[CLIENT] sent ACK 15601
[CLIENT] sent ACK 15601
[CLIENT] sent ACK 15601
[CLIENT] sent ACK 15601
[CLIENT] sent ACK 15665
[CLIENT] sent ACK 15665
[CLIENT] sent ACK 15665
[CLIENT] sent ACK 15813
[CLIENT] sent ACK 15813
[CLIENT] sent ACK 15813
[CLIENT] sent ACK 15813
[CLIENT] sent ACK 15813
[CLIENT] sent ACK 15824
[CLIENT] sent ACK 15912
[CLIENT] sent ACK 15912
[CLIENT] sent ACK 15912
[CLIENT] sent ACK 15912
[CLIENT] sent ACK 15912
[CLIENT] sent ACK 15912
[CLIENT] sent ACK 15987
[CLIENT] sent ACK 15987
[CLIENT] sent ACK 15987
[CLIENT] sent ACK 16097
[CLIENT] sent ACK 16097
[CLIENT] sent ACK 16097
[CLIENT] sent ACK 16097
[CLIENT] sent ACK 16179
[CLIENT] sent ACK 16179
[CLIENT] sent ACK 16179
[CLIENT] sent ACK 16179
[CLIENT] sent ACK 16252
[CLIENT] sent ACK 16252
[CLIENT] sent ACK 16252
[CLIENT] sent ACK 16260
[CLIENT] sent ACK 16260
[CLIENT] sent ACK 16332
[CLIENT] sent ACK 16332
[CLIENT] sent ACK 16332
[CLIENT] sent ACK 16432
[CLIENT] sent ACK 16432
[CLIENT] sent ACK 16432
[CLIENT] sent ACK 16432
[CLIENT] sent ACK 16432
[CLIENT] sent ACK 16551
[CLIENT] sent ACK 16551
[CLIENT] sent ACK 16551
[CLIENT] sent ACK 16551
[CLIENT] sent ACK 16551
[CLIENT] sent ACK 16660
[CLIENT] sent ACK 16660
[CLIENT] sent ACK 16660
[CLIENT] sent ACK 16660
[CLIENT] sent ACK 16660
[CLIENT] sent ACK 16691
[CLIENT] sent ACK 16691
[CLIENT] sent ACK 16755
[CLIENT] sent ACK 16755
[CLIENT] sent ACK 16755
[CLIENT] sent ACK 16830
[CLIENT] sent ACK 16830
[CLIENT] sent ACK 16830
[CLIENT] sent ACK 16896
[CLIENT] sent ACK 16896
[CLIENT] sent ACK 16896
[CLIENT] sent ACK 16960
[CLIENT] sent ACK 16960
[CLIENT] sent ACK 16960
[CLIENT] sent ACK 17087
[CLIENT] sent ACK 17087
[CLIENT] sent ACK 17087
[CLIENT] sent ACK 17087
[CLIENT] sent ACK 17117
[CLIENT] sent ACK 17153
[CLIENT] sent ACK 17202
[CLIENT] sent ACK 17260
[CLIENT] sent ACK 17260
[CLIENT] sent ACK 17279
[CLIENT] sent ACK 17279
[CLIENT] sent ACK 17344
[CLIENT] sent ACK 17344
[CLIENT] sent ACK 17344
[CLIENT] sent ACK 17344
[CLIENT] sent ACK 17443
[CLIENT] sent ACK 17443
[CLIENT] sent ACK 17443
[CLIENT] sent ACK 17443
[CLIENT] sent ACK 17443
[CLIENT] sent ACK 17443
[CLIENT] sent ACK 17526
[CLIENT] sent ACK 17526
[CLIENT] sent ACK 17526
[CLIENT] sent ACK 17526
[CLIENT] sent ACK 17632
[CLIENT] sent ACK 17632
[CLIENT] sent ACK 17632
[CLIENT] sent ACK 17632
[CLIENT] sent ACK 17742
[CLIENT] sent ACK 17742
[CLIENT] sent ACK 17742
[CLIENT] sent ACK 17742
[CLIENT] sent ACK 17742
[CLIENT] sent ACK 17822
[CLIENT] sent ACK 17822
[CLIENT] sent ACK 17822
[CLIENT] sent ACK 17822
[CLIENT] sent ACK 17822
[CLIENT] sent ACK 17822
[CLIENT] sent ACK 17822
[CLIENT] sent ACK 17822
[CLIENT] sent ACK 17822
[CLIENT] sent ACK 17822
[CLIENT] sent ACK 17822
[CLIENT] sent ACK 17822
[CLIENT] sent ACK 17822
[CLIENT] sent ACK 17822
[CLIENT] sent ACK 17822
[CLIENT] sent ACK 17822
[CLIENT] sent ACK 17822
[CLIENT] sent ACK 17822
[CLIENT] sent ACK 17822
[CLIENT] sent ACK 17822
[CLIENT] sent ACK 17822
[CLIENT] sent ACK 17822
[CLIENT] sent ACK 17822
[CLIENT] sent ACK 17822
[CLIENT] sent ACK 17863
[CLIENT] sent ACK 17863
[CLIENT] sent ACK 17902
[CLIENT] sent ACK 17902
[CLIENT] sent ACK 17902
[CLIENT] sent ACK 17902
[CLIENT] sent ACK 17902
[CLIENT] sent ACK 17902
[CLIENT] sent ACK 17902
[CLIENT] sent ACK 17902
[CLIENT] sent ACK 17902
[CLIENT] sent ACK 17902
[CLIENT] sent ACK 17902
[CLIENT] sent ACK 17902
[CLIENT] sent ACK 17902
[CLIENT] sent ACK 17902
[CLIENT] sent ACK 17902
[CLIENT] sent ACK 17902
[CLIENT] sent ACK 17902
[CLIENT] sent ACK 17902
[CLIENT] sent ACK 17902
[CLIENT] sent ACK 17932
[CLIENT] sent ACK 17932
[CLIENT] sent ACK 17932
[CLIENT] sent ACK 17932
[CLIENT] sent ACK 17970
[CLIENT] sent ACK 18023
[CLIENT] sent ACK 18034
[CLIENT] sent ACK 18034
[CLIENT] sent ACK 18141
[CLIENT] sent ACK 18141
[CLIENT] sent ACK 18141
[CLIENT] sent ACK 18227
[CLIENT] sent ACK 18227
[CLIENT] sent ACK 18227
[CLIENT] sent ACK 18312
[CLIENT] sent ACK 18312
[CLIENT] sent ACK 18312
[CLIENT] sent ACK 18312
[CLIENT] sent ACK 18412
[CLIENT] sent ACK 18412
[CLIENT] sent ACK 18412
[CLIENT] sent ACK 18412
[CLIENT] sent ACK 18493
[CLIENT] sent ACK 18493
[CLIENT] sent ACK 18493
[CLIENT] sent ACK 18493
[CLIENT] sent ACK 18559
[CLIENT] sent ACK 18559
[CLIENT] sent ACK 18578
[CLIENT] sent ACK 18667
[CLIENT] sent ACK 18667
[CLIENT] sent ACK 18667
[CLIENT] sent ACK 18746
[CLIENT] sent ACK 18746
[CLIENT] sent ACK 18746
[CLIENT] sent ACK 18815
[CLIENT] sent ACK 18815
[CLIENT] sent ACK 18815
[CLIENT] sent ACK 18887
[CLIENT] sent ACK 18887
[CLIENT] sent ACK 18950
[CLIENT] sent ACK 18996
[CLIENT] sent ACK 18996
[CLIENT] sent ACK 19043
[CLIENT] sent ACK 19068
[CLIENT] sent ACK 19133
[CLIENT] sent ACK 19133
[CLIENT] sent ACK 19197
[CLIENT] sent ACK 19197
[CLIENT] sent ACK 19197
[CLIENT] sent ACK 19273
[CLIENT] sent ACK 19273
[CLIENT] sent ACK 19273
[CLIENT] sent ACK 19324
[CLIENT] sent ACK 19341
[CLIENT] sent ACK 19341
[CLIENT] sent ACK 19462
[CLIENT] sent ACK 19462
[CLIENT] sent ACK 19462
[CLIENT] sent ACK 19462
[CLIENT] sent ACK 19462
[CLIENT] sent ACK 19536
[CLIENT] sent ACK 19536
[CLIENT] sent ACK 19536
[CLIENT] sent ACK 19635
[CLIENT] sent ACK 19635
[CLIENT] sent ACK 19635
[CLIENT] sent ACK 19635
[CLIENT] sent ACK 19732
[CLIENT] sent ACK 19732
[CLIENT] sent ACK 19732
[CLIENT] sent ACK 19732
[CLIENT] sent ACK 19762
[CLIENT] sent ACK 19813
[CLIENT] sent ACK 19838
[CLIENT] sent ACK 19838
[CLIENT] sent ACK 19888
[CLIENT] sent ACK 19920
[CLIENT] sent ACK 19920
[CLIENT] sent ACK 19955
[CLIENT] sent ACK 19989
[CLIENT] sent ACK 20023
[CLIENT] sent ACK 20023
[CLIENT] sent ACK 20086
[CLIENT] sent ACK 20118
[CLIENT] sent ACK 20118
[CLIENT] sent ACK 20154
[CLIENT] sent ACK 20154
[CLIENT] sent ACK 20241
[CLIENT] sent ACK 20241
[CLIENT] sent ACK 20241
[CLIENT] sent ACK 20351
[CLIENT] sent ACK 20351
[CLIENT] sent ACK 20351
[CLIENT] sent ACK 20351
[CLIENT] sent ACK 20351
[CLIENT] sent ACK 20462
[CLIENT] sent ACK 20462
[CLIENT] sent ACK 20462
[CLIENT] sent ACK 20462
[CLIENT] sent ACK 20462
[CLIENT] sent ACK 20571
[CLIENT] sent ACK 20571
[CLIENT] sent ACK 20571
[CLIENT] sent ACK 20672
[CLIENT] sent ACK 20672
[CLIENT] sent ACK 20672
[CLIENT] sent ACK 20672
[CLIENT] sent ACK 20775
[CLIENT] sent ACK 20775
[CLIENT] sent ACK 20775
[CLIENT] sent ACK 20775
[CLIENT] sent ACK 20856
[CLIENT] sent ACK 20856
[CLIENT] sent ACK 20856
[CLIENT] sent ACK 20924
[CLIENT] sent ACK 20924
[CLIENT] sent ACK 20924
[CLIENT] sent ACK 21023
[CLIENT] sent ACK 21023
[CLIENT] sent ACK 21023
[CLIENT] sent ACK 21023
[CLIENT] sent ACK 21158
[CLIENT] sent ACK 21158
[CLIENT] sent ACK 21158
[CLIENT] sent ACK 21158
[CLIENT] sent ACK 21158
[CLIENT] sent ACK 21187
[CLIENT] sent ACK 21260
[CLIENT] sent ACK 21260
[CLIENT] sent ACK 21260
[CLIENT] sent ACK 21343
[CLIENT] sent ACK 21343
[CLIENT] sent ACK 21343
[CLIENT] sent ACK 21343
[CLIENT] sent ACK 21348
[CLIENT] sent ACK 21455
[CLIENT] sent ACK 21455
[CLIENT] sent ACK 21455
[CLIENT] sent ACK 21455
[CLIENT] sent ACK 21459
[CLIENT] sent ACK 21593
[CLIENT] sent ACK 21593
[CLIENT] sent ACK 21593
[CLIENT] sent ACK 21593
[CLIENT] sent ACK 21593
[CLIENT] sent ACK 21675
[CLIENT] sent ACK 21675
[CLIENT] sent ACK 21675
[CLIENT] sent ACK 21675
[CLIENT] sent ACK 21773
[CLIENT] sent ACK 21773
[CLIENT] sent ACK 21773
[CLIENT] sent ACK 21773
[CLIENT] sent ACK 21839
[CLIENT] sent ACK 21839
[CLIENT] sent ACK 21839
[CLIENT] sent ACK 21935
[CLIENT] sent ACK 21935
[CLIENT] sent ACK 21935
[CLIENT] sent ACK 21935
[CLIENT] sent ACK 22026
[CLIENT] sent ACK 22026
[CLIENT] sent ACK 22026
[CLIENT] sent ACK 22026
[CLIENT] sent ACK 22096
[CLIENT] sent ACK 22096
[CLIENT] sent ACK 22096
[CLIENT] sent ACK 22199
[CLIENT] sent ACK 22199
[CLIENT] sent ACK 22199
[CLIENT] sent ACK 22199
[CLIENT] sent ACK 22219
[CLIENT] sent ACK 22219
[CLIENT] sent ACK 22325
[CLIENT] sent ACK 22325
[CLIENT] sent ACK 22325
[CLIENT] sent ACK 22325
[CLIENT] sent ACK 22369
[CLIENT] sent ACK 22369
[CLIENT] sent ACK 22444
[CLIENT] sent ACK 22444
[CLIENT] sent ACK 22444
[CLIENT] sent ACK 22493
[CLIENT] sent ACK 22493
[CLIENT] sent ACK 22493
[CLIENT] sent ACK 22596
[CLIENT] sent ACK 22596
[CLIENT] sent ACK 22596
[CLIENT] sent ACK 22596
[CLIENT] sent ACK 22630
[CLIENT] sent ACK 22630
[CLIENT] sent ACK 22669
[CLIENT] sent ACK 22669
[CLIENT] sent ACK 22733
[CLIENT] sent ACK 22733
[CLIENT] sent ACK 22733
[CLIENT] sent ACK 22799
[CLIENT] sent ACK 22799
[CLIENT] sent ACK 22799
[CLIENT] sent ACK 22888
[CLIENT] sent ACK 22888
[CLIENT] sent ACK 22888
[CLIENT] sent ACK 22888
[CLIENT] sent ACK 22966
[CLIENT] sent ACK 22966
[CLIENT] sent ACK 22966
[CLIENT] sent ACK 23037
[CLIENT] sent ACK 23037
[CLIENT] sent ACK 23040
[CLIENT] sent ACK 23160
[CLIENT] sent ACK 23160
[CLIENT] sent ACK 23160
[CLIENT] sent ACK 23160
[CLIENT] sent ACK 23160
[CLIENT] sent ACK 23231
[CLIENT] sent ACK 23231
[CLIENT] sent ACK 23231
[CLIENT] sent ACK 23255
[CLIENT] sent ACK 23321
[CLIENT] sent ACK 23321
[CLIENT] sent ACK 23321
[CLIENT] sent ACK 23402
[CLIENT] sent ACK 23402
[CLIENT] sent ACK 23402
[CLIENT] sent ACK 23402
[CLIENT] sent ACK 23512
[CLIENT] sent ACK 23512
[CLIENT] sent ACK 23512
[CLIENT] sent ACK 23512
[CLIENT] sent ACK 23515
[CLIENT] sent ACK 23613
[CLIENT] sent ACK 23613
[CLIENT] sent ACK 23613
[CLIENT] sent ACK 23613
[CLIENT] sent ACK 23687
[CLIENT] sent ACK 23687
[CLIENT] sent ACK 23687
[CLIENT] sent ACK 23752
[CLIENT] sent ACK 23752
[CLIENT] sent ACK 23752
[CLIENT] sent ACK 23834
[CLIENT] sent ACK 23834
[CLIENT] sent ACK 23861
[CLIENT] sent ACK 23972
[CLIENT] sent ACK 23972
[CLIENT] sent ACK 23972
[CLIENT] sent ACK 23972
[CLIENT] sent ACK 23972
[CLIENT] sent ACK 24035
[CLIENT] sent ACK 24035
[CLIENT] sent ACK 24035
[CLIENT] sent ACK 24118
[CLIENT] sent ACK 24118
[CLIENT] sent ACK 24118
[CLIENT] sent ACK 24184
[CLIENT] sent ACK 24184
[CLIENT] sent ACK 24184
[CLIENT] sent ACK 24276
[CLIENT] sent ACK 24276
[CLIENT] sent ACK 24276
[CLIENT] sent ACK 24276
[CLIENT] sent ACK 24345
[CLIENT] sent ACK 24345
[CLIENT] sent ACK 24345
[CLIENT] sent ACK 24412
[CLIENT] sent ACK 24412
[CLIENT] sent ACK 24412
[CLIENT] sent ACK 24479
[CLIENT] sent ACK 24479
[CLIENT] sent ACK 24479
[CLIENT] sent ACK 24554
[CLIENT] sent ACK 24554
[CLIENT] sent ACK 24554
[CLIENT] sent ACK 24650
[CLIENT] sent ACK 24650
[CLIENT] sent ACK 24650
[CLIENT] sent ACK 24650
[CLIENT] sent ACK 24744
[CLIENT] sent ACK 24744
[CLIENT] sent ACK 24744
[CLIENT] sent ACK 24744
[CLIENT] sent ACK 24821
[CLIENT] sent ACK 24821
[CLIENT] sent ACK 24821
[CLIENT] sent ACK 24821
[CLIENT] sent ACK 24919
[CLIENT] sent ACK 24919
[CLIENT] sent ACK 24919
[CLIENT] sent ACK 24919
[CLIENT] sent ACK 24993
[CLIENT] sent ACK 24993
[CLIENT] sent ACK 24993
[CLIENT] sent ACK 25074
[CLIENT] sent ACK 25074
[CLIENT] sent ACK 25074
[CLIENT] sent ACK 25074
[CLIENT] sent ACK 25140
[CLIENT] sent ACK 25140
[CLIENT] sent ACK 25140
[CLIENT] sent ACK 25214
[CLIENT] sent ACK 25214
[CLIENT] sent ACK 25214
[CLIENT] sent ACK 25259
[CLIENT] sent ACK 25259
[CLIENT] sent ACK 25361
[CLIENT] sent ACK 25361
[CLIENT] sent ACK 25361
[CLIENT] sent ACK 25361
[CLIENT] sent ACK 25431
[CLIENT] sent ACK 25431
[CLIENT] sent ACK 25431
[CLIENT] sent ACK 25507
[CLIENT] sent ACK 25507
[CLIENT] sent ACK 25507
[CLIENT] sent ACK 25514
[CLIENT] sent ACK 25514
[CLIENT] sent ACK 25586
[CLIENT] sent ACK 25586
[CLIENT] sent ACK 25586
[CLIENT] sent ACK 25653
[CLIENT] sent ACK 25653
[CLIENT] sent ACK 25653
[CLIENT] sent ACK 25767
[CLIENT] sent ACK 25767
[CLIENT] sent ACK 25767
[CLIENT] sent ACK 25767
[CLIENT] sent ACK 25767
[CLIENT] sent ACK 25851
[CLIENT] sent ACK 25851
[CLIENT] sent ACK 25851
[CLIENT] sent ACK 25851
[CLIENT] sent ACK 25946
[CLIENT] sent ACK 25946
[CLIENT] sent ACK 25946
[CLIENT] sent ACK 25946
[CLIENT] sent ACK 26029
[CLIENT] sent ACK 26029
[CLIENT] sent ACK 26029
[CLIENT] sent ACK 26029
[CLIENT] sent ACK 26110
[CLIENT] sent ACK 26110
[CLIENT] sent ACK 26110
[CLIENT] sent ACK 26110
[CLIENT] sent ACK 26180
[CLIENT] sent ACK 26180
[CLIENT] sent ACK 26180
[CLIENT] sent ACK 26267
[CLIENT] sent ACK 26267
[CLIENT] sent ACK 26267
[CLIENT] sent ACK 26267
[CLIENT] sent ACK 26338
[CLIENT] sent ACK 26338
[CLIENT] sent ACK 26338
[CLIENT] sent ACK 26431
[CLIENT] sent ACK 26431
[CLIENT] sent ACK 26431
[CLIENT] sent ACK 26431
[CLIENT] sent ACK 26564
[CLIENT] sent ACK 26564
[CLIENT] sent ACK 26564
[CLIENT] sent ACK 26564
[CLIENT] sent ACK 26564
[CLIENT] sent ACK 26643
[CLIENT] sent ACK 26643
[CLIENT] sent ACK 26643
[CLIENT] sent ACK 26716
[CLIENT] sent ACK 26716
[CLIENT] sent ACK 26716
[CLIENT] sent ACK 26789
[CLIENT] sent ACK 26789
[CLIENT] sent ACK 26789
[CLIENT] sent ACK 26888
[CLIENT] sent ACK 26888
[CLIENT] sent ACK 26888
[CLIENT] sent ACK 26888
[CLIENT] sent ACK 26967
[CLIENT] sent ACK 26967
[CLIENT] sent ACK 26967
[CLIENT] sent ACK 27031
[CLIENT] sent ACK 27031
[CLIENT] sent ACK 27031
[CLIENT] sent ACK 27177
[CLIENT] sent ACK 27177
[CLIENT] sent ACK 27177
[CLIENT] sent ACK 27177
[CLIENT] sent ACK 27177
[CLIENT] sent ACK 27177
[CLIENT] sent ACK 27269
[CLIENT] sent ACK 27269
[CLIENT] sent ACK 27269
[CLIENT] sent ACK 27269
[CLIENT] sent ACK 27341
[CLIENT] sent ACK 27341
[CLIENT] sent ACK 27341
[CLIENT] sent ACK 27432
[CLIENT] sent ACK 27432
[CLIENT] sent ACK 27432
[CLIENT] sent ACK 27432
[CLIENT] sent ACK 27498
[CLIENT] sent ACK 27498
[CLIENT] sent ACK 27498
[CLIENT] sent ACK 27568
[CLIENT] sent ACK 27568
[CLIENT] sent ACK 27568
[CLIENT] sent ACK 27585
[CLIENT] sent ACK 27585
[CLIENT] sent ACK 27663
[CLIENT] sent ACK 27663
[CLIENT] sent ACK 27663
[CLIENT] sent ACK 27730
[CLIENT] sent ACK 27730
[CLIENT] sent ACK 27730
[CLIENT] sent ACK 27730
[CLIENT] sent ACK 27796
[CLIENT] sent ACK 27796
[CLIENT] sent ACK 27796
[CLIENT] sent ACK 27796
[CLIENT] sent ACK 27889
[CLIENT] sent ACK 27889
[CLIENT] sent ACK 27889
[CLIENT] sent ACK 27889
[CLIENT] sent ACK 28011
[CLIENT] sent ACK 28011
[CLIENT] sent ACK 28011
[CLIENT] sent ACK 28011
[CLIENT] sent ACK 28011
[CLIENT] sent ACK 28118
[CLIENT] sent ACK 28118
[CLIENT] sent ACK 28118
[CLIENT] sent ACK 28118
[CLIENT] sent ACK 28118
[CLIENT] sent ACK 28190
[CLIENT] sent ACK 28190
[CLIENT] sent ACK 28190
[CLIENT] sent ACK 28394
[CLIENT] sent ACK 28394
[CLIENT] sent ACK 28394
[CLIENT] sent ACK 28394
[CLIENT] sent ACK 28394
[CLIENT] sent ACK 28394
[CLIENT] sent ACK 28394
[CLIENT] sent ACK 28394
[CLIENT] sent ACK 28414
[CLIENT] sent ACK 28478
[CLIENT] sent ACK 28478
[CLIENT] sent ACK 28478
[CLIENT] sent ACK 28562
[CLIENT] sent ACK 28562
[CLIENT] sent ACK 28562
[CLIENT] sent ACK 28562
[CLIENT] sent ACK 28658
[CLIENT] sent ACK 28658
[CLIENT] sent ACK 28658
[CLIENT] sent ACK 28658
[CLIENT] sent ACK 28736
[CLIENT] sent ACK 28736
[CLIENT] sent ACK 28736
[CLIENT] sent ACK 28800
[CLIENT] sent ACK 28800
[CLIENT] sent ACK 28800
[CLIENT] sent ACK 28836
[CLIENT] sent ACK 28836
[CLIENT] sent ACK 28929
[CLIENT] sent ACK 28929
[CLIENT] sent ACK 28929
[CLIENT] sent ACK 28929
[CLIENT] sent ACK 29025
[CLIENT] sent ACK 29025
[CLIENT] sent ACK 29025
[CLIENT] sent ACK 29025
[CLIENT] sent ACK 29120
[CLIENT] sent ACK 29120
[CLIENT] sent ACK 29120
[CLIENT] sent ACK 29120
[CLIENT] sent ACK 29193
[CLIENT] sent ACK 29193
[CLIENT] sent ACK 29193
[CLIENT] sent ACK 29278
[CLIENT] sent ACK 29278
[CLIENT] sent ACK 29278
[CLIENT] sent ACK 29278
[CLIENT] sent ACK 29325
[CLIENT] sent ACK 29325
[CLIENT] sent ACK 29396
[CLIENT] sent ACK 29396
[CLIENT] sent ACK 29396
[CLIENT] sent ACK 29468
[CLIENT] sent ACK 29468
[CLIENT] sent ACK 29468
[CLIENT] sent ACK 29558
[CLIENT] sent ACK 29558
[CLIENT] sent ACK 29558
[CLIENT] sent ACK 29558
[CLIENT] sent ACK 29629
[CLIENT] sent ACK 29629
[CLIENT] sent ACK 29629
[CLIENT] sent ACK 29668
[CLIENT] sent ACK 29668
[CLIENT] sent ACK 29736
[CLIENT] sent ACK 29736
[CLIENT] sent ACK 29736
[CLIENT] sent ACK 29809
[CLIENT] sent ACK 29809
[CLIENT] sent ACK 29809
[CLIENT] sent ACK 29879
[CLIENT] sent ACK 29879
[CLIENT] sent ACK 29879
[CLIENT] sent ACK 29957
[CLIENT] sent ACK 29957
[CLIENT] sent ACK 29957
[CLIENT] sent ACK 29996
[CLIENT] sent ACK 30035
[CLIENT] sent ACK 30079
[CLIENT] sent ACK 30079
[CLIENT] sent ACK 30156
[CLIENT] sent ACK 30156
[CLIENT] sent ACK 30156
[CLIENT] sent ACK 30156
[CLIENT] sent ACK 30184
[CLIENT] sent ACK 30184
[CLIENT] sent ACK 30352
[CLIENT] sent ACK 30352
[CLIENT] sent ACK 30352
[CLIENT] sent ACK 30352
[CLIENT] sent ACK 30352
[CLIENT] sent ACK 30352
[CLIENT] sent ACK 30352
[CLIENT] sent ACK 30435
[CLIENT] sent ACK 30435
[CLIENT] sent ACK 30435
[CLIENT] sent ACK 30435
[CLIENT] sent ACK 30499
[CLIENT] sent ACK 30499
[CLIENT] sent ACK 30704
[CLIENT] sent ACK 30704
[CLIENT] sent ACK 30704
[CLIENT] sent ACK 30704
[CLIENT] sent ACK 30704
[CLIENT] sent ACK 30704
[CLIENT] sent ACK 30704
[CLIENT] sent ACK 30704
[CLIENT] sent ACK 30783
[CLIENT] sent ACK 30783
[CLIENT] sent ACK 30783
[CLIENT] sent ACK 30858
[CLIENT] sent ACK 30858
[CLIENT] sent ACK 30858
[CLIENT] sent ACK 30858
[CLIENT] sent ACK 30960
[CLIENT] sent ACK 30960
[CLIENT] sent ACK 30960
[CLIENT] sent ACK 30960
[CLIENT] sent ACK 31029
[CLIENT] sent ACK 31029
[CLIENT] sent ACK 31029
[CLIENT] sent ACK 31141
[CLIENT] sent ACK 31141
[CLIENT] sent ACK 31141
[CLIENT] sent ACK 31141
[CLIENT] sent ACK 31141
[CLIENT] sent ACK 31218
[CLIENT] sent ACK 31218
[CLIENT] sent ACK 31218
[CLIENT] sent ACK 31270
[CLIENT] sent ACK 31270
[CLIENT] sent ACK 31297
[CLIENT] sent ACK 31347
[CLIENT] sent ACK 31361
[CLIENT] sent ACK 31449
[CLIENT] sent ACK 31449
[CLIENT] sent ACK 31449
[CLIENT] sent ACK 31449
[CLIENT] sent ACK 31526
[CLIENT] sent ACK 31526
[CLIENT] sent ACK 31526
[CLIENT] sent ACK 31597
[CLIENT] sent ACK 31597
[CLIENT] sent ACK 31597
[CLIENT] sent ACK 31710
[CLIENT] sent ACK 31710
[CLIENT] sent ACK 31710
[CLIENT] sent ACK 31710
[CLIENT] sent ACK 31710
[CLIENT] sent ACK 31787
[CLIENT] sent ACK 31787
[CLIENT] sent ACK 31787
[CLIENT] sent ACK 31902
[CLIENT] sent ACK 31902
[CLIENT] sent ACK 31902
[CLIENT] sent ACK 31902
[CLIENT] sent ACK 31902
[CLIENT] sent ACK 31972
[CLIENT] sent ACK 31972
[CLIENT] sent ACK 31972
[CLIENT] sent ACK 32036
[CLIENT] sent ACK 32036
[CLIENT] sent ACK 32036
[CLIENT] sent ACK 32123
[CLIENT] sent ACK 32123
[CLIENT] sent ACK 32123
[CLIENT] sent ACK 32123
[CLIENT] sent ACK 32197
[CLIENT] sent ACK 32197
[CLIENT] sent ACK 32197
[CLIENT] sent ACK 32264
[CLIENT] sent ACK 32264
[CLIENT] sent ACK 32264
[CLIENT] sent ACK 32271
[CLIENT] sent ACK 32271
[CLIENT] sent ACK 32360
[CLIENT] sent ACK 32360
[CLIENT] sent ACK 32360
[CLIENT] sent ACK 32360
[CLIENT] sent ACK 32360
[CLIENT] sent ACK 32426
[CLIENT] sent ACK 32426
[CLIENT] sent ACK 32426
[CLIENT] sent ACK 32490
[CLIENT] sent ACK 32490
[CLIENT] sent ACK 32490
[CLIENT] sent ACK 32561
[CLIENT] sent ACK 32561
[CLIENT] sent ACK 32561
[CLIENT] sent ACK 32736
[CLIENT] sent ACK 32736
[CLIENT] sent ACK 32736
[CLIENT] sent ACK 32736
[CLIENT] sent ACK 32736
[CLIENT] sent ACK 32736
[CLIENT] sent ACK 32736
[CLIENT] sent ACK 32869
[CLIENT] sent ACK 32869
[CLIENT] sent ACK 32869
[CLIENT] sent ACK 32869
[CLIENT] sent ACK 32869
[CLIENT] sent ACK 32939
[CLIENT] sent ACK 33000
[CLIENT] sent ACK 33050
[CLIENT] sent ACK 33050
[CLIENT] sent ACK 33121
[CLIENT] sent ACK 33121
[CLIENT] sent ACK 33121
[CLIENT] sent ACK 33121
[CLIENT] sent ACK 33185
[CLIENT] sent ACK 33185
[CLIENT] sent ACK 33185
[CLIENT] sent ACK 33231
[CLIENT] sent ACK 33231
[CLIENT] sent ACK 33303
[CLIENT] sent ACK 33303
[CLIENT] sent ACK 33303
[CLIENT] sent ACK 33382
[CLIENT] sent ACK 33382
[CLIENT] sent ACK 33382
[CLIENT] sent ACK 33451
[CLIENT] sent ACK 33451
[CLIENT] sent ACK 33451
[CLIENT] sent ACK 33532
[CLIENT] sent ACK 33532
[CLIENT] sent ACK 33532
[CLIENT] sent ACK 33532
[CLIENT] sent ACK 33599
[CLIENT] sent ACK 33599
[CLIENT] sent ACK 33599
[CLIENT] sent ACK 33717
[CLIENT] sent ACK 33717
[CLIENT] sent ACK 33717
[CLIENT] sent ACK 33717
[CLIENT] sent ACK 33717
[CLIENT] sent ACK 33842
[CLIENT] sent ACK 33842
[CLIENT] sent ACK 33842
[CLIENT] sent ACK 33842
[CLIENT] sent ACK 33842
[CLIENT] sent ACK 33928
[CLIENT] sent ACK 33928
[CLIENT] sent ACK 33928
[CLIENT] sent ACK 33928
[CLIENT] sent ACK 34004
[CLIENT] sent ACK 34004
[CLIENT] sent ACK 34004
[CLIENT] sent ACK 34090
[CLIENT] sent ACK 34090
[CLIENT] sent ACK 34090
[CLIENT] sent ACK 34090
[CLIENT] sent ACK 34129
[CLIENT] sent ACK 34129
[CLIENT] sent ACK 34196
[CLIENT] sent ACK 34196
[CLIENT] sent ACK 34196
[CLIENT] sent ACK 34263
[CLIENT] sent ACK 34263
[CLIENT] sent ACK 34263
[CLIENT] sent ACK 34350
[CLIENT] sent ACK 34350
[CLIENT] sent ACK 34350
[CLIENT] sent ACK 34350
[CLIENT] sent ACK 34417
[CLIENT] sent ACK 34417
[CLIENT] sent ACK 34417
[CLIENT] sent ACK 34503
[CLIENT] sent ACK 34503
[CLIENT] sent ACK 34503
[CLIENT] sent ACK 34611
[CLIENT] sent ACK 34611
[CLIENT] sent ACK 34611
[CLIENT] sent ACK 34611
[CLIENT] sent ACK 34639
[CLIENT] sent ACK 34639
[CLIENT] sent ACK 34742
[CLIENT] sent ACK 34742
[CLIENT] sent ACK 34742
[CLIENT] sent ACK 34742
[CLIENT] sent ACK 34797
[CLIENT] sent ACK 34797
[CLIENT] sent ACK 34797
[CLIENT] sent ACK 34870
[CLIENT] sent ACK 34870
[CLIENT] sent ACK 34870
[CLIENT] sent ACK 35002
[CLIENT] sent ACK 35002
[CLIENT] sent ACK 35002
[CLIENT] sent ACK 35002
[CLIENT] sent ACK 35002
[CLIENT] sent ACK 35092
[CLIENT] sent ACK 35092
[CLIENT] sent ACK 35092
[CLIENT] sent ACK 35092
[CLIENT] sent ACK 35182
[CLIENT] sent ACK 35182
[CLIENT] sent ACK 35182
[CLIENT] sent ACK 35182
[CLIENT] sent ACK 35266
[CLIENT] sent ACK 35266
[CLIENT] sent ACK 35266
[CLIENT] sent ACK 35266
[CLIENT] sent ACK 35346
[CLIENT] sent ACK 35346
[CLIENT] sent ACK 35346
[CLIENT] sent ACK 35350
[CLIENT] sent ACK 35425
[CLIENT] sent ACK 35425
[CLIENT] sent ACK 35425
[CLIENT] sent ACK 35515
[CLIENT] sent ACK 35515
[CLIENT] sent ACK 35515
[CLIENT] sent ACK 35515
[CLIENT] sent ACK 35587
[CLIENT] sent ACK 35587
[CLIENT] sent ACK 35587
[CLIENT] sent ACK 35670
[CLIENT] sent ACK 35670
[CLIENT] sent ACK 35670
[CLIENT] sent ACK 35670
[CLIENT] sent ACK 35841
[CLIENT] sent ACK 35841
[CLIENT] sent ACK 35841
[CLIENT] sent ACK 35841
[CLIENT] sent ACK 35841
[CLIENT] sent ACK 35841
[CLIENT] sent ACK 35841
[CLIENT] sent ACK 35926
[CLIENT] sent ACK 35926
[CLIENT] sent ACK 35926
[CLIENT] sent ACK 35926
[CLIENT] sent ACK 36007
[CLIENT] sent ACK 36007
[CLIENT] sent ACK 36007
[CLIENT] sent ACK 36018
[CLIENT] sent ACK 36019
[CLIENT] sent ACK 36019
[CLIENT] sent ACK 36087
[CLIENT] sent ACK 36087
[CLIENT] sent ACK 36087
[CLIENT] sent ACK 36174
[CLIENT] sent ACK 36174
[CLIENT] sent ACK 36174
[CLIENT] sent ACK 36174
[CLIENT] sent ACK 36255
[CLIENT] sent ACK 36255
[CLIENT] sent ACK 36255
[CLIENT] sent ACK 36255
[CLIENT] sent ACK 36376
[CLIENT] sent ACK 36376
[CLIENT] sent ACK 36376
[CLIENT] sent ACK 36376
[CLIENT] sent ACK 36376
[CLIENT] sent ACK 36484
[CLIENT] sent ACK 36484
[CLIENT] sent ACK 36484
[CLIENT] sent ACK 36484
[CLIENT] sent ACK 36524
[CLIENT] sent ACK 36564
[CLIENT] sent ACK 36595
[CLIENT] sent ACK 36595
[CLIENT] sent ACK 36649
[CLIENT] sent ACK 36749
[CLIENT] sent ACK 36749
[CLIENT] sent ACK 36749
[CLIENT] sent ACK 36749
[CLIENT] sent ACK 36749
[CLIENT] sent ACK 36786
[CLIENT] sent ACK 36786
[CLIENT] sent ACK 36786
[CLIENT] sent ACK 36887
[CLIENT] sent ACK 36887
[CLIENT] sent ACK 36887
[CLIENT] sent ACK 36887
[CLIENT] sent ACK 37014
[CLIENT] sent ACK 37014
[CLIENT] sent ACK 37014
[CLIENT] sent ACK 37014
[CLIENT] sent ACK 37014
[CLIENT] sent ACK 37100
[CLIENT] sent ACK 37100
[CLIENT] sent ACK 37100
[CLIENT] sent ACK 37100
[CLIENT] sent ACK 37100
[CLIENT] sent ACK 37166
[CLIENT] sent ACK 37166
[CLIENT] sent ACK 37166
[CLIENT] sent ACK 37274
[CLIENT] sent ACK 37274
[CLIENT] sent ACK 37274
[CLIENT] sent ACK 37274
[CLIENT] sent ACK 37587
[CLIENT] sent ACK 37587
[CLIENT] sent ACK 37587
[CLIENT] sent ACK 37587
[CLIENT] sent ACK 37587
[CLIENT] sent ACK 37587
[CLIENT] sent ACK 37587
[CLIENT] sent ACK 37587
[CLIENT] sent ACK 37587
[CLIENT] sent ACK 37587
[CLIENT] sent ACK 37587
[CLIENT] sent ACK 37663
[CLIENT] sent ACK 37663
[CLIENT] sent ACK 37663
[CLIENT] sent ACK 37727
[CLIENT] sent ACK 37727
[CLIENT] sent ACK 37727
[CLIENT] sent ACK 37795
[CLIENT] sent ACK 37795
[CLIENT] sent ACK 37795
[CLIENT] sent ACK 37870
[CLIENT] sent ACK 37870
[CLIENT] sent ACK 37870
[CLIENT] sent ACK 37940
[CLIENT] sent ACK 37940
[CLIENT] sent ACK 37940
[CLIENT] sent ACK 38015
[CLIENT] sent ACK 38015
[CLIENT] sent ACK 38015
[CLIENT] sent ACK 38080
[CLIENT] sent ACK 38080
[CLIENT] sent ACK 38080
[CLIENT] sent ACK 38151
[CLIENT] sent ACK 38151
[CLIENT] sent ACK 38151
[CLIENT] sent ACK 38345
[CLIENT] sent ACK 38345
[CLIENT] sent ACK 38345
[CLIENT] sent ACK 38345
[CLIENT] sent ACK 38345
[CLIENT] sent ACK 38345
[CLIENT] sent ACK 38345
[CLIENT] sent ACK 38437
[CLIENT] sent ACK 38437
[CLIENT] sent ACK 38437
[CLIENT] sent ACK 38437
[CLIENT] sent ACK 38550
[CLIENT] sent ACK 38550
[CLIENT] sent ACK 38550
[CLIENT] sent ACK 38550
[CLIENT] sent ACK 38550
[CLIENT] sent ACK 38624
[CLIENT] sent ACK 38624
[CLIENT] sent ACK 38624
[CLIENT] sent ACK 38712
[CLIENT] sent ACK 38712
[CLIENT] sent ACK 38712
[CLIENT] sent ACK 38712
[CLIENT] sent ACK 38802
[CLIENT] sent ACK 38802
[CLIENT] sent ACK 38802
[CLIENT] sent ACK 38802
[CLIENT] sent ACK 38802
[CLIENT] sent ACK 38868
[CLIENT] sent ACK 38868
[CLIENT] sent ACK 38868
[CLIENT] sent ACK 38943
[CLIENT] sent ACK 38943
[CLIENT] sent ACK 38943
[CLIENT] sent ACK 38943
[CLIENT] sent ACK 39013
[CLIENT] sent ACK 39013
[CLIENT] sent ACK 39013
[CLIENT] sent ACK 39087
[CLIENT] sent ACK 39087
[CLIENT] sent ACK 39087
[CLIENT] sent ACK 39153
[CLIENT] sent ACK 39153
[CLIENT] sent ACK 39153
[CLIENT] sent ACK 39220
[CLIENT] sent ACK 39220
[CLIENT] sent ACK 39220
[CLIENT] sent ACK 39395
[CLIENT] sent ACK 39395
[CLIENT] sent ACK 39395
[CLIENT] sent ACK 39395
[CLIENT] sent ACK 39395
[CLIENT] sent ACK 39395
[CLIENT] sent ACK 39395
[CLIENT] sent ACK 39467
[CLIENT] sent ACK 39467
[CLIENT] sent ACK 39467
[CLIENT] sent ACK 39546
[CLIENT] sent ACK 39546
[CLIENT] sent ACK 39546
[CLIENT] sent ACK 39546
[CLIENT] sent ACK 39639
[CLIENT] sent ACK 39639
[CLIENT] sent ACK 39639
[CLIENT] sent ACK 39639
[CLIENT] sent ACK 39737
[CLIENT] sent ACK 39737
[CLIENT] sent ACK 39737
[CLIENT] sent ACK 39737
[CLIENT] sent ACK 39810
[CLIENT] sent ACK 39810
[CLIENT] sent ACK 39810
[CLIENT] sent ACK 39923
[CLIENT] sent ACK 39923
[CLIENT] sent ACK 39923
[CLIENT] sent ACK 39923
[CLIENT] sent ACK 39923
[CLIENT] sent ACK 39990
[CLIENT] sent ACK 39990
[CLIENT] sent ACK 39990
[CLIENT] sent ACK 40022
[CLIENT] sent ACK 40022
[CLIENT] sent ACK 40022
[CLIENT] sent ACK 40096
[CLIENT] sent ACK 40096
[CLIENT] sent ACK 40096
[CLIENT] sent ACK 40177
[CLIENT] sent ACK 40177
[CLIENT] sent ACK 40177
[CLIENT] sent ACK 40188
[CLIENT] sent ACK 40259
[CLIENT] sent ACK 40259
[CLIENT] sent ACK 40259
[CLIENT] sent ACK 40326
[CLIENT] sent ACK 40326
[CLIENT] sent ACK 40326
[CLIENT] sent ACK 40426
[CLIENT] sent ACK 40426
[CLIENT] sent ACK 40426
[CLIENT] sent ACK 40426
[CLIENT] sent ACK 40499
[CLIENT] sent ACK 40499
[CLIENT] sent ACK 40499
[CLIENT] sent ACK 40568
[CLIENT] sent ACK 40568
[CLIENT] sent ACK 40568
[CLIENT] sent ACK 40644
[CLIENT] sent ACK 40644
[CLIENT] sent ACK 40644
[CLIENT] sent ACK 40713
[CLIENT] sent ACK 40713
[CLIENT] sent ACK 40713
[CLIENT] sent ACK 40840
[CLIENT] sent ACK 40840
[CLIENT] sent ACK 40840
[CLIENT] sent ACK 40840
[CLIENT] sent ACK 40840
[CLIENT] sent ACK 40910
[CLIENT] sent ACK 40910
[CLIENT] sent ACK 40910
[CLIENT] sent ACK 40922
[CLIENT] sent ACK 40922
[CLIENT] sent ACK 40994
[CLIENT] sent ACK 40994
[CLIENT] sent ACK 40994
[CLIENT] sent ACK 41075
[CLIENT] sent ACK 41075
[CLIENT] sent ACK 41075
[CLIENT] sent ACK 41075
[CLIENT] sent ACK 41152
[CLIENT] sent ACK 41152
[CLIENT] sent ACK 41152
[CLIENT] sent ACK 41212
[CLIENT] sent ACK 41212
[CLIENT] sent ACK 41212
[CLIENT] sent ACK 41300
[CLIENT] sent ACK 41300
[CLIENT] sent ACK 41300
[CLIENT] sent ACK 41300
[CLIENT] sent ACK 41394
[CLIENT] sent ACK 41394
[CLIENT] sent ACK 41394
[CLIENT] sent ACK 41394
[CLIENT] sent ACK 41523
[CLIENT] sent ACK 41523
[CLIENT] sent ACK 41523
[CLIENT] sent ACK 41523
[CLIENT] sent ACK 41523
[CLIENT] sent ACK 41592
[CLIENT] sent ACK 41592
[CLIENT] sent ACK 41592
[CLIENT] sent ACK 41672
[CLIENT] sent ACK 41672
[CLIENT] sent ACK 41672
[CLIENT] sent ACK 41758
[CLIENT] sent ACK 41758
[CLIENT] sent ACK 41758
[CLIENT] sent ACK 41758
[CLIENT] sent ACK 41827
[CLIENT] sent ACK 41827
[CLIENT] sent ACK 41827
[CLIENT] sent ACK 41880
[CLIENT] sent ACK 41880
[CLIENT] sent ACK 41900
[CLIENT] sent ACK 41977
[CLIENT] sent ACK 41977
[CLIENT] sent ACK 41977
[CLIENT] sent ACK 42048
[CLIENT] sent ACK 42048
[CLIENT] sent ACK 42048
[CLIENT] sent ACK 42149
[CLIENT] sent ACK 42149
[CLIENT] sent ACK 42149
[CLIENT] sent ACK 42149
[CLIENT] sent ACK 42218
[CLIENT] sent ACK 42218
[CLIENT] sent ACK 42218
[CLIENT] sent ACK 42294
[CLIENT] sent ACK 42294
[CLIENT] sent ACK 42294
[CLIENT] sent ACK 42382
[CLIENT] sent ACK 42382
[CLIENT] sent ACK 42382
[CLIENT] sent ACK 42382
[CLIENT] sent ACK 42488
[CLIENT] sent ACK 42488
[CLIENT] sent ACK 42488
[CLIENT] sent ACK 42488
[CLIENT] sent ACK 42588
[CLIENT] sent ACK 42588
[CLIENT] sent ACK 42588
[CLIENT] sent ACK 42588
[CLIENT] sent ACK 42661
[CLIENT] sent ACK 42661
[CLIENT] sent ACK 42661
[CLIENT] sent ACK 42744
[CLIENT] sent ACK 42744
[CLIENT] sent ACK 42744
[CLIENT] sent ACK 42744
[CLIENT] sent ACK 42824
[CLIENT] sent ACK 42824
[CLIENT] sent ACK 42824
[CLIENT] sent ACK 42930
[CLIENT] sent ACK 42930
[CLIENT] sent ACK 42930
[CLIENT] sent ACK 42930
[CLIENT] sent ACK 43032
[CLIENT] sent ACK 43032
[CLIENT] sent ACK 43032
[CLIENT] sent ACK 43032
[CLIENT] sent ACK 43098
[CLIENT] sent ACK 43098
[CLIENT] sent ACK 43098
[CLIENT] sent ACK 43175
[CLIENT] sent ACK 43175
[CLIENT] sent ACK 43175
[CLIENT] sent ACK 43261
[CLIENT] sent ACK 43261
[CLIENT] sent ACK 43261
[CLIENT] sent ACK 43261
[CLIENT] sent ACK 43261
[CLIENT] sent ACK 43337
[CLIENT] sent ACK 43337
[CLIENT] sent ACK 43337
[CLIENT] sent ACK 43410
[CLIENT] sent ACK 43410
[CLIENT] sent ACK 43410
[CLIENT] sent ACK 43488
[CLIENT] sent ACK 43488
[CLIENT] sent ACK 43488
[CLIENT] sent ACK 43494
[CLIENT] sent ACK 43494
[CLIENT] sent ACK 43560
[CLIENT] sent ACK 43560
[CLIENT] sent ACK 43560
[CLIENT] sent ACK 43641
[CLIENT] sent ACK 43641
[CLIENT] sent ACK 43641
[CLIENT] sent ACK 43641
[CLIENT] sent ACK 43641
[CLIENT] sent ACK 43755
[CLIENT] sent ACK 43755
[CLIENT] sent ACK 43755
[CLIENT] sent ACK 43755
[CLIENT] sent ACK 43755
[CLIENT] sent ACK 43872
[CLIENT] sent ACK 43872
[CLIENT] sent ACK 43872
[CLIENT] sent ACK 43872
[CLIENT] sent ACK 43872
[CLIENT] sent ACK 43937
[CLIENT] sent ACK 43937
[CLIENT] sent ACK 43937
[CLIENT] sent ACK 44002
[CLIENT] sent ACK 44002
[CLIENT] sent ACK 44002
[CLIENT] sent ACK 44099
[CLIENT] sent ACK 44099
[CLIENT] sent ACK 44099
[CLIENT] sent ACK 44099
[CLIENT] sent ACK 44183
[CLIENT] sent ACK 44183
[CLIENT] sent ACK 44183
[CLIENT] sent ACK 44183
[CLIENT] sent ACK 44256
[CLIENT] sent ACK 44256
[CLIENT] sent ACK 44256
[CLIENT] sent ACK 44342
[CLIENT] sent ACK 44342
[CLIENT] sent ACK 44364
[CLIENT] sent ACK 44532
[CLIENT] sent ACK 44532
[CLIENT] sent ACK 44532
[CLIENT] sent ACK 44532
[CLIENT] sent ACK 44532
[CLIENT] sent ACK 44532
[CLIENT] sent ACK 44532
[CLIENT] sent ACK 44535
[CLIENT] sent ACK 44535
[CLIENT] sent ACK 44604
[CLIENT] sent ACK 44604
[CLIENT] sent ACK 44604
[CLIENT] sent ACK 44675
[CLIENT] sent ACK 44675
[CLIENT] sent ACK 44675
[CLIENT] sent ACK 44675
[CLIENT] sent ACK 44790
[CLIENT] sent ACK 44790
[CLIENT] sent ACK 44790
[CLIENT] sent ACK 44790
[CLIENT] sent ACK 44879
[CLIENT] sent ACK 44879
[CLIENT] sent ACK 44879
[CLIENT] sent ACK 44879
[CLIENT] sent ACK 44978
[CLIENT] sent ACK 44978
[CLIENT] sent ACK 44978
[CLIENT] sent ACK 44978
[CLIENT] sent ACK 45046
[CLIENT] sent ACK 45046
[CLIENT] sent ACK 45046
[CLIENT] sent ACK 45126
[CLIENT] sent ACK 45126
[CLIENT] sent ACK 45126
[CLIENT] sent ACK 45126
[CLIENT] sent ACK 45200
[CLIENT] sent ACK 45200
[CLIENT] sent ACK 45200
[CLIENT] sent ACK 45278
[CLIENT] sent ACK 45278
[CLIENT] sent ACK 45278
[CLIENT] sent ACK 45354
[CLIENT] sent ACK 45354
[CLIENT] sent ACK 45354
[CLIENT] sent ACK 45354
[CLIENT] sent ACK 45458
[CLIENT] sent ACK 45458
[CLIENT] sent ACK 45458
[CLIENT] sent ACK 45458
[CLIENT] sent ACK 45547
[CLIENT] sent ACK 45547
[CLIENT] sent ACK 45547
[CLIENT] sent ACK 45547
[CLIENT] sent ACK 45691
[CLIENT] sent ACK 45691
[CLIENT] sent ACK 45691
[CLIENT] sent ACK 45691
[CLIENT] sent ACK 45691
[CLIENT] sent ACK 45691
[CLIENT] sent ACK 45907
[CLIENT] sent ACK 45907
[CLIENT] sent ACK 45907
[CLIENT] sent ACK 45907
[CLIENT] sent ACK 45907
[CLIENT] sent ACK 45907
[CLIENT] sent ACK 45907
[CLIENT] sent ACK 45907
[CLIENT] sent ACK 45988
[CLIENT] sent ACK 45988
[CLIENT] sent ACK 45988
[CLIENT] sent ACK 46009
[CLIENT] sent ACK 46087
[CLIENT] sent ACK 46087
[CLIENT] sent ACK 46087
[CLIENT] sent ACK 46190
[CLIENT] sent ACK 46190
[CLIENT] sent ACK 46190
[CLIENT] sent ACK 46190
[CLIENT] sent ACK 46287
[CLIENT] sent ACK 46287
[CLIENT] sent ACK 46287
[CLIENT] sent ACK 46287
[CLIENT] sent ACK 46287
[CLIENT] sent ACK 46355
[CLIENT] sent ACK 46355
[CLIENT] sent ACK 46355
[CLIENT] sent ACK 46453
[CLIENT] sent ACK 46453
[CLIENT] sent ACK 46453
[CLIENT] sent ACK 46453
[CLIENT] sent ACK 46541
[CLIENT] sent ACK 46541
[CLIENT] sent ACK 46541
[CLIENT] sent ACK 46541
[CLIENT] sent ACK 46649
[CLIENT] sent ACK 46649
[CLIENT] sent ACK 46649
[CLIENT] sent ACK 46649
[CLIENT] sent ACK 46649
[CLIENT] sent ACK 46773
[CLIENT] sent ACK 46773
[CLIENT] sent ACK 46773
[CLIENT] sent ACK 46773
[CLIENT] sent ACK 46773
[CLIENT] sent ACK 46773
[CLIENT] sent ACK 46856
[CLIENT] sent ACK 46856
[CLIENT] sent ACK 46856
[CLIENT] sent ACK 46856
[CLIENT] sent ACK 47003
[CLIENT] sent ACK 47003
[CLIENT] sent ACK 47003
[CLIENT] sent ACK 47003
[CLIENT] sent ACK 47003
[CLIENT] sent ACK 47003
[CLIENT] sent ACK 47070
[CLIENT] sent ACK 47070
[CLIENT] sent ACK 47070
[CLIENT] sent ACK 47139
[CLIENT] sent ACK 47139
[CLIENT] sent ACK 47139
[CLIENT] sent ACK 47217
[CLIENT] sent ACK 47217
[CLIENT] sent ACK 47217
[CLIENT] sent ACK 47217
[CLIENT] sent ACK 47281
[CLIENT] sent ACK 47281
[CLIENT] sent ACK 47281
[CLIENT] sent ACK 47396
[CLIENT] sent ACK 47396
[CLIENT] sent ACK 47396
[CLIENT] sent ACK 47396
[CLIENT] sent ACK 47396
[CLIENT] sent ACK 47617
[CLIENT] sent ACK 47617
[CLIENT] sent ACK 47617
[CLIENT] sent ACK 47617
[CLIENT] sent ACK 47617
[CLIENT] sent ACK 47617
[CLIENT] sent ACK 47617
[CLIENT] sent ACK 47617
[CLIENT] sent ACK 47617
[CLIENT] sent ACK 47690
[CLIENT] sent ACK 47690
[CLIENT] sent ACK 47690
[CLIENT] sent ACK 47690
[CLIENT] sent ACK 47829
[CLIENT] sent ACK 47829
[CLIENT] sent ACK 47829
[CLIENT] sent ACK 47829
[CLIENT] sent ACK 47829
[CLIENT] sent ACK 47829
[CLIENT] sent ACK 47912
[CLIENT] sent ACK 47912
[CLIENT] sent ACK 47912
[CLIENT] sent ACK 47912
[CLIENT] sent ACK 48027
[CLIENT] sent ACK 48027
[CLIENT] sent ACK 48027
[CLIENT] sent ACK 48027
[CLIENT] sent ACK 48027
[CLIENT] sent ACK 48027
[CLIENT] sent ACK 48120
[CLIENT] sent ACK 48120
[CLIENT] sent ACK 48120
[CLIENT] sent ACK 48120
[CLIENT] sent ACK 48210
[CLIENT] sent ACK 48210
[CLIENT] sent ACK 48210
[CLIENT] sent ACK 48210
[CLIENT] sent ACK 48308
[CLIENT] sent ACK 48308
[CLIENT] sent ACK 48308
[CLIENT] sent ACK 48308
[CLIENT] sent ACK 48427
[CLIENT] sent ACK 48427
[CLIENT] sent ACK 48427
[CLIENT] sent ACK 48427
[CLIENT] sent ACK 48445
[CLIENT] sent ACK 48590
[CLIENT] sent ACK 48590
[CLIENT] sent ACK 48590
[CLIENT] sent ACK 48590
[CLIENT] sent ACK 48590
[CLIENT] sent ACK 48590
[CLIENT] sent ACK 48684
[CLIENT] sent ACK 48684
[CLIENT] sent ACK 48684
[CLIENT] sent ACK 48800
[CLIENT] sent ACK 48800
[CLIENT] sent ACK 48800
[CLIENT] sent ACK 48800
[CLIENT] sent ACK 48800
[CLIENT] sent ACK 48904
[CLIENT] sent ACK 48904
[CLIENT] sent ACK 48904
[CLIENT] sent ACK 48904
[CLIENT] sent ACK 48904
[CLIENT] sent ACK 49007
[CLIENT] sent ACK 49007
[CLIENT] sent ACK 49007
[CLIENT] sent ACK 49007
[CLIENT] sent ACK 49079
[CLIENT] sent ACK 49079
[CLIENT] sent ACK 49079
[CLIENT] sent ACK 49157
[CLIENT] sent ACK 49157
[CLIENT] sent ACK 49157
[CLIENT] sent ACK 49232
[CLIENT] sent ACK 49232
[CLIENT] sent ACK 49232
[CLIENT] sent ACK 49343
[CLIENT] sent ACK 49343
[CLIENT] sent ACK 49343
[CLIENT] sent ACK 49343
[CLIENT] sent ACK 49343
[CLIENT] sent ACK 49438
[CLIENT] sent ACK 49438
[CLIENT] sent ACK 49438
[CLIENT] sent ACK 49438
[CLIENT] sent ACK 49599
[CLIENT] sent ACK 49599
[CLIENT] sent ACK 49599
[CLIENT] sent ACK 49599
[CLIENT] sent ACK 49599
[CLIENT] sent ACK 49599
[CLIENT] sent ACK 49691
[CLIENT] sent ACK 49691
[CLIENT] sent ACK 49691
[CLIENT] sent ACK 49691
[CLIENT] sent ACK 49758
[CLIENT] sent ACK 49758
[CLIENT] sent ACK 49758
[CLIENT] sent ACK 49824
[CLIENT] sent ACK 49824
[CLIENT] sent ACK 49824
[CLIENT] sent ACK 49892
[CLIENT] sent ACK 49892
[CLIENT] sent ACK 49892
[CLIENT] sent ACK 49964
[CLIENT] sent ACK 49964
[CLIENT] sent ACK 49964
[CLIENT] sent ACK 50020
[CLIENT] sent ACK 50020
[CLIENT] sent ACK 50020
[CLIENT] sent ACK 50087
[CLIENT] sent ACK 50087
[CLIENT] sent ACK 50087
[CLIENT] sent ACK 50191
[CLIENT] sent ACK 50191
[CLIENT] sent ACK 50232
[CLIENT] sent ACK 50261
[CLIENT] sent ACK 50296
[CLIENT] sent ACK 50333
[CLIENT] sent ACK 50422
[CLIENT] sent ACK 50422
[CLIENT] sent ACK 50422
[CLIENT] sent ACK 50422
[CLIENT] sent ACK 50422
[CLIENT] sent ACK 50536
[CLIENT] sent ACK 50536
[CLIENT] sent ACK 50536
[CLIENT] sent ACK 50536
[CLIENT] sent ACK 50536
[CLIENT] sent ACK 50608
[CLIENT] sent ACK 50608
[CLIENT] sent ACK 50608
[CLIENT] sent ACK 50694
[CLIENT] sent ACK 50694
[CLIENT] sent ACK 50694
[CLIENT] sent ACK 50694
[CLIENT] sent ACK 50767
[CLIENT] sent ACK 50767
[CLIENT] sent ACK 50767
[CLIENT] sent ACK 50864
[CLIENT] sent ACK 50864
[CLIENT] sent ACK 50864
[CLIENT] sent ACK 50864
[CLIENT] sent ACK 50933
[CLIENT] sent ACK 50933
[CLIENT] sent ACK 50933
[CLIENT] sent ACK 51003
[CLIENT] sent ACK 51003
[CLIENT] sent ACK 51003
[CLIENT] sent ACK 51103
[CLIENT] sent ACK 51103
[CLIENT] sent ACK 51103
[CLIENT] sent ACK 51103
[CLIENT] sent ACK 51176
[CLIENT] sent ACK 51176
[CLIENT] sent ACK 51176
[CLIENT] sent ACK 51242
[CLIENT] sent ACK 51242
[CLIENT] sent ACK 51242
[CLIENT] sent ACK 51366
[CLIENT] sent ACK 51366
[CLIENT] sent ACK 51366
[CLIENT] sent ACK 51366
[CLIENT] sent ACK 51374
[CLIENT] sent ACK 51489
[CLIENT] sent ACK 51489
[CLIENT] sent ACK 51489
[CLIENT] sent ACK 51489
[CLIENT] sent ACK 51489
[CLIENT] sent ACK 51571
[CLIENT] sent ACK 51571
[CLIENT] sent ACK 51571
[CLIENT] sent ACK 51571
[CLIENT] sent ACK 51635
[CLIENT] sent ACK 51635
[CLIENT] sent ACK 51710
[CLIENT] sent ACK 51710
[CLIENT] sent ACK 51710
[CLIENT] sent ACK 51805
[CLIENT] sent ACK 51805
[CLIENT] sent ACK 51805
[CLIENT] sent ACK 51805
[CLIENT] sent ACK 51898
[CLIENT] sent ACK 51898
[CLIENT] sent ACK 51898
[CLIENT] sent ACK 51898
[CLIENT] sent ACK 51985
[CLIENT] sent ACK 51985
[CLIENT] sent ACK 51985
[CLIENT] sent ACK 51985
[CLIENT] sent ACK 52049
[CLIENT] sent ACK 52049
[CLIENT] sent ACK 52049
[CLIENT] sent ACK 52125
[CLIENT] sent ACK 52125
[CLIENT] sent ACK 52125
[CLIENT] sent ACK 52196
[CLIENT] sent ACK 52196
[CLIENT] sent ACK 52196
[CLIENT] sent ACK 52221
[CLIENT] sent ACK 52274
[CLIENT] sent ACK 52287
[CLIENT] sent ACK 52298
[CLIENT] sent ACK 52381
[CLIENT] sent ACK 52381
[CLIENT] sent ACK 52381
[CLIENT] sent ACK 52381
[CLIENT] sent ACK 52448
[CLIENT] sent ACK 52448
[CLIENT] sent ACK 52448
[CLIENT] sent ACK 52551
[CLIENT] sent ACK 52551
[CLIENT] sent ACK 52551
[CLIENT] sent ACK 52551
[CLIENT] sent ACK 52622
[CLIENT] sent ACK 52622
[CLIENT] sent ACK 52622
[CLIENT] sent ACK 52688
[CLIENT] sent ACK 52688
[CLIENT] sent ACK 52688
[CLIENT] sent ACK 52793
[CLIENT] sent ACK 52793
[CLIENT] sent ACK 52793
[CLIENT] sent ACK 52793
[CLIENT] sent ACK 52876
[CLIENT] sent ACK 52876
[CLIENT] sent ACK 52876
[CLIENT] sent ACK 52876
[CLIENT] sent ACK 52895
[CLIENT] sent ACK 52895
[CLIENT] sent ACK 52960
[CLIENT] sent ACK 52960
[CLIENT] sent ACK 52960
[CLIENT] sent ACK 53084
[CLIENT] sent ACK 53084
[CLIENT] sent ACK 53084
[CLIENT] sent ACK 53084
[CLIENT] sent ACK 53084
[CLIENT] sent ACK 53150
[CLIENT] sent ACK 53150
[CLIENT] sent ACK 53150
[CLIENT] sent ACK 53228
[CLIENT] sent ACK 53228
[CLIENT] sent ACK 53228
[CLIENT] sent ACK 53303
[CLIENT] sent ACK 53303
[CLIENT] sent ACK 53303
[CLIENT] sent ACK 53353
[CLIENT] sent ACK 53425
[CLIENT] sent ACK 53425
[CLIENT] sent ACK 53425
[CLIENT] sent ACK 53425
[CLIENT] sent ACK 53495
[CLIENT] sent ACK 53495
[CLIENT] sent ACK 53495
[CLIENT] sent ACK 53575
[CLIENT] sent ACK 53575
[CLIENT] sent ACK 53575
[CLIENT] sent ACK 53579
[CLIENT] sent ACK 53654
[CLIENT] sent ACK 53654
[CLIENT] sent ACK 53654
[CLIENT] sent ACK 53745
[CLIENT] sent ACK 53745
[CLIENT] sent ACK 53745
[CLIENT] sent ACK 53745
[CLIENT] sent ACK 53832
[CLIENT] sent ACK 53832
[CLIENT] sent ACK 53832
[CLIENT] sent ACK 53832
[CLIENT] sent ACK 53901
[CLIENT] sent ACK 53901
[CLIENT] sent ACK 53901
[CLIENT] sent ACK 53966
[CLIENT] sent ACK 53966
[CLIENT] sent ACK 53966
[CLIENT] sent ACK 54064
[CLIENT] sent ACK 54064
[CLIENT] sent ACK 54064
[CLIENT] sent ACK 54064
[CLIENT] sent ACK 54136
[CLIENT] sent ACK 54136
[CLIENT] sent ACK 54136
[CLIENT] sent ACK 54261
[CLIENT] sent ACK 54261
[CLIENT] sent ACK 54261
[CLIENT] sent ACK 54261
[CLIENT] sent ACK 54261
[CLIENT] sent ACK 54261
[CLIENT] sent ACK 54354
[CLIENT] sent ACK 54354
[CLIENT] sent ACK 54354
[CLIENT] sent ACK 54354
[CLIENT] sent ACK 54445
[CLIENT] sent ACK 54445
[CLIENT] sent ACK 54445
[CLIENT] sent ACK 54445
[CLIENT] sent ACK 54543
[CLIENT] sent ACK 54543
[CLIENT] sent ACK 54543
[CLIENT] sent ACK 54543
[CLIENT] sent ACK 54616
[CLIENT] sent ACK 54616
[CLIENT] sent ACK 54616
[CLIENT] sent ACK 54727
[CLIENT] sent ACK 54727
[CLIENT] sent ACK 54727
[CLIENT] sent ACK 54727
[CLIENT] sent ACK 54727
[CLIENT] sent ACK 54823
[CLIENT] sent ACK 54823
[CLIENT] sent ACK 54823
[CLIENT] sent ACK 54823
[CLIENT] sent ACK 54892
[CLIENT] sent ACK 54892
[CLIENT] sent ACK 54892
[CLIENT] sent ACK 54957
[CLIENT] sent ACK 54957
[CLIENT] sent ACK 54957
[CLIENT] sent ACK 55024
[CLIENT] sent ACK 55024
[CLIENT] sent ACK 55024
[CLIENT] sent ACK 55091
[CLIENT] sent ACK 55091
[CLIENT] sent ACK 55091
[CLIENT] sent ACK 55252
[CLIENT] sent ACK 55252
[CLIENT] sent ACK 55252
[CLIENT] sent ACK 55252
[CLIENT] sent ACK 55252
[CLIENT] sent ACK 55252
[CLIENT] sent ACK 55379
[CLIENT] sent ACK 55379
[CLIENT] sent ACK 55379
[CLIENT] sent ACK 55379
[CLIENT] sent ACK 55379
[CLIENT] sent ACK 55499
[CLIENT] sent ACK 55499
[CLIENT] sent ACK 55499
[CLIENT] sent ACK 55499
[CLIENT] sent ACK 55499
[CLIENT] sent ACK 55580
[CLIENT] sent ACK 55580
[CLIENT] sent ACK 55580
[CLIENT] sent ACK 55661
[CLIENT] sent ACK 55661
[CLIENT] sent ACK 55661
[CLIENT] sent ACK 55662
[CLIENT] sent ACK 55753
[CLIENT] sent ACK 55753
[CLIENT] sent ACK 55753
[CLIENT] sent ACK 55753
[CLIENT] sent ACK 55818
[CLIENT] sent ACK 55818
[CLIENT] sent ACK 55818
[CLIENT] sent ACK 55857
[CLIENT] sent ACK 55857
[CLIENT] sent ACK 55931
[CLIENT] sent ACK 55931
[CLIENT] sent ACK 55931
[CLIENT] sent ACK 56005
[CLIENT] sent ACK 56005
[CLIENT] sent ACK 56005
[CLIENT] sent ACK 56114
[CLIENT] sent ACK 56114
[CLIENT] sent ACK 56114
[CLIENT] sent ACK 56114
[CLIENT] sent ACK 56114
[CLIENT] sent ACK 56180
[CLIENT] sent ACK 56180
[CLIENT] sent ACK 56180
[CLIENT] sent ACK 56216
[CLIENT] sent ACK 56216
[CLIENT] sent ACK 56282
[CLIENT] sent ACK 56282
[CLIENT] sent ACK 56282
[CLIENT] sent ACK 56402
[CLIENT] sent ACK 56402
[CLIENT] sent ACK 56402
[CLIENT] sent ACK 56402
[CLIENT] sent ACK 56402
[CLIENT] sent ACK 56472
[CLIENT] sent ACK 56472
[CLIENT] sent ACK 56472
[CLIENT] sent ACK 56559
[CLIENT] sent ACK 56559
[CLIENT] sent ACK 56559
[CLIENT] sent ACK 56559
[CLIENT] sent ACK 56654
[CLIENT] sent ACK 56654
[CLIENT] sent ACK 56654
[CLIENT] sent ACK 56663
[CLIENT] sent ACK 56763
[CLIENT] sent ACK 56763
[CLIENT] sent ACK 56763
[CLIENT] sent ACK 56763
[CLIENT] sent ACK 56848
[CLIENT] sent ACK 56848
[CLIENT] sent ACK 56848
[CLIENT] sent ACK 56848
[CLIENT] sent ACK 56914
[CLIENT] sent ACK 56914
[CLIENT] sent ACK 56914
[CLIENT] sent ACK 56972
[CLIENT] sent ACK 56972
[CLIENT] sent ACK 56972
[CLIENT] sent ACK 57070
[CLIENT] sent ACK 57070
[CLIENT] sent ACK 57070
[CLIENT] sent ACK 57070
[CLIENT] sent ACK 57160
[CLIENT] sent ACK 57160
[CLIENT] sent ACK 57160
[CLIENT] sent ACK 57160
[CLIENT] sent ACK 57249
[CLIENT] sent ACK 57249
[CLIENT] sent ACK 57249
[CLIENT] sent ACK 57249
[CLIENT] sent ACK 57410
[CLIENT] sent ACK 57410
[CLIENT] sent ACK 57410
[CLIENT] sent ACK 57410
[CLIENT] sent ACK 57410
[CLIENT] sent ACK 57410
[CLIENT] sent ACK 57493
[CLIENT] sent ACK 57493
[CLIENT] sent ACK 57493
[CLIENT] sent ACK 57493
[CLIENT] sent ACK 57574
[CLIENT] sent ACK 57574
[CLIENT] sent ACK 57574
[CLIENT] sent ACK 57597
[CLIENT] sent ACK 57665
[CLIENT] sent ACK 57665
[CLIENT] sent ACK 57665
[CLIENT] sent ACK 57699
[CLIENT] sent ACK 57699
[CLIENT] sent ACK 57763
[CLIENT] sent ACK 57763
[CLIENT] sent ACK 57763
[CLIENT] sent ACK 57790
[CLIENT] sent ACK 57790
[CLIENT] sent ACK 57876
[CLIENT] sent ACK 57876
[CLIENT] sent ACK 57876
[CLIENT] sent ACK 57876
[CLIENT] sent ACK 57921
[CLIENT] sent ACK 57921
[CLIENT] sent ACK 57955
[CLIENT] sent ACK 57955
[CLIENT] sent ACK 58075
[CLIENT] sent ACK 58075
[CLIENT] sent ACK 58075
[CLIENT] sent ACK 58075
[CLIENT] sent ACK 58075
[CLIENT] sent ACK 58141
[CLIENT] sent ACK 58141
[CLIENT] sent ACK 58141
[CLIENT] sent ACK 58218
[CLIENT] sent ACK 58218
[CLIENT] sent ACK 58218
[CLIENT] sent ACK 58283
[CLIENT] sent ACK 58283
[CLIENT] sent ACK 58283
[CLIENT] sent ACK 58373
[CLIENT] sent ACK 58373
[CLIENT] sent ACK 58373
[CLIENT] sent ACK 58373
[CLIENT] sent ACK 58465
[CLIENT] sent ACK 58465
[CLIENT] sent ACK 58465
[CLIENT] sent ACK 58465
[CLIENT] sent ACK 58540
[CLIENT] sent ACK 58540
[CLIENT] sent ACK 58540
[CLIENT] sent ACK 58667
[CLIENT] sent ACK 58667
[CLIENT] sent ACK 58667
[CLIENT] sent ACK 58667
[CLIENT] sent ACK 58667
[CLIENT] sent ACK 58667
[CLIENT] sent ACK 58743
[CLIENT] sent ACK 58743
[CLIENT] sent ACK 58743
[CLIENT] sent ACK 58864
[CLIENT] sent ACK 58864
[CLIENT] sent ACK 58864
[CLIENT] sent ACK 58864
[CLIENT] sent ACK 58864
[CLIENT] sent ACK 58916
[CLIENT] sent ACK 58916
[CLIENT] sent ACK 58916
[CLIENT] sent ACK 59132
[CLIENT] sent ACK 59132
[CLIENT] sent ACK 59132
[CLIENT] sent ACK 59132
[CLIENT] sent ACK 59132
[CLIENT] sent ACK 59132
[CLIENT] sent ACK 59132
[CLIENT] sent ACK 59132
[CLIENT] sent ACK 59221
[CLIENT] sent ACK 59221
[CLIENT] sent ACK 59221
[CLIENT] sent ACK 59221
[CLIENT] sent ACK 59300
[CLIENT] sent ACK 59300
[CLIENT] sent ACK 59300
[CLIENT] sent ACK 59327
[CLIENT] sent ACK 59370
[CLIENT] sent ACK 59440
[CLIENT] sent ACK 59440
[CLIENT] sent ACK 59440
[CLIENT] sent ACK 59440
[CLIENT] sent ACK 59521
[CLIENT] sent ACK 59521
[CLIENT] sent ACK 59521
[CLIENT] sent ACK 59521
[CLIENT] sent ACK 59521
[CLIENT] sent ACK 59586
[CLIENT] sent ACK 59586
[CLIENT] sent ACK 59586
[CLIENT] sent ACK 59650
[CLIENT] sent ACK 59650
[CLIENT] sent ACK 59650
[CLIENT] sent ACK 59714
[CLIENT] sent ACK 59714
[CLIENT] sent ACK 59714
[CLIENT] sent ACK 59807
[CLIENT] sent ACK 59807
[CLIENT] sent ACK 59900
[CLIENT] sent ACK 59900
[CLIENT] sent ACK 59900
[CLIENT] sent ACK 59900
[CLIENT] sent ACK 59959
[CLIENT] sent ACK 59959
[CLIENT] sent ACK 59959
[CLIENT] sent ACK 60063
[CLIENT] sent ACK 60063
[CLIENT] sent ACK 60063
[CLIENT] sent ACK 60063
[CLIENT] sent ACK 60189
[CLIENT] sent ACK 60189
[CLIENT] sent ACK 60189
[CLIENT] sent ACK 60189
[CLIENT] sent ACK 60189
[CLIENT] sent ACK 60274
[CLIENT] sent ACK 60274
[CLIENT] sent ACK 60274
[CLIENT] sent ACK 60274
[CLIENT] sent ACK 60364
[CLIENT] sent ACK 60364
[CLIENT] sent ACK 60364
[CLIENT] sent ACK 60364
[CLIENT] sent ACK 60462
[CLIENT] sent ACK 60462
[CLIENT] sent ACK 60462
[CLIENT] sent ACK 60462
[CLIENT] sent ACK 60528
[CLIENT] sent ACK 60528
[CLIENT] sent ACK 60528
[CLIENT] sent ACK 60608
[CLIENT] sent ACK 60608
[CLIENT] sent ACK 60608
[CLIENT] sent ACK 60694
[CLIENT] sent ACK 60694
[CLIENT] sent ACK 60694
[CLIENT] sent ACK 60694
[CLIENT] sent ACK 60759
[CLIENT] sent ACK 60759
[CLIENT] sent ACK 60759
[CLIENT] sent ACK 60827
[CLIENT] sent ACK 60827
[CLIENT] sent ACK 60827
[CLIENT] sent ACK 60900
[CLIENT] sent ACK 60900
[CLIENT] sent ACK 60900
[CLIENT] sent ACK 60975
[CLIENT] sent ACK 60975
[CLIENT] sent ACK 60975
[CLIENT] sent ACK 61061
[CLIENT] sent ACK 61061
[CLIENT] sent ACK 61061
[CLIENT] sent ACK 61061
[CLIENT] sent ACK 61186
[CLIENT] sent ACK 61186
[CLIENT] sent ACK 61186
[CLIENT] sent ACK 61186
[CLIENT] sent ACK 61186
[CLIENT] sent ACK 61253
[CLIENT] sent ACK 61253
[CLIENT] sent ACK 61253
[CLIENT] sent ACK 61331
[CLIENT] sent ACK 61331
[CLIENT] sent ACK 61331
[CLIENT] sent ACK 61404
[CLIENT] sent ACK 61404
[CLIENT] sent ACK 61404
[CLIENT] sent ACK 61508
[CLIENT] sent ACK 61508
[CLIENT] sent ACK 61508
[CLIENT] sent ACK 61508
[CLIENT] sent ACK 61572
[CLIENT] sent ACK 61572
[CLIENT] sent ACK 61572
[CLIENT] sent ACK 61643
[CLIENT] sent ACK 61643
[CLIENT] sent ACK 61643
[CLIENT] sent ACK 61714
[CLIENT] sent ACK 61714
[CLIENT] sent ACK 61714
[CLIENT] sent ACK 61780
[CLIENT] sent ACK 61780
[CLIENT] sent ACK 61780
[CLIENT] sent ACK 61847
[CLIENT] sent ACK 61847
[CLIENT] sent ACK 61847
[CLIENT] sent ACK 61950
[CLIENT] sent ACK 61950
[CLIENT] sent ACK 61950
[CLIENT] sent ACK 61950
[CLIENT] sent ACK 62029
[CLIENT] sent ACK 62029
[CLIENT] sent ACK 62029
[CLIENT] sent ACK 62127
[CLIENT] sent ACK 62127
[CLIENT] sent ACK 62127
[CLIENT] sent ACK 62127
[CLIENT] sent ACK 62192
[CLIENT] sent ACK 62192
[CLIENT] sent ACK 62192
[CLIENT] sent ACK 62287
[CLIENT] sent ACK 62287
[CLIENT] sent ACK 62287
[CLIENT] sent ACK 62287
[CLIENT] sent ACK 62370
[CLIENT] sent ACK 62370
[CLIENT] sent ACK 62370
[CLIENT] sent ACK 62370
[CLIENT] sent ACK 62451
[CLIENT] sent ACK 62451
[CLIENT] sent ACK 62451
[CLIENT] sent ACK 62451
[CLIENT] sent ACK 62518
[CLIENT] sent ACK 62518
[CLIENT] sent ACK 62518
[CLIENT] sent ACK 62518
[CLIENT] sent ACK 62595
[CLIENT] sent ACK 62595
[CLIENT] sent ACK 62595
[CLIENT] sent ACK 62639
[CLIENT] sent ACK 62659
[CLIENT] sent ACK 62710
[CLIENT] sent ACK 62727
[CLIENT] sent ACK 62727
[CLIENT] sent ACK 62777
[CLIENT] sent ACK 62792
[CLIENT] sent ACK 62844
[CLIENT] sent ACK 62859
[CLIENT] sent ACK 62859
[CLIENT] sent ACK 62893
[CLIENT] sent ACK 62893
[CLIENT] sent ACK 62893
[CLIENT] sent ACK 62998
[CLIENT] sent ACK 62998
[CLIENT] sent ACK 62998
[CLIENT] sent ACK 62998
[CLIENT] sent ACK 63116
[CLIENT] sent ACK 63116
[CLIENT] sent ACK 63116
[CLIENT] sent ACK 63116
[CLIENT] sent ACK 63116
[CLIENT] sent ACK 63184
[CLIENT] sent ACK 63184
[CLIENT] sent ACK 63184
[CLIENT] sent ACK 63270
[CLIENT] sent ACK 63270
[CLIENT] sent ACK 63270
[CLIENT] sent ACK 63270
[CLIENT] sent ACK 63352
[CLIENT] sent ACK 63352
[CLIENT] sent ACK 63352
[CLIENT] sent ACK 63433
[CLIENT] sent ACK 63433
[CLIENT] sent ACK 63433
[CLIENT] sent ACK 63436
[CLIENT] sent ACK 63505
[CLIENT] sent ACK 63505
[CLIENT] sent ACK 63505
[CLIENT] sent ACK 63600
[CLIENT] sent ACK 63600
[CLIENT] sent ACK 63600
[CLIENT] sent ACK 63600
[CLIENT] sent ACK 63679
[CLIENT] sent ACK 63679
[CLIENT] sent ACK 63679
[CLIENT] sent ACK 63699
[CLIENT] sent ACK 63699
[CLIENT] sent ACK 63768
[CLIENT] sent ACK 63768
[CLIENT] sent ACK 63768
[CLIENT] sent ACK 63834
[CLIENT] sent ACK 63834
[CLIENT] sent ACK 63834
[CLIENT] sent ACK 63977
[CLIENT] sent ACK 63977
[CLIENT] sent ACK 63977
[CLIENT] sent ACK 63977
[CLIENT] sent ACK 63977
[CLIENT] sent ACK 63977
[CLIENT] sent ACK 64064
[CLIENT] sent ACK 64064
[CLIENT] sent ACK 64064
[CLIENT] sent ACK 64064
[CLIENT] sent ACK 64128
[CLIENT] sent ACK 64128
[CLIENT] sent ACK 64128
[CLIENT] sent ACK 64162
[CLIENT] sent ACK 64162
[CLIENT] sent ACK 64235
[CLIENT] sent ACK 64235
[CLIENT] sent ACK 64235
[CLIENT] sent ACK 64256
[CLIENT] sent ACK 64256
[CLIENT] sent ACK 64336
[CLIENT] sent ACK 64336
[CLIENT] sent ACK 64336
[CLIENT] sent ACK 64341
[CLIENT] sent ACK 64383
[CLIENT] sent ACK 64383
[CLIENT] sent ACK 64452
[CLIENT] sent ACK 64452
[CLIENT] sent ACK 64452
[CLIENT] sent ACK 64533
[CLIENT] sent ACK 64533
[CLIENT] sent ACK 64533
[CLIENT] sent ACK 64533
[CLIENT] sent ACK 64634
[CLIENT] sent ACK 64634
[CLIENT] sent ACK 64634
[CLIENT] sent ACK 64634
[CLIENT] sent ACK 64707
[CLIENT] sent ACK 64707
[CLIENT] sent ACK 64707
[CLIENT] sent ACK 64707
[CLIENT] sent ACK 64793
[CLIENT] sent ACK 64793
[CLIENT] sent ACK 64793
[CLIENT] sent ACK 64793
[CLIENT] sent ACK 64793
[CLIENT] sent ACK 64804
[CLIENT] sent ACK 64870
[CLIENT] sent ACK 64870
[CLIENT] sent ACK 64870
[CLIENT] sent ACK 64942
[CLIENT] sent ACK 64942
[CLIENT] sent ACK 64942
[CLIENT] sent ACK 65042
[CLIENT] sent ACK 65042
[CLIENT] sent ACK 65042
[CLIENT] sent ACK 65042
[CLIENT] sent ACK 65165
[CLIENT] sent ACK 65165
[CLIENT] sent ACK 65165
[CLIENT] sent ACK 65165
[CLIENT] sent ACK 65165
[CLIENT] sent ACK 65256
[CLIENT] sent ACK 65256
[CLIENT] sent ACK 65256
[CLIENT] sent ACK 65256
[CLIENT] sent ACK 65387
[CLIENT] sent ACK 65387
[CLIENT] sent ACK 65387
[CLIENT] sent ACK 65387
[CLIENT] sent ACK 65387
[CLIENT] sent ACK 65455
[CLIENT] sent ACK 65455
[CLIENT] sent ACK 65455
[CLIENT] sent ACK 65525
[CLIENT] sent ACK 65525
[CLIENT] sent ACK 65525
[CLIENT] sent ACK 65597
[CLIENT] sent ACK 65597
[CLIENT] sent ACK 65597
[CLIENT] sent ACK 65703
[CLIENT] sent ACK 65703
[CLIENT] sent ACK 65703
[CLIENT] sent ACK 65703
[CLIENT] sent ACK 65703
[CLIENT] sent ACK 65703
[CLIENT] sent ACK 65796
[CLIENT] sent ACK 65796
[CLIENT] sent ACK 65796
[CLIENT] sent ACK 65796
[CLIENT] sent ACK 65869
[CLIENT] sent ACK 65869
[CLIENT] sent ACK 65869
[CLIENT] sent ACK 65938
[CLIENT] sent ACK 65938
[CLIENT] sent ACK 65938
[CLIENT] sent ACK 66013
[CLIENT] sent ACK 66013
[CLIENT] sent ACK 66013
[CLIENT] sent ACK 66110
[CLIENT] sent ACK 66110
[CLIENT] sent ACK 66110
[CLIENT] sent ACK 66110
[CLIENT] sent ACK 66230
[CLIENT] sent ACK 66230
[CLIENT] sent ACK 66230
[CLIENT] sent ACK 66230
[CLIENT] sent ACK 66230
[CLIENT] sent ACK 66310
[CLIENT] sent ACK 66310
[CLIENT] sent ACK 66310
[CLIENT] sent ACK 66376
[CLIENT] sent ACK 66376
[CLIENT] sent ACK 66376
[CLIENT] sent ACK 66455
[CLIENT] sent ACK 66455
[CLIENT] sent ACK 66455
[CLIENT] sent ACK 66569
[CLIENT] sent ACK 66569
[CLIENT] sent ACK 66569
[CLIENT] sent ACK 66569
[CLIENT] sent ACK 66569
[CLIENT] sent ACK 66654
[CLIENT] sent ACK 66654
[CLIENT] sent ACK 66654
[CLIENT] sent ACK 66654
[CLIENT] sent ACK 66730
[CLIENT] sent ACK 66730
[CLIENT] sent ACK 66730
[CLIENT] sent ACK 66811
[CLIENT] sent ACK 66811
[CLIENT] sent ACK 66811
[CLIENT] sent ACK 66811
[CLIENT] sent ACK 66876
[CLIENT] sent ACK 66876
[CLIENT] sent ACK 66876
[CLIENT] sent ACK 66902
[CLIENT] sent ACK 66902
[CLIENT] sent ACK 67023
[CLIENT] sent ACK 67023
[CLIENT] sent ACK 67023
[CLIENT] sent ACK 67023
[CLIENT] sent ACK 67023
[CLIENT] sent ACK 67168
[CLIENT] sent ACK 67168
[CLIENT] sent ACK 67168
[CLIENT] sent ACK 67168
[CLIENT] sent ACK 67168
[CLIENT] sent ACK 67168
[CLIENT] sent ACK 67241
[CLIENT] sent ACK 67241
[CLIENT] sent ACK 67241
[CLIENT] sent ACK 67321
[CLIENT] sent ACK 67321
[CLIENT] sent ACK 67321
[CLIENT] sent ACK 67331
[CLIENT] sent ACK 67404
[CLIENT] sent ACK 67404
[CLIENT] sent ACK 67404
[CLIENT] sent ACK 67470
[CLIENT] sent ACK 67470
[CLIENT] sent ACK 67470
[CLIENT] sent ACK 67580
[CLIENT] sent ACK 67580
[CLIENT] sent ACK 67580
[CLIENT] sent ACK 67580
[CLIENT] sent ACK 67584
[CLIENT] sent ACK 67660
[CLIENT] sent ACK 67660
[CLIENT] sent ACK 67660
[CLIENT] sent ACK 67660
[CLIENT] sent ACK 67757
[CLIENT] sent ACK 67757
[CLIENT] sent ACK 67757
[CLIENT] sent ACK 67757
[CLIENT] sent ACK 67885
[CLIENT] sent ACK 67885
[CLIENT] sent ACK 67885
[CLIENT] sent ACK 67885
[CLIENT] sent ACK 67885
[CLIENT] sent ACK 67951
[CLIENT] sent ACK 67951
[CLIENT] sent ACK 67951
[CLIENT] sent ACK 68030
[CLIENT] sent ACK 68030
[CLIENT] sent ACK 68030
[CLIENT] sent ACK 68087
[CLIENT] sent ACK 68095
[CLIENT] sent ACK 68095
[CLIENT] sent ACK 68160
[CLIENT] sent ACK 68160
[CLIENT] sent ACK 68160
[CLIENT] sent ACK 68232
[CLIENT] sent ACK 68232
[CLIENT] sent ACK 68232
[CLIENT] sent ACK 68298
[CLIENT] sent ACK 68298
[CLIENT] sent ACK 68298
[CLIENT] sent ACK 68298
[CLIENT] sent ACK 68345
[CLIENT] sent ACK 68345
[CLIENT] sent ACK 68345
[CLIENT] sent ACK 68409
[CLIENT] sent ACK 68409
[CLIENT] sent ACK 68409
[CLIENT] sent ACK 68409
[CLIENT] sent ACK 68524
[CLIENT] sent ACK 68524
[CLIENT] sent ACK 68524
[CLIENT] sent ACK 68524
[CLIENT] sent ACK 68524
[CLIENT] sent ACK 68596
[CLIENT] sent ACK 68596
[CLIENT] sent ACK 68596
[CLIENT] sent ACK 68602
[CLIENT] sent ACK 68602
[CLIENT] sent ACK 68686
[CLIENT] sent ACK 68686
[CLIENT] sent ACK 68686
[CLIENT] sent ACK 68686
[CLIENT] sent ACK 68758
[CLIENT] sent ACK 68758
[CLIENT] sent ACK 68758
[CLIENT] sent ACK 68831
[CLIENT] sent ACK 68831
[CLIENT] sent ACK 68831
[CLIENT] sent ACK 68927
[CLIENT] sent ACK 68927
[CLIENT] sent ACK 68927
[CLIENT] sent ACK 68927
[CLIENT] sent ACK 69039
[CLIENT] sent ACK 69039
[CLIENT] sent ACK 69039
[CLIENT] sent ACK 69039
[CLIENT] sent ACK 69039
[CLIENT] sent ACK 69173
[CLIENT] sent ACK 69173
[CLIENT] sent ACK 69173
[CLIENT] sent ACK 69173
[CLIENT] sent ACK 69173
[CLIENT] sent ACK 69176
[CLIENT] sent ACK 69243
[CLIENT] sent ACK 69243
[CLIENT] sent ACK 69243
[CLIENT] sent ACK 69348
[CLIENT] sent ACK 69348
[CLIENT] sent ACK 69348
[CLIENT] sent ACK 69348
[CLIENT] sent ACK 69453
[CLIENT] sent ACK 69453
[CLIENT] sent ACK 69453
[CLIENT] sent ACK 69453
[CLIENT] sent ACK 69578
[CLIENT] sent ACK 69578
[CLIENT] sent ACK 69578
[CLIENT] sent ACK 69578
[CLIENT] sent ACK 69578
[CLIENT] sent ACK 69686
[CLIENT] sent ACK 69686
[CLIENT] sent ACK 69686
[CLIENT] sent ACK 69686
[CLIENT] sent ACK 69714
[CLIENT] sent ACK 69714
[CLIENT] sent ACK 69803
[CLIENT] sent ACK 69803
[CLIENT] sent ACK 69803
[CLIENT] sent ACK 69803
[CLIENT] sent ACK 69925
[CLIENT] sent ACK 69925
[CLIENT] sent ACK 69928
[CLIENT] sent ACK 70016
[CLIENT] sent ACK 70016
[CLIENT] sent ACK 70016
[CLIENT] sent ACK 70016
[CLIENT] sent ACK 70102
[CLIENT] sent ACK 70102
[CLIENT] sent ACK 70102
[CLIENT] sent ACK 70102
[CLIENT] sent ACK 70168
[CLIENT] sent ACK 70168
[CLIENT] sent ACK 70168
[CLIENT] sent ACK 70241
[CLIENT] sent ACK 70241
[CLIENT] sent ACK 70241
[CLIENT] sent ACK 70318
[CLIENT] sent ACK 70318
[CLIENT] sent ACK 70318
[CLIENT] sent ACK 70417
[CLIENT] sent ACK 70417
[CLIENT] sent ACK 70417
[CLIENT] sent ACK 70417
[CLIENT] sent ACK 70509
[CLIENT] sent ACK 70509
[CLIENT] sent ACK 70509
[CLIENT] sent ACK 70509
[CLIENT] sent ACK 70574
[CLIENT] sent ACK 70574
[CLIENT] sent ACK 70574
[CLIENT] sent ACK 70643
[CLIENT] sent ACK 70643
[CLIENT] sent ACK 70643
[CLIENT] sent ACK 70716
[CLIENT] sent ACK 70716
[CLIENT] sent ACK 70716
[CLIENT] sent ACK 70783
[CLIENT] sent ACK 70783
[CLIENT] sent ACK 70783
[CLIENT] sent ACK 70783
[CLIENT] sent ACK 70852
[CLIENT] sent ACK 70852
[CLIENT] sent ACK 70852
[CLIENT] sent ACK 70963
[CLIENT] sent ACK 70963
[CLIENT] sent ACK 70963
[CLIENT] sent ACK 70963
[CLIENT] sent ACK 70963
[CLIENT] sent ACK 71062
[CLIENT] sent ACK 71062
[CLIENT] sent ACK 71062
[CLIENT] sent ACK 71062
[CLIENT] sent ACK 71146
[CLIENT] sent ACK 71146
[CLIENT] sent ACK 71146
[CLIENT] sent ACK 71146
[CLIENT] sent ACK 71210
[CLIENT] sent ACK 71210
[CLIENT] sent ACK 71210
[CLIENT] sent ACK 71275
[CLIENT] sent ACK 71275
[CLIENT] sent ACK 71275
[CLIENT] sent ACK 71360
[CLIENT] sent ACK 71360
[CLIENT] sent ACK 71360
[CLIENT] sent ACK 71360
[CLIENT] sent ACK 71458
[CLIENT] sent ACK 71458
[CLIENT] sent ACK 71458
[CLIENT] sent ACK 71458
[CLIENT] sent ACK 71552
[CLIENT] sent ACK 71552
[CLIENT] sent ACK 71552
[CLIENT] sent ACK 71552
[CLIENT] sent ACK 71655
[CLIENT] sent ACK 71655
[CLIENT] sent ACK 71655
[CLIENT] sent ACK 71655
[CLIENT] sent ACK 71740
[CLIENT] sent ACK 71740
[CLIENT] sent ACK 71740
[CLIENT] sent ACK 71740
[CLIENT] sent ACK 71814
[CLIENT] sent ACK 71814
[CLIENT] sent ACK 71814
[CLIENT] sent ACK 71896
[CLIENT] sent ACK 71896
[CLIENT] sent ACK 71896
[CLIENT] sent ACK 71900
[CLIENT] sent ACK 71907
[CLIENT] sent ACK 71993
[CLIENT] sent ACK 71993
[CLIENT] sent ACK 71993
[CLIENT] sent ACK 71993
[CLIENT] sent ACK 72063
[CLIENT] sent ACK 72063
[CLIENT] sent ACK 72063
[CLIENT] sent ACK 72142
[CLIENT] sent ACK 72142
[CLIENT] sent ACK 72142
[CLIENT] sent ACK 72156
[CLIENT] sent ACK 72228
[CLIENT] sent ACK 72228
[CLIENT] sent ACK 72228
[CLIENT] sent ACK 72307
[CLIENT] sent ACK 72307
[CLIENT] sent ACK 72307
[CLIENT] sent ACK 72372
[CLIENT] sent ACK 72372
[CLIENT] sent ACK 72372
[CLIENT] sent ACK 72383
[CLIENT] sent ACK 72383
[CLIENT] sent ACK 72495
[CLIENT] sent ACK 72495
[CLIENT] sent ACK 72495
[CLIENT] sent ACK 72495
[CLIENT] sent ACK 72495
[CLIENT] sent ACK 72564
[CLIENT] sent ACK 72564
[CLIENT] sent ACK 72564
[CLIENT] sent ACK 72651
[CLIENT] sent ACK 72651
[CLIENT] sent ACK 72651
[CLIENT] sent ACK 72651
[CLIENT] sent ACK 72726
[CLIENT] sent ACK 72726
[CLIENT] sent ACK 72726
[CLIENT] sent ACK 72807
[CLIENT] sent ACK 72807
[CLIENT] sent ACK 72807
[CLIENT] sent ACK 72807
[CLIENT] sent ACK 72837
[CLIENT] sent ACK 72837
[CLIENT] sent ACK 72907
[CLIENT] sent ACK 72907
[CLIENT] sent ACK 72907
[CLIENT] sent ACK 73001
[CLIENT] sent ACK 73001
[CLIENT] sent ACK 73001
[CLIENT] sent ACK 73001
[CLIENT] sent ACK 73072
[CLIENT] sent ACK 73072
[CLIENT] sent ACK 73072
[CLIENT] sent ACK 73136
[CLIENT] sent ACK 73136
[CLIENT] sent ACK 73136
[CLIENT] sent ACK 73202
[CLIENT] sent ACK 73202
[CLIENT] sent ACK 73202
[CLIENT] sent ACK 73292
[CLIENT] sent ACK 73292
[CLIENT] sent ACK 73292
[CLIENT] sent ACK 73292
[CLIENT] sent ACK 73363
[CLIENT] sent ACK 73363
[CLIENT] sent ACK 73363
[CLIENT] sent ACK 73434
[CLIENT] sent ACK 73434
[CLIENT] sent ACK 73434
[CLIENT] sent ACK 73470
[CLIENT] sent ACK 73470
[CLIENT] sent ACK 73591
[CLIENT] sent ACK 73591
[CLIENT] sent ACK 73591
[CLIENT] sent ACK 73591
[CLIENT] sent ACK 73591
[CLIENT] sent ACK 73664
[CLIENT] sent ACK 73664
[CLIENT] sent ACK 73664
[CLIENT] sent ACK 73736
[CLIENT] sent ACK 73736
[CLIENT] sent ACK 73736
[CLIENT] sent ACK 73809
[CLIENT] sent ACK 73809
[CLIENT] sent ACK 73809
[CLIENT] sent ACK 73832
[CLIENT] sent ACK 73960
[CLIENT] sent ACK 73960
[CLIENT] sent ACK 73960
[CLIENT] sent ACK 73960
[CLIENT] sent ACK 73960
[CLIENT] sent ACK 74040
[CLIENT] sent ACK 74040
[CLIENT] sent ACK 74111
[CLIENT] sent ACK 74111
[CLIENT] sent ACK 74111
[CLIENT] sent ACK 74182
[CLIENT] sent ACK 74182
[CLIENT] sent ACK 74182
[CLIENT] sent ACK 74252
[CLIENT] sent ACK 74252
[CLIENT] sent ACK 74252
[CLIENT] sent ACK 74444
[CLIENT] sent ACK 74444
[CLIENT] sent ACK 74444
[CLIENT] sent ACK 74444
[CLIENT] sent ACK 74539
[CLIENT] sent ACK 74616
[CLIENT] sent ACK 74636
[CLIENT] sent ACK 74723
[CLIENT] sent ACK 74830
[CLIENT] sent ACK 74837
[CLIENT] sent ACK 74899
[CLIENT] sent ACK 74900

==================================================
CLIENT REPORT
==================================================
Security enabled (PSK + AEAD):            No
Handshake status:                         Fail
Size of the transferred file:             104857600 bytes
Number of packets received from server:   75067
Number of duplicate packets:              168
Replay drops:                             168
Number of out-of-order packets:           72168
Number of packets with checksum errors:   0
Time duration of the file transfer:       00:00:38
Received file MD5:                        2f282b84e7e608d5852449ed940bfc51
AEAD authentication failures:             0
SHA-256 match:                            No
==================================================

[CLIENT] Report saved to client_report.txt
[CLIENT] file saved as received_test_100mb_file
real 41.95
user 0.06
sys 0.13

Script done on 2026-04-22 16:15:33+00:00 [COMMAND_EXIT_CODE="0"]
