Script started on 2026-04-22 15:33:32+00:00 [COMMAND="cd ~/secure-reliable-file-fransfer && { /usr/bin/time -p sudo PYTHONPATH=. python3 -u main.py --mode client --config config_phase1.json --file ./gdrive-folder/test_100mb_file; } 2>&1" TERM="xterm-256color" TTY="/dev/pts/0" COLUMNS="222" LINES="30"]
[CLIENT] running on 172.31.64.201:50000
[CLIENT] talking to server 172.31.77.14:50000
[CLIENT] requested file: ./gdrive-folder/test_100mb_file
[CLIENT] sent ACK 14
[CLIENT] sent ACK 42
[CLIENT] sent ACK 70
[CLIENT] sent ACK 98
[CLIENT] sent ACK 127
[CLIENT] sent ACK 162
[CLIENT] sent ACK 191
[CLIENT] sent ACK 220
[CLIENT] sent ACK 249
[CLIENT] sent ACK 255
[CLIENT] sent ACK 255
[CLIENT] sent ACK 255
[CLIENT] sent ACK 255
[CLIENT] sent ACK 255
[CLIENT] sent ACK 255
[CLIENT] sent ACK 255
[CLIENT] sent ACK 255
[CLIENT] sent ACK 255
[CLIENT] sent ACK 255
[CLIENT] sent ACK 255
[CLIENT] sent ACK 255
[CLIENT] sent ACK 255
[CLIENT] sent ACK 255
[CLIENT] sent ACK 255
[CLIENT] sent ACK 255
[CLIENT] sent ACK 255
[CLIENT] sent ACK 385
[CLIENT] sent ACK 385
[CLIENT] sent ACK 385
[CLIENT] sent ACK 385
[CLIENT] sent ACK 385
[CLIENT] sent ACK 573
[CLIENT] sent ACK 573
[CLIENT] sent ACK 573
[CLIENT] sent ACK 573
[CLIENT] sent ACK 573
[CLIENT] sent ACK 573
[CLIENT] sent ACK 573
[CLIENT] sent ACK 677
[CLIENT] sent ACK 677
[CLIENT] sent ACK 677
[CLIENT] sent ACK 677
[CLIENT] sent ACK 747
[CLIENT] sent ACK 747
[CLIENT] sent ACK 747
[CLIENT] sent ACK 936
[CLIENT] sent ACK 936
[CLIENT] sent ACK 936
[CLIENT] sent ACK 936
[CLIENT] sent ACK 936
[CLIENT] sent ACK 936
[CLIENT] sent ACK 936
[CLIENT] sent ACK 1006
[CLIENT] sent ACK 1006
[CLIENT] sent ACK 1006
[CLIENT] sent ACK 1095
[CLIENT] sent ACK 1095
[CLIENT] sent ACK 1095
[CLIENT] sent ACK 1095
[CLIENT] sent ACK 1185
[CLIENT] sent ACK 1185
[CLIENT] sent ACK 1185
[CLIENT] sent ACK 1185
[CLIENT] sent ACK 1380
[CLIENT] sent ACK 1380
[CLIENT] sent ACK 1380
[CLIENT] sent ACK 1380
[CLIENT] sent ACK 1380
[CLIENT] sent ACK 1380
[CLIENT] sent ACK 1380
[CLIENT] sent ACK 1550
[CLIENT] sent ACK 1550
[CLIENT] sent ACK 1550
[CLIENT] sent ACK 1550
[CLIENT] sent ACK 1550
[CLIENT] sent ACK 1550
[CLIENT] sent ACK 1594
[CLIENT] sent ACK 1614
[CLIENT] sent ACK 1660
[CLIENT] sent ACK 1699
[CLIENT] sent ACK 1699
[CLIENT] sent ACK 1732
[CLIENT] sent ACK 1788
[CLIENT] sent ACK 1818
[CLIENT] sent ACK 1818
[CLIENT] sent ACK 1925
[CLIENT] sent ACK 1925
[CLIENT] sent ACK 1925
[CLIENT] sent ACK 1925
[CLIENT] sent ACK 1925
[CLIENT] sent ACK 2057
[CLIENT] sent ACK 2057
[CLIENT] sent ACK 2057
[CLIENT] sent ACK 2057
[CLIENT] sent ACK 2057
[CLIENT] sent ACK 2143
[CLIENT] sent ACK 2143
[CLIENT] sent ACK 2143
[CLIENT] sent ACK 2143
[CLIENT] sent ACK 2277
[CLIENT] sent ACK 2277
[CLIENT] sent ACK 2277
[CLIENT] sent ACK 2277
[CLIENT] sent ACK 2277
[CLIENT] sent ACK 2373
[CLIENT] sent ACK 2373
[CLIENT] sent ACK 2373
[CLIENT] sent ACK 2373
[CLIENT] sent ACK 2518
[CLIENT] sent ACK 2518
[CLIENT] sent ACK 2518
[CLIENT] sent ACK 2518
[CLIENT] sent ACK 2518
[CLIENT] sent ACK 2532
[CLIENT] sent ACK 2665
[CLIENT] sent ACK 2665
[CLIENT] sent ACK 2665
[CLIENT] sent ACK 2665
[CLIENT] sent ACK 2665
[CLIENT] sent ACK 2758
[CLIENT] sent ACK 2758
[CLIENT] sent ACK 2758
[CLIENT] sent ACK 2758
[CLIENT] sent ACK 2834
[CLIENT] sent ACK 2834
[CLIENT] sent ACK 2834
[CLIENT] sent ACK 2834
[CLIENT] sent ACK 2914
[CLIENT] sent ACK 2914
[CLIENT] sent ACK 2914
[CLIENT] sent ACK 3108
[CLIENT] sent ACK 3108
[CLIENT] sent ACK 3108
[CLIENT] sent ACK 3108
[CLIENT] sent ACK 3108
[CLIENT] sent ACK 3108
[CLIENT] sent ACK 3108
[CLIENT] sent ACK 3217
[CLIENT] sent ACK 3217
[CLIENT] sent ACK 3217
[CLIENT] sent ACK 3217
[CLIENT] sent ACK 3445
[CLIENT] sent ACK 3445
[CLIENT] sent ACK 3445
[CLIENT] sent ACK 3445
[CLIENT] sent ACK 3445
[CLIENT] sent ACK 3445
[CLIENT] sent ACK 3445
[CLIENT] sent ACK 3445
[CLIENT] sent ACK 3498
[CLIENT] sent ACK 3522
[CLIENT] sent ACK 3522
[CLIENT] sent ACK 3618
[CLIENT] sent ACK 3618
[CLIENT] sent ACK 3618
[CLIENT] sent ACK 3618
[CLIENT] sent ACK 3697
[CLIENT] sent ACK 3697
[CLIENT] sent ACK 3697
[CLIENT] sent ACK 3772
[CLIENT] sent ACK 3772
[CLIENT] sent ACK 3772
[CLIENT] sent ACK 3848
[CLIENT] sent ACK 3848
[CLIENT] sent ACK 3848
[CLIENT] sent ACK 3923
[CLIENT] sent ACK 3923
[CLIENT] sent ACK 3923
[CLIENT] sent ACK 4084
[CLIENT] sent ACK 4084
[CLIENT] sent ACK 4084
[CLIENT] sent ACK 4084
[CLIENT] sent ACK 4084
[CLIENT] sent ACK 4084
[CLIENT] sent ACK 4219
[CLIENT] sent ACK 4219
[CLIENT] sent ACK 4219
[CLIENT] sent ACK 4219
[CLIENT] sent ACK 4219
[CLIENT] sent ACK 4319
[CLIENT] sent ACK 4319
[CLIENT] sent ACK 4319
[CLIENT] sent ACK 4319
[CLIENT] sent ACK 4406
[CLIENT] sent ACK 4406
[CLIENT] sent ACK 4406
[CLIENT] sent ACK 4406
[CLIENT] sent ACK 4518
[CLIENT] sent ACK 4518
[CLIENT] sent ACK 4518
[CLIENT] sent ACK 4518
[CLIENT] sent ACK 4518
[CLIENT] sent ACK 4621
[CLIENT] sent ACK 4621
[CLIENT] sent ACK 4621
[CLIENT] sent ACK 4621
[CLIENT] sent ACK 4799
[CLIENT] sent ACK 4799
[CLIENT] sent ACK 4799
[CLIENT] sent ACK 4799
[CLIENT] sent ACK 4799
[CLIENT] sent ACK 4799
[CLIENT] sent ACK 4799
[CLIENT] sent ACK 4958
[CLIENT] sent ACK 4958
[CLIENT] sent ACK 4958
[CLIENT] sent ACK 4958
[CLIENT] sent ACK 4958
[CLIENT] sent ACK 4958
[CLIENT] sent ACK 5082
[CLIENT] sent ACK 5082
[CLIENT] sent ACK 5082
[CLIENT] sent ACK 5082
[CLIENT] sent ACK 5082
[CLIENT] sent ACK 5215
[CLIENT] sent ACK 5215
[CLIENT] sent ACK 5215
[CLIENT] sent ACK 5215
[CLIENT] sent ACK 5215
[CLIENT] sent ACK 5393
[CLIENT] sent ACK 5393
[CLIENT] sent ACK 5393
[CLIENT] sent ACK 5393
[CLIENT] sent ACK 5393
[CLIENT] sent ACK 5393
[CLIENT] sent ACK 5393
[CLIENT] sent ACK 5488
[CLIENT] sent ACK 5488
[CLIENT] sent ACK 5488
[CLIENT] sent ACK 5488
[CLIENT] sent ACK 5575
[CLIENT] sent ACK 5575
[CLIENT] sent ACK 5575
[CLIENT] sent ACK 5575
[CLIENT] sent ACK 5697
[CLIENT] sent ACK 5697
[CLIENT] sent ACK 5697
[CLIENT] sent ACK 5697
[CLIENT] sent ACK 5697
[CLIENT] sent ACK 5787
[CLIENT] sent ACK 5787
[CLIENT] sent ACK 5787
[CLIENT] sent ACK 5787
[CLIENT] sent ACK 5926
[CLIENT] sent ACK 5926
[CLIENT] sent ACK 5926
[CLIENT] sent ACK 5926
[CLIENT] sent ACK 5926
[CLIENT] sent ACK 6024
[CLIENT] sent ACK 6024
[CLIENT] sent ACK 6024
[CLIENT] sent ACK 6024
[CLIENT] sent ACK 6230
[CLIENT] sent ACK 6230
[CLIENT] sent ACK 6230
[CLIENT] sent ACK 6230
[CLIENT] sent ACK 6230
[CLIENT] sent ACK 6230
[CLIENT] sent ACK 6230
[CLIENT] sent ACK 6230
[CLIENT] sent ACK 6396
[CLIENT] sent ACK 6396
[CLIENT] sent ACK 6396
[CLIENT] sent ACK 6396
[CLIENT] sent ACK 6396
[CLIENT] sent ACK 6396
[CLIENT] sent ACK 6558
[CLIENT] sent ACK 6558
[CLIENT] sent ACK 6558
[CLIENT] sent ACK 6558
[CLIENT] sent ACK 6558
[CLIENT] sent ACK 6558
[CLIENT] sent ACK 6641
[CLIENT] sent ACK 6641
[CLIENT] sent ACK 6641
[CLIENT] sent ACK 6762
[CLIENT] sent ACK 6762
[CLIENT] sent ACK 6762
[CLIENT] sent ACK 6762
[CLIENT] sent ACK 6762
[CLIENT] sent ACK 6876
[CLIENT] sent ACK 6876
[CLIENT] sent ACK 6876
[CLIENT] sent ACK 6876
[CLIENT] sent ACK 6876
[CLIENT] sent ACK 6945
[CLIENT] sent ACK 6945
[CLIENT] sent ACK 6945
[CLIENT] sent ACK 7095
[CLIENT] sent ACK 7095
[CLIENT] sent ACK 7095
[CLIENT] sent ACK 7095
[CLIENT] sent ACK 7095
[CLIENT] sent ACK 7095
[CLIENT] sent ACK 7188
[CLIENT] sent ACK 7188
[CLIENT] sent ACK 7188
[CLIENT] sent ACK 7188
[CLIENT] sent ACK 7325
[CLIENT] sent ACK 7325
[CLIENT] sent ACK 7325
[CLIENT] sent ACK 7325
[CLIENT] sent ACK 7325
[CLIENT] sent ACK 7500
[CLIENT] sent ACK 7500
[CLIENT] sent ACK 7500
[CLIENT] sent ACK 7500
[CLIENT] sent ACK 7500
[CLIENT] sent ACK 7500
[CLIENT] sent ACK 7500
[CLIENT] sent ACK 7593
[CLIENT] sent ACK 7593
[CLIENT] sent ACK 7593
[CLIENT] sent ACK 7593
[CLIENT] sent ACK 7716
[CLIENT] sent ACK 7716
[CLIENT] sent ACK 7716
[CLIENT] sent ACK 7716
[CLIENT] sent ACK 7716
[CLIENT] sent ACK 7870
[CLIENT] sent ACK 7870
[CLIENT] sent ACK 7870
[CLIENT] sent ACK 7870
[CLIENT] sent ACK 7870
[CLIENT] sent ACK 7870
[CLIENT] sent ACK 8039
[CLIENT] sent ACK 8039
[CLIENT] sent ACK 8039
[CLIENT] sent ACK 8039
[CLIENT] sent ACK 8039
[CLIENT] sent ACK 8039
[CLIENT] sent ACK 8039
[CLIENT] sent ACK 8151
[CLIENT] sent ACK 8151
[CLIENT] sent ACK 8151
[CLIENT] sent ACK 8151
[CLIENT] sent ACK 8151
[CLIENT] sent ACK 8252
[CLIENT] sent ACK 8252
[CLIENT] sent ACK 8252
[CLIENT] sent ACK 8252
[CLIENT] sent ACK 8344
[CLIENT] sent ACK 8344
[CLIENT] sent ACK 8344
[CLIENT] sent ACK 8344
[CLIENT] sent ACK 8525
[CLIENT] sent ACK 8525
[CLIENT] sent ACK 8525
[CLIENT] sent ACK 8525
[CLIENT] sent ACK 8525
[CLIENT] sent ACK 8525
[CLIENT] sent ACK 8525
[CLIENT] sent ACK 8741
[CLIENT] sent ACK 8741
[CLIENT] sent ACK 8741
[CLIENT] sent ACK 8741
[CLIENT] sent ACK 8741
[CLIENT] sent ACK 8741
[CLIENT] sent ACK 8741
[CLIENT] sent ACK 8741
[CLIENT] sent ACK 8874
[CLIENT] sent ACK 8874
[CLIENT] sent ACK 8874
[CLIENT] sent ACK 8874
[CLIENT] sent ACK 8874
[CLIENT] sent ACK 8941
[CLIENT] sent ACK 8941
[CLIENT] sent ACK 8941
[CLIENT] sent ACK 9062
[CLIENT] sent ACK 9062
[CLIENT] sent ACK 9062
[CLIENT] sent ACK 9062
[CLIENT] sent ACK 9062
[CLIENT] sent ACK 9139
[CLIENT] sent ACK 9139
[CLIENT] sent ACK 9139
[CLIENT] sent ACK 9213
[CLIENT] sent ACK 9213
[CLIENT] sent ACK 9213
[CLIENT] sent ACK 9293
[CLIENT] sent ACK 9293
[CLIENT] sent ACK 9293
[CLIENT] sent ACK 9293
[CLIENT] sent ACK 9476
[CLIENT] sent ACK 9476
[CLIENT] sent ACK 9476
[CLIENT] sent ACK 9476
[CLIENT] sent ACK 9476
[CLIENT] sent ACK 9476
[CLIENT] sent ACK 9476
[CLIENT] sent ACK 9487
[CLIENT] sent ACK 9487
[CLIENT] sent ACK 9620
[CLIENT] sent ACK 9620
[CLIENT] sent ACK 9620
[CLIENT] sent ACK 9620
[CLIENT] sent ACK 9620
[CLIENT] sent ACK 9637
[CLIENT] sent ACK 9637
[CLIENT] sent ACK 9722
[CLIENT] sent ACK 9722
[CLIENT] sent ACK 9722
[CLIENT] sent ACK 9722
[CLIENT] sent ACK 9821
[CLIENT] sent ACK 9821
[CLIENT] sent ACK 9821
[CLIENT] sent ACK 9821
[CLIENT] sent ACK 9821
[CLIENT] sent ACK 9889
[CLIENT] sent ACK 9889
[CLIENT] sent ACK 9889
[CLIENT] sent ACK 9964
[CLIENT] sent ACK 9964
[CLIENT] sent ACK 9964
[CLIENT] sent ACK 10078
[CLIENT] sent ACK 10078
[CLIENT] sent ACK 10078
[CLIENT] sent ACK 10078
[CLIENT] sent ACK 10078
[CLIENT] sent ACK 10182
[CLIENT] sent ACK 10182
[CLIENT] sent ACK 10182
[CLIENT] sent ACK 10182
[CLIENT] sent ACK 10320
[CLIENT] sent ACK 10320
[CLIENT] sent ACK 10320
[CLIENT] sent ACK 10320
[CLIENT] sent ACK 10320
[CLIENT] sent ACK 10320
[CLIENT] sent ACK 10538
[CLIENT] sent ACK 10538
[CLIENT] sent ACK 10538
[CLIENT] sent ACK 10538
[CLIENT] sent ACK 10538
[CLIENT] sent ACK 10538
[CLIENT] sent ACK 10538
[CLIENT] sent ACK 10538
[CLIENT] sent ACK 10630
[CLIENT] sent ACK 10630
[CLIENT] sent ACK 10630
[CLIENT] sent ACK 10630
[CLIENT] sent ACK 10773
[CLIENT] sent ACK 10773
[CLIENT] sent ACK 10773
[CLIENT] sent ACK 10773
[CLIENT] sent ACK 10773
[CLIENT] sent ACK 10773
[CLIENT] sent ACK 10884
[CLIENT] sent ACK 10884
[CLIENT] sent ACK 10884
[CLIENT] sent ACK 10884
[CLIENT] sent ACK 10884
[CLIENT] sent ACK 11045
[CLIENT] sent ACK 11045
[CLIENT] sent ACK 11045
[CLIENT] sent ACK 11045
[CLIENT] sent ACK 11045
[CLIENT] sent ACK 11045
[CLIENT] sent ACK 11229
[CLIENT] sent ACK 11229
[CLIENT] sent ACK 11229
[CLIENT] sent ACK 11229
[CLIENT] sent ACK 11229
[CLIENT] sent ACK 11229
[CLIENT] sent ACK 11229
[CLIENT] sent ACK 11351
[CLIENT] sent ACK 11351
[CLIENT] sent ACK 11351
[CLIENT] sent ACK 11351
[CLIENT] sent ACK 11433
[CLIENT] sent ACK 11433
[CLIENT] sent ACK 11433
[CLIENT] sent ACK 11433
[CLIENT] sent ACK 11567
[CLIENT] sent ACK 11567
[CLIENT] sent ACK 11567
[CLIENT] sent ACK 11567
[CLIENT] sent ACK 11567
[CLIENT] sent ACK 11646
[CLIENT] sent ACK 11646
[CLIENT] sent ACK 11646
[CLIENT] sent ACK 11737
[CLIENT] sent ACK 11737
[CLIENT] sent ACK 11737
[CLIENT] sent ACK 11737
[CLIENT] sent ACK 11865
[CLIENT] sent ACK 11865
[CLIENT] sent ACK 11865
[CLIENT] sent ACK 11865
[CLIENT] sent ACK 11865
[CLIENT] sent ACK 11931
[CLIENT] sent ACK 11931
[CLIENT] sent ACK 11931
[CLIENT] sent ACK 12078
[CLIENT] sent ACK 12078
[CLIENT] sent ACK 12078
[CLIENT] sent ACK 12078
[CLIENT] sent ACK 12078
[CLIENT] sent ACK 12078
[CLIENT] sent ACK 12142
[CLIENT] sent ACK 12142
[CLIENT] sent ACK 12142
[CLIENT] sent ACK 12213
[CLIENT] sent ACK 12213
[CLIENT] sent ACK 12213
[CLIENT] sent ACK 12354
[CLIENT] sent ACK 12354
[CLIENT] sent ACK 12354
[CLIENT] sent ACK 12354
[CLIENT] sent ACK 12354
[CLIENT] sent ACK 12354
[CLIENT] sent ACK 12476
[CLIENT] sent ACK 12476
[CLIENT] sent ACK 12476
[CLIENT] sent ACK 12476
[CLIENT] sent ACK 12476
[CLIENT] sent ACK 12563
[CLIENT] sent ACK 12563
[CLIENT] sent ACK 12563
[CLIENT] sent ACK 12563
[CLIENT] sent ACK 12691
[CLIENT] sent ACK 12691
[CLIENT] sent ACK 12691
[CLIENT] sent ACK 12691
[CLIENT] sent ACK 12691
[CLIENT] sent ACK 12795
[CLIENT] sent ACK 12795
[CLIENT] sent ACK 12795
[CLIENT] sent ACK 12795
[CLIENT] sent ACK 12977
[CLIENT] sent ACK 12977
[CLIENT] sent ACK 12977
[CLIENT] sent ACK 12977
[CLIENT] sent ACK 12977
[CLIENT] sent ACK 12977
[CLIENT] sent ACK 12977
[CLIENT] sent ACK 13064
[CLIENT] sent ACK 13064
[CLIENT] sent ACK 13064
[CLIENT] sent ACK 13064
[CLIENT] sent ACK 13149
[CLIENT] sent ACK 13149
[CLIENT] sent ACK 13149
[CLIENT] sent ACK 13149
[CLIENT] sent ACK 13225
[CLIENT] sent ACK 13225
[CLIENT] sent ACK 13225
[CLIENT] sent ACK 13447
[CLIENT] sent ACK 13447
[CLIENT] sent ACK 13447
[CLIENT] sent ACK 13447
[CLIENT] sent ACK 13447
[CLIENT] sent ACK 13447
[CLIENT] sent ACK 13447
[CLIENT] sent ACK 13447
[CLIENT] sent ACK 13521
[CLIENT] sent ACK 13521
[CLIENT] sent ACK 13521
[CLIENT] sent ACK 13715
[CLIENT] sent ACK 13715
[CLIENT] sent ACK 13715
[CLIENT] sent ACK 13715
[CLIENT] sent ACK 13715
[CLIENT] sent ACK 13715
[CLIENT] sent ACK 13715
[CLIENT] sent ACK 13715
[CLIENT] sent ACK 13829
[CLIENT] sent ACK 13829
[CLIENT] sent ACK 13829
[CLIENT] sent ACK 13829
[CLIENT] sent ACK 13829
[CLIENT] sent ACK 13913
[CLIENT] sent ACK 13913
[CLIENT] sent ACK 13913
[CLIENT] sent ACK 13913
[CLIENT] sent ACK 14085
[CLIENT] sent ACK 14085
[CLIENT] sent ACK 14085
[CLIENT] sent ACK 14085
[CLIENT] sent ACK 14085
[CLIENT] sent ACK 14085
[CLIENT] sent ACK 14085
[CLIENT] sent ACK 14149
[CLIENT] sent ACK 14149
[CLIENT] sent ACK 14149
[CLIENT] sent ACK 14312
[CLIENT] sent ACK 14312
[CLIENT] sent ACK 14312
[CLIENT] sent ACK 14312
[CLIENT] sent ACK 14312
[CLIENT] sent ACK 14312
[CLIENT] sent ACK 14492
[CLIENT] sent ACK 14492
[CLIENT] sent ACK 14492
[CLIENT] sent ACK 14492
[CLIENT] sent ACK 14492
[CLIENT] sent ACK 14492
[CLIENT] sent ACK 14492
[CLIENT] sent ACK 14558
[CLIENT] sent ACK 14558
[CLIENT] sent ACK 14558
[CLIENT] sent ACK 14650
[CLIENT] sent ACK 14650
[CLIENT] sent ACK 14650
[CLIENT] sent ACK 14650
[CLIENT] sent ACK 14762
[CLIENT] sent ACK 14762
[CLIENT] sent ACK 14762
[CLIENT] sent ACK 14762
[CLIENT] sent ACK 14762
[CLIENT] sent ACK 14762
[CLIENT] sent ACK 14829
[CLIENT] sent ACK 14829
[CLIENT] sent ACK 14829
[CLIENT] sent ACK 14919
[CLIENT] sent ACK 14919
[CLIENT] sent ACK 14919
[CLIENT] sent ACK 14919
[CLIENT] sent ACK 14994
[CLIENT] sent ACK 14994
[CLIENT] sent ACK 14994
[CLIENT] sent ACK 15175
[CLIENT] sent ACK 15175
[CLIENT] sent ACK 15175
[CLIENT] sent ACK 15175
[CLIENT] sent ACK 15175
[CLIENT] sent ACK 15175
[CLIENT] sent ACK 15175
[CLIENT] sent ACK 15376
[CLIENT] sent ACK 15376
[CLIENT] sent ACK 15376
[CLIENT] sent ACK 15376
[CLIENT] sent ACK 15376
[CLIENT] sent ACK 15376
[CLIENT] sent ACK 15376
[CLIENT] sent ACK 15376
[CLIENT] sent ACK 15529
[CLIENT] sent ACK 15529
[CLIENT] sent ACK 15529
[CLIENT] sent ACK 15529
[CLIENT] sent ACK 15529
[CLIENT] sent ACK 15529
[CLIENT] sent ACK 15600
[CLIENT] sent ACK 15600
[CLIENT] sent ACK 15600
[CLIENT] sent ACK 15685
[CLIENT] sent ACK 15685
[CLIENT] sent ACK 15685
[CLIENT] sent ACK 15685
[CLIENT] sent ACK 15893
[CLIENT] sent ACK 15893
[CLIENT] sent ACK 15893
[CLIENT] sent ACK 15893
[CLIENT] sent ACK 15893
[CLIENT] sent ACK 15893
[CLIENT] sent ACK 15893
[CLIENT] sent ACK 15893
[CLIENT] sent ACK 15958
[CLIENT] sent ACK 15958
[CLIENT] sent ACK 15958
[CLIENT] sent ACK 16064
[CLIENT] sent ACK 16064
[CLIENT] sent ACK 16064
[CLIENT] sent ACK 16064
[CLIENT] sent ACK 16172
[CLIENT] sent ACK 16172
[CLIENT] sent ACK 16172
[CLIENT] sent ACK 16172
[CLIENT] sent ACK 16266
[CLIENT] sent ACK 16266
[CLIENT] sent ACK 16266
[CLIENT] sent ACK 16266
[CLIENT] sent ACK 16397
[CLIENT] sent ACK 16397
[CLIENT] sent ACK 16397
[CLIENT] sent ACK 16397
[CLIENT] sent ACK 16397
[CLIENT] sent ACK 16397
[CLIENT] sent ACK 16462
[CLIENT] sent ACK 16462
[CLIENT] sent ACK 16462
[CLIENT] sent ACK 16663
[CLIENT] sent ACK 16663
[CLIENT] sent ACK 16663
[CLIENT] sent ACK 16663
[CLIENT] sent ACK 16663
[CLIENT] sent ACK 16839
[CLIENT] sent ACK 16839
[CLIENT] sent ACK 16839
[CLIENT] sent ACK 16839
[CLIENT] sent ACK 16839
[CLIENT] sent ACK 16839
[CLIENT] sent ACK 16839
[CLIENT] sent ACK 17088
[CLIENT] sent ACK 17088
[CLIENT] sent ACK 17088
[CLIENT] sent ACK 17088
[CLIENT] sent ACK 17088
[CLIENT] sent ACK 17088
[CLIENT] sent ACK 17088
[CLIENT] sent ACK 17088
[CLIENT] sent ACK 17088
[CLIENT] sent ACK 17088
[CLIENT] sent ACK 17225
[CLIENT] sent ACK 17225
[CLIENT] sent ACK 17225
[CLIENT] sent ACK 17225
[CLIENT] sent ACK 17225
[CLIENT] sent ACK 17265
[CLIENT] sent ACK 17313
[CLIENT] sent ACK 17367
[CLIENT] sent ACK 17367
[CLIENT] sent ACK 17367
[CLIENT] sent ACK 17367
[CLIENT] sent ACK 17432
[CLIENT] sent ACK 17432
[CLIENT] sent ACK 17432
[CLIENT] sent ACK 17530
[CLIENT] sent ACK 17530
[CLIENT] sent ACK 17530
[CLIENT] sent ACK 17530
[CLIENT] sent ACK 17620
[CLIENT] sent ACK 17620
[CLIENT] sent ACK 17620
[CLIENT] sent ACK 17620
[CLIENT] sent ACK 17756
[CLIENT] sent ACK 17756
[CLIENT] sent ACK 17756
[CLIENT] sent ACK 17756
[CLIENT] sent ACK 17756
[CLIENT] sent ACK 17830
[CLIENT] sent ACK 17830
[CLIENT] sent ACK 17830
[CLIENT] sent ACK 17905
[CLIENT] sent ACK 17905
[CLIENT] sent ACK 17905
[CLIENT] sent ACK 17972
[CLIENT] sent ACK 17972
[CLIENT] sent ACK 17972
[CLIENT] sent ACK 18054
[CLIENT] sent ACK 18054
[CLIENT] sent ACK 18054
[CLIENT] sent ACK 18054
[CLIENT] sent ACK 18151
[CLIENT] sent ACK 18151
[CLIENT] sent ACK 18151
[CLIENT] sent ACK 18151
[CLIENT] sent ACK 18268
[CLIENT] sent ACK 18268
[CLIENT] sent ACK 18268
[CLIENT] sent ACK 18268
[CLIENT] sent ACK 18268
[CLIENT] sent ACK 18374
[CLIENT] sent ACK 18374
[CLIENT] sent ACK 18374
[CLIENT] sent ACK 18374
[CLIENT] sent ACK 18543
[CLIENT] sent ACK 18543
[CLIENT] sent ACK 18543
[CLIENT] sent ACK 18543
[CLIENT] sent ACK 18543
[CLIENT] sent ACK 18543
[CLIENT] sent ACK 18543
[CLIENT] sent ACK 18785
[CLIENT] sent ACK 18785
[CLIENT] sent ACK 18785
[CLIENT] sent ACK 18785
[CLIENT] sent ACK 18785
[CLIENT] sent ACK 18785
[CLIENT] sent ACK 18785
[CLIENT] sent ACK 18785
[CLIENT] sent ACK 18785
[CLIENT] sent ACK 18862
[CLIENT] sent ACK 18862
[CLIENT] sent ACK 18862
[CLIENT] sent ACK 18956
[CLIENT] sent ACK 18956
[CLIENT] sent ACK 18956
[CLIENT] sent ACK 18956
[CLIENT] sent ACK 19027
[CLIENT] sent ACK 19027
[CLIENT] sent ACK 19027
[CLIENT] sent ACK 19146
[CLIENT] sent ACK 19146
[CLIENT] sent ACK 19146
[CLIENT] sent ACK 19146
[CLIENT] sent ACK 19146
[CLIENT] sent ACK 19248
[CLIENT] sent ACK 19248
[CLIENT] sent ACK 19248
[CLIENT] sent ACK 19248
[CLIENT] sent ACK 19361
[CLIENT] sent ACK 19361
[CLIENT] sent ACK 19361
[CLIENT] sent ACK 19361
[CLIENT] sent ACK 19361
[CLIENT] sent ACK 19470
[CLIENT] sent ACK 19470
[CLIENT] sent ACK 19470
[CLIENT] sent ACK 19470
[CLIENT] sent ACK 19470
[CLIENT] sent ACK 19550
[CLIENT] sent ACK 19550
[CLIENT] sent ACK 19550
[CLIENT] sent ACK 19657
[CLIENT] sent ACK 19657
[CLIENT] sent ACK 19657
[CLIENT] sent ACK 19657
[CLIENT] sent ACK 19657
[CLIENT] sent ACK 19790
[CLIENT] sent ACK 19790
[CLIENT] sent ACK 19790
[CLIENT] sent ACK 19790
[CLIENT] sent ACK 19790
[CLIENT] sent ACK 19918
[CLIENT] sent ACK 19918
[CLIENT] sent ACK 19918
[CLIENT] sent ACK 19918
[CLIENT] sent ACK 19918
[CLIENT] sent ACK 20002
[CLIENT] sent ACK 20002
[CLIENT] sent ACK 20002
[CLIENT] sent ACK 20002
[CLIENT] sent ACK 20108
[CLIENT] sent ACK 20108
[CLIENT] sent ACK 20108
[CLIENT] sent ACK 20108
[CLIENT] sent ACK 20172
[CLIENT] sent ACK 20172
[CLIENT] sent ACK 20172
[CLIENT] sent ACK 20243
[CLIENT] sent ACK 20243
[CLIENT] sent ACK 20243
[CLIENT] sent ACK 20357
[CLIENT] sent ACK 20357
[CLIENT] sent ACK 20357
[CLIENT] sent ACK 20357
[CLIENT] sent ACK 20357
[CLIENT] sent ACK 20421
[CLIENT] sent ACK 20421
[CLIENT] sent ACK 20421
[CLIENT] sent ACK 20517
[CLIENT] sent ACK 20517
[CLIENT] sent ACK 20517
[CLIENT] sent ACK 20517
[CLIENT] sent ACK 20660
[CLIENT] sent ACK 20660
[CLIENT] sent ACK 20660
[CLIENT] sent ACK 20660
[CLIENT] sent ACK 20660
[CLIENT] sent ACK 20660
[CLIENT] sent ACK 20785
[CLIENT] sent ACK 20785
[CLIENT] sent ACK 20785
[CLIENT] sent ACK 20785
[CLIENT] sent ACK 20785
[CLIENT] sent ACK 20869
[CLIENT] sent ACK 20869
[CLIENT] sent ACK 20869
[CLIENT] sent ACK 20869
[CLIENT] sent ACK 20960
[CLIENT] sent ACK 20960
[CLIENT] sent ACK 20960
[CLIENT] sent ACK 20960
[CLIENT] sent ACK 21093
[CLIENT] sent ACK 21093
[CLIENT] sent ACK 21093
[CLIENT] sent ACK 21093
[CLIENT] sent ACK 21093
[CLIENT] sent ACK 21095
[CLIENT] sent ACK 21095
[CLIENT] sent ACK 21327
[CLIENT] sent ACK 21327
[CLIENT] sent ACK 21327
[CLIENT] sent ACK 21327
[CLIENT] sent ACK 21327
[CLIENT] sent ACK 21327
[CLIENT] sent ACK 21327
[CLIENT] sent ACK 21327
[CLIENT] sent ACK 21413
[CLIENT] sent ACK 21413
[CLIENT] sent ACK 21413
[CLIENT] sent ACK 21413
[CLIENT] sent ACK 21531
[CLIENT] sent ACK 21531
[CLIENT] sent ACK 21531
[CLIENT] sent ACK 21531
[CLIENT] sent ACK 21531
[CLIENT] sent ACK 21667
[CLIENT] sent ACK 21667
[CLIENT] sent ACK 21667
[CLIENT] sent ACK 21667
[CLIENT] sent ACK 21667
[CLIENT] sent ACK 21887
[CLIENT] sent ACK 21887
[CLIENT] sent ACK 21887
[CLIENT] sent ACK 21887
[CLIENT] sent ACK 21887
[CLIENT] sent ACK 21887
[CLIENT] sent ACK 21887
[CLIENT] sent ACK 21887
[CLIENT] sent ACK 21961
[CLIENT] sent ACK 21961
[CLIENT] sent ACK 21961
[CLIENT] sent ACK 22075
[CLIENT] sent ACK 22075
[CLIENT] sent ACK 22075
[CLIENT] sent ACK 22075
[CLIENT] sent ACK 22075
[CLIENT] sent ACK 22179
[CLIENT] sent ACK 22179
[CLIENT] sent ACK 22179
[CLIENT] sent ACK 22179
[CLIENT] sent ACK 22259
[CLIENT] sent ACK 22259
[CLIENT] sent ACK 22259
[CLIENT] sent ACK 22345
[CLIENT] sent ACK 22345
[CLIENT] sent ACK 22345
[CLIENT] sent ACK 22345
[CLIENT] sent ACK 22485
[CLIENT] sent ACK 22485
[CLIENT] sent ACK 22485
[CLIENT] sent ACK 22485
[CLIENT] sent ACK 22485
[CLIENT] sent ACK 22485
[CLIENT] sent ACK 22598
[CLIENT] sent ACK 22598
[CLIENT] sent ACK 22598
[CLIENT] sent ACK 22598
[CLIENT] sent ACK 22598
[CLIENT] sent ACK 22667
[CLIENT] sent ACK 22667
[CLIENT] sent ACK 22667
[CLIENT] sent ACK 22742
[CLIENT] sent ACK 22742
[CLIENT] sent ACK 22742
[CLIENT] sent ACK 22840
[CLIENT] sent ACK 22840
[CLIENT] sent ACK 22840
[CLIENT] sent ACK 22840
[CLIENT] sent ACK 22965
[CLIENT] sent ACK 22965
[CLIENT] sent ACK 22965
[CLIENT] sent ACK 22965
[CLIENT] sent ACK 22965
[CLIENT] sent ACK 23068
[CLIENT] sent ACK 23068
[CLIENT] sent ACK 23068
[CLIENT] sent ACK 23068
[CLIENT] sent ACK 23225
[CLIENT] sent ACK 23225
[CLIENT] sent ACK 23225
[CLIENT] sent ACK 23225
[CLIENT] sent ACK 23225
[CLIENT] sent ACK 23225
[CLIENT] sent ACK 23332
[CLIENT] sent ACK 23332
[CLIENT] sent ACK 23332
[CLIENT] sent ACK 23332
[CLIENT] sent ACK 23424
[CLIENT] sent ACK 23424
[CLIENT] sent ACK 23424
[CLIENT] sent ACK 23424
[CLIENT] sent ACK 23489
[CLIENT] sent ACK 23489
[CLIENT] sent ACK 23489
[CLIENT] sent ACK 23566
[CLIENT] sent ACK 23566
[CLIENT] sent ACK 23566
[CLIENT] sent ACK 23644
[CLIENT] sent ACK 23644
[CLIENT] sent ACK 23644
[CLIENT] sent ACK 23880
[CLIENT] sent ACK 23880
[CLIENT] sent ACK 23880
[CLIENT] sent ACK 23880
[CLIENT] sent ACK 23880
[CLIENT] sent ACK 23880
[CLIENT] sent ACK 23880
[CLIENT] sent ACK 23880
[CLIENT] sent ACK 23880
[CLIENT] sent ACK 24012
[CLIENT] sent ACK 24012
[CLIENT] sent ACK 24012
[CLIENT] sent ACK 24012
[CLIENT] sent ACK 24012
[CLIENT] sent ACK 24146
[CLIENT] sent ACK 24146
[CLIENT] sent ACK 24146
[CLIENT] sent ACK 24146
[CLIENT] sent ACK 24146
[CLIENT] sent ACK 24208
[CLIENT] sent ACK 24208
[CLIENT] sent ACK 24208
[CLIENT] sent ACK 24299
[CLIENT] sent ACK 24299
[CLIENT] sent ACK 24299
[CLIENT] sent ACK 24299
[CLIENT] sent ACK 24370
[CLIENT] sent ACK 24370
[CLIENT] sent ACK 24370
[CLIENT] sent ACK 24499
[CLIENT] sent ACK 24499
[CLIENT] sent ACK 24499
[CLIENT] sent ACK 24499
[CLIENT] sent ACK 24499
[CLIENT] sent ACK 24603
[CLIENT] sent ACK 24603
[CLIENT] sent ACK 24603
[CLIENT] sent ACK 24603
[CLIENT] sent ACK 24703
[CLIENT] sent ACK 24703
[CLIENT] sent ACK 24703
[CLIENT] sent ACK 24703
[CLIENT] sent ACK 24777
[CLIENT] sent ACK 24777
[CLIENT] sent ACK 24777
[CLIENT] sent ACK 24891
[CLIENT] sent ACK 24891
[CLIENT] sent ACK 24891
[CLIENT] sent ACK 24891
[CLIENT] sent ACK 24891
[CLIENT] sent ACK 25004
[CLIENT] sent ACK 25004
[CLIENT] sent ACK 25004
[CLIENT] sent ACK 25004
[CLIENT] sent ACK 25004
[CLIENT] sent ACK 25094
[CLIENT] sent ACK 25094
[CLIENT] sent ACK 25094
[CLIENT] sent ACK 25094
[CLIENT] sent ACK 25240
[CLIENT] sent ACK 25240
[CLIENT] sent ACK 25240
[CLIENT] sent ACK 25240
[CLIENT] sent ACK 25240
[CLIENT] sent ACK 25240
[CLIENT] sent ACK 25440
[CLIENT] sent ACK 25440
[CLIENT] sent ACK 25440
[CLIENT] sent ACK 25440
[CLIENT] sent ACK 25440
[CLIENT] sent ACK 25440
[CLIENT] sent ACK 25440
[CLIENT] sent ACK 25440
[CLIENT] sent ACK 25605
[CLIENT] sent ACK 25605
[CLIENT] sent ACK 25605
[CLIENT] sent ACK 25605
[CLIENT] sent ACK 25605
[CLIENT] sent ACK 25605
[CLIENT] sent ACK 25606
[CLIENT] sent ACK 25691
[CLIENT] sent ACK 25691
[CLIENT] sent ACK 25691
[CLIENT] sent ACK 25691
[CLIENT] sent ACK 25834
[CLIENT] sent ACK 25834
[CLIENT] sent ACK 25834
[CLIENT] sent ACK 25834
[CLIENT] sent ACK 25834
[CLIENT] sent ACK 25834
[CLIENT] sent ACK 25934
[CLIENT] sent ACK 25934
[CLIENT] sent ACK 25934
[CLIENT] sent ACK 25934
[CLIENT] sent ACK 26020
[CLIENT] sent ACK 26020
[CLIENT] sent ACK 26020
[CLIENT] sent ACK 26020
[CLIENT] sent ACK 26185
[CLIENT] sent ACK 26185
[CLIENT] sent ACK 26185
[CLIENT] sent ACK 26185
[CLIENT] sent ACK 26185
[CLIENT] sent ACK 26185
[CLIENT] sent ACK 26228
[CLIENT] sent ACK 26262
[CLIENT] sent ACK 26388
[CLIENT] sent ACK 26388
[CLIENT] sent ACK 26388
[CLIENT] sent ACK 26388
[CLIENT] sent ACK 26388
[CLIENT] sent ACK 26388
[CLIENT] sent ACK 26468
[CLIENT] sent ACK 26468
[CLIENT] sent ACK 26468
[CLIENT] sent ACK 26468
[CLIENT] sent ACK 26534
[CLIENT] sent ACK 26534
[CLIENT] sent ACK 26534
[CLIENT] sent ACK 26606
[CLIENT] sent ACK 26606
[CLIENT] sent ACK 26606
[CLIENT] sent ACK 26684
[CLIENT] sent ACK 26684
[CLIENT] sent ACK 26684
[CLIENT] sent ACK 26731
[CLIENT] sent ACK 26731
[CLIENT] sent ACK 26811
[CLIENT] sent ACK 26811
[CLIENT] sent ACK 26811
[CLIENT] sent ACK 27029
[CLIENT] sent ACK 27029
[CLIENT] sent ACK 27029
[CLIENT] sent ACK 27029
[CLIENT] sent ACK 27029
[CLIENT] sent ACK 27029
[CLIENT] sent ACK 27029
[CLIENT] sent ACK 27029
[CLIENT] sent ACK 27110
[CLIENT] sent ACK 27110
[CLIENT] sent ACK 27110
[CLIENT] sent ACK 27125
[CLIENT] sent ACK 27216
[CLIENT] sent ACK 27216
[CLIENT] sent ACK 27216
[CLIENT] sent ACK 27216
[CLIENT] sent ACK 27382
[CLIENT] sent ACK 27382
[CLIENT] sent ACK 27382
[CLIENT] sent ACK 27382
[CLIENT] sent ACK 27382
[CLIENT] sent ACK 27382
[CLIENT] sent ACK 27382
[CLIENT] sent ACK 27522
[CLIENT] sent ACK 27522
[CLIENT] sent ACK 27522
[CLIENT] sent ACK 27522
[CLIENT] sent ACK 27522
[CLIENT] sent ACK 27522
[CLIENT] sent ACK 27590
[CLIENT] sent ACK 27590
[CLIENT] sent ACK 27590
[CLIENT] sent ACK 27672
[CLIENT] sent ACK 27672
[CLIENT] sent ACK 27672
[CLIENT] sent ACK 27672
[CLIENT] sent ACK 27757
[CLIENT] sent ACK 27757
[CLIENT] sent ACK 27757
[CLIENT] sent ACK 27757
[CLIENT] sent ACK 27824
[CLIENT] sent ACK 27824
[CLIENT] sent ACK 27824
[CLIENT] sent ACK 27878
[CLIENT] sent ACK 27878
[CLIENT] sent ACK 27878
[CLIENT] sent ACK 27970
[CLIENT] sent ACK 27970
[CLIENT] sent ACK 27970
[CLIENT] sent ACK 27970
[CLIENT] sent ACK 28076
[CLIENT] sent ACK 28076
[CLIENT] sent ACK 28076
[CLIENT] sent ACK 28076
[CLIENT] sent ACK 28271
[CLIENT] sent ACK 28271
[CLIENT] sent ACK 28271
[CLIENT] sent ACK 28271
[CLIENT] sent ACK 28271
[CLIENT] sent ACK 28271
[CLIENT] sent ACK 28271
[CLIENT] sent ACK 28271
[CLIENT] sent ACK 28393
[CLIENT] sent ACK 28393
[CLIENT] sent ACK 28393
[CLIENT] sent ACK 28393
[CLIENT] sent ACK 28393
[CLIENT] sent ACK 28569
[CLIENT] sent ACK 28569
[CLIENT] sent ACK 28569
[CLIENT] sent ACK 28569
[CLIENT] sent ACK 28569
[CLIENT] sent ACK 28569
[CLIENT] sent ACK 28569
[CLIENT] sent ACK 28640
[CLIENT] sent ACK 28640
[CLIENT] sent ACK 28640
[CLIENT] sent ACK 28812
[CLIENT] sent ACK 28812
[CLIENT] sent ACK 28812
[CLIENT] sent ACK 28812
[CLIENT] sent ACK 28812
[CLIENT] sent ACK 28812
[CLIENT] sent ACK 28812
[CLIENT] sent ACK 28895
[CLIENT] sent ACK 28895
[CLIENT] sent ACK 28895
[CLIENT] sent ACK 28895
[CLIENT] sent ACK 28960
[CLIENT] sent ACK 28960
[CLIENT] sent ACK 28960
[CLIENT] sent ACK 29027
[CLIENT] sent ACK 29027
[CLIENT] sent ACK 29027
[CLIENT] sent ACK 29148
[CLIENT] sent ACK 29148
[CLIENT] sent ACK 29148
[CLIENT] sent ACK 29148
[CLIENT] sent ACK 29148
[CLIENT] sent ACK 29244
[CLIENT] sent ACK 29244
[CLIENT] sent ACK 29244
[CLIENT] sent ACK 29244
[CLIENT] sent ACK 29362
[CLIENT] sent ACK 29362
[CLIENT] sent ACK 29362
[CLIENT] sent ACK 29362
[CLIENT] sent ACK 29362
[CLIENT] sent ACK 29443
[CLIENT] sent ACK 29443
[CLIENT] sent ACK 29443
[CLIENT] sent ACK 29549
[CLIENT] sent ACK 29549
[CLIENT] sent ACK 29549
[CLIENT] sent ACK 29549
[CLIENT] sent ACK 29764
[CLIENT] sent ACK 29764
[CLIENT] sent ACK 29764
[CLIENT] sent ACK 29764
[CLIENT] sent ACK 29764
[CLIENT] sent ACK 29764
[CLIENT] sent ACK 29764
[CLIENT] sent ACK 29764
[CLIENT] sent ACK 29912
[CLIENT] sent ACK 29912
[CLIENT] sent ACK 29912
[CLIENT] sent ACK 29912
[CLIENT] sent ACK 29912
[CLIENT] sent ACK 29912
[CLIENT] sent ACK 29997
[CLIENT] sent ACK 29997
[CLIENT] sent ACK 29997
[CLIENT] sent ACK 29997
[CLIENT] sent ACK 30078
[CLIENT] sent ACK 30078
[CLIENT] sent ACK 30078
[CLIENT] sent ACK 30158
[CLIENT] sent ACK 30158
[CLIENT] sent ACK 30158
[CLIENT] sent ACK 30307
[CLIENT] sent ACK 30307
[CLIENT] sent ACK 30307
[CLIENT] sent ACK 30307
[CLIENT] sent ACK 30307
[CLIENT] sent ACK 30307
[CLIENT] sent ACK 30374
[CLIENT] sent ACK 30374
[CLIENT] sent ACK 30374
[CLIENT] sent ACK 30498
[CLIENT] sent ACK 30498
[CLIENT] sent ACK 30498
[CLIENT] sent ACK 30498
[CLIENT] sent ACK 30498
[CLIENT] sent ACK 30563
[CLIENT] sent ACK 30563
[CLIENT] sent ACK 30563
[CLIENT] sent ACK 30675
[CLIENT] sent ACK 30675
[CLIENT] sent ACK 30675
[CLIENT] sent ACK 30675
[CLIENT] sent ACK 30675
[CLIENT] sent ACK 30742
[CLIENT] sent ACK 30742
[CLIENT] sent ACK 30742
[CLIENT] sent ACK 30838
[CLIENT] sent ACK 30838
[CLIENT] sent ACK 30838
[CLIENT] sent ACK 30838
[CLIENT] sent ACK 30905
[CLIENT] sent ACK 30905
[CLIENT] sent ACK 30905
[CLIENT] sent ACK 31062
[CLIENT] sent ACK 31062
[CLIENT] sent ACK 31062
[CLIENT] sent ACK 31062
[CLIENT] sent ACK 31062
[CLIENT] sent ACK 31062
[CLIENT] sent ACK 31228
[CLIENT] sent ACK 31228
[CLIENT] sent ACK 31228
[CLIENT] sent ACK 31228
[CLIENT] sent ACK 31228
[CLIENT] sent ACK 31228
[CLIENT] sent ACK 31228
[CLIENT] sent ACK 31342
[CLIENT] sent ACK 31342
[CLIENT] sent ACK 31342
[CLIENT] sent ACK 31342
[CLIENT] sent ACK 31342
[CLIENT] sent ACK 31342
[CLIENT] sent ACK 31432
[CLIENT] sent ACK 31432
[CLIENT] sent ACK 31432
[CLIENT] sent ACK 31432
[CLIENT] sent ACK 31497
[CLIENT] sent ACK 31497
[CLIENT] sent ACK 31497
[CLIENT] sent ACK 31593
[CLIENT] sent ACK 31593
[CLIENT] sent ACK 31593
[CLIENT] sent ACK 31593
[CLIENT] sent ACK 31696
[CLIENT] sent ACK 31696
[CLIENT] sent ACK 31696
[CLIENT] sent ACK 31696
[CLIENT] sent ACK 31770
[CLIENT] sent ACK 31770
[CLIENT] sent ACK 31770
[CLIENT] sent ACK 31890
[CLIENT] sent ACK 31890
[CLIENT] sent ACK 31890
[CLIENT] sent ACK 31890
[CLIENT] sent ACK 31890
[CLIENT] sent ACK 32110
[CLIENT] sent ACK 32110
[CLIENT] sent ACK 32110
[CLIENT] sent ACK 32110
[CLIENT] sent ACK 32110
[CLIENT] sent ACK 32110
[CLIENT] sent ACK 32110
[CLIENT] sent ACK 32110
[CLIENT] sent ACK 32181
[CLIENT] sent ACK 32181
[CLIENT] sent ACK 32181
[CLIENT] sent ACK 32258
[CLIENT] sent ACK 32258
[CLIENT] sent ACK 32258
[CLIENT] sent ACK 32325
[CLIENT] sent ACK 32325
[CLIENT] sent ACK 32325
[CLIENT] sent ACK 32408
[CLIENT] sent ACK 32408
[CLIENT] sent ACK 32408
[CLIENT] sent ACK 32408
[CLIENT] sent ACK 32484
[CLIENT] sent ACK 32484
[CLIENT] sent ACK 32484
[CLIENT] sent ACK 32608
[CLIENT] sent ACK 32608
[CLIENT] sent ACK 32608
[CLIENT] sent ACK 32608
[CLIENT] sent ACK 32608
[CLIENT] sent ACK 32627
[CLIENT] sent ACK 32695
[CLIENT] sent ACK 32695
[CLIENT] sent ACK 32695
[CLIENT] sent ACK 32775
[CLIENT] sent ACK 32775
[CLIENT] sent ACK 32775
[CLIENT] sent ACK 32797
[CLIENT] sent ACK 32862
[CLIENT] sent ACK 32862
[CLIENT] sent ACK 32862
[CLIENT] sent ACK 32943
[CLIENT] sent ACK 32943
[CLIENT] sent ACK 32943
[CLIENT] sent ACK 32943
[CLIENT] sent ACK 33037
[CLIENT] sent ACK 33037
[CLIENT] sent ACK 33037
[CLIENT] sent ACK 33037
[CLIENT] sent ACK 33242
[CLIENT] sent ACK 33242
[CLIENT] sent ACK 33242
[CLIENT] sent ACK 33242
[CLIENT] sent ACK 33242
[CLIENT] sent ACK 33242
[CLIENT] sent ACK 33242
[CLIENT] sent ACK 33242
[CLIENT] sent ACK 33408
[CLIENT] sent ACK 33408
[CLIENT] sent ACK 33408
[CLIENT] sent ACK 33408
[CLIENT] sent ACK 33408
[CLIENT] sent ACK 33408
[CLIENT] sent ACK 33408
[CLIENT] sent ACK 33478
[CLIENT] sent ACK 33478
[CLIENT] sent ACK 33478
[CLIENT] sent ACK 33550
[CLIENT] sent ACK 33550
[CLIENT] sent ACK 33550
[CLIENT] sent ACK 33639
[CLIENT] sent ACK 33639
[CLIENT] sent ACK 33639
[CLIENT] sent ACK 33653
[CLIENT] sent ACK 33799
[CLIENT] sent ACK 33799
[CLIENT] sent ACK 33799
[CLIENT] sent ACK 33799
[CLIENT] sent ACK 33799
[CLIENT] sent ACK 33799
[CLIENT] sent ACK 33917
[CLIENT] sent ACK 33917
[CLIENT] sent ACK 33917
[CLIENT] sent ACK 33917
[CLIENT] sent ACK 33917
[CLIENT] sent ACK 34016
[CLIENT] sent ACK 34016
[CLIENT] sent ACK 34016
[CLIENT] sent ACK 34016
[CLIENT] sent ACK 34132
[CLIENT] sent ACK 34132
[CLIENT] sent ACK 34132
[CLIENT] sent ACK 34132
[CLIENT] sent ACK 34132
[CLIENT] sent ACK 34266
[CLIENT] sent ACK 34266
[CLIENT] sent ACK 34266
[CLIENT] sent ACK 34266
[CLIENT] sent ACK 34266
[CLIENT] sent ACK 34333
[CLIENT] sent ACK 34333
[CLIENT] sent ACK 34333
[CLIENT] sent ACK 34423
[CLIENT] sent ACK 34423
[CLIENT] sent ACK 34423
[CLIENT] sent ACK 34423
[CLIENT] sent ACK 34492
[CLIENT] sent ACK 34492
[CLIENT] sent ACK 34492
[CLIENT] sent ACK 34571
[CLIENT] sent ACK 34571
[CLIENT] sent ACK 34571
[CLIENT] sent ACK 34647
[CLIENT] sent ACK 34647
[CLIENT] sent ACK 34647
[CLIENT] sent ACK 34730
[CLIENT] sent ACK 34730
[CLIENT] sent ACK 34730
[CLIENT] sent ACK 34807
[CLIENT] sent ACK 34807
[CLIENT] sent ACK 34807
[CLIENT] sent ACK 34938
[CLIENT] sent ACK 34938
[CLIENT] sent ACK 34938
[CLIENT] sent ACK 34938
[CLIENT] sent ACK 34938
[CLIENT] sent ACK 35013
[CLIENT] sent ACK 35013
[CLIENT] sent ACK 35013
[CLIENT] sent ACK 35092
[CLIENT] sent ACK 35092
[CLIENT] sent ACK 35092
[CLIENT] sent ACK 35166
[CLIENT] sent ACK 35166
[CLIENT] sent ACK 35166
[CLIENT] sent ACK 35299
[CLIENT] sent ACK 35299
[CLIENT] sent ACK 35299
[CLIENT] sent ACK 35299
[CLIENT] sent ACK 35299
[CLIENT] sent ACK 35438
[CLIENT] sent ACK 35438
[CLIENT] sent ACK 35438
[CLIENT] sent ACK 35438
[CLIENT] sent ACK 35438
[CLIENT] sent ACK 35586
[CLIENT] sent ACK 35586
[CLIENT] sent ACK 35586
[CLIENT] sent ACK 35586
[CLIENT] sent ACK 35586
[CLIENT] sent ACK 35586
[CLIENT] sent ACK 35795
[CLIENT] sent ACK 35795
[CLIENT] sent ACK 35795
[CLIENT] sent ACK 35795
[CLIENT] sent ACK 35795
[CLIENT] sent ACK 35880
[CLIENT] sent ACK 35880
[CLIENT] sent ACK 35880
[CLIENT] sent ACK 35880
[CLIENT] sent ACK 36002
[CLIENT] sent ACK 36002
[CLIENT] sent ACK 36002
[CLIENT] sent ACK 36002
[CLIENT] sent ACK 36002
[CLIENT] sent ACK 36181
[CLIENT] sent ACK 36181
[CLIENT] sent ACK 36181
[CLIENT] sent ACK 36181
[CLIENT] sent ACK 36181
[CLIENT] sent ACK 36181
[CLIENT] sent ACK 36181
[CLIENT] sent ACK 36347
[CLIENT] sent ACK 36347
[CLIENT] sent ACK 36347
[CLIENT] sent ACK 36347
[CLIENT] sent ACK 36347
[CLIENT] sent ACK 36347
[CLIENT] sent ACK 36413
[CLIENT] sent ACK 36413
[CLIENT] sent ACK 36413
[CLIENT] sent ACK 36520
[CLIENT] sent ACK 36520
[CLIENT] sent ACK 36520
[CLIENT] sent ACK 36520
[CLIENT] sent ACK 36643
[CLIENT] sent ACK 36643
[CLIENT] sent ACK 36643
[CLIENT] sent ACK 36643
[CLIENT] sent ACK 36643
[CLIENT] sent ACK 36724
[CLIENT] sent ACK 36724
[CLIENT] sent ACK 36724
[CLIENT] sent ACK 36831
[CLIENT] sent ACK 36831
[CLIENT] sent ACK 36831
[CLIENT] sent ACK 36831
[CLIENT] sent ACK 37012
[CLIENT] sent ACK 37012
[CLIENT] sent ACK 37012
[CLIENT] sent ACK 37012
[CLIENT] sent ACK 37012
[CLIENT] sent ACK 37012
[CLIENT] sent ACK 37012
[CLIENT] sent ACK 37121
[CLIENT] sent ACK 37121
[CLIENT] sent ACK 37121
[CLIENT] sent ACK 37121
[CLIENT] sent ACK 37227
[CLIENT] sent ACK 37227
[CLIENT] sent ACK 37227
[CLIENT] sent ACK 37227
[CLIENT] sent ACK 37302
[CLIENT] sent ACK 37302
[CLIENT] sent ACK 37302
[CLIENT] sent ACK 37480
[CLIENT] sent ACK 37480
[CLIENT] sent ACK 37480
[CLIENT] sent ACK 37480
[CLIENT] sent ACK 37480
[CLIENT] sent ACK 37480
[CLIENT] sent ACK 37480
[CLIENT] sent ACK 37716
[CLIENT] sent ACK 37716
[CLIENT] sent ACK 37716
[CLIENT] sent ACK 37716
[CLIENT] sent ACK 37716
[CLIENT] sent ACK 37716
[CLIENT] sent ACK 37716
[CLIENT] sent ACK 37716
[CLIENT] sent ACK 37716
[CLIENT] sent ACK 37784
[CLIENT] sent ACK 37784
[CLIENT] sent ACK 37784
[CLIENT] sent ACK 37861
[CLIENT] sent ACK 37861
[CLIENT] sent ACK 37865
[CLIENT] sent ACK 37912
[CLIENT] sent ACK 37912
[CLIENT] sent ACK 38011
[CLIENT] sent ACK 38011
[CLIENT] sent ACK 38011
[CLIENT] sent ACK 38011
[CLIENT] sent ACK 38011
[CLIENT] sent ACK 38098
[CLIENT] sent ACK 38098
[CLIENT] sent ACK 38098
[CLIENT] sent ACK 38189
[CLIENT] sent ACK 38189
[CLIENT] sent ACK 38189
[CLIENT] sent ACK 38189
[CLIENT] sent ACK 38291
[CLIENT] sent ACK 38291
[CLIENT] sent ACK 38291
[CLIENT] sent ACK 38291
[CLIENT] sent ACK 38355
[CLIENT] sent ACK 38355
[CLIENT] sent ACK 38355
[CLIENT] sent ACK 38438
[CLIENT] sent ACK 38438
[CLIENT] sent ACK 38438
[CLIENT] sent ACK 38438
[CLIENT] sent ACK 38502
[CLIENT] sent ACK 38502
[CLIENT] sent ACK 38502
[CLIENT] sent ACK 38572
[CLIENT] sent ACK 38572
[CLIENT] sent ACK 38572
[CLIENT] sent ACK 38637
[CLIENT] sent ACK 38637
[CLIENT] sent ACK 38637
[CLIENT] sent ACK 38707
[CLIENT] sent ACK 38707
[CLIENT] sent ACK 38707
[CLIENT] sent ACK 38803
[CLIENT] sent ACK 38803
[CLIENT] sent ACK 38803
[CLIENT] sent ACK 38803
[CLIENT] sent ACK 38889
[CLIENT] sent ACK 38889
[CLIENT] sent ACK 38889
[CLIENT] sent ACK 38889
[CLIENT] sent ACK 39001
[CLIENT] sent ACK 39001
[CLIENT] sent ACK 39001
[CLIENT] sent ACK 39001
[CLIENT] sent ACK 39001
[CLIENT] sent ACK 39129
[CLIENT] sent ACK 39129
[CLIENT] sent ACK 39129
[CLIENT] sent ACK 39129
[CLIENT] sent ACK 39129
[CLIENT] sent ACK 39216
[CLIENT] sent ACK 39216
[CLIENT] sent ACK 39216
[CLIENT] sent ACK 39216
[CLIENT] sent ACK 39280
[CLIENT] sent ACK 39280
[CLIENT] sent ACK 39280
[CLIENT] sent ACK 39353
[CLIENT] sent ACK 39353
[CLIENT] sent ACK 39353
[CLIENT] sent ACK 39593
[CLIENT] sent ACK 39593
[CLIENT] sent ACK 39593
[CLIENT] sent ACK 39593
[CLIENT] sent ACK 39593
[CLIENT] sent ACK 39593
[CLIENT] sent ACK 39593
[CLIENT] sent ACK 39593
[CLIENT] sent ACK 39593
[CLIENT] sent ACK 39842
[CLIENT] sent ACK 39842
[CLIENT] sent ACK 39842
[CLIENT] sent ACK 39842
[CLIENT] sent ACK 39842
[CLIENT] sent ACK 39842
[CLIENT] sent ACK 39842
[CLIENT] sent ACK 39842
[CLIENT] sent ACK 39842
[CLIENT] sent ACK 40047
[CLIENT] sent ACK 40047
[CLIENT] sent ACK 40047
[CLIENT] sent ACK 40047
[CLIENT] sent ACK 40047
[CLIENT] sent ACK 40047
[CLIENT] sent ACK 40047
[CLIENT] sent ACK 40047
[CLIENT] sent ACK 40199
[CLIENT] sent ACK 40199
[CLIENT] sent ACK 40199
[CLIENT] sent ACK 40199
[CLIENT] sent ACK 40199
[CLIENT] sent ACK 40199
[CLIENT] sent ACK 40330
[CLIENT] sent ACK 40330
[CLIENT] sent ACK 40330
[CLIENT] sent ACK 40330
[CLIENT] sent ACK 40330
[CLIENT] sent ACK 40408
[CLIENT] sent ACK 40408
[CLIENT] sent ACK 40588
[CLIENT] sent ACK 40588
[CLIENT] sent ACK 40588
[CLIENT] sent ACK 40588
[CLIENT] sent ACK 40588
[CLIENT] sent ACK 40588
[CLIENT] sent ACK 40588
[CLIENT] sent ACK 40681
[CLIENT] sent ACK 40681
[CLIENT] sent ACK 40681
[CLIENT] sent ACK 40681
[CLIENT] sent ACK 40717
[CLIENT] sent ACK 40717
[CLIENT] sent ACK 40856
[CLIENT] sent ACK 40856
[CLIENT] sent ACK 40856
[CLIENT] sent ACK 40856
[CLIENT] sent ACK 40856
[CLIENT] sent ACK 40856
[CLIENT] sent ACK 40982
[CLIENT] sent ACK 40982
[CLIENT] sent ACK 40982
[CLIENT] sent ACK 40982
[CLIENT] sent ACK 40982
[CLIENT] sent ACK 41047
[CLIENT] sent ACK 41047
[CLIENT] sent ACK 41047
[CLIENT] sent ACK 41146
[CLIENT] sent ACK 41146
[CLIENT] sent ACK 41146
[CLIENT] sent ACK 41146
[CLIENT] sent ACK 41280
[CLIENT] sent ACK 41280
[CLIENT] sent ACK 41280
[CLIENT] sent ACK 41280
[CLIENT] sent ACK 41280
[CLIENT] sent ACK 41287
[CLIENT] sent ACK 41287
[CLIENT] sent ACK 41354
[CLIENT] sent ACK 41354
[CLIENT] sent ACK 41354
[CLIENT] sent ACK 41498
[CLIENT] sent ACK 41498
[CLIENT] sent ACK 41498
[CLIENT] sent ACK 41498
[CLIENT] sent ACK 41498
[CLIENT] sent ACK 41498
[CLIENT] sent ACK 41618
[CLIENT] sent ACK 41618
[CLIENT] sent ACK 41618
[CLIENT] sent ACK 41618
[CLIENT] sent ACK 41618
[CLIENT] sent ACK 41694
[CLIENT] sent ACK 41694
[CLIENT] sent ACK 41694
[CLIENT] sent ACK 41760
[CLIENT] sent ACK 41760
[CLIENT] sent ACK 41760
[CLIENT] sent ACK 41762
[CLIENT] sent ACK 41762
[CLIENT] sent ACK 41840
[CLIENT] sent ACK 41840
[CLIENT] sent ACK 41840
[CLIENT] sent ACK 41923
[CLIENT] sent ACK 41923
[CLIENT] sent ACK 41923
[CLIENT] sent ACK 41923
[CLIENT] sent ACK 42031
[CLIENT] sent ACK 42031
[CLIENT] sent ACK 42031
[CLIENT] sent ACK 42031
[CLIENT] sent ACK 42031
[CLIENT] sent ACK 42137
[CLIENT] sent ACK 42137
[CLIENT] sent ACK 42137
[CLIENT] sent ACK 42137
[CLIENT] sent ACK 42219
[CLIENT] sent ACK 42219
[CLIENT] sent ACK 42219
[CLIENT] sent ACK 42219
[CLIENT] sent ACK 42323
[CLIENT] sent ACK 42323
[CLIENT] sent ACK 42323
[CLIENT] sent ACK 42323
[CLIENT] sent ACK 42379
[CLIENT] sent ACK 42423
[CLIENT] sent ACK 42423
[CLIENT] sent ACK 42459
[CLIENT] sent ACK 42562
[CLIENT] sent ACK 42562
[CLIENT] sent ACK 42562
[CLIENT] sent ACK 42562
[CLIENT] sent ACK 42562
[CLIENT] sent ACK 42623
[CLIENT] sent ACK 42668
[CLIENT] sent ACK 42668
[CLIENT] sent ACK 42750
[CLIENT] sent ACK 42750
[CLIENT] sent ACK 42750
[CLIENT] sent ACK 42750
[CLIENT] sent ACK 42822
[CLIENT] sent ACK 42822
[CLIENT] sent ACK 42822
[CLIENT] sent ACK 42916
[CLIENT] sent ACK 42916
[CLIENT] sent ACK 42916
[CLIENT] sent ACK 42916
[CLIENT] sent ACK 43080
[CLIENT] sent ACK 43080
[CLIENT] sent ACK 43080
[CLIENT] sent ACK 43080
[CLIENT] sent ACK 43080
[CLIENT] sent ACK 43080
[CLIENT] sent ACK 43241
[CLIENT] sent ACK 43241
[CLIENT] sent ACK 43241
[CLIENT] sent ACK 43241
[CLIENT] sent ACK 43241
[CLIENT] sent ACK 43241
[CLIENT] sent ACK 43335
[CLIENT] sent ACK 43335
[CLIENT] sent ACK 43335
[CLIENT] sent ACK 43335
[CLIENT] sent ACK 43403
[CLIENT] sent ACK 43403
[CLIENT] sent ACK 43403
[CLIENT] sent ACK 43538
[CLIENT] sent ACK 43538
[CLIENT] sent ACK 43538
[CLIENT] sent ACK 43538
[CLIENT] sent ACK 43538
[CLIENT] sent ACK 43610
[CLIENT] sent ACK 43610
[CLIENT] sent ACK 43610
[CLIENT] sent ACK 43734
[CLIENT] sent ACK 43734
[CLIENT] sent ACK 43734
[CLIENT] sent ACK 43734
[CLIENT] sent ACK 43734
[CLIENT] sent ACK 43808
[CLIENT] sent ACK 43808
[CLIENT] sent ACK 43808
[CLIENT] sent ACK 43904
[CLIENT] sent ACK 43904
[CLIENT] sent ACK 43904
[CLIENT] sent ACK 43904
[CLIENT] sent ACK 43932
[CLIENT] sent ACK 43932
[CLIENT] sent ACK 44029
[CLIENT] sent ACK 44029
[CLIENT] sent ACK 44029
[CLIENT] sent ACK 44029
[CLIENT] sent ACK 44094
[CLIENT] sent ACK 44094
[CLIENT] sent ACK 44094
[CLIENT] sent ACK 44150
[CLIENT] sent ACK 44150
[CLIENT] sent ACK 44150
[CLIENT] sent ACK 44246
[CLIENT] sent ACK 44246
[CLIENT] sent ACK 44246
[CLIENT] sent ACK 44246
[CLIENT] sent ACK 44416
[CLIENT] sent ACK 44416
[CLIENT] sent ACK 44416
[CLIENT] sent ACK 44416
[CLIENT] sent ACK 44416
[CLIENT] sent ACK 44416
[CLIENT] sent ACK 44416
[CLIENT] sent ACK 44522
[CLIENT] sent ACK 44522
[CLIENT] sent ACK 44522
[CLIENT] sent ACK 44522
[CLIENT] sent ACK 44522
[CLIENT] sent ACK 44732
[CLIENT] sent ACK 44732
[CLIENT] sent ACK 44732
[CLIENT] sent ACK 44732
[CLIENT] sent ACK 44732
[CLIENT] sent ACK 44732
[CLIENT] sent ACK 44732
[CLIENT] sent ACK 44732
[CLIENT] sent ACK 44813
[CLIENT] sent ACK 44813
[CLIENT] sent ACK 44813
[CLIENT] sent ACK 44822
[CLIENT] sent ACK 44934
[CLIENT] sent ACK 44934
[CLIENT] sent ACK 44934
[CLIENT] sent ACK 44934
[CLIENT] sent ACK 44934
[CLIENT] sent ACK 45017
[CLIENT] sent ACK 45017
[CLIENT] sent ACK 45017
[CLIENT] sent ACK 45017
[CLIENT] sent ACK 45113
[CLIENT] sent ACK 45113
[CLIENT] sent ACK 45113
[CLIENT] sent ACK 45113
[CLIENT] sent ACK 45291
[CLIENT] sent ACK 45291
[CLIENT] sent ACK 45291
[CLIENT] sent ACK 45291
[CLIENT] sent ACK 45291
[CLIENT] sent ACK 45291
[CLIENT] sent ACK 45291
[CLIENT] sent ACK 45363
[CLIENT] sent ACK 45363
[CLIENT] sent ACK 45363
[CLIENT] sent ACK 45500
[CLIENT] sent ACK 45500
[CLIENT] sent ACK 45500
[CLIENT] sent ACK 45500
[CLIENT] sent ACK 45500
[CLIENT] sent ACK 45608
[CLIENT] sent ACK 45608
[CLIENT] sent ACK 45608
[CLIENT] sent ACK 45608
[CLIENT] sent ACK 45844
[CLIENT] sent ACK 45844
[CLIENT] sent ACK 45844
[CLIENT] sent ACK 45844
[CLIENT] sent ACK 45844
[CLIENT] sent ACK 45844
[CLIENT] sent ACK 45844
[CLIENT] sent ACK 45937
[CLIENT] sent ACK 45937
[CLIENT] sent ACK 45937
[CLIENT] sent ACK 45937
[CLIENT] sent ACK 46008
[CLIENT] sent ACK 46008
[CLIENT] sent ACK 46008
[CLIENT] sent ACK 46180
[CLIENT] sent ACK 46180
[CLIENT] sent ACK 46180
[CLIENT] sent ACK 46180
[CLIENT] sent ACK 46180
[CLIENT] sent ACK 46180
[CLIENT] sent ACK 46180
[CLIENT] sent ACK 46323
[CLIENT] sent ACK 46323
[CLIENT] sent ACK 46323
[CLIENT] sent ACK 46323
[CLIENT] sent ACK 46323
[CLIENT] sent ACK 46323
[CLIENT] sent ACK 46440
[CLIENT] sent ACK 46440
[CLIENT] sent ACK 46440
[CLIENT] sent ACK 46440
[CLIENT] sent ACK 46440
[CLIENT] sent ACK 46508
[CLIENT] sent ACK 46508
[CLIENT] sent ACK 46508
[CLIENT] sent ACK 46595
[CLIENT] sent ACK 46595
[CLIENT] sent ACK 46595
[CLIENT] sent ACK 46595
[CLIENT] sent ACK 46744
[CLIENT] sent ACK 46744
[CLIENT] sent ACK 46744
[CLIENT] sent ACK 46744
[CLIENT] sent ACK 46744
[CLIENT] sent ACK 46744
[CLIENT] sent ACK 46813
[CLIENT] sent ACK 46813
[CLIENT] sent ACK 46813
[CLIENT] sent ACK 46980
[CLIENT] sent ACK 46980
[CLIENT] sent ACK 46980
[CLIENT] sent ACK 46980
[CLIENT] sent ACK 46980
[CLIENT] sent ACK 46980
[CLIENT] sent ACK 46980
[CLIENT] sent ACK 47164
[CLIENT] sent ACK 47164
[CLIENT] sent ACK 47164
[CLIENT] sent ACK 47164
[CLIENT] sent ACK 47164
[CLIENT] sent ACK 47164
[CLIENT] sent ACK 47164
[CLIENT] sent ACK 47240
[CLIENT] sent ACK 47240
[CLIENT] sent ACK 47240
[CLIENT] sent ACK 47344
[CLIENT] sent ACK 47344
[CLIENT] sent ACK 47344
[CLIENT] sent ACK 47344
[CLIENT] sent ACK 47434
[CLIENT] sent ACK 47434
[CLIENT] sent ACK 47434
[CLIENT] sent ACK 47434
[CLIENT] sent ACK 47511
[CLIENT] sent ACK 47511
[CLIENT] sent ACK 47511
[CLIENT] sent ACK 47585
[CLIENT] sent ACK 47585
[CLIENT] sent ACK 47585
[CLIENT] sent ACK 47585
[CLIENT] sent ACK 47796
[CLIENT] sent ACK 47796
[CLIENT] sent ACK 47796
[CLIENT] sent ACK 47796
[CLIENT] sent ACK 47796
[CLIENT] sent ACK 47796
[CLIENT] sent ACK 47796
[CLIENT] sent ACK 47796
[CLIENT] sent ACK 47921
[CLIENT] sent ACK 47921
[CLIENT] sent ACK 47921
[CLIENT] sent ACK 47921
[CLIENT] sent ACK 47921
[CLIENT] sent ACK 47998
[CLIENT] sent ACK 47998
[CLIENT] sent ACK 47998
[CLIENT] sent ACK 48086
[CLIENT] sent ACK 48086
[CLIENT] sent ACK 48086
[CLIENT] sent ACK 48086
[CLIENT] sent ACK 48164
[CLIENT] sent ACK 48164
[CLIENT] sent ACK 48164
[CLIENT] sent ACK 48178
[CLIENT] sent ACK 48178
[CLIENT] sent ACK 48299
[CLIENT] sent ACK 48299
[CLIENT] sent ACK 48299
[CLIENT] sent ACK 48299
[CLIENT] sent ACK 48299
[CLIENT] sent ACK 48470
[CLIENT] sent ACK 48470
[CLIENT] sent ACK 48470
[CLIENT] sent ACK 48470
[CLIENT] sent ACK 48470
[CLIENT] sent ACK 48470
[CLIENT] sent ACK 48470
[CLIENT] sent ACK 48581
[CLIENT] sent ACK 48581
[CLIENT] sent ACK 48581
[CLIENT] sent ACK 48581
[CLIENT] sent ACK 48581
[CLIENT] sent ACK 48645
[CLIENT] sent ACK 48645
[CLIENT] sent ACK 48645
[CLIENT] sent ACK 48974
[CLIENT] sent ACK 48974
[CLIENT] sent ACK 48974
[CLIENT] sent ACK 48974
[CLIENT] sent ACK 48974
[CLIENT] sent ACK 48974
[CLIENT] sent ACK 48974
[CLIENT] sent ACK 48974
[CLIENT] sent ACK 48974
[CLIENT] sent ACK 48974
[CLIENT] sent ACK 48974
[CLIENT] sent ACK 48974
[CLIENT] sent ACK 49152
[CLIENT] sent ACK 49152
[CLIENT] sent ACK 49152
[CLIENT] sent ACK 49152
[CLIENT] sent ACK 49152
[CLIENT] sent ACK 49152
[CLIENT] sent ACK 49152
[CLIENT] sent ACK 49286
[CLIENT] sent ACK 49286
[CLIENT] sent ACK 49286
[CLIENT] sent ACK 49286
[CLIENT] sent ACK 49286
[CLIENT] sent ACK 49438
[CLIENT] sent ACK 49438
[CLIENT] sent ACK 49438
[CLIENT] sent ACK 49438
[CLIENT] sent ACK 49438
[CLIENT] sent ACK 49438
[CLIENT] sent ACK 49508
[CLIENT] sent ACK 49508
[CLIENT] sent ACK 49508
[CLIENT] sent ACK 49575
[CLIENT] sent ACK 49575
[CLIENT] sent ACK 49575
[CLIENT] sent ACK 49711
[CLIENT] sent ACK 49711
[CLIENT] sent ACK 49711
[CLIENT] sent ACK 49711
[CLIENT] sent ACK 49711
[CLIENT] sent ACK 49798
[CLIENT] sent ACK 49798
[CLIENT] sent ACK 49798
[CLIENT] sent ACK 49798
[CLIENT] sent ACK 49872
[CLIENT] sent ACK 49872
[CLIENT] sent ACK 49872
[CLIENT] sent ACK 49947
[CLIENT] sent ACK 49947
[CLIENT] sent ACK 49947
[CLIENT] sent ACK 50065
[CLIENT] sent ACK 50065
[CLIENT] sent ACK 50065
[CLIENT] sent ACK 50065
[CLIENT] sent ACK 50065
[CLIENT] sent ACK 50144
[CLIENT] sent ACK 50144
[CLIENT] sent ACK 50144
[CLIENT] sent ACK 50364
[CLIENT] sent ACK 50364
[CLIENT] sent ACK 50364
[CLIENT] sent ACK 50364
[CLIENT] sent ACK 50364
[CLIENT] sent ACK 50364
[CLIENT] sent ACK 50364
[CLIENT] sent ACK 50364
[CLIENT] sent ACK 50435
[CLIENT] sent ACK 50435
[CLIENT] sent ACK 50435
[CLIENT] sent ACK 50522
[CLIENT] sent ACK 50522
[CLIENT] sent ACK 50522
[CLIENT] sent ACK 50522
[CLIENT] sent ACK 50680
[CLIENT] sent ACK 50680
[CLIENT] sent ACK 50680
[CLIENT] sent ACK 50680
[CLIENT] sent ACK 50680
[CLIENT] sent ACK 50680
[CLIENT] sent ACK 50871
[CLIENT] sent ACK 50871
[CLIENT] sent ACK 50871
[CLIENT] sent ACK 50871
[CLIENT] sent ACK 50871
[CLIENT] sent ACK 50871
[CLIENT] sent ACK 50871
[CLIENT] sent ACK 51046
[CLIENT] sent ACK 51046
[CLIENT] sent ACK 51046
[CLIENT] sent ACK 51046
[CLIENT] sent ACK 51046
[CLIENT] sent ACK 51046
[CLIENT] sent ACK 51046
[CLIENT] sent ACK 51113
[CLIENT] sent ACK 51113
[CLIENT] sent ACK 51113
[CLIENT] sent ACK 51113
[CLIENT] sent ACK 51113
[CLIENT] sent ACK 51255
[CLIENT] sent ACK 51255
[CLIENT] sent ACK 51255
[CLIENT] sent ACK 51255
[CLIENT] sent ACK 51255
[CLIENT] sent ACK 51255
[CLIENT] sent ACK 51255
[CLIENT] sent ACK 51335
[CLIENT] sent ACK 51335
[CLIENT] sent ACK 51335
[CLIENT] sent ACK 51335
[CLIENT] sent ACK 51448
[CLIENT] sent ACK 51448
[CLIENT] sent ACK 51448
[CLIENT] sent ACK 51448
[CLIENT] sent ACK 51448
[CLIENT] sent ACK 51522
[CLIENT] sent ACK 51522
[CLIENT] sent ACK 51522
[CLIENT] sent ACK 51584
[CLIENT] sent ACK 51584
[CLIENT] sent ACK 51584
[CLIENT] sent ACK 51666
[CLIENT] sent ACK 51666
[CLIENT] sent ACK 51666
[CLIENT] sent ACK 51666
[CLIENT] sent ACK 51746
[CLIENT] sent ACK 51746
[CLIENT] sent ACK 51746
[CLIENT] sent ACK 51746
[CLIENT] sent ACK 51853
[CLIENT] sent ACK 51853
[CLIENT] sent ACK 51853
[CLIENT] sent ACK 51853
[CLIENT] sent ACK 51855
[CLIENT] sent ACK 52104
[CLIENT] sent ACK 52104
[CLIENT] sent ACK 52104
[CLIENT] sent ACK 52104
[CLIENT] sent ACK 52104
[CLIENT] sent ACK 52104
[CLIENT] sent ACK 52104
[CLIENT] sent ACK 52104
[CLIENT] sent ACK 52104
[CLIENT] sent ACK 52104
[CLIENT] sent ACK 52254
[CLIENT] sent ACK 52254
[CLIENT] sent ACK 52254
[CLIENT] sent ACK 52254
[CLIENT] sent ACK 52254
[CLIENT] sent ACK 52254
[CLIENT] sent ACK 52254
[CLIENT] sent ACK 52334
[CLIENT] sent ACK 52334
[CLIENT] sent ACK 52334
[CLIENT] sent ACK 52402
[CLIENT] sent ACK 52402
[CLIENT] sent ACK 52402
[CLIENT] sent ACK 52518
[CLIENT] sent ACK 52518
[CLIENT] sent ACK 52518
[CLIENT] sent ACK 52518
[CLIENT] sent ACK 52518
[CLIENT] sent ACK 52637
[CLIENT] sent ACK 52637
[CLIENT] sent ACK 52637
[CLIENT] sent ACK 52637
[CLIENT] sent ACK 52637
[CLIENT] sent ACK 52717
[CLIENT] sent ACK 52717
[CLIENT] sent ACK 52717
[CLIENT] sent ACK 52858
[CLIENT] sent ACK 52858
[CLIENT] sent ACK 52858
[CLIENT] sent ACK 52858
[CLIENT] sent ACK 52858
[CLIENT] sent ACK 53049
[CLIENT] sent ACK 53049
[CLIENT] sent ACK 53049
[CLIENT] sent ACK 53049
[CLIENT] sent ACK 53049
[CLIENT] sent ACK 53049
[CLIENT] sent ACK 53049
[CLIENT] sent ACK 53167
[CLIENT] sent ACK 53167
[CLIENT] sent ACK 53167
[CLIENT] sent ACK 53167
[CLIENT] sent ACK 53167
[CLIENT] sent ACK 53263
[CLIENT] sent ACK 53263
[CLIENT] sent ACK 53263
[CLIENT] sent ACK 53263
[CLIENT] sent ACK 53340
[CLIENT] sent ACK 53340
[CLIENT] sent ACK 53340
[CLIENT] sent ACK 53531
[CLIENT] sent ACK 53531
[CLIENT] sent ACK 53531
[CLIENT] sent ACK 53531
[CLIENT] sent ACK 53531
[CLIENT] sent ACK 53531
[CLIENT] sent ACK 53531
[CLIENT] sent ACK 53604
[CLIENT] sent ACK 53604
[CLIENT] sent ACK 53604
[CLIENT] sent ACK 53696
[CLIENT] sent ACK 53696
[CLIENT] sent ACK 53696
[CLIENT] sent ACK 53696
[CLIENT] sent ACK 53767
[CLIENT] sent ACK 53767
[CLIENT] sent ACK 53767
[CLIENT] sent ACK 53969
[CLIENT] sent ACK 53969
[CLIENT] sent ACK 53969
[CLIENT] sent ACK 53969
[CLIENT] sent ACK 53969
[CLIENT] sent ACK 53969
[CLIENT] sent ACK 53969
[CLIENT] sent ACK 53969
[CLIENT] sent ACK 54057
[CLIENT] sent ACK 54057
[CLIENT] sent ACK 54057
[CLIENT] sent ACK 54057
[CLIENT] sent ACK 54164
[CLIENT] sent ACK 54164
[CLIENT] sent ACK 54164
[CLIENT] sent ACK 54164
[CLIENT] sent ACK 54302
[CLIENT] sent ACK 54302
[CLIENT] sent ACK 54302
[CLIENT] sent ACK 54302
[CLIENT] sent ACK 54302
[CLIENT] sent ACK 54397
[CLIENT] sent ACK 54397
[CLIENT] sent ACK 54397
[CLIENT] sent ACK 54397
[CLIENT] sent ACK 54464
[CLIENT] sent ACK 54464
[CLIENT] sent ACK 54464
[CLIENT] sent ACK 54617
[CLIENT] sent ACK 54617
[CLIENT] sent ACK 54617
[CLIENT] sent ACK 54617
[CLIENT] sent ACK 54617
[CLIENT] sent ACK 54617
[CLIENT] sent ACK 54746
[CLIENT] sent ACK 54746
[CLIENT] sent ACK 54746
[CLIENT] sent ACK 54746
[CLIENT] sent ACK 54746
[CLIENT] sent ACK 54811
[CLIENT] sent ACK 54811
[CLIENT] sent ACK 54811
[CLIENT] sent ACK 54876
[CLIENT] sent ACK 54876
[CLIENT] sent ACK 54876
[CLIENT] sent ACK 54988
[CLIENT] sent ACK 54988
[CLIENT] sent ACK 54988
[CLIENT] sent ACK 54988
[CLIENT] sent ACK 55143
[CLIENT] sent ACK 55143
[CLIENT] sent ACK 55143
[CLIENT] sent ACK 55143
[CLIENT] sent ACK 55143
[CLIENT] sent ACK 55143
[CLIENT] sent ACK 55220
[CLIENT] sent ACK 55220
[CLIENT] sent ACK 55220
[CLIENT] sent ACK 55322
[CLIENT] sent ACK 55322
[CLIENT] sent ACK 55322
[CLIENT] sent ACK 55322
[CLIENT] sent ACK 55411
[CLIENT] sent ACK 55411
[CLIENT] sent ACK 55411
[CLIENT] sent ACK 55411
[CLIENT] sent ACK 55496
[CLIENT] sent ACK 55496
[CLIENT] sent ACK 55496
[CLIENT] sent ACK 55496
[CLIENT] sent ACK 55591
[CLIENT] sent ACK 55591
[CLIENT] sent ACK 55591
[CLIENT] sent ACK 55591
[CLIENT] sent ACK 55694
[CLIENT] sent ACK 55694
[CLIENT] sent ACK 55694
[CLIENT] sent ACK 55694
[CLIENT] sent ACK 55759
[CLIENT] sent ACK 55759
[CLIENT] sent ACK 55759
[CLIENT] sent ACK 55864
[CLIENT] sent ACK 55864
[CLIENT] sent ACK 55864
[CLIENT] sent ACK 55864
[CLIENT] sent ACK 55930
[CLIENT] sent ACK 55930
[CLIENT] sent ACK 55930
[CLIENT] sent ACK 56018
[CLIENT] sent ACK 56018
[CLIENT] sent ACK 56018
[CLIENT] sent ACK 56018
[CLIENT] sent ACK 56183
[CLIENT] sent ACK 56183
[CLIENT] sent ACK 56183
[CLIENT] sent ACK 56183
[CLIENT] sent ACK 56183
[CLIENT] sent ACK 56183
[CLIENT] sent ACK 56260
[CLIENT] sent ACK 56260
[CLIENT] sent ACK 56260
[CLIENT] sent ACK 56371
[CLIENT] sent ACK 56371
[CLIENT] sent ACK 56371
[CLIENT] sent ACK 56371
[CLIENT] sent ACK 56448
[CLIENT] sent ACK 56448
[CLIENT] sent ACK 56448
[CLIENT] sent ACK 56581
[CLIENT] sent ACK 56581
[CLIENT] sent ACK 56581
[CLIENT] sent ACK 56581
[CLIENT] sent ACK 56581
[CLIENT] sent ACK 56676
[CLIENT] sent ACK 56676
[CLIENT] sent ACK 56676
[CLIENT] sent ACK 56676
[CLIENT] sent ACK 56840
[CLIENT] sent ACK 56840
[CLIENT] sent ACK 56840
[CLIENT] sent ACK 56840
[CLIENT] sent ACK 56840
[CLIENT] sent ACK 56840
[CLIENT] sent ACK 57133
[CLIENT] sent ACK 57133
[CLIENT] sent ACK 57133
[CLIENT] sent ACK 57133
[CLIENT] sent ACK 57133
[CLIENT] sent ACK 57133
[CLIENT] sent ACK 57133
[CLIENT] sent ACK 57133
[CLIENT] sent ACK 57133
[CLIENT] sent ACK 57133
[CLIENT] sent ACK 57133
[CLIENT] sent ACK 57199
[CLIENT] sent ACK 57199
[CLIENT] sent ACK 57199
[CLIENT] sent ACK 57298
[CLIENT] sent ACK 57298
[CLIENT] sent ACK 57298
[CLIENT] sent ACK 57298
[CLIENT] sent ACK 57432
[CLIENT] sent ACK 57432
[CLIENT] sent ACK 57432
[CLIENT] sent ACK 57432
[CLIENT] sent ACK 57432
[CLIENT] sent ACK 57508
[CLIENT] sent ACK 57508
[CLIENT] sent ACK 57508
[CLIENT] sent ACK 57592
[CLIENT] sent ACK 57592
[CLIENT] sent ACK 57592
[CLIENT] sent ACK 57809
[CLIENT] sent ACK 57809
[CLIENT] sent ACK 57809
[CLIENT] sent ACK 57809
[CLIENT] sent ACK 57809
[CLIENT] sent ACK 57809
[CLIENT] sent ACK 57809
[CLIENT] sent ACK 57809
[CLIENT] sent ACK 57809
[CLIENT] sent ACK 57908
[CLIENT] sent ACK 57908
[CLIENT] sent ACK 57908
[CLIENT] sent ACK 57908
[CLIENT] sent ACK 58086
[CLIENT] sent ACK 58086
[CLIENT] sent ACK 58086
[CLIENT] sent ACK 58086
[CLIENT] sent ACK 58086
[CLIENT] sent ACK 58086
[CLIENT] sent ACK 58086
[CLIENT] sent ACK 58237
[CLIENT] sent ACK 58237
[CLIENT] sent ACK 58237
[CLIENT] sent ACK 58237
[CLIENT] sent ACK 58237
[CLIENT] sent ACK 58237
[CLIENT] sent ACK 58339
[CLIENT] sent ACK 58339
[CLIENT] sent ACK 58339
[CLIENT] sent ACK 58339
[CLIENT] sent ACK 58466
[CLIENT] sent ACK 58466
[CLIENT] sent ACK 58466
[CLIENT] sent ACK 58466
[CLIENT] sent ACK 58466
[CLIENT] sent ACK 58530
[CLIENT] sent ACK 58530
[CLIENT] sent ACK 58530
[CLIENT] sent ACK 58671
[CLIENT] sent ACK 58671
[CLIENT] sent ACK 58671
[CLIENT] sent ACK 58671
[CLIENT] sent ACK 58671
[CLIENT] sent ACK 58788
[CLIENT] sent ACK 58788
[CLIENT] sent ACK 58788
[CLIENT] sent ACK 58788
[CLIENT] sent ACK 58788
[CLIENT] sent ACK 58947
[CLIENT] sent ACK 58947
[CLIENT] sent ACK 58947
[CLIENT] sent ACK 58947
[CLIENT] sent ACK 58947
[CLIENT] sent ACK 58947
[CLIENT] sent ACK 59025
[CLIENT] sent ACK 59025
[CLIENT] sent ACK 59025
[CLIENT] sent ACK 59025
[CLIENT] sent ACK 59092
[CLIENT] sent ACK 59092
[CLIENT] sent ACK 59092
[CLIENT] sent ACK 59216
[CLIENT] sent ACK 59216
[CLIENT] sent ACK 59216
[CLIENT] sent ACK 59216
[CLIENT] sent ACK 59216
[CLIENT] sent ACK 59331
[CLIENT] sent ACK 59331
[CLIENT] sent ACK 59331
[CLIENT] sent ACK 59331
[CLIENT] sent ACK 59331
[CLIENT] sent ACK 59331
[CLIENT] sent ACK 59331
[CLIENT] sent ACK 59331
[CLIENT] sent ACK 59331
[CLIENT] sent ACK 59331
[CLIENT] sent ACK 59331
[CLIENT] sent ACK 59331
[CLIENT] sent ACK 59331
[CLIENT] sent ACK 59358
[CLIENT] sent ACK 59504
[CLIENT] sent ACK 59504
[CLIENT] sent ACK 59504
[CLIENT] sent ACK 59504
[CLIENT] sent ACK 59504
[CLIENT] sent ACK 59504
[CLIENT] sent ACK 59504
[CLIENT] sent ACK 59504
[CLIENT] sent ACK 59504
[CLIENT] sent ACK 59504
[CLIENT] sent ACK 59721
[CLIENT] sent ACK 59721
[CLIENT] sent ACK 59721
[CLIENT] sent ACK 59721
[CLIENT] sent ACK 59721
[CLIENT] sent ACK 59721
[CLIENT] sent ACK 59721
[CLIENT] sent ACK 59721
[CLIENT] sent ACK 59721
[CLIENT] sent ACK 59840
[CLIENT] sent ACK 59840
[CLIENT] sent ACK 59840
[CLIENT] sent ACK 59840
[CLIENT] sent ACK 59840
[CLIENT] sent ACK 59909
[CLIENT] sent ACK 59909
[CLIENT] sent ACK 59909
[CLIENT] sent ACK 59979
[CLIENT] sent ACK 59979
[CLIENT] sent ACK 59979
[CLIENT] sent ACK 60054
[CLIENT] sent ACK 60054
[CLIENT] sent ACK 60054
[CLIENT] sent ACK 60124
[CLIENT] sent ACK 60124
[CLIENT] sent ACK 60124
[CLIENT] sent ACK 60249
[CLIENT] sent ACK 60249
[CLIENT] sent ACK 60249
[CLIENT] sent ACK 60249
[CLIENT] sent ACK 60249
[CLIENT] sent ACK 60354
[CLIENT] sent ACK 60354
[CLIENT] sent ACK 60354
[CLIENT] sent ACK 60354
[CLIENT] sent ACK 60433
[CLIENT] sent ACK 60433
[CLIENT] sent ACK 60433
[CLIENT] sent ACK 60546
[CLIENT] sent ACK 60546
[CLIENT] sent ACK 60546
[CLIENT] sent ACK 60546
[CLIENT] sent ACK 60679
[CLIENT] sent ACK 60679
[CLIENT] sent ACK 60679
[CLIENT] sent ACK 60679
[CLIENT] sent ACK 60679
[CLIENT] sent ACK 60789
[CLIENT] sent ACK 60789
[CLIENT] sent ACK 60789
[CLIENT] sent ACK 60789
[CLIENT] sent ACK 60929
[CLIENT] sent ACK 60929
[CLIENT] sent ACK 60929
[CLIENT] sent ACK 60929
[CLIENT] sent ACK 60929
[CLIENT] sent ACK 61031
[CLIENT] sent ACK 61031
[CLIENT] sent ACK 61031
[CLIENT] sent ACK 61031
[CLIENT] sent ACK 61108
[CLIENT] sent ACK 61108
[CLIENT] sent ACK 61108
[CLIENT] sent ACK 61232
[CLIENT] sent ACK 61232
[CLIENT] sent ACK 61232
[CLIENT] sent ACK 61232
[CLIENT] sent ACK 61232
[CLIENT] sent ACK 61460
[CLIENT] sent ACK 61460
[CLIENT] sent ACK 61460
[CLIENT] sent ACK 61460
[CLIENT] sent ACK 61460
[CLIENT] sent ACK 61460
[CLIENT] sent ACK 61460
[CLIENT] sent ACK 61460
[CLIENT] sent ACK 61534
[CLIENT] sent ACK 61534
[CLIENT] sent ACK 61534
[CLIENT] sent ACK 61544
[CLIENT] sent ACK 61544
[CLIENT] sent ACK 61682
[CLIENT] sent ACK 61682
[CLIENT] sent ACK 61682
[CLIENT] sent ACK 61682
[CLIENT] sent ACK 61682
[CLIENT] sent ACK 61682
[CLIENT] sent ACK 61825
[CLIENT] sent ACK 61825
[CLIENT] sent ACK 61825
[CLIENT] sent ACK 61825
[CLIENT] sent ACK 61825
[CLIENT] sent ACK 61825
[CLIENT] sent ACK 61948
[CLIENT] sent ACK 61948
[CLIENT] sent ACK 61948
[CLIENT] sent ACK 61948
[CLIENT] sent ACK 61948
[CLIENT] sent ACK 61990
[CLIENT] sent ACK 62019
[CLIENT] sent ACK 62219
[CLIENT] sent ACK 62219
[CLIENT] sent ACK 62219
[CLIENT] sent ACK 62248
[CLIENT] sent ACK 62248
[CLIENT] sent ACK 62320
[CLIENT] sent ACK 62320
[CLIENT] sent ACK 62320
[CLIENT] sent ACK 62425
[CLIENT] sent ACK 62425
[CLIENT] sent ACK 62425
[CLIENT] sent ACK 62425
[CLIENT] sent ACK 62430
[CLIENT] sent ACK 62510
[CLIENT] sent ACK 62510
[CLIENT] sent ACK 62510
[CLIENT] sent ACK 62586
[CLIENT] sent ACK 62586
[CLIENT] sent ACK 62586
[CLIENT] sent ACK 62666
[CLIENT] sent ACK 62666
[CLIENT] sent ACK 62735
[CLIENT] sent ACK 62735
[CLIENT] sent ACK 62804
[CLIENT] sent ACK 62804
[CLIENT] sent ACK 62836
[CLIENT] sent ACK 62881
[CLIENT] sent ACK 62881
[CLIENT] sent ACK 62974
[CLIENT] sent ACK 62974
[CLIENT] sent ACK 63047
[CLIENT] sent ACK 63047
[CLIENT] sent ACK 63119
[CLIENT] sent ACK 63119
[CLIENT] sent ACK 63119
[CLIENT] sent ACK 63119
[CLIENT] sent ACK 63185
[CLIENT] sent ACK 63185
[CLIENT] sent ACK 63185
[CLIENT] sent ACK 63295
[CLIENT] sent ACK 63295
[CLIENT] sent ACK 63298
[CLIENT] sent ACK 63375
[CLIENT] sent ACK 63375
[CLIENT] sent ACK 63375
[CLIENT] sent ACK 63515
[CLIENT] sent ACK 63515
[CLIENT] sent ACK 63515
[CLIENT] sent ACK 63515
[CLIENT] sent ACK 63515
[CLIENT] sent ACK 63603
[CLIENT] sent ACK 63603
[CLIENT] sent ACK 63603
[CLIENT] sent ACK 63603
[CLIENT] sent ACK 63675
[CLIENT] sent ACK 63675
[CLIENT] sent ACK 63675
[CLIENT] sent ACK 63742
[CLIENT] sent ACK 63742
[CLIENT] sent ACK 63742
[CLIENT] sent ACK 63833
[CLIENT] sent ACK 63833
[CLIENT] sent ACK 63833
[CLIENT] sent ACK 63833
[CLIENT] sent ACK 64137
[CLIENT] sent ACK 64137
[CLIENT] sent ACK 64137
[CLIENT] sent ACK 64137
[CLIENT] sent ACK 64137
[CLIENT] sent ACK 64137
[CLIENT] sent ACK 64137
[CLIENT] sent ACK 64137
[CLIENT] sent ACK 64137
[CLIENT] sent ACK 64137
[CLIENT] sent ACK 64287
[CLIENT] sent ACK 64287
[CLIENT] sent ACK 64287
[CLIENT] sent ACK 64287
[CLIENT] sent ACK 64287
[CLIENT] sent ACK 64478
[CLIENT] sent ACK 64478
[CLIENT] sent ACK 64478
[CLIENT] sent ACK 64478
[CLIENT] sent ACK 64478
[CLIENT] sent ACK 64478
[CLIENT] sent ACK 64478
[CLIENT] sent ACK 64478
[CLIENT] sent ACK 64496
[CLIENT] sent ACK 64526
[CLIENT] sent ACK 64526
[CLIENT] sent ACK 64617
[CLIENT] sent ACK 64617
[CLIENT] sent ACK 64617
[CLIENT] sent ACK 64724
[CLIENT] sent ACK 64724
[CLIENT] sent ACK 64724
[CLIENT] sent ACK 64804
[CLIENT] sent ACK 64804
[CLIENT] sent ACK 64804
[CLIENT] sent ACK 64868
[CLIENT] sent ACK 64868
[CLIENT] sent ACK 65128
[CLIENT] sent ACK 65128
[CLIENT] sent ACK 65128
[CLIENT] sent ACK 65128
[CLIENT] sent ACK 65128
[CLIENT] sent ACK 65128
[CLIENT] sent ACK 65128
[CLIENT] sent ACK 65128
[CLIENT] sent ACK 65128
[CLIENT] sent ACK 65201
[CLIENT] sent ACK 65201
[CLIENT] sent ACK 65201
[CLIENT] sent ACK 65288
[CLIENT] sent ACK 65288
[CLIENT] sent ACK 65445
[CLIENT] sent ACK 65445
[CLIENT] sent ACK 65445
[CLIENT] sent ACK 65445
[CLIENT] sent ACK 65445
[CLIENT] sent ACK 65445
[CLIENT] sent ACK 65578
[CLIENT] sent ACK 65578
[CLIENT] sent ACK 65578
[CLIENT] sent ACK 65578
[CLIENT] sent ACK 65651
[CLIENT] sent ACK 65651
[CLIENT] sent ACK 65651
[CLIENT] sent ACK 65791
[CLIENT] sent ACK 65791
[CLIENT] sent ACK 65791
[CLIENT] sent ACK 65791
[CLIENT] sent ACK 65791
[CLIENT] sent ACK 65943
[CLIENT] sent ACK 65943
[CLIENT] sent ACK 65943
[CLIENT] sent ACK 65943
[CLIENT] sent ACK 65943
[CLIENT] sent ACK 66035
[CLIENT] sent ACK 66035
[CLIENT] sent ACK 66035
[CLIENT] sent ACK 66035
[CLIENT] sent ACK 66109
[CLIENT] sent ACK 66109
[CLIENT] sent ACK 66109
[CLIENT] sent ACK 66193
[CLIENT] sent ACK 66193
[CLIENT] sent ACK 66193
[CLIENT] sent ACK 66197
[CLIENT] sent ACK 66279
[CLIENT] sent ACK 66279
[CLIENT] sent ACK 66279
[CLIENT] sent ACK 66296
[CLIENT] sent ACK 66404
[CLIENT] sent ACK 66404
[CLIENT] sent ACK 66405
[CLIENT] sent ACK 66610
[CLIENT] sent ACK 66610
[CLIENT] sent ACK 66610
[CLIENT] sent ACK 66772
[CLIENT] sent ACK 66772
[CLIENT] sent ACK 66772
[CLIENT] sent ACK 66836
[CLIENT] sent ACK 66899
[CLIENT] sent ACK 66920
[CLIENT] sent ACK 66920
[CLIENT] sent ACK 66920
[CLIENT] sent ACK 66920
[CLIENT] sent ACK 66985
[CLIENT] sent ACK 66985
[CLIENT] sent ACK 66985
[CLIENT] sent ACK 67053
[CLIENT] sent ACK 67053
[CLIENT] sent ACK 67163
[CLIENT] sent ACK 67163
[CLIENT] sent ACK 67163
[CLIENT] sent ACK 67361
[CLIENT] sent ACK 67361
[CLIENT] sent ACK 67361
[CLIENT] sent ACK 67361
[CLIENT] sent ACK 67361
[CLIENT] sent ACK 67361
[CLIENT] sent ACK 67361
[CLIENT] sent ACK 67361
[CLIENT] sent ACK 67537
[CLIENT] sent ACK 67537
[CLIENT] sent ACK 67537
[CLIENT] sent ACK 67537
[CLIENT] sent ACK 67537
[CLIENT] sent ACK 67537
[CLIENT] sent ACK 67537
[CLIENT] sent ACK 67666
[CLIENT] sent ACK 67666
[CLIENT] sent ACK 67666
[CLIENT] sent ACK 67666
[CLIENT] sent ACK 67666
[CLIENT] sent ACK 67750
[CLIENT] sent ACK 67750
[CLIENT] sent ACK 67750
[CLIENT] sent ACK 67750
[CLIENT] sent ACK 67903
[CLIENT] sent ACK 67903
[CLIENT] sent ACK 67903
[CLIENT] sent ACK 67903
[CLIENT] sent ACK 67903
[CLIENT] sent ACK 67903
[CLIENT] sent ACK 68031
[CLIENT] sent ACK 68031
[CLIENT] sent ACK 68031
[CLIENT] sent ACK 68031
[CLIENT] sent ACK 68031
[CLIENT] sent ACK 68140
[CLIENT] sent ACK 68140
[CLIENT] sent ACK 68140
[CLIENT] sent ACK 68140
[CLIENT] sent ACK 68140
[CLIENT] sent ACK 68232
[CLIENT] sent ACK 68232
[CLIENT] sent ACK 68232
[CLIENT] sent ACK 68232
[CLIENT] sent ACK 68414
[CLIENT] sent ACK 68414
[CLIENT] sent ACK 68414
[CLIENT] sent ACK 68414
[CLIENT] sent ACK 68414
[CLIENT] sent ACK 68414
[CLIENT] sent ACK 68414
[CLIENT] sent ACK 68548
[CLIENT] sent ACK 68548
[CLIENT] sent ACK 68548
[CLIENT] sent ACK 68548
[CLIENT] sent ACK 68720
[CLIENT] sent ACK 68720
[CLIENT] sent ACK 68720
[CLIENT] sent ACK 68720
[CLIENT] sent ACK 68808
[CLIENT] sent ACK 68808
[CLIENT] sent ACK 68820
[CLIENT] sent ACK 69005
[CLIENT] sent ACK 69005
[CLIENT] sent ACK 69005
[CLIENT] sent ACK 69005
[CLIENT] sent ACK 69005
[CLIENT] sent ACK 69078
[CLIENT] sent ACK 69078
[CLIENT] sent ACK 69078
[CLIENT] sent ACK 69145
[CLIENT] sent ACK 69145
[CLIENT] sent ACK 69145
[CLIENT] sent ACK 69210
[CLIENT] sent ACK 69210
[CLIENT] sent ACK 69210
[CLIENT] sent ACK 69278
[CLIENT] sent ACK 69278
[CLIENT] sent ACK 69348
[CLIENT] sent ACK 69348
[CLIENT] sent ACK 69348
[CLIENT] sent ACK 69466
[CLIENT] sent ACK 69466
[CLIENT] sent ACK 69466
[CLIENT] sent ACK 69466
[CLIENT] sent ACK 69466
[CLIENT] sent ACK 69578
[CLIENT] sent ACK 69578
[CLIENT] sent ACK 69578
[CLIENT] sent ACK 69578
[CLIENT] sent ACK 69578
[CLIENT] sent ACK 69645
[CLIENT] sent ACK 69645
[CLIENT] sent ACK 69645
[CLIENT] sent ACK 69734
[CLIENT] sent ACK 69734
[CLIENT] sent ACK 69734
[CLIENT] sent ACK 69734
[CLIENT] sent ACK 69802
[CLIENT] sent ACK 69802
[CLIENT] sent ACK 69802
[CLIENT] sent ACK 69894
[CLIENT] sent ACK 69894
[CLIENT] sent ACK 69894
[CLIENT] sent ACK 69894
[CLIENT] sent ACK 69973
[CLIENT] sent ACK 69973
[CLIENT] sent ACK 69973
[CLIENT] sent ACK 70068
[CLIENT] sent ACK 70068
[CLIENT] sent ACK 70068
[CLIENT] sent ACK 70068
[CLIENT] sent ACK 70135
[CLIENT] sent ACK 70135
[CLIENT] sent ACK 70135
[CLIENT] sent ACK 70220
[CLIENT] sent ACK 70220
[CLIENT] sent ACK 70220
[CLIENT] sent ACK 70220
[CLIENT] sent ACK 70367
[CLIENT] sent ACK 70367
[CLIENT] sent ACK 70367
[CLIENT] sent ACK 70367
[CLIENT] sent ACK 70367
[CLIENT] sent ACK 70367
[CLIENT] sent ACK 70447
[CLIENT] sent ACK 70447
[CLIENT] sent ACK 70447
[CLIENT] sent ACK 70478
[CLIENT] sent ACK 70547
[CLIENT] sent ACK 70547
[CLIENT] sent ACK 70547
[CLIENT] sent ACK 70652
[CLIENT] sent ACK 70652
[CLIENT] sent ACK 70652
[CLIENT] sent ACK 70652
[CLIENT] sent ACK 70989
[CLIENT] sent ACK 70989
[CLIENT] sent ACK 70989
[CLIENT] sent ACK 70989
[CLIENT] sent ACK 70989
[CLIENT] sent ACK 70989
[CLIENT] sent ACK 70989
[CLIENT] sent ACK 70989
[CLIENT] sent ACK 70989
[CLIENT] sent ACK 70989
[CLIENT] sent ACK 70989
[CLIENT] sent ACK 70989
[CLIENT] sent ACK 71075
[CLIENT] sent ACK 71075
[CLIENT] sent ACK 71075
[CLIENT] sent ACK 71075
[CLIENT] sent ACK 71200
[CLIENT] sent ACK 71200
[CLIENT] sent ACK 71200
[CLIENT] sent ACK 71200
[CLIENT] sent ACK 71200
[CLIENT] sent ACK 71310
[CLIENT] sent ACK 71310
[CLIENT] sent ACK 71310
[CLIENT] sent ACK 71310
[CLIENT] sent ACK 71310
[CLIENT] sent ACK 71379
[CLIENT] sent ACK 71379
[CLIENT] sent ACK 71379
[CLIENT] sent ACK 71443
[CLIENT] sent ACK 71443
[CLIENT] sent ACK 71443
[CLIENT] sent ACK 71636
[CLIENT] sent ACK 71636
[CLIENT] sent ACK 71636
[CLIENT] sent ACK 71636
[CLIENT] sent ACK 71636
[CLIENT] sent ACK 71636
[CLIENT] sent ACK 71636
[CLIENT] sent ACK 71636
[CLIENT] sent ACK 71871
[CLIENT] sent ACK 71871
[CLIENT] sent ACK 71871
[CLIENT] sent ACK 71871
[CLIENT] sent ACK 71871
[CLIENT] sent ACK 71871
[CLIENT] sent ACK 71871
[CLIENT] sent ACK 71871
[CLIENT] sent ACK 71871
[CLIENT] sent ACK 71982
[CLIENT] sent ACK 71982
[CLIENT] sent ACK 71982
[CLIENT] sent ACK 71982
[CLIENT] sent ACK 71982
[CLIENT] sent ACK 72089
[CLIENT] sent ACK 72089
[CLIENT] sent ACK 72089
[CLIENT] sent ACK 72089
[CLIENT] sent ACK 72270
[CLIENT] sent ACK 72270
[CLIENT] sent ACK 72270
[CLIENT] sent ACK 72270
[CLIENT] sent ACK 72270
[CLIENT] sent ACK 72270
[CLIENT] sent ACK 72270
[CLIENT] sent ACK 72344
[CLIENT] sent ACK 72344
[CLIENT] sent ACK 72344
[CLIENT] sent ACK 72424
[CLIENT] sent ACK 72424
[CLIENT] sent ACK 72424
[CLIENT] sent ACK 72448
[CLIENT] sent ACK 72529
[CLIENT] sent ACK 72529
[CLIENT] sent ACK 72529
[CLIENT] sent ACK 72566
[CLIENT] sent ACK 72634
[CLIENT] sent ACK 72634
[CLIENT] sent ACK 72634
[CLIENT] sent ACK 72738
[CLIENT] sent ACK 72738
[CLIENT] sent ACK 72738
[CLIENT] sent ACK 72738
[CLIENT] sent ACK 72873
[CLIENT] sent ACK 72873
[CLIENT] sent ACK 72873
[CLIENT] sent ACK 72873
[CLIENT] sent ACK 72873
[CLIENT] sent ACK 72974
[CLIENT] sent ACK 72974
[CLIENT] sent ACK 72974
[CLIENT] sent ACK 72974
[CLIENT] sent ACK 73098
[CLIENT] sent ACK 73098
[CLIENT] sent ACK 73098
[CLIENT] sent ACK 73098
[CLIENT] sent ACK 73098
[CLIENT] sent ACK 73270
[CLIENT] sent ACK 73270
[CLIENT] sent ACK 73270
[CLIENT] sent ACK 73270
[CLIENT] sent ACK 73270
[CLIENT] sent ACK 73270
[CLIENT] sent ACK 73270
[CLIENT] sent ACK 73333
[CLIENT] sent ACK 73333
[CLIENT] sent ACK 73333
[CLIENT] sent ACK 73450
[CLIENT] sent ACK 73450
[CLIENT] sent ACK 73450
[CLIENT] sent ACK 73450
[CLIENT] sent ACK 73450
[CLIENT] sent ACK 73552
[CLIENT] sent ACK 73552
[CLIENT] sent ACK 73552
[CLIENT] sent ACK 73552
[CLIENT] sent ACK 73715
[CLIENT] sent ACK 73715
[CLIENT] sent ACK 73715
[CLIENT] sent ACK 73715
[CLIENT] sent ACK 73715
[CLIENT] sent ACK 73715
[CLIENT] sent ACK 73835
[CLIENT] sent ACK 73835
[CLIENT] sent ACK 73835
[CLIENT] sent ACK 73835
[CLIENT] sent ACK 73835
[CLIENT] sent ACK 73920
[CLIENT] sent ACK 73920
[CLIENT] sent ACK 73920
[CLIENT] sent ACK 73920
[CLIENT] sent ACK 74013
[CLIENT] sent ACK 74013
[CLIENT] sent ACK 74013
[CLIENT] sent ACK 74013
[CLIENT] sent ACK 74081
[CLIENT] sent ACK 74081
[CLIENT] sent ACK 74081
[CLIENT] sent ACK 74167
[CLIENT] sent ACK 74167
[CLIENT] sent ACK 74167
[CLIENT] sent ACK 74167
[CLIENT] sent ACK 74226
[CLIENT] sent ACK 74226
[CLIENT] sent ACK 74226
[CLIENT] sent ACK 74317
[CLIENT] sent ACK 74317
[CLIENT] sent ACK 74317
[CLIENT] sent ACK 74317
[CLIENT] sent ACK 74440
[CLIENT] sent ACK 74440
[CLIENT] sent ACK 74440
[CLIENT] sent ACK 74520
[CLIENT] sent ACK 74628
[CLIENT] sent ACK 74698
[CLIENT] sent ACK 74800
[CLIENT] sent ACK 74899
[CLIENT] sent ACK 74900

==================================================
CLIENT REPORT
==================================================
Security enabled (PSK + AEAD):            No
Handshake status:                         Fail
Size of the transferred file:             104857600 bytes
Number of packets received from server:   74955
Number of duplicate packets:              56
Replay drops:                             56
Number of out-of-order packets:           73155
Number of packets with checksum errors:   0
Time duration of the file transfer:       00:00:34
Received file MD5:                        2f282b84e7e608d5852449ed940bfc51
AEAD authentication failures:             0
SHA-256 match:                            No
==================================================

[CLIENT] Report saved to client_report.txt
[CLIENT] file saved as received_test_100mb_file
real 37.48
user 0.05
sys 0.13

Script done on 2026-04-22 15:34:10+00:00 [COMMAND_EXIT_CODE="0"]
