Script started on 2026-04-22 18:03:04+00:00 [COMMAND="cd ~/secure-reliable-file-fransfer && sudo PYTHONPATH=. python3 -u main.py --mode client --config config_phase2.json --file ./gdrive-folder/test_100mb_file" TERM="xterm-256color" TTY="/dev/pts/0" COLUMNS="222" LINES="30"]
[CLIENT] running on 172.31.64.201:50000
[CLIENT] talking to server 172.31.77.14:50000
[CLIENT] sent ClientHello
[CLIENT] Handshake complete
[CLIENT] requested file: ./gdrive-folder/test_100mb_file
[CLIENT] sent ACK 5
[CLIENT] sent ACK 29
[CLIENT] sent ACK 56
[CLIENT] sent ACK 82
[CLIENT] sent ACK 110
[CLIENT] sent ACK 136
[CLIENT] sent ACK 162
[CLIENT] sent ACK 189
[CLIENT] sent ACK 215
[CLIENT] sent ACK 243
[CLIENT] sent ACK 267
[CLIENT] sent ACK 293
[CLIENT] sent ACK 317
[CLIENT] sent ACK 342
[CLIENT] sent ACK 368
[CLIENT] sent ACK 394
[CLIENT] sent ACK 422
[CLIENT] sent ACK 444
[CLIENT] sent ACK 472
[CLIENT] sent ACK 498
[CLIENT] sent ACK 522
[CLIENT] sent ACK 534
[CLIENT] sent ACK 559
[CLIENT] sent ACK 586
[CLIENT] sent ACK 610
[CLIENT] sent ACK 632
[CLIENT] sent ACK 657
[CLIENT] sent ACK 683
[CLIENT] sent ACK 707
[CLIENT] sent ACK 732
[CLIENT] sent ACK 758
[CLIENT] sent ACK 782
[CLIENT] sent ACK 806
[CLIENT] sent ACK 830
[CLIENT] sent ACK 855
[CLIENT] sent ACK 880
[CLIENT] sent ACK 904
[CLIENT] sent ACK 927
[CLIENT] sent ACK 950
[CLIENT] sent ACK 975
[CLIENT] sent ACK 999
[CLIENT] sent ACK 1022
[CLIENT] sent ACK 1046
[CLIENT] sent ACK 1070
[CLIENT] sent ACK 1097
[CLIENT] sent ACK 1118
[CLIENT] sent ACK 1140
[CLIENT] sent ACK 1165
[CLIENT] sent ACK 1191
[CLIENT] sent ACK 1215
[CLIENT] sent ACK 1238
[CLIENT] sent ACK 1262
[CLIENT] sent ACK 1287
[CLIENT] sent ACK 1313
[CLIENT] sent ACK 1338
[CLIENT] sent ACK 1363
[CLIENT] sent ACK 1387
[CLIENT] sent ACK 1412
[CLIENT] sent ACK 1436
[CLIENT] sent ACK 1460
[CLIENT] sent ACK 1484
[CLIENT] sent ACK 1509
[CLIENT] sent ACK 1534
[CLIENT] sent ACK 1556
[CLIENT] sent ACK 1580
[CLIENT] sent ACK 1603
[CLIENT] sent ACK 1627
[CLIENT] sent ACK 1650
[CLIENT] sent ACK 1673
[CLIENT] sent ACK 1697
[CLIENT] sent ACK 1723
[CLIENT] sent ACK 1746
[CLIENT] sent ACK 1771
[CLIENT] sent ACK 1798
[CLIENT] sent ACK 1821
[CLIENT] sent ACK 1843
[CLIENT] sent ACK 1865
[CLIENT] sent ACK 1889
[CLIENT] sent ACK 1913
[CLIENT] sent ACK 1937
[CLIENT] sent ACK 1961
[CLIENT] sent ACK 1985
[CLIENT] sent ACK 2010
[CLIENT] sent ACK 2034
[CLIENT] sent ACK 2057
[CLIENT] sent ACK 2081
[CLIENT] sent ACK 2104
[CLIENT] sent ACK 2127
[CLIENT] sent ACK 2152
[CLIENT] sent ACK 2177
[CLIENT] sent ACK 2203
[CLIENT] sent ACK 2228
[CLIENT] sent ACK 2253
[CLIENT] sent ACK 2278
[CLIENT] sent ACK 2303
[CLIENT] sent ACK 2329
[CLIENT] sent ACK 2352
[CLIENT] sent ACK 2376
[CLIENT] sent ACK 2399
[CLIENT] sent ACK 2423
[CLIENT] sent ACK 2447
[CLIENT] sent ACK 2468
[CLIENT] sent ACK 2491
[CLIENT] sent ACK 2516
[CLIENT] sent ACK 2540
[CLIENT] sent ACK 2566
[CLIENT] sent ACK 2588
[CLIENT] sent ACK 2614
[CLIENT] sent ACK 2638
[CLIENT] sent ACK 2660
[CLIENT] sent ACK 2684
[CLIENT] sent ACK 2706
[CLIENT] sent ACK 2731
[CLIENT] sent ACK 2757
[CLIENT] sent ACK 2783
[CLIENT] sent ACK 2808
[CLIENT] sent ACK 2832
[CLIENT] sent ACK 2858
[CLIENT] sent ACK 2882
[CLIENT] sent ACK 2909
[CLIENT] sent ACK 2932
[CLIENT] sent ACK 2955
[CLIENT] sent ACK 2981
[CLIENT] sent ACK 3007
[CLIENT] sent ACK 3033
[CLIENT] sent ACK 3057
[CLIENT] sent ACK 3083
[CLIENT] sent ACK 3108
[CLIENT] sent ACK 3132
[CLIENT] sent ACK 3158
[CLIENT] sent ACK 3180
[CLIENT] sent ACK 3204
[CLIENT] sent ACK 3229
[CLIENT] sent ACK 3254
[CLIENT] sent ACK 3278
[CLIENT] sent ACK 3300
[CLIENT] sent ACK 3323
[CLIENT] sent ACK 3349
[CLIENT] sent ACK 3373
[CLIENT] sent ACK 3397
[CLIENT] sent ACK 3422
[CLIENT] sent ACK 3445
[CLIENT] sent ACK 3470
[CLIENT] sent ACK 3494
[CLIENT] sent ACK 3519
[CLIENT] sent ACK 3543
[CLIENT] sent ACK 3566
[CLIENT] sent ACK 3589
[CLIENT] sent ACK 3613
[CLIENT] sent ACK 3639
[CLIENT] sent ACK 3664
[CLIENT] sent ACK 3687
[CLIENT] sent ACK 3712
[CLIENT] sent ACK 3736
[CLIENT] sent ACK 3759
[CLIENT] sent ACK 3782
[CLIENT] sent ACK 3806
[CLIENT] sent ACK 3830
[CLIENT] sent ACK 3855
[CLIENT] sent ACK 3880
[CLIENT] sent ACK 3904
[CLIENT] sent ACK 3928
[CLIENT] sent ACK 3953
[CLIENT] sent ACK 3977
[CLIENT] sent ACK 4001
[CLIENT] sent ACK 4026
[CLIENT] sent ACK 4048
[CLIENT] sent ACK 4076
[CLIENT] sent ACK 4100
[CLIENT] sent ACK 4122
[CLIENT] sent ACK 4147
[CLIENT] sent ACK 4172
[CLIENT] sent ACK 4198
[CLIENT] sent ACK 4220
[CLIENT] sent ACK 4242
[CLIENT] sent ACK 4266
[CLIENT] sent ACK 4291
[CLIENT] sent ACK 4315
[CLIENT] sent ACK 4338
[CLIENT] sent ACK 4361
[CLIENT] sent ACK 4384
[CLIENT] sent ACK 4410
[CLIENT] sent ACK 4436
[CLIENT] sent ACK 4461
[CLIENT] sent ACK 4486
[CLIENT] sent ACK 4511
[CLIENT] sent ACK 4534
[CLIENT] sent ACK 4560
[CLIENT] sent ACK 4584
[CLIENT] sent ACK 4607
[CLIENT] sent ACK 4632
[CLIENT] sent ACK 4656
[CLIENT] sent ACK 4682
[CLIENT] sent ACK 4705
[CLIENT] sent ACK 4731
[CLIENT] sent ACK 4753
[CLIENT] sent ACK 4778
[CLIENT] sent ACK 4803
[CLIENT] sent ACK 4824
[CLIENT] sent ACK 4848
[CLIENT] sent ACK 4873
[CLIENT] sent ACK 4895
[CLIENT] sent ACK 4916
[CLIENT] sent ACK 4940
[CLIENT] sent ACK 4965
[CLIENT] sent ACK 4986
[CLIENT] sent ACK 5007
[CLIENT] sent ACK 5033
[CLIENT] sent ACK 5058
[CLIENT] sent ACK 5082
[CLIENT] sent ACK 5105
[CLIENT] sent ACK 5127
[CLIENT] sent ACK 5151
[CLIENT] sent ACK 5176
[CLIENT] sent ACK 5199
[CLIENT] sent ACK 5223
[CLIENT] sent ACK 5246
[CLIENT] sent ACK 5271
[CLIENT] sent ACK 5298
[CLIENT] sent ACK 5323
[CLIENT] sent ACK 5348
[CLIENT] sent ACK 5373
[CLIENT] sent ACK 5399
[CLIENT] sent ACK 5424
[CLIENT] sent ACK 5449
[CLIENT] sent ACK 5475
[CLIENT] sent ACK 5501
[CLIENT] sent ACK 5530
[CLIENT] sent ACK 5555
[CLIENT] sent ACK 5579
[CLIENT] sent ACK 5603
[CLIENT] sent ACK 5629
[CLIENT] sent ACK 5654
[CLIENT] sent ACK 5681
[CLIENT] sent ACK 5707
[CLIENT] sent ACK 5731
[CLIENT] sent ACK 5758
[CLIENT] sent ACK 5784
[CLIENT] sent ACK 5810
[CLIENT] sent ACK 5835
[CLIENT] sent ACK 5861
[CLIENT] sent ACK 5887
[CLIENT] sent ACK 5913
[CLIENT] sent ACK 5938
[CLIENT] sent ACK 5962
[CLIENT] sent ACK 5987
[CLIENT] sent ACK 6008
[CLIENT] sent ACK 6033
[CLIENT] sent ACK 6058
[CLIENT] sent ACK 6085
[CLIENT] sent ACK 6110
[CLIENT] sent ACK 6135
[CLIENT] sent ACK 6160
[CLIENT] sent ACK 6185
[CLIENT] sent ACK 6212
[CLIENT] sent ACK 6236
[CLIENT] sent ACK 6262
[CLIENT] sent ACK 6287
[CLIENT] sent ACK 6314
[CLIENT] sent ACK 6339
[CLIENT] sent ACK 6364
[CLIENT] sent ACK 6391
[CLIENT] sent ACK 6417
[CLIENT] sent ACK 6442
[CLIENT] sent ACK 6468
[CLIENT] sent ACK 6492
[CLIENT] sent ACK 6517
[CLIENT] sent ACK 6544
[CLIENT] sent ACK 6568
[CLIENT] sent ACK 6590
[CLIENT] sent ACK 6614
[CLIENT] sent ACK 6640
[CLIENT] sent ACK 6665
[CLIENT] sent ACK 6692
[CLIENT] sent ACK 6718
[CLIENT] sent ACK 6741
[CLIENT] sent ACK 6766
[CLIENT] sent ACK 6791
[CLIENT] sent ACK 6816
[CLIENT] sent ACK 6841
[CLIENT] sent ACK 6864
[CLIENT] sent ACK 6890
[CLIENT] sent ACK 6914
[CLIENT] sent ACK 6939
[CLIENT] sent ACK 6962
[CLIENT] sent ACK 6985
[CLIENT] sent ACK 7008
[CLIENT] sent ACK 7033
[CLIENT] sent ACK 7057
[CLIENT] sent ACK 7081
[CLIENT] sent ACK 7105
[CLIENT] sent ACK 7129
[CLIENT] sent ACK 7154
[CLIENT] sent ACK 7178
[CLIENT] sent ACK 7204
[CLIENT] sent ACK 7225
[CLIENT] sent ACK 7248
[CLIENT] sent ACK 7274
[CLIENT] sent ACK 7299
[CLIENT] sent ACK 7324
[CLIENT] sent ACK 7349
[CLIENT] sent ACK 7371
[CLIENT] sent ACK 7395
[CLIENT] sent ACK 7419
[CLIENT] sent ACK 7445
[CLIENT] sent ACK 7469
[CLIENT] sent ACK 7492
[CLIENT] sent ACK 7514
[CLIENT] sent ACK 7537
[CLIENT] sent ACK 7560
[CLIENT] sent ACK 7584
[CLIENT] sent ACK 7604
[CLIENT] sent ACK 7628
[CLIENT] sent ACK 7653
[CLIENT] sent ACK 7679
[CLIENT] sent ACK 7705
[CLIENT] sent ACK 7726
[CLIENT] sent ACK 7750
[CLIENT] sent ACK 7773
[CLIENT] sent ACK 7797
[CLIENT] sent ACK 7822
[CLIENT] sent ACK 7843
[CLIENT] sent ACK 7866
[CLIENT] sent ACK 7890
[CLIENT] sent ACK 7914
[CLIENT] sent ACK 7938
[CLIENT] sent ACK 7961
[CLIENT] sent ACK 7987
[CLIENT] sent ACK 8011
[CLIENT] sent ACK 8037
[CLIENT] sent ACK 8060
[CLIENT] sent ACK 8082
[CLIENT] sent ACK 8107
[CLIENT] sent ACK 8132
[CLIENT] sent ACK 8156
[CLIENT] sent ACK 8182
[CLIENT] sent ACK 8206
[CLIENT] sent ACK 8230
[CLIENT] sent ACK 8257
[CLIENT] sent ACK 8277
[CLIENT] sent ACK 8302
[CLIENT] sent ACK 8325
[CLIENT] sent ACK 8350
[CLIENT] sent ACK 8376
[CLIENT] sent ACK 8399
[CLIENT] sent ACK 8424
[CLIENT] sent ACK 8446
[CLIENT] sent ACK 8472
[CLIENT] sent ACK 8497
[CLIENT] sent ACK 8521
[CLIENT] sent ACK 8544
[CLIENT] sent ACK 8568
[CLIENT] sent ACK 8592
[CLIENT] sent ACK 8615
[CLIENT] sent ACK 8640
[CLIENT] sent ACK 8664
[CLIENT] sent ACK 8687
[CLIENT] sent ACK 8712
[CLIENT] sent ACK 8738
[CLIENT] sent ACK 8765
[CLIENT] sent ACK 8790
[CLIENT] sent ACK 8814
[CLIENT] sent ACK 8839
[CLIENT] sent ACK 8865
[CLIENT] sent ACK 8892
[CLIENT] sent ACK 8914
[CLIENT] sent ACK 8939
[CLIENT] sent ACK 8965
[CLIENT] sent ACK 8991
[CLIENT] sent ACK 9016
[CLIENT] sent ACK 9038
[CLIENT] sent ACK 9064
[CLIENT] sent ACK 9087
[CLIENT] sent ACK 9112
[CLIENT] sent ACK 9135
[CLIENT] sent ACK 9158
[CLIENT] sent ACK 9182
[CLIENT] sent ACK 9208
[CLIENT] sent ACK 9232
[CLIENT] sent ACK 9256
[CLIENT] sent ACK 9279
[CLIENT] sent ACK 9304
[CLIENT] sent ACK 9328
[CLIENT] sent ACK 9354
[CLIENT] sent ACK 9378
[CLIENT] sent ACK 9401
[CLIENT] sent ACK 9424
[CLIENT] sent ACK 9447
[CLIENT] sent ACK 9471
[CLIENT] sent ACK 9496
[CLIENT] sent ACK 9520
[CLIENT] sent ACK 9541
[CLIENT] sent ACK 9564
[CLIENT] sent ACK 9588
[CLIENT] sent ACK 9609
[CLIENT] sent ACK 9633
[CLIENT] sent ACK 9657
[CLIENT] sent ACK 9683
[CLIENT] sent ACK 9709
[CLIENT] sent ACK 9734
[CLIENT] sent ACK 9759
[CLIENT] sent ACK 9783
[CLIENT] sent ACK 9807
[CLIENT] sent ACK 9831
[CLIENT] sent ACK 9856
[CLIENT] sent ACK 9881
[CLIENT] sent ACK 9904
[CLIENT] sent ACK 9929
[CLIENT] sent ACK 9952
[CLIENT] sent ACK 9976
[CLIENT] sent ACK 10001
[CLIENT] sent ACK 10023
[CLIENT] sent ACK 10047
[CLIENT] sent ACK 10071
[CLIENT] sent ACK 10095
[CLIENT] sent ACK 10120
[CLIENT] sent ACK 10142
[CLIENT] sent ACK 10166
[CLIENT] sent ACK 10190
[CLIENT] sent ACK 10214
[CLIENT] sent ACK 10238
[CLIENT] sent ACK 10262
[CLIENT] sent ACK 10287
[CLIENT] sent ACK 10313
[CLIENT] sent ACK 10336
[CLIENT] sent ACK 10361
[CLIENT] sent ACK 10384
[CLIENT] sent ACK 10407
[CLIENT] sent ACK 10432
[CLIENT] sent ACK 10459
[CLIENT] sent ACK 10484
[CLIENT] sent ACK 10507
[CLIENT] sent ACK 10532
[CLIENT] sent ACK 10555
[CLIENT] sent ACK 10579
[CLIENT] sent ACK 10604
[CLIENT] sent ACK 10626
[CLIENT] sent ACK 10650
[CLIENT] sent ACK 10674
[CLIENT] sent ACK 10696
[CLIENT] sent ACK 10720
[CLIENT] sent ACK 10742
[CLIENT] sent ACK 10769
[CLIENT] sent ACK 10792
[CLIENT] sent ACK 10818
[CLIENT] sent ACK 10843
[CLIENT] sent ACK 10867
[CLIENT] sent ACK 10890
[CLIENT] sent ACK 10914
[CLIENT] sent ACK 10940
[CLIENT] sent ACK 10964
[CLIENT] sent ACK 10987
[CLIENT] sent ACK 11013
[CLIENT] sent ACK 11039
[CLIENT] sent ACK 11063
[CLIENT] sent ACK 11087
[CLIENT] sent ACK 11112
[CLIENT] sent ACK 11137
[CLIENT] sent ACK 11160
[CLIENT] sent ACK 11183
[CLIENT] sent ACK 11208
[CLIENT] sent ACK 11228
[CLIENT] sent ACK 11250
[CLIENT] sent ACK 11274
[CLIENT] sent ACK 11298
[CLIENT] sent ACK 11322
[CLIENT] sent ACK 11347
[CLIENT] sent ACK 11374
[CLIENT] sent ACK 11397
[CLIENT] sent ACK 11420
[CLIENT] sent ACK 11447
[CLIENT] sent ACK 11470
[CLIENT] sent ACK 11494
[CLIENT] sent ACK 11517
[CLIENT] sent ACK 11542
[CLIENT] sent ACK 11567
[CLIENT] sent ACK 11590
[CLIENT] sent ACK 11613
[CLIENT] sent ACK 11638
[CLIENT] sent ACK 11663
[CLIENT] sent ACK 11688
[CLIENT] sent ACK 11710
[CLIENT] sent ACK 11733
[CLIENT] sent ACK 11757
[CLIENT] sent ACK 11782
[CLIENT] sent ACK 11808
[CLIENT] sent ACK 11830
[CLIENT] sent ACK 11856
[CLIENT] sent ACK 11879
[CLIENT] sent ACK 11904
[CLIENT] sent ACK 11929
[CLIENT] sent ACK 11954
[CLIENT] sent ACK 11981
[CLIENT] sent ACK 12005
[CLIENT] sent ACK 12029
[CLIENT] sent ACK 12054
[CLIENT] sent ACK 12079
[CLIENT] sent ACK 12104
[CLIENT] sent ACK 12128
[CLIENT] sent ACK 12153
[CLIENT] sent ACK 12178
[CLIENT] sent ACK 12201
[CLIENT] sent ACK 12226
[CLIENT] sent ACK 12249
[CLIENT] sent ACK 12272
[CLIENT] sent ACK 12294
[CLIENT] sent ACK 12319
[CLIENT] sent ACK 12340
[CLIENT] sent ACK 12357
[CLIENT] sent ACK 12365
[CLIENT] sent ACK 12390
[CLIENT] sent ACK 12415
[CLIENT] sent ACK 12442
[CLIENT] sent ACK 12469
[CLIENT] sent ACK 12496
[CLIENT] sent ACK 12522
[CLIENT] sent ACK 12547
[CLIENT] sent ACK 12573
[CLIENT] sent ACK 12599
[CLIENT] sent ACK 12625
[CLIENT] sent ACK 12651
[CLIENT] sent ACK 12676
[CLIENT] sent ACK 12705
[CLIENT] sent ACK 12729
[CLIENT] sent ACK 12754
[CLIENT] sent ACK 12779
[CLIENT] sent ACK 12804
[CLIENT] sent ACK 12831
[CLIENT] sent ACK 12857
[CLIENT] sent ACK 12883
[CLIENT] sent ACK 12907
[CLIENT] sent ACK 12931
[CLIENT] sent ACK 12955
[CLIENT] sent ACK 12979
[CLIENT] sent ACK 13002
[CLIENT] sent ACK 13024
[CLIENT] sent ACK 13049
[CLIENT] sent ACK 13073
[CLIENT] sent ACK 13099
[CLIENT] sent ACK 13122
[CLIENT] sent ACK 13144
[CLIENT] sent ACK 13167
[CLIENT] sent ACK 13192
[CLIENT] sent ACK 13216
[CLIENT] sent ACK 13238
[CLIENT] sent ACK 13260
[CLIENT] sent ACK 13286
[CLIENT] sent ACK 13309
[CLIENT] sent ACK 13336
[CLIENT] sent ACK 13360
[CLIENT] sent ACK 13383
[CLIENT] sent ACK 13407
[CLIENT] sent ACK 13430
[CLIENT] sent ACK 13455
[CLIENT] sent ACK 13480
[CLIENT] sent ACK 13503
[CLIENT] sent ACK 13527
[CLIENT] sent ACK 13551
[CLIENT] sent ACK 13575
[CLIENT] sent ACK 13599
[CLIENT] sent ACK 13621
[CLIENT] sent ACK 13644
[CLIENT] sent ACK 13668
[CLIENT] sent ACK 13692
[CLIENT] sent ACK 13715
[CLIENT] sent ACK 13737
[CLIENT] sent ACK 13761
[CLIENT] sent ACK 13787
[CLIENT] sent ACK 13809
[CLIENT] sent ACK 13834
[CLIENT] sent ACK 13857
[CLIENT] sent ACK 13882
[CLIENT] sent ACK 13908
[CLIENT] sent ACK 13933
[CLIENT] sent ACK 13957
[CLIENT] sent ACK 13980
[CLIENT] sent ACK 14005
[CLIENT] sent ACK 14028
[CLIENT] sent ACK 14052
[CLIENT] sent ACK 14075
[CLIENT] sent ACK 14099
[CLIENT] sent ACK 14122
[CLIENT] sent ACK 14144
[CLIENT] sent ACK 14168
[CLIENT] sent ACK 14193
[CLIENT] sent ACK 14216
[CLIENT] sent ACK 14239
[CLIENT] sent ACK 14264
[CLIENT] sent ACK 14290
[CLIENT] sent ACK 14315
[CLIENT] sent ACK 14338
[CLIENT] sent ACK 14361
[CLIENT] sent ACK 14386
[CLIENT] sent ACK 14410
[CLIENT] sent ACK 14436
[CLIENT] sent ACK 14459
[CLIENT] sent ACK 14484
[CLIENT] sent ACK 14509
[CLIENT] sent ACK 14532
[CLIENT] sent ACK 14557
[CLIENT] sent ACK 14583
[CLIENT] sent ACK 14608
[CLIENT] sent ACK 14633
[CLIENT] sent ACK 14657
[CLIENT] sent ACK 14680
[CLIENT] sent ACK 14705
[CLIENT] sent ACK 14726
[CLIENT] sent ACK 14750
[CLIENT] sent ACK 14773
[CLIENT] sent ACK 14797
[CLIENT] sent ACK 14823
[CLIENT] sent ACK 14849
[CLIENT] sent ACK 14872
[CLIENT] sent ACK 14894
[CLIENT] sent ACK 14918
[CLIENT] sent ACK 14941
[CLIENT] sent ACK 14965
[CLIENT] sent ACK 14989
[CLIENT] sent ACK 15014
[CLIENT] sent ACK 15037
[CLIENT] sent ACK 15060
[CLIENT] sent ACK 15085
[CLIENT] sent ACK 15109
[CLIENT] sent ACK 15132
[CLIENT] sent ACK 15156
[CLIENT] sent ACK 15181
[CLIENT] sent ACK 15204
[CLIENT] sent ACK 15229
[CLIENT] sent ACK 15254
[CLIENT] sent ACK 15278
[CLIENT] sent ACK 15301
[CLIENT] sent ACK 15325
[CLIENT] sent ACK 15349
[CLIENT] sent ACK 15373
[CLIENT] sent ACK 15397
[CLIENT] sent ACK 15421
[CLIENT] sent ACK 15446
[CLIENT] sent ACK 15471
[CLIENT] sent ACK 15495
[CLIENT] sent ACK 15519
[CLIENT] sent ACK 15543
[CLIENT] sent ACK 15567
[CLIENT] sent ACK 15592
[CLIENT] sent ACK 15616
[CLIENT] sent ACK 15642
[CLIENT] sent ACK 15666
[CLIENT] sent ACK 15691
[CLIENT] sent ACK 15716
[CLIENT] sent ACK 15736
[CLIENT] sent ACK 15758
[CLIENT] sent ACK 15782
[CLIENT] sent ACK 15806
[CLIENT] sent ACK 15829
[CLIENT] sent ACK 15853
[CLIENT] sent ACK 15878
[CLIENT] sent ACK 15901
[CLIENT] sent ACK 15925
[CLIENT] sent ACK 15948
[CLIENT] sent ACK 15972
[CLIENT] sent ACK 15995
[CLIENT] sent ACK 16018
[CLIENT] sent ACK 16044
[CLIENT] sent ACK 16070
[CLIENT] sent ACK 16094
[CLIENT] sent ACK 16120
[CLIENT] sent ACK 16145
[CLIENT] sent ACK 16170
[CLIENT] sent ACK 16197
[CLIENT] sent ACK 16223
[CLIENT] sent ACK 16248
[CLIENT] sent ACK 16269
[CLIENT] sent ACK 16291
[CLIENT] sent ACK 16314
[CLIENT] sent ACK 16340
[CLIENT] sent ACK 16365
[CLIENT] sent ACK 16385
[CLIENT] sent ACK 16410
[CLIENT] sent ACK 16434
[CLIENT] sent ACK 16459
[CLIENT] sent ACK 16481
[CLIENT] sent ACK 16507
[CLIENT] sent ACK 16529
[CLIENT] sent ACK 16551
[CLIENT] sent ACK 16575
[CLIENT] sent ACK 16600
[CLIENT] sent ACK 16626
[CLIENT] sent ACK 16650
[CLIENT] sent ACK 16673
[CLIENT] sent ACK 16696
[CLIENT] sent ACK 16721
[CLIENT] sent ACK 16745
[CLIENT] sent ACK 16771
[CLIENT] sent ACK 16794
[CLIENT] sent ACK 16820
[CLIENT] sent ACK 16843
[CLIENT] sent ACK 16869
[CLIENT] sent ACK 16893
[CLIENT] sent ACK 16918
[CLIENT] sent ACK 16942
[CLIENT] sent ACK 16967
[CLIENT] sent ACK 16990
[CLIENT] sent ACK 17014
[CLIENT] sent ACK 17038
[CLIENT] sent ACK 17062
[CLIENT] sent ACK 17086
[CLIENT] sent ACK 17109
[CLIENT] sent ACK 17132
[CLIENT] sent ACK 17157
[CLIENT] sent ACK 17181
[CLIENT] sent ACK 17203
[CLIENT] sent ACK 17227
[CLIENT] sent ACK 17251
[CLIENT] sent ACK 17273
[CLIENT] sent ACK 17297
[CLIENT] sent ACK 17319
[CLIENT] sent ACK 17342
[CLIENT] sent ACK 17366
[CLIENT] sent ACK 17391
[CLIENT] sent ACK 17414
[CLIENT] sent ACK 17437
[CLIENT] sent ACK 17462
[CLIENT] sent ACK 17486
[CLIENT] sent ACK 17510
[CLIENT] sent ACK 17536
[CLIENT] sent ACK 17559
[CLIENT] sent ACK 17583
[CLIENT] sent ACK 17609
[CLIENT] sent ACK 17634
[CLIENT] sent ACK 17661
[CLIENT] sent ACK 17686
[CLIENT] sent ACK 17710
[CLIENT] sent ACK 17734
[CLIENT] sent ACK 17760
[CLIENT] sent ACK 17782
[CLIENT] sent ACK 17805
[CLIENT] sent ACK 17829
[CLIENT] sent ACK 17854
[CLIENT] sent ACK 17879
[CLIENT] sent ACK 17905
[CLIENT] sent ACK 17929
[CLIENT] sent ACK 17955
[CLIENT] sent ACK 17979
[CLIENT] sent ACK 18003
[CLIENT] sent ACK 18026
[CLIENT] sent ACK 18051
[CLIENT] sent ACK 18075
[CLIENT] sent ACK 18098
[CLIENT] sent ACK 18123
[CLIENT] sent ACK 18147
[CLIENT] sent ACK 18170
[CLIENT] sent ACK 18194
[CLIENT] sent ACK 18219
[CLIENT] sent ACK 18243
[CLIENT] sent ACK 18267
[CLIENT] sent ACK 18292
[CLIENT] sent ACK 18317
[CLIENT] sent ACK 18337
[CLIENT] sent ACK 18361
[CLIENT] sent ACK 18384
[CLIENT] sent ACK 18407
[CLIENT] sent ACK 18430
[CLIENT] sent ACK 18453
[CLIENT] sent ACK 18477
[CLIENT] sent ACK 18501
[CLIENT] sent ACK 18525
[CLIENT] sent ACK 18548
[CLIENT] sent ACK 18572
[CLIENT] sent ACK 18596
[CLIENT] sent ACK 18622
[CLIENT] sent ACK 18646
[CLIENT] sent ACK 18671
[CLIENT] sent ACK 18694
[CLIENT] sent ACK 18718
[CLIENT] sent ACK 18743
[CLIENT] sent ACK 18765
[CLIENT] sent ACK 18790
[CLIENT] sent ACK 18814
[CLIENT] sent ACK 18838
[CLIENT] sent ACK 18863
[CLIENT] sent ACK 18887
[CLIENT] sent ACK 18912
[CLIENT] sent ACK 18937
[CLIENT] sent ACK 18962
[CLIENT] sent ACK 18989
[CLIENT] sent ACK 19010
[CLIENT] sent ACK 19033
[CLIENT] sent ACK 19058
[CLIENT] sent ACK 19082
[CLIENT] sent ACK 19106
[CLIENT] sent ACK 19128
[CLIENT] sent ACK 19151
[CLIENT] sent ACK 19175
[CLIENT] sent ACK 19199
[CLIENT] sent ACK 19225
[CLIENT] sent ACK 19247
[CLIENT] sent ACK 19271
[CLIENT] sent ACK 19296
[CLIENT] sent ACK 19321
[CLIENT] sent ACK 19346
[CLIENT] sent ACK 19370
[CLIENT] sent ACK 19394
[CLIENT] sent ACK 19418
[CLIENT] sent ACK 19441
[CLIENT] sent ACK 19468
[CLIENT] sent ACK 19494
[CLIENT] sent ACK 19521
[CLIENT] sent ACK 19545
[CLIENT] sent ACK 19570
[CLIENT] sent ACK 19594
[CLIENT] sent ACK 19615
[CLIENT] sent ACK 19638
[CLIENT] sent ACK 19661
[CLIENT] sent ACK 19686
[CLIENT] sent ACK 19711
[CLIENT] sent ACK 19731
[CLIENT] sent ACK 19754
[CLIENT] sent ACK 19779
[CLIENT] sent ACK 19802
[CLIENT] sent ACK 19827
[CLIENT] sent ACK 19848
[CLIENT] sent ACK 19871
[CLIENT] sent ACK 19896
[CLIENT] sent ACK 19919
[CLIENT] sent ACK 19944
[CLIENT] sent ACK 19968
[CLIENT] sent ACK 19992
[CLIENT] sent ACK 20017
[CLIENT] sent ACK 20042
[CLIENT] sent ACK 20064
[CLIENT] sent ACK 20089
[CLIENT] sent ACK 20114
[CLIENT] sent ACK 20140
[CLIENT] sent ACK 20163
[CLIENT] sent ACK 20191
[CLIENT] sent ACK 20215
[CLIENT] sent ACK 20240
[CLIENT] sent ACK 20265
[CLIENT] sent ACK 20289
[CLIENT] sent ACK 20312
[CLIENT] sent ACK 20334
[CLIENT] sent ACK 20358
[CLIENT] sent ACK 20382
[CLIENT] sent ACK 20405
[CLIENT] sent ACK 20429
[CLIENT] sent ACK 20451
[CLIENT] sent ACK 20475
[CLIENT] sent ACK 20500
[CLIENT] sent ACK 20526
[CLIENT] sent ACK 20552
[CLIENT] sent ACK 20574
[CLIENT] sent ACK 20598
[CLIENT] sent ACK 20620
[CLIENT] sent ACK 20643
[CLIENT] sent ACK 20667
[CLIENT] sent ACK 20689
[CLIENT] sent ACK 20712
[CLIENT] sent ACK 20735
[CLIENT] sent ACK 20758
[CLIENT] sent ACK 20781
[CLIENT] sent ACK 20804
[CLIENT] sent ACK 20827
[CLIENT] sent ACK 20851
[CLIENT] sent ACK 20875
[CLIENT] sent ACK 20900
[CLIENT] sent ACK 20923
[CLIENT] sent ACK 20948
[CLIENT] sent ACK 20973
[CLIENT] sent ACK 20997
[CLIENT] sent ACK 21022
[CLIENT] sent ACK 21045
[CLIENT] sent ACK 21070
[CLIENT] sent ACK 21093
[CLIENT] sent ACK 21116
[CLIENT] sent ACK 21140
[CLIENT] sent ACK 21162
[CLIENT] sent ACK 21189
[CLIENT] sent ACK 21215
[CLIENT] sent ACK 21240
[CLIENT] sent ACK 21264
[CLIENT] sent ACK 21286
[CLIENT] sent ACK 21309
[CLIENT] sent ACK 21333
[CLIENT] sent ACK 21355
[CLIENT] sent ACK 21380
[CLIENT] sent ACK 21404
[CLIENT] sent ACK 21428
[CLIENT] sent ACK 21451
[CLIENT] sent ACK 21475
[CLIENT] sent ACK 21499
[CLIENT] sent ACK 21524
[CLIENT] sent ACK 21547
[CLIENT] sent ACK 21572
[CLIENT] sent ACK 21597
[CLIENT] sent ACK 21622
[CLIENT] sent ACK 21647
[CLIENT] sent ACK 21671
[CLIENT] sent ACK 21695
[CLIENT] sent ACK 21720
[CLIENT] sent ACK 21744
[CLIENT] sent ACK 21771
[CLIENT] sent ACK 21797
[CLIENT] sent ACK 21821
[CLIENT] sent ACK 21846
[CLIENT] sent ACK 21870
[CLIENT] sent ACK 21894
[CLIENT] sent ACK 21919
[CLIENT] sent ACK 21944
[CLIENT] sent ACK 21970
[CLIENT] sent ACK 21994
[CLIENT] sent ACK 22020
[CLIENT] sent ACK 22048
[CLIENT] sent ACK 22073
[CLIENT] sent ACK 22097
[CLIENT] sent ACK 22119
[CLIENT] sent ACK 22143
[CLIENT] sent ACK 22168
[CLIENT] sent ACK 22192
[CLIENT] sent ACK 22218
[CLIENT] sent ACK 22240
[CLIENT] sent ACK 22264
[CLIENT] sent ACK 22290
[CLIENT] sent ACK 22315
[CLIENT] sent ACK 22338
[CLIENT] sent ACK 22365
[CLIENT] sent ACK 22389
[CLIENT] sent ACK 22415
[CLIENT] sent ACK 22438
[CLIENT] sent ACK 22463
[CLIENT] sent ACK 22485
[CLIENT] sent ACK 22510
[CLIENT] sent ACK 22534
[CLIENT] sent ACK 22560
[CLIENT] sent ACK 22584
[CLIENT] sent ACK 22606
[CLIENT] sent ACK 22629
[CLIENT] sent ACK 22651
[CLIENT] sent ACK 22674
[CLIENT] sent ACK 22700
[CLIENT] sent ACK 22721
[CLIENT] sent ACK 22744
[CLIENT] sent ACK 22769
[CLIENT] sent ACK 22792
[CLIENT] sent ACK 22816
[CLIENT] sent ACK 22841
[CLIENT] sent ACK 22864
[CLIENT] sent ACK 22889
[CLIENT] sent ACK 22915
[CLIENT] sent ACK 22940
[CLIENT] sent ACK 22966
[CLIENT] sent ACK 22990
[CLIENT] sent ACK 23013
[CLIENT] sent ACK 23039
[CLIENT] sent ACK 23065
[CLIENT] sent ACK 23090
[CLIENT] sent ACK 23114
[CLIENT] sent ACK 23138
[CLIENT] sent ACK 23163
[CLIENT] sent ACK 23187
[CLIENT] sent ACK 23211
[CLIENT] sent ACK 23235
[CLIENT] sent ACK 23259
[CLIENT] sent ACK 23284
[CLIENT] sent ACK 23307
[CLIENT] sent ACK 23330
[CLIENT] sent ACK 23353
[CLIENT] sent ACK 23378
[CLIENT] sent ACK 23401
[CLIENT] sent ACK 23429
[CLIENT] sent ACK 23452
[CLIENT] sent ACK 23472
[CLIENT] sent ACK 23497
[CLIENT] sent ACK 23521
[CLIENT] sent ACK 23547
[CLIENT] sent ACK 23570
[CLIENT] sent ACK 23595
[CLIENT] sent ACK 23620
[CLIENT] sent ACK 23643
[CLIENT] sent ACK 23667
[CLIENT] sent ACK 23691
[CLIENT] sent ACK 23713
[CLIENT] sent ACK 23738
[CLIENT] sent ACK 23764
[CLIENT] sent ACK 23788
[CLIENT] sent ACK 23813
[CLIENT] sent ACK 23837
[CLIENT] sent ACK 23863
[CLIENT] sent ACK 23889
[CLIENT] sent ACK 23911
[CLIENT] sent ACK 23935
[CLIENT] sent ACK 23958
[CLIENT] sent ACK 23983
[CLIENT] sent ACK 24005
[CLIENT] sent ACK 24028
[CLIENT] sent ACK 24052
[CLIENT] sent ACK 24076
[CLIENT] sent ACK 24099
[CLIENT] sent ACK 24122
[CLIENT] sent ACK 24146
[CLIENT] sent ACK 24170
[CLIENT] sent ACK 24195
[CLIENT] sent ACK 24219
[CLIENT] sent ACK 24245
[CLIENT] sent ACK 24271
[CLIENT] sent ACK 24296
[CLIENT] sent ACK 24321
[CLIENT] sent ACK 24345
[CLIENT] sent ACK 24370
[CLIENT] sent ACK 24395
[CLIENT] sent ACK 24420
[CLIENT] sent ACK 24444
[CLIENT] sent ACK 24468
[CLIENT] sent ACK 24491
[CLIENT] sent ACK 24517
[CLIENT] sent ACK 24540
[CLIENT] sent ACK 24565
[CLIENT] sent ACK 24590
[CLIENT] sent ACK 24615
[CLIENT] sent ACK 24641
[CLIENT] sent ACK 24664
[CLIENT] sent ACK 24692
[CLIENT] sent ACK 24718
[CLIENT] sent ACK 24743
[CLIENT] sent ACK 24768
[CLIENT] sent ACK 24792
[CLIENT] sent ACK 24820
[CLIENT] sent ACK 24845
[CLIENT] sent ACK 24871
[CLIENT] sent ACK 24897
[CLIENT] sent ACK 24920
[CLIENT] sent ACK 24944
[CLIENT] sent ACK 24969
[CLIENT] sent ACK 24993
[CLIENT] sent ACK 25017
[CLIENT] sent ACK 25039
[CLIENT] sent ACK 25063
[CLIENT] sent ACK 25087
[CLIENT] sent ACK 25112
[CLIENT] sent ACK 25136
[CLIENT] sent ACK 25158
[CLIENT] sent ACK 25181
[CLIENT] sent ACK 25206
[CLIENT] sent ACK 25230
[CLIENT] sent ACK 25255
[CLIENT] sent ACK 25280
[CLIENT] sent ACK 25302
[CLIENT] sent ACK 25325
[CLIENT] sent ACK 25349
[CLIENT] sent ACK 25374
[CLIENT] sent ACK 25399
[CLIENT] sent ACK 25422
[CLIENT] sent ACK 25446
[CLIENT] sent ACK 25470
[CLIENT] sent ACK 25497
[CLIENT] sent ACK 25521
[CLIENT] sent ACK 25544
[CLIENT] sent ACK 25567
[CLIENT] sent ACK 25592
[CLIENT] sent ACK 25616
[CLIENT] sent ACK 25640
[CLIENT] sent ACK 25657
[CLIENT] sent ACK 25684
[CLIENT] sent ACK 25709
[CLIENT] sent ACK 25735
[CLIENT] sent ACK 25764
[CLIENT] sent ACK 25791
[CLIENT] sent ACK 25817
[CLIENT] sent ACK 25843
[CLIENT] sent ACK 25869
[CLIENT] sent ACK 25893
[CLIENT] sent ACK 25918
[CLIENT] sent ACK 25944
[CLIENT] sent ACK 25970
[CLIENT] sent ACK 25995
[CLIENT] sent ACK 26019
[CLIENT] sent ACK 26045
[CLIENT] sent ACK 26071
[CLIENT] sent ACK 26095
[CLIENT] sent ACK 26120
[CLIENT] sent ACK 26144
[CLIENT] sent ACK 26169
[CLIENT] sent ACK 26195
[CLIENT] sent ACK 26217
[CLIENT] sent ACK 26241
[CLIENT] sent ACK 26265
[CLIENT] sent ACK 26288
[CLIENT] sent ACK 26313
[CLIENT] sent ACK 26341
[CLIENT] sent ACK 26366
[CLIENT] sent ACK 26391
[CLIENT] sent ACK 26416
[CLIENT] sent ACK 26441
[CLIENT] sent ACK 26466
[CLIENT] sent ACK 26490
[CLIENT] sent ACK 26516
[CLIENT] sent ACK 26539
[CLIENT] sent ACK 26565
[CLIENT] sent ACK 26589
[CLIENT] sent ACK 26612
[CLIENT] sent ACK 26639
[CLIENT] sent ACK 26666
[CLIENT] sent ACK 26690
[CLIENT] sent ACK 26715
[CLIENT] sent ACK 26740
[CLIENT] sent ACK 26766
[CLIENT] sent ACK 26792
[CLIENT] sent ACK 26815
[CLIENT] sent ACK 26841
[CLIENT] sent ACK 26864
[CLIENT] sent ACK 26890
[CLIENT] sent ACK 26913
[CLIENT] sent ACK 26939
[CLIENT] sent ACK 26961
[CLIENT] sent ACK 26985
[CLIENT] sent ACK 27010
[CLIENT] sent ACK 27035
[CLIENT] sent ACK 27061
[CLIENT] sent ACK 27085
[CLIENT] sent ACK 27109
[CLIENT] sent ACK 27136
[CLIENT] sent ACK 27161
[CLIENT] sent ACK 27187
[CLIENT] sent ACK 27211
[CLIENT] sent ACK 27234
[CLIENT] sent ACK 27259
[CLIENT] sent ACK 27283
[CLIENT] sent ACK 27308
[CLIENT] sent ACK 27331
[CLIENT] sent ACK 27353
[CLIENT] sent ACK 27380
[CLIENT] sent ACK 27405
[CLIENT] sent ACK 27432
[CLIENT] sent ACK 27460
[CLIENT] sent ACK 27484
[CLIENT] sent ACK 27508
[CLIENT] sent ACK 27535
[CLIENT] sent ACK 27561
[CLIENT] sent ACK 27584
[CLIENT] sent ACK 27609
[CLIENT] sent ACK 27634
[CLIENT] sent ACK 27659
[CLIENT] sent ACK 27684
[CLIENT] sent ACK 27708
[CLIENT] sent ACK 27731
[CLIENT] sent ACK 27757
[CLIENT] sent ACK 27784
[CLIENT] sent ACK 27809
[CLIENT] sent ACK 27834
[CLIENT] sent ACK 27856
[CLIENT] sent ACK 27880
[CLIENT] sent ACK 27902
[CLIENT] sent ACK 27926
[CLIENT] sent ACK 27951
[CLIENT] sent ACK 27974
[CLIENT] sent ACK 27998
[CLIENT] sent ACK 28025
[CLIENT] sent ACK 28050
[CLIENT] sent ACK 28075
[CLIENT] sent ACK 28099
[CLIENT] sent ACK 28123
[CLIENT] sent ACK 28149
[CLIENT] sent ACK 28173
[CLIENT] sent ACK 28199
[CLIENT] sent ACK 28223
[CLIENT] sent ACK 28248
[CLIENT] sent ACK 28272
[CLIENT] sent ACK 28298
[CLIENT] sent ACK 28325
[CLIENT] sent ACK 28349
[CLIENT] sent ACK 28374
[CLIENT] sent ACK 28398
[CLIENT] sent ACK 28424
[CLIENT] sent ACK 28449
[CLIENT] sent ACK 28472
[CLIENT] sent ACK 28495
[CLIENT] sent ACK 28521
[CLIENT] sent ACK 28545
[CLIENT] sent ACK 28570
[CLIENT] sent ACK 28593
[CLIENT] sent ACK 28619
[CLIENT] sent ACK 28643
[CLIENT] sent ACK 28666
[CLIENT] sent ACK 28691
[CLIENT] sent ACK 28714
[CLIENT] sent ACK 28741
[CLIENT] sent ACK 28766
[CLIENT] sent ACK 28792
[CLIENT] sent ACK 28816
[CLIENT] sent ACK 28840
[CLIENT] sent ACK 28864
[CLIENT] sent ACK 28890
[CLIENT] sent ACK 28914
[CLIENT] sent ACK 28939
[CLIENT] sent ACK 28964
[CLIENT] sent ACK 28986
[CLIENT] sent ACK 29012
[CLIENT] sent ACK 29037
[CLIENT] sent ACK 29062
[CLIENT] sent ACK 29085
[CLIENT] sent ACK 29109
[CLIENT] sent ACK 29133
[CLIENT] sent ACK 29157
[CLIENT] sent ACK 29182
[CLIENT] sent ACK 29204
[CLIENT] sent ACK 29229
[CLIENT] sent ACK 29255
[CLIENT] sent ACK 29282
[CLIENT] sent ACK 29307
[CLIENT] sent ACK 29332
[CLIENT] sent ACK 29357
[CLIENT] sent ACK 29382
[CLIENT] sent ACK 29407
[CLIENT] sent ACK 29432
[CLIENT] sent ACK 29455
[CLIENT] sent ACK 29481
[CLIENT] sent ACK 29506
[CLIENT] sent ACK 29532
[CLIENT] sent ACK 29557
[CLIENT] sent ACK 29582
[CLIENT] sent ACK 29610
[CLIENT] sent ACK 29634
[CLIENT] sent ACK 29659
[CLIENT] sent ACK 29684
[CLIENT] sent ACK 29708
[CLIENT] sent ACK 29733
[CLIENT] sent ACK 29759
[CLIENT] sent ACK 29783
[CLIENT] sent ACK 29808
[CLIENT] sent ACK 29830
[CLIENT] sent ACK 29854
[CLIENT] sent ACK 29879
[CLIENT] sent ACK 29904
[CLIENT] sent ACK 29929
[CLIENT] sent ACK 29953
[CLIENT] sent ACK 29976
[CLIENT] sent ACK 29999
[CLIENT] sent ACK 30024
[CLIENT] sent ACK 30047
[CLIENT] sent ACK 30069
[CLIENT] sent ACK 30093
[CLIENT] sent ACK 30115
[CLIENT] sent ACK 30139
[CLIENT] sent ACK 30163
[CLIENT] sent ACK 30187
[CLIENT] sent ACK 30211
[CLIENT] sent ACK 30236
[CLIENT] sent ACK 30263
[CLIENT] sent ACK 30288
[CLIENT] sent ACK 30312
[CLIENT] sent ACK 30334
[CLIENT] sent ACK 30358
[CLIENT] sent ACK 30382
[CLIENT] sent ACK 30406
[CLIENT] sent ACK 30430
[CLIENT] sent ACK 30454
[CLIENT] sent ACK 30479
[CLIENT] sent ACK 30504
[CLIENT] sent ACK 30528
[CLIENT] sent ACK 30551
[CLIENT] sent ACK 30575
[CLIENT] sent ACK 30599
[CLIENT] sent ACK 30624
[CLIENT] sent ACK 30648
[CLIENT] sent ACK 30672
[CLIENT] sent ACK 30695
[CLIENT] sent ACK 30719
[CLIENT] sent ACK 30743
[CLIENT] sent ACK 30767
[CLIENT] sent ACK 30791
[CLIENT] sent ACK 30815
[CLIENT] sent ACK 30839
[CLIENT] sent ACK 30863
[CLIENT] sent ACK 30887
[CLIENT] sent ACK 30912
[CLIENT] sent ACK 30935
[CLIENT] sent ACK 30961
[CLIENT] sent ACK 30984
[CLIENT] sent ACK 31010
[CLIENT] sent ACK 31035
[CLIENT] sent ACK 31057
[CLIENT] sent ACK 31082
[CLIENT] sent ACK 31106
[CLIENT] sent ACK 31131
[CLIENT] sent ACK 31154
[CLIENT] sent ACK 31177
[CLIENT] sent ACK 31201
[CLIENT] sent ACK 31225
[CLIENT] sent ACK 31248
[CLIENT] sent ACK 31273
[CLIENT] sent ACK 31297
[CLIENT] sent ACK 31324
[CLIENT] sent ACK 31349
[CLIENT] sent ACK 31374
[CLIENT] sent ACK 31396
[CLIENT] sent ACK 31417
[CLIENT] sent ACK 31440
[CLIENT] sent ACK 31464
[CLIENT] sent ACK 31488
[CLIENT] sent ACK 31511
[CLIENT] sent ACK 31535
[CLIENT] sent ACK 31560
[CLIENT] sent ACK 31585
[CLIENT] sent ACK 31610
[CLIENT] sent ACK 31633
[CLIENT] sent ACK 31656
[CLIENT] sent ACK 31680
[CLIENT] sent ACK 31703
[CLIENT] sent ACK 31728
[CLIENT] sent ACK 31752
[CLIENT] sent ACK 31776
[CLIENT] sent ACK 31801
[CLIENT] sent ACK 31829
[CLIENT] sent ACK 31854
[CLIENT] sent ACK 31879
[CLIENT] sent ACK 31903
[CLIENT] sent ACK 31929
[CLIENT] sent ACK 31952
[CLIENT] sent ACK 31978
[CLIENT] sent ACK 32001
[CLIENT] sent ACK 32029
[CLIENT] sent ACK 32055
[CLIENT] sent ACK 32081
[CLIENT] sent ACK 32107
[CLIENT] sent ACK 32132
[CLIENT] sent ACK 32156
[CLIENT] sent ACK 32182
[CLIENT] sent ACK 32207
[CLIENT] sent ACK 32231
[CLIENT] sent ACK 32254
[CLIENT] sent ACK 32278
[CLIENT] sent ACK 32303
[CLIENT] sent ACK 32327
[CLIENT] sent ACK 32350
[CLIENT] sent ACK 32374
[CLIENT] sent ACK 32399
[CLIENT] sent ACK 32424
[CLIENT] sent ACK 32450
[CLIENT] sent ACK 32475
[CLIENT] sent ACK 32497
[CLIENT] sent ACK 32521
[CLIENT] sent ACK 32546
[CLIENT] sent ACK 32571
[CLIENT] sent ACK 32596
[CLIENT] sent ACK 32620
[CLIENT] sent ACK 32644
[CLIENT] sent ACK 32668
[CLIENT] sent ACK 32693
[CLIENT] sent ACK 32715
[CLIENT] sent ACK 32739
[CLIENT] sent ACK 32762
[CLIENT] sent ACK 32788
[CLIENT] sent ACK 32810
[CLIENT] sent ACK 32833
[CLIENT] sent ACK 32856
[CLIENT] sent ACK 32880
[CLIENT] sent ACK 32903
[CLIENT] sent ACK 32926
[CLIENT] sent ACK 32952
[CLIENT] sent ACK 32978
[CLIENT] sent ACK 33001
[CLIENT] sent ACK 33026
[CLIENT] sent ACK 33051
[CLIENT] sent ACK 33076
[CLIENT] sent ACK 33097
[CLIENT] sent ACK 33119
[CLIENT] sent ACK 33143
[CLIENT] sent ACK 33168
[CLIENT] sent ACK 33193
[CLIENT] sent ACK 33217
[CLIENT] sent ACK 33240
[CLIENT] sent ACK 33265
[CLIENT] sent ACK 33288
[CLIENT] sent ACK 33312
[CLIENT] sent ACK 33336
[CLIENT] sent ACK 33358
[CLIENT] sent ACK 33382
[CLIENT] sent ACK 33407
[CLIENT] sent ACK 33431
[CLIENT] sent ACK 33454
[CLIENT] sent ACK 33477
[CLIENT] sent ACK 33501
[CLIENT] sent ACK 33524
[CLIENT] sent ACK 33546
[CLIENT] sent ACK 33571
[CLIENT] sent ACK 33594
[CLIENT] sent ACK 33617
[CLIENT] sent ACK 33641
[CLIENT] sent ACK 33664
[CLIENT] sent ACK 33688
[CLIENT] sent ACK 33711
[CLIENT] sent ACK 33737
[CLIENT] sent ACK 33762
[CLIENT] sent ACK 33787
[CLIENT] sent ACK 33813
[CLIENT] sent ACK 33836
[CLIENT] sent ACK 33858
[CLIENT] sent ACK 33880
[CLIENT] sent ACK 33904
[CLIENT] sent ACK 33929
[CLIENT] sent ACK 33951
[CLIENT] sent ACK 33973
[CLIENT] sent ACK 33998
[CLIENT] sent ACK 34022
[CLIENT] sent ACK 34046
[CLIENT] sent ACK 34071
[CLIENT] sent ACK 34096
[CLIENT] sent ACK 34118
[CLIENT] sent ACK 34143
[CLIENT] sent ACK 34169
[CLIENT] sent ACK 34193
[CLIENT] sent ACK 34218
[CLIENT] sent ACK 34242
[CLIENT] sent ACK 34267
[CLIENT] sent ACK 34291
[CLIENT] sent ACK 34316
[CLIENT] sent ACK 34342
[CLIENT] sent ACK 34367
[CLIENT] sent ACK 34392
[CLIENT] sent ACK 34413
[CLIENT] sent ACK 34437
[CLIENT] sent ACK 34462
[CLIENT] sent ACK 34484
[CLIENT] sent ACK 34510
[CLIENT] sent ACK 34534
[CLIENT] sent ACK 34557
[CLIENT] sent ACK 34578
[CLIENT] sent ACK 34601
[CLIENT] sent ACK 34626
[CLIENT] sent ACK 34649
[CLIENT] sent ACK 34673
[CLIENT] sent ACK 34696
[CLIENT] sent ACK 34720
[CLIENT] sent ACK 34744
[CLIENT] sent ACK 34770
[CLIENT] sent ACK 34794
[CLIENT] sent ACK 34818
[CLIENT] sent ACK 34841
[CLIENT] sent ACK 34865
[CLIENT] sent ACK 34889
[CLIENT] sent ACK 34914
[CLIENT] sent ACK 34938
[CLIENT] sent ACK 34962
[CLIENT] sent ACK 34987
[CLIENT] sent ACK 35012
[CLIENT] sent ACK 35035
[CLIENT] sent ACK 35061
[CLIENT] sent ACK 35085
[CLIENT] sent ACK 35111
[CLIENT] sent ACK 35136
[CLIENT] sent ACK 35159
[CLIENT] sent ACK 35185
[CLIENT] sent ACK 35206
[CLIENT] sent ACK 35229
[CLIENT] sent ACK 35253
[CLIENT] sent ACK 35275
[CLIENT] sent ACK 35300
[CLIENT] sent ACK 35326
[CLIENT] sent ACK 35351
[CLIENT] sent ACK 35374
[CLIENT] sent ACK 35397
[CLIENT] sent ACK 35422
[CLIENT] sent ACK 35446
[CLIENT] sent ACK 35470
[CLIENT] sent ACK 35494
[CLIENT] sent ACK 35516
[CLIENT] sent ACK 35540
[CLIENT] sent ACK 35565
[CLIENT] sent ACK 35590
[CLIENT] sent ACK 35613
[CLIENT] sent ACK 35637
[CLIENT] sent ACK 35662
[CLIENT] sent ACK 35687
[CLIENT] sent ACK 35711
[CLIENT] sent ACK 35736
[CLIENT] sent ACK 35759
[CLIENT] sent ACK 35784
[CLIENT] sent ACK 35808
[CLIENT] sent ACK 35835
[CLIENT] sent ACK 35859
[CLIENT] sent ACK 35881
[CLIENT] sent ACK 35907
[CLIENT] sent ACK 35930
[CLIENT] sent ACK 35951
[CLIENT] sent ACK 35974
[CLIENT] sent ACK 35997
[CLIENT] sent ACK 36024
[CLIENT] sent ACK 36050
[CLIENT] sent ACK 36073
[CLIENT] sent ACK 36099
[CLIENT] sent ACK 36125
[CLIENT] sent ACK 36147
[CLIENT] sent ACK 36173
[CLIENT] sent ACK 36195
[CLIENT] sent ACK 36219
[CLIENT] sent ACK 36241
[CLIENT] sent ACK 36266
[CLIENT] sent ACK 36292
[CLIENT] sent ACK 36317
[CLIENT] sent ACK 36340
[CLIENT] sent ACK 36364
[CLIENT] sent ACK 36391
[CLIENT] sent ACK 36416
[CLIENT] sent ACK 36442
[CLIENT] sent ACK 36463
[CLIENT] sent ACK 36487
[CLIENT] sent ACK 36512
[CLIENT] sent ACK 36537
[CLIENT] sent ACK 36563
[CLIENT] sent ACK 36586
[CLIENT] sent ACK 36611
[CLIENT] sent ACK 36637
[CLIENT] sent ACK 36663
[CLIENT] sent ACK 36688
[CLIENT] sent ACK 36713
[CLIENT] sent ACK 36737
[CLIENT] sent ACK 36762
[CLIENT] sent ACK 36788
[CLIENT] sent ACK 36813
[CLIENT] sent ACK 36837
[CLIENT] sent ACK 36862
[CLIENT] sent ACK 36888
[CLIENT] sent ACK 36912
[CLIENT] sent ACK 36937
[CLIENT] sent ACK 36961
[CLIENT] sent ACK 36985
[CLIENT] sent ACK 37009
[CLIENT] sent ACK 37033
[CLIENT] sent ACK 37058
[CLIENT] sent ACK 37080
[CLIENT] sent ACK 37104
[CLIENT] sent ACK 37129
[CLIENT] sent ACK 37157
[CLIENT] sent ACK 37182
[CLIENT] sent ACK 37203
[CLIENT] sent ACK 37228
[CLIENT] sent ACK 37253
[CLIENT] sent ACK 37278
[CLIENT] sent ACK 37303
[CLIENT] sent ACK 37326
[CLIENT] sent ACK 37352
[CLIENT] sent ACK 37377
[CLIENT] sent ACK 37400
[CLIENT] sent ACK 37424
[CLIENT] sent ACK 37449
[CLIENT] sent ACK 37469
[CLIENT] sent ACK 37493
[CLIENT] sent ACK 37518
[CLIENT] sent ACK 37542
[CLIENT] sent ACK 37566
[CLIENT] sent ACK 37591
[CLIENT] sent ACK 37613
[CLIENT] sent ACK 37637
[CLIENT] sent ACK 37661
[CLIENT] sent ACK 37684
[CLIENT] sent ACK 37705
[CLIENT] sent ACK 37728
[CLIENT] sent ACK 37749
[CLIENT] sent ACK 37772
[CLIENT] sent ACK 37797
[CLIENT] sent ACK 37820
[CLIENT] sent ACK 37848
[CLIENT] sent ACK 37876
[CLIENT] sent ACK 37901
[CLIENT] sent ACK 37925
[CLIENT] sent ACK 37948
[CLIENT] sent ACK 37973
[CLIENT] sent ACK 37996
[CLIENT] sent ACK 38020
[CLIENT] sent ACK 38042
[CLIENT] sent ACK 38065
[CLIENT] sent ACK 38089
[CLIENT] sent ACK 38113
[CLIENT] sent ACK 38138
[CLIENT] sent ACK 38163
[CLIENT] sent ACK 38186
[CLIENT] sent ACK 38209
[CLIENT] sent ACK 38233
[CLIENT] sent ACK 38258
[CLIENT] sent ACK 38283
[CLIENT] sent ACK 38308
[CLIENT] sent ACK 38332
[CLIENT] sent ACK 38357
[CLIENT] sent ACK 38382
[CLIENT] sent ACK 38406
[CLIENT] sent ACK 38431
[CLIENT] sent ACK 38457
[CLIENT] sent ACK 38482
[CLIENT] sent ACK 38506
[CLIENT] sent ACK 38531
[CLIENT] sent ACK 38553
[CLIENT] sent ACK 38575
[CLIENT] sent ACK 38598
[CLIENT] sent ACK 38621
[CLIENT] sent ACK 38645
[CLIENT] sent ACK 38670
[CLIENT] sent ACK 38696
[CLIENT] sent ACK 38719
[CLIENT] sent ACK 38745
[CLIENT] sent ACK 38766
[CLIENT] sent ACK 38788
[CLIENT] sent ACK 38812
[CLIENT] sent ACK 38836
[CLIENT] sent ACK 38856
[CLIENT] sent ACK 38880
[CLIENT] sent ACK 38904
[CLIENT] sent ACK 38929
[CLIENT] sent ACK 38954
[CLIENT] sent ACK 38979
[CLIENT] sent ACK 39003
[CLIENT] sent ACK 39025
[CLIENT] sent ACK 39049
[CLIENT] sent ACK 39072
[CLIENT] sent ACK 39096
[CLIENT] sent ACK 39120
[CLIENT] sent ACK 39144
[CLIENT] sent ACK 39169
[CLIENT] sent ACK 39194
[CLIENT] sent ACK 39217
[CLIENT] sent ACK 39242
[CLIENT] sent ACK 39264
[CLIENT] sent ACK 39290
[CLIENT] sent ACK 39315
[CLIENT] sent ACK 39341
[CLIENT] sent ACK 39366
[CLIENT] sent ACK 39388
[CLIENT] sent ACK 39413
[CLIENT] sent ACK 39437
[CLIENT] sent ACK 39462
[CLIENT] sent ACK 39485
[CLIENT] sent ACK 39508
[CLIENT] sent ACK 39533
[CLIENT] sent ACK 39557
[CLIENT] sent ACK 39582
[CLIENT] sent ACK 39604
[CLIENT] sent ACK 39623
[CLIENT] sent ACK 39646
[CLIENT] sent ACK 39671
[CLIENT] sent ACK 39697
[CLIENT] sent ACK 39723
[CLIENT] sent ACK 39748
[CLIENT] sent ACK 39772
[CLIENT] sent ACK 39796
[CLIENT] sent ACK 39820
[CLIENT] sent ACK 39844
[CLIENT] sent ACK 39868
[CLIENT] sent ACK 39890
[CLIENT] sent ACK 39913
[CLIENT] sent ACK 39937
[CLIENT] sent ACK 39962
[CLIENT] sent ACK 39985
[CLIENT] sent ACK 40009
[CLIENT] sent ACK 40032
[CLIENT] sent ACK 40054
[CLIENT] sent ACK 40078
[CLIENT] sent ACK 40101
[CLIENT] sent ACK 40126
[CLIENT] sent ACK 40149
[CLIENT] sent ACK 40175
[CLIENT] sent ACK 40198
[CLIENT] sent ACK 40220
[CLIENT] sent ACK 40244
[CLIENT] sent ACK 40268
[CLIENT] sent ACK 40293
[CLIENT] sent ACK 40317
[CLIENT] sent ACK 40339
[CLIENT] sent ACK 40362
[CLIENT] sent ACK 40387
[CLIENT] sent ACK 40411
[CLIENT] sent ACK 40435
[CLIENT] sent ACK 40459
[CLIENT] sent ACK 40482
[CLIENT] sent ACK 40506
[CLIENT] sent ACK 40530
[CLIENT] sent ACK 40556
[CLIENT] sent ACK 40581
[CLIENT] sent ACK 40602
[CLIENT] sent ACK 40624
[CLIENT] sent ACK 40651
[CLIENT] sent ACK 40677
[CLIENT] sent ACK 40701
[CLIENT] sent ACK 40726
[CLIENT] sent ACK 40751
[CLIENT] sent ACK 40778
[CLIENT] sent ACK 40804
[CLIENT] sent ACK 40829
[CLIENT] sent ACK 40850
[CLIENT] sent ACK 40872
[CLIENT] sent ACK 40899
[CLIENT] sent ACK 40919
[CLIENT] sent ACK 40942
[CLIENT] sent ACK 40966
[CLIENT] sent ACK 40990
[CLIENT] sent ACK 41014
[CLIENT] sent ACK 41040
[CLIENT] sent ACK 41063
[CLIENT] sent ACK 41088
[CLIENT] sent ACK 41111
[CLIENT] sent ACK 41136
[CLIENT] sent ACK 41162
[CLIENT] sent ACK 41184
[CLIENT] sent ACK 41209
[CLIENT] sent ACK 41233
[CLIENT] sent ACK 41258
[CLIENT] sent ACK 41282
[CLIENT] sent ACK 41302
[CLIENT] sent ACK 41328
[CLIENT] sent ACK 41352
[CLIENT] sent ACK 41378
[CLIENT] sent ACK 41403
[CLIENT] sent ACK 41427
[CLIENT] sent ACK 41452
[CLIENT] sent ACK 41475
[CLIENT] sent ACK 41499
[CLIENT] sent ACK 41523
[CLIENT] sent ACK 41547
[CLIENT] sent ACK 41569
[CLIENT] sent ACK 41596
[CLIENT] sent ACK 41620
[CLIENT] sent ACK 41644
[CLIENT] sent ACK 41669
[CLIENT] sent ACK 41694
[CLIENT] sent ACK 41719
[CLIENT] sent ACK 41742
[CLIENT] sent ACK 41765
[CLIENT] sent ACK 41788
[CLIENT] sent ACK 41813
[CLIENT] sent ACK 41835
[CLIENT] sent ACK 41859
[CLIENT] sent ACK 41884
[CLIENT] sent ACK 41908
[CLIENT] sent ACK 41933
[CLIENT] sent ACK 41957
[CLIENT] sent ACK 41980
[CLIENT] sent ACK 42007
[CLIENT] sent ACK 42031
[CLIENT] sent ACK 42055
[CLIENT] sent ACK 42082
[CLIENT] sent ACK 42107
[CLIENT] sent ACK 42129
[CLIENT] sent ACK 42153
[CLIENT] sent ACK 42177
[CLIENT] sent ACK 42201
[CLIENT] sent ACK 42223
[CLIENT] sent ACK 42247
[CLIENT] sent ACK 42272
[CLIENT] sent ACK 42295
[CLIENT] sent ACK 42319
[CLIENT] sent ACK 42343
[CLIENT] sent ACK 42368
[CLIENT] sent ACK 42390
[CLIENT] sent ACK 42416
[CLIENT] sent ACK 42440
[CLIENT] sent ACK 42466
[CLIENT] sent ACK 42489
[CLIENT] sent ACK 42514
[CLIENT] sent ACK 42539
[CLIENT] sent ACK 42563
[CLIENT] sent ACK 42587
[CLIENT] sent ACK 42610
[CLIENT] sent ACK 42634
[CLIENT] sent ACK 42658
[CLIENT] sent ACK 42681
[CLIENT] sent ACK 42705
[CLIENT] sent ACK 42729
[CLIENT] sent ACK 42753
[CLIENT] sent ACK 42777
[CLIENT] sent ACK 42800
[CLIENT] sent ACK 42823
[CLIENT] sent ACK 42848
[CLIENT] sent ACK 42869
[CLIENT] sent ACK 42893
[CLIENT] sent ACK 42918
[CLIENT] sent ACK 42943
[CLIENT] sent ACK 42969
[CLIENT] sent ACK 42992
[CLIENT] sent ACK 43016
[CLIENT] sent ACK 43040
[CLIENT] sent ACK 43065
[CLIENT] sent ACK 43090
[CLIENT] sent ACK 43111
[CLIENT] sent ACK 43134
[CLIENT] sent ACK 43156
[CLIENT] sent ACK 43182
[CLIENT] sent ACK 43206
[CLIENT] sent ACK 43228
[CLIENT] sent ACK 43255
[CLIENT] sent ACK 43280
[CLIENT] sent ACK 43303
[CLIENT] sent ACK 43329
[CLIENT] sent ACK 43354
[CLIENT] sent ACK 43379
[CLIENT] sent ACK 43400
[CLIENT] sent ACK 43424
[CLIENT] sent ACK 43450
[CLIENT] sent ACK 43473
[CLIENT] sent ACK 43497
[CLIENT] sent ACK 43523
[CLIENT] sent ACK 43548
[CLIENT] sent ACK 43573
[CLIENT] sent ACK 43597
[CLIENT] sent ACK 43622
[CLIENT] sent ACK 43645
[CLIENT] sent ACK 43667
[CLIENT] sent ACK 43688
[CLIENT] sent ACK 43712
[CLIENT] sent ACK 43736
[CLIENT] sent ACK 43761
[CLIENT] sent ACK 43787
[CLIENT] sent ACK 43812
[CLIENT] sent ACK 43837
[CLIENT] sent ACK 43861
[CLIENT] sent ACK 43887
[CLIENT] sent ACK 43912
[CLIENT] sent ACK 43936
[CLIENT] sent ACK 43961
[CLIENT] sent ACK 43983
[CLIENT] sent ACK 44009
[CLIENT] sent ACK 44031
[CLIENT] sent ACK 44056
[CLIENT] sent ACK 44079
[CLIENT] sent ACK 44104
[CLIENT] sent ACK 44129
[CLIENT] sent ACK 44155
[CLIENT] sent ACK 44179
[CLIENT] sent ACK 44200
[CLIENT] sent ACK 44221
[CLIENT] sent ACK 44244
[CLIENT] sent ACK 44268
[CLIENT] sent ACK 44293
[CLIENT] sent ACK 44316
[CLIENT] sent ACK 44341
[CLIENT] sent ACK 44365
[CLIENT] sent ACK 44389
[CLIENT] sent ACK 44414
[CLIENT] sent ACK 44437
[CLIENT] sent ACK 44461
[CLIENT] sent ACK 44483
[CLIENT] sent ACK 44508
[CLIENT] sent ACK 44532
[CLIENT] sent ACK 44553
[CLIENT] sent ACK 44576
[CLIENT] sent ACK 44602
[CLIENT] sent ACK 44625
[CLIENT] sent ACK 44650
[CLIENT] sent ACK 44674
[CLIENT] sent ACK 44700
[CLIENT] sent ACK 44725
[CLIENT] sent ACK 44749
[CLIENT] sent ACK 44774
[CLIENT] sent ACK 44799
[CLIENT] sent ACK 44826
[CLIENT] sent ACK 44850
[CLIENT] sent ACK 44874
[CLIENT] sent ACK 44898
[CLIENT] sent ACK 44924
[CLIENT] sent ACK 44947
[CLIENT] sent ACK 44969
[CLIENT] sent ACK 44994
[CLIENT] sent ACK 45020
[CLIENT] sent ACK 45044
[CLIENT] sent ACK 45070
[CLIENT] sent ACK 45096
[CLIENT] sent ACK 45121
[CLIENT] sent ACK 45144
[CLIENT] sent ACK 45167
[CLIENT] sent ACK 45191
[CLIENT] sent ACK 45214
[CLIENT] sent ACK 45237
[CLIENT] sent ACK 45261
[CLIENT] sent ACK 45282
[CLIENT] sent ACK 45305
[CLIENT] sent ACK 45330
[CLIENT] sent ACK 45355
[CLIENT] sent ACK 45379
[CLIENT] sent ACK 45401
[CLIENT] sent ACK 45423
[CLIENT] sent ACK 45447
[CLIENT] sent ACK 45472
[CLIENT] sent ACK 45495
[CLIENT] sent ACK 45519
[CLIENT] sent ACK 45542
[CLIENT] sent ACK 45569
[CLIENT] sent ACK 45594
[CLIENT] sent ACK 45617
[CLIENT] sent ACK 45639
[CLIENT] sent ACK 45664
[CLIENT] sent ACK 45690
[CLIENT] sent ACK 45716
[CLIENT] sent ACK 45741
[CLIENT] sent ACK 45764
[CLIENT] sent ACK 45789
[CLIENT] sent ACK 45814
[CLIENT] sent ACK 45838
[CLIENT] sent ACK 45862
[CLIENT] sent ACK 45888
[CLIENT] sent ACK 45913
[CLIENT] sent ACK 45939
[CLIENT] sent ACK 45966
[CLIENT] sent ACK 45989
[CLIENT] sent ACK 46013
[CLIENT] sent ACK 46038
[CLIENT] sent ACK 46064
[CLIENT] sent ACK 46088
[CLIENT] sent ACK 46113
[CLIENT] sent ACK 46139
[CLIENT] sent ACK 46166
[CLIENT] sent ACK 46191
[CLIENT] sent ACK 46216
[CLIENT] sent ACK 46242
[CLIENT] sent ACK 46268
[CLIENT] sent ACK 46293
[CLIENT] sent ACK 46318
[CLIENT] sent ACK 46343
[CLIENT] sent ACK 46366
[CLIENT] sent ACK 46389
[CLIENT] sent ACK 46415
[CLIENT] sent ACK 46439
[CLIENT] sent ACK 46464
[CLIENT] sent ACK 46487
[CLIENT] sent ACK 46511
[CLIENT] sent ACK 46539
[CLIENT] sent ACK 46567
[CLIENT] sent ACK 46592
[CLIENT] sent ACK 46618
[CLIENT] sent ACK 46642
[CLIENT] sent ACK 46666
[CLIENT] sent ACK 46692
[CLIENT] sent ACK 46716
[CLIENT] sent ACK 46739
[CLIENT] sent ACK 46764
[CLIENT] sent ACK 46788
[CLIENT] sent ACK 46814
[CLIENT] sent ACK 46837
[CLIENT] sent ACK 46859
[CLIENT] sent ACK 46884
[CLIENT] sent ACK 46908
[CLIENT] sent ACK 46931
[CLIENT] sent ACK 46955
[CLIENT] sent ACK 46977
[CLIENT] sent ACK 47002
[CLIENT] sent ACK 47026
[CLIENT] sent ACK 47050
[CLIENT] sent ACK 47072
[CLIENT] sent ACK 47099
[CLIENT] sent ACK 47123
[CLIENT] sent ACK 47148
[CLIENT] sent ACK 47173
[CLIENT] sent ACK 47199
[CLIENT] sent ACK 47224
[CLIENT] sent ACK 47246
[CLIENT] sent ACK 47271
[CLIENT] sent ACK 47297
[CLIENT] sent ACK 47323
[CLIENT] sent ACK 47348
[CLIENT] sent ACK 47370
[CLIENT] sent ACK 47392
[CLIENT] sent ACK 47418
[CLIENT] sent ACK 47441
[CLIENT] sent ACK 47464
[CLIENT] sent ACK 47488
[CLIENT] sent ACK 47512
[CLIENT] sent ACK 47538
[CLIENT] sent ACK 47559
[CLIENT] sent ACK 47583
[CLIENT] sent ACK 47605
[CLIENT] sent ACK 47630
[CLIENT] sent ACK 47655
[CLIENT] sent ACK 47679
[CLIENT] sent ACK 47703
[CLIENT] sent ACK 47727
[CLIENT] sent ACK 47752
[CLIENT] sent ACK 47777
[CLIENT] sent ACK 47802
[CLIENT] sent ACK 47826
[CLIENT] sent ACK 47851
[CLIENT] sent ACK 47876
[CLIENT] sent ACK 47901
[CLIENT] sent ACK 47925
[CLIENT] sent ACK 47949
[CLIENT] sent ACK 47971
[CLIENT] sent ACK 47995
[CLIENT] sent ACK 48020
[CLIENT] sent ACK 48044
[CLIENT] sent ACK 48067
[CLIENT] sent ACK 48089
[CLIENT] sent ACK 48113
[CLIENT] sent ACK 48139
[CLIENT] sent ACK 48163
[CLIENT] sent ACK 48186
[CLIENT] sent ACK 48209
[CLIENT] sent ACK 48235
[CLIENT] sent ACK 48260
[CLIENT] sent ACK 48285
[CLIENT] sent ACK 48311
[CLIENT] sent ACK 48334
[CLIENT] sent ACK 48357
[CLIENT] sent ACK 48381
[CLIENT] sent ACK 48407
[CLIENT] sent ACK 48430
[CLIENT] sent ACK 48454
[CLIENT] sent ACK 48480
[CLIENT] sent ACK 48503
[CLIENT] sent ACK 48525
[CLIENT] sent ACK 48550
[CLIENT] sent ACK 48574
[CLIENT] sent ACK 48601
[CLIENT] sent ACK 48625
[CLIENT] sent ACK 48651
[CLIENT] sent ACK 48675
[CLIENT] sent ACK 48695
[CLIENT] sent ACK 48721
[CLIENT] sent ACK 48742
[CLIENT] sent ACK 48766
[CLIENT] sent ACK 48791
[CLIENT] sent ACK 48815
[CLIENT] sent ACK 48840
[CLIENT] sent ACK 48863
[CLIENT] sent ACK 48887
[CLIENT] sent ACK 48912
[CLIENT] sent ACK 48935
[CLIENT] sent ACK 48961
[CLIENT] sent ACK 48985
[CLIENT] sent ACK 49009
[CLIENT] sent ACK 49033
[CLIENT] sent ACK 49056
[CLIENT] sent ACK 49081
[CLIENT] sent ACK 49103
[CLIENT] sent ACK 49128
[CLIENT] sent ACK 49154
[CLIENT] sent ACK 49178
[CLIENT] sent ACK 49202
[CLIENT] sent ACK 49227
[CLIENT] sent ACK 49250
[CLIENT] sent ACK 49273
[CLIENT] sent ACK 49296
[CLIENT] sent ACK 49319
[CLIENT] sent ACK 49343
[CLIENT] sent ACK 49368
[CLIENT] sent ACK 49393
[CLIENT] sent ACK 49417
[CLIENT] sent ACK 49440
[CLIENT] sent ACK 49463
[CLIENT] sent ACK 49488
[CLIENT] sent ACK 49512
[CLIENT] sent ACK 49535
[CLIENT] sent ACK 49560
[CLIENT] sent ACK 49586
[CLIENT] sent ACK 49609
[CLIENT] sent ACK 49635
[CLIENT] sent ACK 49659
[CLIENT] sent ACK 49686
[CLIENT] sent ACK 49709
[CLIENT] sent ACK 49734
[CLIENT] sent ACK 49759
[CLIENT] sent ACK 49783
[CLIENT] sent ACK 49806
[CLIENT] sent ACK 49829
[CLIENT] sent ACK 49852
[CLIENT] sent ACK 49877
[CLIENT] sent ACK 49900
[CLIENT] sent ACK 49924
[CLIENT] sent ACK 49948
[CLIENT] sent ACK 49974
[CLIENT] sent ACK 49996
[CLIENT] sent ACK 50019
[CLIENT] sent ACK 50042
[CLIENT] sent ACK 50066
[CLIENT] sent ACK 50090
[CLIENT] sent ACK 50113
[CLIENT] sent ACK 50137
[CLIENT] sent ACK 50163
[CLIENT] sent ACK 50188
[CLIENT] sent ACK 50213
[CLIENT] sent ACK 50237
[CLIENT] sent ACK 50260
[CLIENT] sent ACK 50285
[CLIENT] sent ACK 50310
[CLIENT] sent ACK 50335
[CLIENT] sent ACK 50359
[CLIENT] sent ACK 50382
[CLIENT] sent ACK 50406
[CLIENT] sent ACK 50429
[CLIENT] sent ACK 50452
[CLIENT] sent ACK 50477
[CLIENT] sent ACK 50499
[CLIENT] sent ACK 50525
[CLIENT] sent ACK 50550
[CLIENT] sent ACK 50573
[CLIENT] sent ACK 50599
[CLIENT] sent ACK 50624
[CLIENT] sent ACK 50646
[CLIENT] sent ACK 50671
[CLIENT] sent ACK 50695
[CLIENT] sent ACK 50722
[CLIENT] sent ACK 50745
[CLIENT] sent ACK 50771
[CLIENT] sent ACK 50794
[CLIENT] sent ACK 50818
[CLIENT] sent ACK 50846
[CLIENT] sent ACK 50869
[CLIENT] sent ACK 50893
[CLIENT] sent ACK 50916
[CLIENT] sent ACK 50941
[CLIENT] sent ACK 50962
[CLIENT] sent ACK 50985
[CLIENT] sent ACK 51009
[CLIENT] sent ACK 51035
[CLIENT] sent ACK 51057
[CLIENT] sent ACK 51081
[CLIENT] sent ACK 51107
[CLIENT] sent ACK 51132
[CLIENT] sent ACK 51156
[CLIENT] sent ACK 51180
[CLIENT] sent ACK 51204
[CLIENT] sent ACK 51228
[CLIENT] sent ACK 51252
[CLIENT] sent ACK 51276
[CLIENT] sent ACK 51299
[CLIENT] sent ACK 51322
[CLIENT] sent ACK 51347
[CLIENT] sent ACK 51370
[CLIENT] sent ACK 51393
[CLIENT] sent ACK 51420
[CLIENT] sent ACK 51443
[CLIENT] sent ACK 51466
[CLIENT] sent ACK 51492
[CLIENT] sent ACK 51516
[CLIENT] sent ACK 51540
[CLIENT] sent ACK 51565
[CLIENT] sent ACK 51587
[CLIENT] sent ACK 51612
[CLIENT] sent ACK 51639
[CLIENT] sent ACK 51663
[CLIENT] sent ACK 51688
[CLIENT] sent ACK 51712
[CLIENT] sent ACK 51737
[CLIENT] sent ACK 51761
[CLIENT] sent ACK 51785
[CLIENT] sent ACK 51810
[CLIENT] sent ACK 51833
[CLIENT] sent ACK 51856
[CLIENT] sent ACK 51879
[CLIENT] sent ACK 51903
[CLIENT] sent ACK 51926
[CLIENT] sent ACK 51949
[CLIENT] sent ACK 51971
[CLIENT] sent ACK 51996
[CLIENT] sent ACK 52020
[CLIENT] sent ACK 52045
[CLIENT] sent ACK 52068
[CLIENT] sent ACK 52093
[CLIENT] sent ACK 52119
[CLIENT] sent ACK 52143
[CLIENT] sent ACK 52167
[CLIENT] sent ACK 52190
[CLIENT] sent ACK 52214
[CLIENT] sent ACK 52238
[CLIENT] sent ACK 52262
[CLIENT] sent ACK 52285
[CLIENT] sent ACK 52307
[CLIENT] sent ACK 52332
[CLIENT] sent ACK 52356
[CLIENT] sent ACK 52382
[CLIENT] sent ACK 52406
[CLIENT] sent ACK 52429
[CLIENT] sent ACK 52453
[CLIENT] sent ACK 52477
[CLIENT] sent ACK 52502
[CLIENT] sent ACK 52527
[CLIENT] sent ACK 52550
[CLIENT] sent ACK 52576
[CLIENT] sent ACK 52597
[CLIENT] sent ACK 52621
[CLIENT] sent ACK 52644
[CLIENT] sent ACK 52667
[CLIENT] sent ACK 52690
[CLIENT] sent ACK 52715
[CLIENT] sent ACK 52740
[CLIENT] sent ACK 52765
[CLIENT] sent ACK 52789
[CLIENT] sent ACK 52813
[CLIENT] sent ACK 52837
[CLIENT] sent ACK 52860
[CLIENT] sent ACK 52882
[CLIENT] sent ACK 52904
[CLIENT] sent ACK 52929
[CLIENT] sent ACK 52952
[CLIENT] sent ACK 52975
[CLIENT] sent ACK 52999
[CLIENT] sent ACK 53023
[CLIENT] sent ACK 53048
[CLIENT] sent ACK 53074
[CLIENT] sent ACK 53100
[CLIENT] sent ACK 53124
[CLIENT] sent ACK 53146
[CLIENT] sent ACK 53171
[CLIENT] sent ACK 53196
[CLIENT] sent ACK 53219
[CLIENT] sent ACK 53243
[CLIENT] sent ACK 53268
[CLIENT] sent ACK 53293
[CLIENT] sent ACK 53317
[CLIENT] sent ACK 53341
[CLIENT] sent ACK 53365
[CLIENT] sent ACK 53388
[CLIENT] sent ACK 53413
[CLIENT] sent ACK 53437
[CLIENT] sent ACK 53461
[CLIENT] sent ACK 53485
[CLIENT] sent ACK 53508
[CLIENT] sent ACK 53532
[CLIENT] sent ACK 53556
[CLIENT] sent ACK 53579
[CLIENT] sent ACK 53603
[CLIENT] sent ACK 53627
[CLIENT] sent ACK 53651
[CLIENT] sent ACK 53674
[CLIENT] sent ACK 53700
[CLIENT] sent ACK 53724
[CLIENT] sent ACK 53748
[CLIENT] sent ACK 53771
[CLIENT] sent ACK 53795
[CLIENT] sent ACK 53819
[CLIENT] sent ACK 53843
[CLIENT] sent ACK 53867
[CLIENT] sent ACK 53892
[CLIENT] sent ACK 53915
[CLIENT] sent ACK 53939
[CLIENT] sent ACK 53964
[CLIENT] sent ACK 53987
[CLIENT] sent ACK 54012
[CLIENT] sent ACK 54039
[CLIENT] sent ACK 54064
[CLIENT] sent ACK 54087
[CLIENT] sent ACK 54109
[CLIENT] sent ACK 54134
[CLIENT] sent ACK 54161
[CLIENT] sent ACK 54184
[CLIENT] sent ACK 54206
[CLIENT] sent ACK 54228
[CLIENT] sent ACK 54253
[CLIENT] sent ACK 54278
[CLIENT] sent ACK 54301
[CLIENT] sent ACK 54326
[CLIENT] sent ACK 54350
[CLIENT] sent ACK 54376
[CLIENT] sent ACK 54401
[CLIENT] sent ACK 54424
[CLIENT] sent ACK 54448
[CLIENT] sent ACK 54474
[CLIENT] sent ACK 54499
[CLIENT] sent ACK 54523
[CLIENT] sent ACK 54545
[CLIENT] sent ACK 54570
[CLIENT] sent ACK 54594
[CLIENT] sent ACK 54619
[CLIENT] sent ACK 54644
[CLIENT] sent ACK 54669
[CLIENT] sent ACK 54694
[CLIENT] sent ACK 54717
[CLIENT] sent ACK 54739
[CLIENT] sent ACK 54761
[CLIENT] sent ACK 54785
[CLIENT] sent ACK 54810
[CLIENT] sent ACK 54832
[CLIENT] sent ACK 54856
[CLIENT] sent ACK 54880
[CLIENT] sent ACK 54905
[CLIENT] sent ACK 54930
[CLIENT] sent ACK 54954
[CLIENT] sent ACK 54978
[CLIENT] sent ACK 55004
[CLIENT] sent ACK 55029
[CLIENT] sent ACK 55055
[CLIENT] sent ACK 55079
[CLIENT] sent ACK 55102
[CLIENT] sent ACK 55127
[CLIENT] sent ACK 55152
[CLIENT] sent ACK 55177
[CLIENT] sent ACK 55200
[CLIENT] sent ACK 55223
[CLIENT] sent ACK 55248
[CLIENT] sent ACK 55272
[CLIENT] sent ACK 55294
[CLIENT] sent ACK 55316
[CLIENT] sent ACK 55340
[CLIENT] sent ACK 55365
[CLIENT] sent ACK 55391
[CLIENT] sent ACK 55413
[CLIENT] sent ACK 55437
[CLIENT] sent ACK 55462
[CLIENT] sent ACK 55489
[CLIENT] sent ACK 55511
[CLIENT] sent ACK 55536
[CLIENT] sent ACK 55559
[CLIENT] sent ACK 55583
[CLIENT] sent ACK 55607
[CLIENT] sent ACK 55631
[CLIENT] sent ACK 55656
[CLIENT] sent ACK 55678
[CLIENT] sent ACK 55702
[CLIENT] sent ACK 55726
[CLIENT] sent ACK 55751
[CLIENT] sent ACK 55774
[CLIENT] sent ACK 55797
[CLIENT] sent ACK 55821
[CLIENT] sent ACK 55845
[CLIENT] sent ACK 55868
[CLIENT] sent ACK 55892
[CLIENT] sent ACK 55918
[CLIENT] sent ACK 55942
[CLIENT] sent ACK 55966
[CLIENT] sent ACK 55991
[CLIENT] sent ACK 56017
[CLIENT] sent ACK 56041
[CLIENT] sent ACK 56065
[CLIENT] sent ACK 56088
[CLIENT] sent ACK 56112
[CLIENT] sent ACK 56136
[CLIENT] sent ACK 56160
[CLIENT] sent ACK 56185
[CLIENT] sent ACK 56210
[CLIENT] sent ACK 56235
[CLIENT] sent ACK 56259
[CLIENT] sent ACK 56284
[CLIENT] sent ACK 56309
[CLIENT] sent ACK 56330
[CLIENT] sent ACK 56355
[CLIENT] sent ACK 56378
[CLIENT] sent ACK 56400
[CLIENT] sent ACK 56424
[CLIENT] sent ACK 56449
[CLIENT] sent ACK 56475
[CLIENT] sent ACK 56499
[CLIENT] sent ACK 56522
[CLIENT] sent ACK 56548
[CLIENT] sent ACK 56572
[CLIENT] sent ACK 56597
[CLIENT] sent ACK 56622
[CLIENT] sent ACK 56646
[CLIENT] sent ACK 56671
[CLIENT] sent ACK 56697
[CLIENT] sent ACK 56722
[CLIENT] sent ACK 56746
[CLIENT] sent ACK 56769
[CLIENT] sent ACK 56793
[CLIENT] sent ACK 56820
[CLIENT] sent ACK 56842
[CLIENT] sent ACK 56866
[CLIENT] sent ACK 56889
[CLIENT] sent ACK 56912
[CLIENT] sent ACK 56933
[CLIENT] sent ACK 56957
[CLIENT] sent ACK 56980
[CLIENT] sent ACK 57005
[CLIENT] sent ACK 57031
[CLIENT] sent ACK 57057
[CLIENT] sent ACK 57081
[CLIENT] sent ACK 57106
[CLIENT] sent ACK 57129
[CLIENT] sent ACK 57154
[CLIENT] sent ACK 57179
[CLIENT] sent ACK 57204
[CLIENT] sent ACK 57229
[CLIENT] sent ACK 57254
[CLIENT] sent ACK 57279
[CLIENT] sent ACK 57304
[CLIENT] sent ACK 57329
[CLIENT] sent ACK 57354
[CLIENT] sent ACK 57380
[CLIENT] sent ACK 57405
[CLIENT] sent ACK 57431
[CLIENT] sent ACK 57455
[CLIENT] sent ACK 57477
[CLIENT] sent ACK 57502
[CLIENT] sent ACK 57527
[CLIENT] sent ACK 57551
[CLIENT] sent ACK 57575
[CLIENT] sent ACK 57599
[CLIENT] sent ACK 57625
[CLIENT] sent ACK 57649
[CLIENT] sent ACK 57672
[CLIENT] sent ACK 57696
[CLIENT] sent ACK 57719
[CLIENT] sent ACK 57743
[CLIENT] sent ACK 57767
[CLIENT] sent ACK 57791
[CLIENT] sent ACK 57815
[CLIENT] sent ACK 57836
[CLIENT] sent ACK 57857
[CLIENT] sent ACK 57883
[CLIENT] sent ACK 57908
[CLIENT] sent ACK 57933
[CLIENT] sent ACK 57957
[CLIENT] sent ACK 57979
[CLIENT] sent ACK 58002
[CLIENT] sent ACK 58026
[CLIENT] sent ACK 58050
[CLIENT] sent ACK 58074
[CLIENT] sent ACK 58098
[CLIENT] sent ACK 58124
[CLIENT] sent ACK 58149
[CLIENT] sent ACK 58172
[CLIENT] sent ACK 58197
[CLIENT] sent ACK 58221
[CLIENT] sent ACK 58246
[CLIENT] sent ACK 58272
[CLIENT] sent ACK 58297
[CLIENT] sent ACK 58322
[CLIENT] sent ACK 58344
[CLIENT] sent ACK 58369
[CLIENT] sent ACK 58390
[CLIENT] sent ACK 58416
[CLIENT] sent ACK 58441
[CLIENT] sent ACK 58464
[CLIENT] sent ACK 58488
[CLIENT] sent ACK 58512
[CLIENT] sent ACK 58535
[CLIENT] sent ACK 58557
[CLIENT] sent ACK 58579
[CLIENT] sent ACK 58603
[CLIENT] sent ACK 58627
[CLIENT] sent ACK 58652
[CLIENT] sent ACK 58676
[CLIENT] sent ACK 58701
[CLIENT] sent ACK 58725
[CLIENT] sent ACK 58749
[CLIENT] sent ACK 58773
[CLIENT] sent ACK 58798
[CLIENT] sent ACK 58822
[CLIENT] sent ACK 58846
[CLIENT] sent ACK 58871
[CLIENT] sent ACK 58896
[CLIENT] sent ACK 58920
[CLIENT] sent ACK 58945
[CLIENT] sent ACK 58969
[CLIENT] sent ACK 58994
[CLIENT] sent ACK 59018
[CLIENT] sent ACK 59042
[CLIENT] sent ACK 59065
[CLIENT] sent ACK 59089
[CLIENT] sent ACK 59113
[CLIENT] sent ACK 59136
[CLIENT] sent ACK 59157
[CLIENT] sent ACK 59180
[CLIENT] sent ACK 59203
[CLIENT] sent ACK 59229
[CLIENT] sent ACK 59253
[CLIENT] sent ACK 59277
[CLIENT] sent ACK 59301
[CLIENT] sent ACK 59325
[CLIENT] sent ACK 59350
[CLIENT] sent ACK 59373
[CLIENT] sent ACK 59398
[CLIENT] sent ACK 59419
[CLIENT] sent ACK 59442
[CLIENT] sent ACK 59467
[CLIENT] sent ACK 59490
[CLIENT] sent ACK 59514
[CLIENT] sent ACK 59536
[CLIENT] sent ACK 59560
[CLIENT] sent ACK 59585
[CLIENT] sent ACK 59609
[CLIENT] sent ACK 59632
[CLIENT] sent ACK 59654
[CLIENT] sent ACK 59678
[CLIENT] sent ACK 59704
[CLIENT] sent ACK 59727
[CLIENT] sent ACK 59752
[CLIENT] sent ACK 59774
[CLIENT] sent ACK 59798
[CLIENT] sent ACK 59823
[CLIENT] sent ACK 59847
[CLIENT] sent ACK 59870
[CLIENT] sent ACK 59894
[CLIENT] sent ACK 59917
[CLIENT] sent ACK 59942
[CLIENT] sent ACK 59967
[CLIENT] sent ACK 59991
[CLIENT] sent ACK 60010
[CLIENT] sent ACK 60028
[CLIENT] sent ACK 60054
[CLIENT] sent ACK 60077
[CLIENT] sent ACK 60103
[CLIENT] sent ACK 60128
[CLIENT] sent ACK 60153
[CLIENT] sent ACK 60180
[CLIENT] sent ACK 60206
[CLIENT] sent ACK 60232
[CLIENT] sent ACK 60258
[CLIENT] sent ACK 60283
[CLIENT] sent ACK 60310
[CLIENT] sent ACK 60336
[CLIENT] sent ACK 60361
[CLIENT] sent ACK 60386
[CLIENT] sent ACK 60411
[CLIENT] sent ACK 60436
[CLIENT] sent ACK 60461
[CLIENT] sent ACK 60484
[CLIENT] sent ACK 60508
[CLIENT] sent ACK 60535
[CLIENT] sent ACK 60559
[CLIENT] sent ACK 60585
[CLIENT] sent ACK 60609
[CLIENT] sent ACK 60634
[CLIENT] sent ACK 60658
[CLIENT] sent ACK 60682
[CLIENT] sent ACK 60708
[CLIENT] sent ACK 60731
[CLIENT] sent ACK 60757
[CLIENT] sent ACK 60782
[CLIENT] sent ACK 60806
[CLIENT] sent ACK 60830
[CLIENT] sent ACK 60851
[CLIENT] sent ACK 60877
[CLIENT] sent ACK 60902
[CLIENT] sent ACK 60926
[CLIENT] sent ACK 60950
[CLIENT] sent ACK 60974
[CLIENT] sent ACK 60997
[CLIENT] sent ACK 61020
[CLIENT] sent ACK 61045
[CLIENT] sent ACK 61068
[CLIENT] sent ACK 61092
[CLIENT] sent ACK 61115
[CLIENT] sent ACK 61139
[CLIENT] sent ACK 61162
[CLIENT] sent ACK 61185
[CLIENT] sent ACK 61209
[CLIENT] sent ACK 61231
[CLIENT] sent ACK 61258
[CLIENT] sent ACK 61283
[CLIENT] sent ACK 61306
[CLIENT] sent ACK 61329
[CLIENT] sent ACK 61352
[CLIENT] sent ACK 61377
[CLIENT] sent ACK 61402
[CLIENT] sent ACK 61426
[CLIENT] sent ACK 61449
[CLIENT] sent ACK 61472
[CLIENT] sent ACK 61499
[CLIENT] sent ACK 61522
[CLIENT] sent ACK 61548
[CLIENT] sent ACK 61574
[CLIENT] sent ACK 61599
[CLIENT] sent ACK 61625
[CLIENT] sent ACK 61648
[CLIENT] sent ACK 61671
[CLIENT] sent ACK 61697
[CLIENT] sent ACK 61718
[CLIENT] sent ACK 61743
[CLIENT] sent ACK 61769
[CLIENT] sent ACK 61792
[CLIENT] sent ACK 61814
[CLIENT] sent ACK 61837
[CLIENT] sent ACK 61862
[CLIENT] sent ACK 61886
[CLIENT] sent ACK 61911
[CLIENT] sent ACK 61935
[CLIENT] sent ACK 61960
[CLIENT] sent ACK 61982
[CLIENT] sent ACK 62006
[CLIENT] sent ACK 62031
[CLIENT] sent ACK 62056
[CLIENT] sent ACK 62081
[CLIENT] sent ACK 62106
[CLIENT] sent ACK 62129
[CLIENT] sent ACK 62153
[CLIENT] sent ACK 62177
[CLIENT] sent ACK 62201
[CLIENT] sent ACK 62226
[CLIENT] sent ACK 62252
[CLIENT] sent ACK 62276
[CLIENT] sent ACK 62299
[CLIENT] sent ACK 62320
[CLIENT] sent ACK 62344
[CLIENT] sent ACK 62368
[CLIENT] sent ACK 62392
[CLIENT] sent ACK 62417
[CLIENT] sent ACK 62439
[CLIENT] sent ACK 62465
[CLIENT] sent ACK 62489
[CLIENT] sent ACK 62514
[CLIENT] sent ACK 62539
[CLIENT] sent ACK 62562
[CLIENT] sent ACK 62585
[CLIENT] sent ACK 62610
[CLIENT] sent ACK 62634
[CLIENT] sent ACK 62659
[CLIENT] sent ACK 62682
[CLIENT] sent ACK 62707
[CLIENT] sent ACK 62731
[CLIENT] sent ACK 62758
[CLIENT] sent ACK 62782
[CLIENT] sent ACK 62807
[CLIENT] sent ACK 62830
[CLIENT] sent ACK 62853
[CLIENT] sent ACK 62876
[CLIENT] sent ACK 62902
[CLIENT] sent ACK 62925
[CLIENT] sent ACK 62952
[CLIENT] sent ACK 62978
[CLIENT] sent ACK 63004
[CLIENT] sent ACK 63028
[CLIENT] sent ACK 63055
[CLIENT] sent ACK 63081
[CLIENT] sent ACK 63107
[CLIENT] sent ACK 63132
[CLIENT] sent ACK 63155
[CLIENT] sent ACK 63183
[CLIENT] sent ACK 63208
[CLIENT] sent ACK 63232
[CLIENT] sent ACK 63256
[CLIENT] sent ACK 63281
[CLIENT] sent ACK 63308
[CLIENT] sent ACK 63332
[CLIENT] sent ACK 63357
[CLIENT] sent ACK 63381
[CLIENT] sent ACK 63405
[CLIENT] sent ACK 63431
[CLIENT] sent ACK 63459
[CLIENT] sent ACK 63485
[CLIENT] sent ACK 63511
[CLIENT] sent ACK 63535
[CLIENT] sent ACK 63561
[CLIENT] sent ACK 63586
[CLIENT] sent ACK 63611
[CLIENT] sent ACK 63638
[CLIENT] sent ACK 63662
[CLIENT] sent ACK 63688
[CLIENT] sent ACK 63713
[CLIENT] sent ACK 63738
[CLIENT] sent ACK 63763
[CLIENT] sent ACK 63786
[CLIENT] sent ACK 63810
[CLIENT] sent ACK 63836
[CLIENT] sent ACK 63860
[CLIENT] sent ACK 63884
[CLIENT] sent ACK 63907
[CLIENT] sent ACK 63934
[CLIENT] sent ACK 63959
[CLIENT] sent ACK 63985
[CLIENT] sent ACK 64010
[CLIENT] sent ACK 64032
[CLIENT] sent ACK 64058
[CLIENT] sent ACK 64080
[CLIENT] sent ACK 64104
[CLIENT] sent ACK 64128
[CLIENT] sent ACK 64151
[CLIENT] sent ACK 64175
[CLIENT] sent ACK 64199
[CLIENT] sent ACK 64221
[CLIENT] sent ACK 64245
[CLIENT] sent ACK 64269
[CLIENT] sent ACK 64293
[CLIENT] sent ACK 64317
[CLIENT] sent ACK 64342
[CLIENT] sent ACK 64368
[CLIENT] sent ACK 64391
[CLIENT] sent ACK 64417
[CLIENT] sent ACK 64441
[CLIENT] sent ACK 64466
[CLIENT] sent ACK 64490
[CLIENT] sent ACK 64514
[CLIENT] sent ACK 64538
[CLIENT] sent ACK 64564
[CLIENT] sent ACK 64589
[CLIENT] sent ACK 64613
[CLIENT] sent ACK 64637
[CLIENT] sent ACK 64661
[CLIENT] sent ACK 64684
[CLIENT] sent ACK 64709
[CLIENT] sent ACK 64733
[CLIENT] sent ACK 64756
[CLIENT] sent ACK 64778
[CLIENT] sent ACK 64802
[CLIENT] sent ACK 64826
[CLIENT] sent ACK 64852
[CLIENT] sent ACK 64877
[CLIENT] sent ACK 64903
[CLIENT] sent ACK 64924
[CLIENT] sent ACK 64946
[CLIENT] sent ACK 64970
[CLIENT] sent ACK 64996
[CLIENT] sent ACK 65020
[CLIENT] sent ACK 65044
[CLIENT] sent ACK 65068
[CLIENT] sent ACK 65093
[CLIENT] sent ACK 65117
[CLIENT] sent ACK 65140
[CLIENT] sent ACK 65166
[CLIENT] sent ACK 65191
[CLIENT] sent ACK 65217
[CLIENT] sent ACK 65242
[CLIENT] sent ACK 65268
[CLIENT] sent ACK 65293
[CLIENT] sent ACK 65319
[CLIENT] sent ACK 65345
[CLIENT] sent ACK 65368
[CLIENT] sent ACK 65394
[CLIENT] sent ACK 65419
[CLIENT] sent ACK 65442
[CLIENT] sent ACK 65466
[CLIENT] sent ACK 65488
[CLIENT] sent ACK 65512
[CLIENT] sent ACK 65535
[CLIENT] sent ACK 65559
[CLIENT] sent ACK 65583
[CLIENT] sent ACK 65606
[CLIENT] sent ACK 65630
[CLIENT] sent ACK 65655
[CLIENT] sent ACK 65680
[CLIENT] sent ACK 65705
[CLIENT] sent ACK 65730
[CLIENT] sent ACK 65754
[CLIENT] sent ACK 65779
[CLIENT] sent ACK 65801
[CLIENT] sent ACK 65826
[CLIENT] sent ACK 65852
[CLIENT] sent ACK 65875
[CLIENT] sent ACK 65899
[CLIENT] sent ACK 65923
[CLIENT] sent ACK 65947
[CLIENT] sent ACK 65972
[CLIENT] sent ACK 65997
[CLIENT] sent ACK 66021
[CLIENT] sent ACK 66045
[CLIENT] sent ACK 66068
[CLIENT] sent ACK 66090
[CLIENT] sent ACK 66113
[CLIENT] sent ACK 66140
[CLIENT] sent ACK 66167
[CLIENT] sent ACK 66193
[CLIENT] sent ACK 66217
[CLIENT] sent ACK 66242
[CLIENT] sent ACK 66265
[CLIENT] sent ACK 66287
[CLIENT] sent ACK 66311
[CLIENT] sent ACK 66333
[CLIENT] sent ACK 66356
[CLIENT] sent ACK 66381
[CLIENT] sent ACK 66405
[CLIENT] sent ACK 66429
[CLIENT] sent ACK 66452
[CLIENT] sent ACK 66475
[CLIENT] sent ACK 66498
[CLIENT] sent ACK 66521
[CLIENT] sent ACK 66547
[CLIENT] sent ACK 66570
[CLIENT] sent ACK 66593
[CLIENT] sent ACK 66618
[CLIENT] sent ACK 66643
[CLIENT] sent ACK 66669
[CLIENT] sent ACK 66692
[CLIENT] sent ACK 66715
[CLIENT] sent ACK 66739
[CLIENT] sent ACK 66763
[CLIENT] sent ACK 66786
[CLIENT] sent ACK 66810
[CLIENT] sent ACK 66832
[CLIENT] sent ACK 66856
[CLIENT] sent ACK 66880
[CLIENT] sent ACK 66905
[CLIENT] sent ACK 66929
[CLIENT] sent ACK 66952
[CLIENT] sent ACK 66977
[CLIENT] sent ACK 67002
[CLIENT] sent ACK 67025
[CLIENT] sent ACK 67049
[CLIENT] sent ACK 67072
[CLIENT] sent ACK 67095
[CLIENT] sent ACK 67119
[CLIENT] sent ACK 67142
[CLIENT] sent ACK 67168
[CLIENT] sent ACK 67190
[CLIENT] sent ACK 67213
[CLIENT] sent ACK 67237
[CLIENT] sent ACK 67262
[CLIENT] sent ACK 67285
[CLIENT] sent ACK 67307
[CLIENT] sent ACK 67332
[CLIENT] sent ACK 67355
[CLIENT] sent ACK 67379
[CLIENT] sent ACK 67402
[CLIENT] sent ACK 67426
[CLIENT] sent ACK 67450
[CLIENT] sent ACK 67475
[CLIENT] sent ACK 67499
[CLIENT] sent ACK 67524
[CLIENT] sent ACK 67548
[CLIENT] sent ACK 67573
[CLIENT] sent ACK 67597
[CLIENT] sent ACK 67622
[CLIENT] sent ACK 67646
[CLIENT] sent ACK 67669
[CLIENT] sent ACK 67694
[CLIENT] sent ACK 67718
[CLIENT] sent ACK 67741
[CLIENT] sent ACK 67765
[CLIENT] sent ACK 67787
[CLIENT] sent ACK 67814
[CLIENT] sent ACK 67838
[CLIENT] sent ACK 67862
[CLIENT] sent ACK 67887
[CLIENT] sent ACK 67910
[CLIENT] sent ACK 67934
[CLIENT] sent ACK 67959
[CLIENT] sent ACK 67983
[CLIENT] sent ACK 68007
[CLIENT] sent ACK 68032
[CLIENT] sent ACK 68055
[CLIENT] sent ACK 68078
[CLIENT] sent ACK 68102
[CLIENT] sent ACK 68125
[CLIENT] sent ACK 68146
[CLIENT] sent ACK 68169
[CLIENT] sent ACK 68195
[CLIENT] sent ACK 68219
[CLIENT] sent ACK 68242
[CLIENT] sent ACK 68267
[CLIENT] sent ACK 68292
[CLIENT] sent ACK 68315
[CLIENT] sent ACK 68340
[CLIENT] sent ACK 68366
[CLIENT] sent ACK 68390
[CLIENT] sent ACK 68414
[CLIENT] sent ACK 68437
[CLIENT] sent ACK 68463
[CLIENT] sent ACK 68486
[CLIENT] sent ACK 68510
[CLIENT] sent ACK 68532
[CLIENT] sent ACK 68555
[CLIENT] sent ACK 68578
[CLIENT] sent ACK 68603
[CLIENT] sent ACK 68627
[CLIENT] sent ACK 68651
[CLIENT] sent ACK 68676
[CLIENT] sent ACK 68701
[CLIENT] sent ACK 68726
[CLIENT] sent ACK 68750
[CLIENT] sent ACK 68776
[CLIENT] sent ACK 68801
[CLIENT] sent ACK 68826
[CLIENT] sent ACK 68848
[CLIENT] sent ACK 68868
[CLIENT] sent ACK 68892
[CLIENT] sent ACK 68917
[CLIENT] sent ACK 68941
[CLIENT] sent ACK 68966
[CLIENT] sent ACK 68988
[CLIENT] sent ACK 69013
[CLIENT] sent ACK 69039
[CLIENT] sent ACK 69065
[CLIENT] sent ACK 69088
[CLIENT] sent ACK 69111
[CLIENT] sent ACK 69134
[CLIENT] sent ACK 69158
[CLIENT] sent ACK 69182
[CLIENT] sent ACK 69205
[CLIENT] sent ACK 69229
[CLIENT] sent ACK 69252
[CLIENT] sent ACK 69276
[CLIENT] sent ACK 69301
[CLIENT] sent ACK 69326
[CLIENT] sent ACK 69349
[CLIENT] sent ACK 69373
[CLIENT] sent ACK 69399
[CLIENT] sent ACK 69424
[CLIENT] sent ACK 69450
[CLIENT] sent ACK 69475
[CLIENT] sent ACK 69498
[CLIENT] sent ACK 69524
[CLIENT] sent ACK 69548
[CLIENT] sent ACK 69572
[CLIENT] sent ACK 69596
[CLIENT] sent ACK 69621
[CLIENT] sent ACK 69645
[CLIENT] sent ACK 69667
[CLIENT] sent ACK 69692
[CLIENT] sent ACK 69717
[CLIENT] sent ACK 69738
[CLIENT] sent ACK 69760
[CLIENT] sent ACK 69784
[CLIENT] sent ACK 69809
[CLIENT] sent ACK 69830
[CLIENT] sent ACK 69855
[CLIENT] sent ACK 69879
[CLIENT] sent ACK 69904
[CLIENT] sent ACK 69927
[CLIENT] sent ACK 69952
[CLIENT] sent ACK 69977
[CLIENT] sent ACK 70002
[CLIENT] sent ACK 70027
[CLIENT] sent ACK 70052
[CLIENT] sent ACK 70077
[CLIENT] sent ACK 70102
[CLIENT] sent ACK 70127
[CLIENT] sent ACK 70154
[CLIENT] sent ACK 70179
[CLIENT] sent ACK 70200
[CLIENT] sent ACK 70224
[CLIENT] sent ACK 70249
[CLIENT] sent ACK 70273
[CLIENT] sent ACK 70297
[CLIENT] sent ACK 70322
[CLIENT] sent ACK 70348
[CLIENT] sent ACK 70373
[CLIENT] sent ACK 70397
[CLIENT] sent ACK 70421
[CLIENT] sent ACK 70446
[CLIENT] sent ACK 70469
[CLIENT] sent ACK 70494
[CLIENT] sent ACK 70518
[CLIENT] sent ACK 70540
[CLIENT] sent ACK 70564
[CLIENT] sent ACK 70588
[CLIENT] sent ACK 70613
[CLIENT] sent ACK 70635
[CLIENT] sent ACK 70658
[CLIENT] sent ACK 70680
[CLIENT] sent ACK 70703
[CLIENT] sent ACK 70726
[CLIENT] sent ACK 70751
[CLIENT] sent ACK 70777
[CLIENT] sent ACK 70800
[CLIENT] sent ACK 70824
[CLIENT] sent ACK 70849
[CLIENT] sent ACK 70875
[CLIENT] sent ACK 70899
[CLIENT] sent ACK 70922
[CLIENT] sent ACK 70948
[CLIENT] sent ACK 70973
[CLIENT] sent ACK 70996
[CLIENT] sent ACK 71021
[CLIENT] sent ACK 71048
[CLIENT] sent ACK 71072
[CLIENT] sent ACK 71096
[CLIENT] sent ACK 71120
[CLIENT] sent ACK 71144
[CLIENT] sent ACK 71166
[CLIENT] sent ACK 71190
[CLIENT] sent ACK 71213
[CLIENT] sent ACK 71236
[CLIENT] sent ACK 71259
[CLIENT] sent ACK 71283
[CLIENT] sent ACK 71310
[CLIENT] sent ACK 71333
[CLIENT] sent ACK 71358
[CLIENT] sent ACK 71382
[CLIENT] sent ACK 71405
[CLIENT] sent ACK 71429
[CLIENT] sent ACK 71452
[CLIENT] sent ACK 71477
[CLIENT] sent ACK 71500
[CLIENT] sent ACK 71523
[CLIENT] sent ACK 71546
[CLIENT] sent ACK 71573
[CLIENT] sent ACK 71598
[CLIENT] sent ACK 71621
[CLIENT] sent ACK 71644
[CLIENT] sent ACK 71668
[CLIENT] sent ACK 71692
[CLIENT] sent ACK 71715
[CLIENT] sent ACK 71740
[CLIENT] sent ACK 71761
[CLIENT] sent ACK 71784
[CLIENT] sent ACK 71808
[CLIENT] sent ACK 71833
[CLIENT] sent ACK 71856
[CLIENT] sent ACK 71878
[CLIENT] sent ACK 71903
[CLIENT] sent ACK 71926
[CLIENT] sent ACK 71950
[CLIENT] sent ACK 71973
[CLIENT] sent ACK 71996
[CLIENT] sent ACK 72022
[CLIENT] sent ACK 72046
[CLIENT] sent ACK 72071
[CLIENT] sent ACK 72096
[CLIENT] sent ACK 72117
[CLIENT] sent ACK 72142
[CLIENT] sent ACK 72167
[CLIENT] sent ACK 72191
[CLIENT] sent ACK 72212
[CLIENT] sent ACK 72238
[CLIENT] sent ACK 72263
[CLIENT] sent ACK 72286
[CLIENT] sent ACK 72313
[CLIENT] sent ACK 72338
[CLIENT] sent ACK 72362
[CLIENT] sent ACK 72386
[CLIENT] sent ACK 72410
[CLIENT] sent ACK 72434
[CLIENT] sent ACK 72459
[CLIENT] sent ACK 72484
[CLIENT] sent ACK 72506
[CLIENT] sent ACK 72531
[CLIENT] sent ACK 72556
[CLIENT] sent ACK 72579
[CLIENT] sent ACK 72604
[CLIENT] sent ACK 72629
[CLIENT] sent ACK 72654
[CLIENT] sent ACK 72675
[CLIENT] sent ACK 72697
[CLIENT] sent ACK 72721
[CLIENT] sent ACK 72746
[CLIENT] sent ACK 72772
[CLIENT] sent ACK 72796
[CLIENT] sent ACK 72821
[CLIENT] sent ACK 72846
[CLIENT] sent ACK 72871
[CLIENT] sent ACK 72897
[CLIENT] sent ACK 72922
[CLIENT] sent ACK 72946
[CLIENT] sent ACK 72972
[CLIENT] sent ACK 72996
[CLIENT] sent ACK 73021
[CLIENT] sent ACK 73047
[CLIENT] sent ACK 73072
[CLIENT] sent ACK 73097
[CLIENT] sent ACK 73124
[CLIENT] sent ACK 73150
[CLIENT] sent ACK 73176
[CLIENT] sent ACK 73199
[CLIENT] sent ACK 73223
[CLIENT] sent ACK 73247
[CLIENT] sent ACK 73272
[CLIENT] sent ACK 73297
[CLIENT] sent ACK 73321
[CLIENT] sent ACK 73346
[CLIENT] sent ACK 73371
[CLIENT] sent ACK 73396
[CLIENT] sent ACK 73423
[CLIENT] sent ACK 73446
[CLIENT] sent ACK 73471
[CLIENT] sent ACK 73494
[CLIENT] sent ACK 73520
[CLIENT] sent ACK 73545
[CLIENT] sent ACK 73570
[CLIENT] sent ACK 73595
[CLIENT] sent ACK 73622
[CLIENT] sent ACK 73646
[CLIENT] sent ACK 73670
[CLIENT] sent ACK 73692
[CLIENT] sent ACK 73716
[CLIENT] sent ACK 73743
[CLIENT] sent ACK 73766
[CLIENT] sent ACK 73789
[CLIENT] sent ACK 73811
[CLIENT] sent ACK 73836
[CLIENT] sent ACK 73862
[CLIENT] sent ACK 73889
[CLIENT] sent ACK 73915
[CLIENT] sent ACK 73940
[CLIENT] sent ACK 73965
[CLIENT] sent ACK 73990
[CLIENT] sent ACK 74015
[CLIENT] sent ACK 74040
[CLIENT] sent ACK 74063
[CLIENT] sent ACK 74089
[CLIENT] sent ACK 74115
[CLIENT] sent ACK 74141
[CLIENT] sent ACK 74166
[CLIENT] sent ACK 74189
[CLIENT] sent ACK 74216
[CLIENT] sent ACK 74241
[CLIENT] sent ACK 74266
[CLIENT] sent ACK 74292
[CLIENT] sent ACK 74316
[CLIENT] sent ACK 74339
[CLIENT] sent ACK 74365
[CLIENT] sent ACK 74391
[CLIENT] sent ACK 74418
[CLIENT] sent ACK 74442
[CLIENT] sent ACK 74467
[CLIENT] sent ACK 74491
[CLIENT] sent ACK 74517
[CLIENT] sent ACK 74544
[CLIENT] sent ACK 74568
[CLIENT] sent ACK 74592
[CLIENT] sent ACK 74616
[CLIENT] sent ACK 74641
[CLIENT] sent ACK 74668
[CLIENT] sent ACK 74692
[CLIENT] sent ACK 74718
[CLIENT] sent ACK 74743
[CLIENT] sent ACK 74767
[CLIENT] sent ACK 74793
[CLIENT] sent ACK 74817
[CLIENT] sent ACK 74842
[CLIENT] sent ACK 74869
[CLIENT] sent ACK 74893
[CLIENT] sent ACK 74899
[CLIENT] sent ACK 74900
[CLIENT] SHA-256 match: True

==================================================
CLIENT REPORT
==================================================
Security enabled (PSK + AEAD):            Yes
Handshake status:                         Success
Size of the transferred file:             104857600 bytes
Number of packets received from server:   74899
Number of duplicate packets:              614
Replay drops:                             614
Number of out-of-order packets:           0
Number of packets with checksum errors:   0
Time duration of the file transfer:       00:00:36
Received file MD5:                        2f282b84e7e608d5852449ed940bfc51
AEAD authentication failures:             1
SHA-256 match:                            Yes
==================================================

[CLIENT] Report saved to client_report.txt
[CLIENT] file saved as received_test_100mb_file

Script done on 2026-04-22 18:03:46+00:00 [COMMAND_EXIT_CODE="0"]
