Script started on 2026-04-22 18:01:08+00:00 [COMMAND="cd ~/secure-reliable-file-fransfer && sudo PYTHONPATH=. python3 -u main.py --mode client --config config_phase2.json --file ./gdrive-folder/test_100mb_file" TERM="xterm-256color" TTY="/dev/pts/0" COLUMNS="222" LINES="30"]
[CLIENT] running on 172.31.64.201:50000
[CLIENT] talking to server 172.31.77.14:50000
[CLIENT] sent ClientHello
[CLIENT] Handshake complete
[CLIENT] requested file: ./gdrive-folder/test_100mb_file
[CLIENT] sent ACK 5
[CLIENT] sent ACK 30
[CLIENT] sent ACK 57
[CLIENT] sent ACK 83
[CLIENT] sent ACK 111
[CLIENT] sent ACK 138
[CLIENT] sent ACK 166
[CLIENT] sent ACK 193
[CLIENT] sent ACK 220
[CLIENT] sent ACK 245
[CLIENT] sent ACK 272
[CLIENT] sent ACK 298
[CLIENT] sent ACK 324
[CLIENT] sent ACK 349
[CLIENT] sent ACK 374
[CLIENT] sent ACK 399
[CLIENT] sent ACK 424
[CLIENT] sent ACK 449
[CLIENT] sent ACK 473
[CLIENT] sent ACK 500
[CLIENT] sent ACK 524
[CLIENT] sent ACK 550
[CLIENT] sent ACK 574
[CLIENT] sent ACK 598
[CLIENT] sent ACK 623
[CLIENT] sent ACK 648
[CLIENT] sent ACK 674
[CLIENT] sent ACK 700
[CLIENT] sent ACK 726
[CLIENT] sent ACK 751
[CLIENT] sent ACK 776
[CLIENT] sent ACK 801
[CLIENT] sent ACK 827
[CLIENT] sent ACK 852
[CLIENT] sent ACK 875
[CLIENT] sent ACK 900
[CLIENT] sent ACK 924
[CLIENT] sent ACK 950
[CLIENT] sent ACK 976
[CLIENT] sent ACK 999
[CLIENT] sent ACK 1026
[CLIENT] sent ACK 1047
[CLIENT] sent ACK 1072
[CLIENT] sent ACK 1099
[CLIENT] sent ACK 1125
[CLIENT] sent ACK 1152
[CLIENT] sent ACK 1179
[CLIENT] sent ACK 1202
[CLIENT] sent ACK 1225
[CLIENT] sent ACK 1248
[CLIENT] sent ACK 1272
[CLIENT] sent ACK 1297
[CLIENT] sent ACK 1323
[CLIENT] sent ACK 1347
[CLIENT] sent ACK 1371
[CLIENT] sent ACK 1395
[CLIENT] sent ACK 1420
[CLIENT] sent ACK 1444
[CLIENT] sent ACK 1470
[CLIENT] sent ACK 1494
[CLIENT] sent ACK 1517
[CLIENT] sent ACK 1543
[CLIENT] sent ACK 1568
[CLIENT] sent ACK 1592
[CLIENT] sent ACK 1613
[CLIENT] sent ACK 1638
[CLIENT] sent ACK 1663
[CLIENT] sent ACK 1685
[CLIENT] sent ACK 1709
[CLIENT] sent ACK 1733
[CLIENT] sent ACK 1757
[CLIENT] sent ACK 1782
[CLIENT] sent ACK 1805
[CLIENT] sent ACK 1828
[CLIENT] sent ACK 1853
[CLIENT] sent ACK 1877
[CLIENT] sent ACK 1902
[CLIENT] sent ACK 1925
[CLIENT] sent ACK 1948
[CLIENT] sent ACK 1973
[CLIENT] sent ACK 1997
[CLIENT] sent ACK 2024
[CLIENT] sent ACK 2050
[CLIENT] sent ACK 2075
[CLIENT] sent ACK 2098
[CLIENT] sent ACK 2121
[CLIENT] sent ACK 2145
[CLIENT] sent ACK 2170
[CLIENT] sent ACK 2194
[CLIENT] sent ACK 2218
[CLIENT] sent ACK 2242
[CLIENT] sent ACK 2266
[CLIENT] sent ACK 2290
[CLIENT] sent ACK 2314
[CLIENT] sent ACK 2339
[CLIENT] sent ACK 2361
[CLIENT] sent ACK 2385
[CLIENT] sent ACK 2408
[CLIENT] sent ACK 2433
[CLIENT] sent ACK 2457
[CLIENT] sent ACK 2480
[CLIENT] sent ACK 2503
[CLIENT] sent ACK 2526
[CLIENT] sent ACK 2550
[CLIENT] sent ACK 2575
[CLIENT] sent ACK 2599
[CLIENT] sent ACK 2624
[CLIENT] sent ACK 2650
[CLIENT] sent ACK 2674
[CLIENT] sent ACK 2698
[CLIENT] sent ACK 2721
[CLIENT] sent ACK 2746
[CLIENT] sent ACK 2770
[CLIENT] sent ACK 2795
[CLIENT] sent ACK 2819
[CLIENT] sent ACK 2844
[CLIENT] sent ACK 2869
[CLIENT] sent ACK 2894
[CLIENT] sent ACK 2918
[CLIENT] sent ACK 2942
[CLIENT] sent ACK 2967
[CLIENT] sent ACK 2992
[CLIENT] sent ACK 3017
[CLIENT] sent ACK 3042
[CLIENT] sent ACK 3065
[CLIENT] sent ACK 3090
[CLIENT] sent ACK 3113
[CLIENT] sent ACK 3139
[CLIENT] sent ACK 3164
[CLIENT] sent ACK 3188
[CLIENT] sent ACK 3212
[CLIENT] sent ACK 3238
[CLIENT] sent ACK 3262
[CLIENT] sent ACK 3288
[CLIENT] sent ACK 3311
[CLIENT] sent ACK 3337
[CLIENT] sent ACK 3362
[CLIENT] sent ACK 3386
[CLIENT] sent ACK 3410
[CLIENT] sent ACK 3434
[CLIENT] sent ACK 3458
[CLIENT] sent ACK 3484
[CLIENT] sent ACK 3508
[CLIENT] sent ACK 3533
[CLIENT] sent ACK 3557
[CLIENT] sent ACK 3582
[CLIENT] sent ACK 3605
[CLIENT] sent ACK 3630
[CLIENT] sent ACK 3653
[CLIENT] sent ACK 3676
[CLIENT] sent ACK 3700
[CLIENT] sent ACK 3724
[CLIENT] sent ACK 3749
[CLIENT] sent ACK 3770
[CLIENT] sent ACK 3792
[CLIENT] sent ACK 3816
[CLIENT] sent ACK 3840
[CLIENT] sent ACK 3865
[CLIENT] sent ACK 3888
[CLIENT] sent ACK 3911
[CLIENT] sent ACK 3935
[CLIENT] sent ACK 3959
[CLIENT] sent ACK 3983
[CLIENT] sent ACK 4007
[CLIENT] sent ACK 4035
[CLIENT] sent ACK 4058
[CLIENT] sent ACK 4081
[CLIENT] sent ACK 4104
[CLIENT] sent ACK 4129
[CLIENT] sent ACK 4153
[CLIENT] sent ACK 4176
[CLIENT] sent ACK 4200
[CLIENT] sent ACK 4225
[CLIENT] sent ACK 4248
[CLIENT] sent ACK 4274
[CLIENT] sent ACK 4297
[CLIENT] sent ACK 4320
[CLIENT] sent ACK 4344
[CLIENT] sent ACK 4368
[CLIENT] sent ACK 4393
[CLIENT] sent ACK 4418
[CLIENT] sent ACK 4442
[CLIENT] sent ACK 4465
[CLIENT] sent ACK 4491
[CLIENT] sent ACK 4513
[CLIENT] sent ACK 4538
[CLIENT] sent ACK 4563
[CLIENT] sent ACK 4587
[CLIENT] sent ACK 4612
[CLIENT] sent ACK 4636
[CLIENT] sent ACK 4660
[CLIENT] sent ACK 4685
[CLIENT] sent ACK 4710
[CLIENT] sent ACK 4735
[CLIENT] sent ACK 4759
[CLIENT] sent ACK 4781
[CLIENT] sent ACK 4805
[CLIENT] sent ACK 4829
[CLIENT] sent ACK 4852
[CLIENT] sent ACK 4875
[CLIENT] sent ACK 4900
[CLIENT] sent ACK 4924
[CLIENT] sent ACK 4949
[CLIENT] sent ACK 4973
[CLIENT] sent ACK 5000
[CLIENT] sent ACK 5023
[CLIENT] sent ACK 5047
[CLIENT] sent ACK 5072
[CLIENT] sent ACK 5097
[CLIENT] sent ACK 5120
[CLIENT] sent ACK 5141
[CLIENT] sent ACK 5168
[CLIENT] sent ACK 5190
[CLIENT] sent ACK 5214
[CLIENT] sent ACK 5237
[CLIENT] sent ACK 5257
[CLIENT] sent ACK 5281
[CLIENT] sent ACK 5304
[CLIENT] sent ACK 5328
[CLIENT] sent ACK 5352
[CLIENT] sent ACK 5376
[CLIENT] sent ACK 5401
[CLIENT] sent ACK 5424
[CLIENT] sent ACK 5449
[CLIENT] sent ACK 5472
[CLIENT] sent ACK 5498
[CLIENT] sent ACK 5523
[CLIENT] sent ACK 5548
[CLIENT] sent ACK 5573
[CLIENT] sent ACK 5598
[CLIENT] sent ACK 5620
[CLIENT] sent ACK 5643
[CLIENT] sent ACK 5668
[CLIENT] sent ACK 5691
[CLIENT] sent ACK 5715
[CLIENT] sent ACK 5737
[CLIENT] sent ACK 5761
[CLIENT] sent ACK 5787
[CLIENT] sent ACK 5811
[CLIENT] sent ACK 5835
[CLIENT] sent ACK 5858
[CLIENT] sent ACK 5883
[CLIENT] sent ACK 5909
[CLIENT] sent ACK 5934
[CLIENT] sent ACK 5956
[CLIENT] sent ACK 5978
[CLIENT] sent ACK 6003
[CLIENT] sent ACK 6027
[CLIENT] sent ACK 6052
[CLIENT] sent ACK 6076
[CLIENT] sent ACK 6099
[CLIENT] sent ACK 6124
[CLIENT] sent ACK 6148
[CLIENT] sent ACK 6173
[CLIENT] sent ACK 6198
[CLIENT] sent ACK 6220
[CLIENT] sent ACK 6245
[CLIENT] sent ACK 6270
[CLIENT] sent ACK 6295
[CLIENT] sent ACK 6320
[CLIENT] sent ACK 6341
[CLIENT] sent ACK 6366
[CLIENT] sent ACK 6389
[CLIENT] sent ACK 6414
[CLIENT] sent ACK 6438
[CLIENT] sent ACK 6461
[CLIENT] sent ACK 6484
[CLIENT] sent ACK 6508
[CLIENT] sent ACK 6532
[CLIENT] sent ACK 6555
[CLIENT] sent ACK 6578
[CLIENT] sent ACK 6602
[CLIENT] sent ACK 6626
[CLIENT] sent ACK 6652
[CLIENT] sent ACK 6677
[CLIENT] sent ACK 6699
[CLIENT] sent ACK 6724
[CLIENT] sent ACK 6747
[CLIENT] sent ACK 6772
[CLIENT] sent ACK 6795
[CLIENT] sent ACK 6819
[CLIENT] sent ACK 6842
[CLIENT] sent ACK 6866
[CLIENT] sent ACK 6890
[CLIENT] sent ACK 6916
[CLIENT] sent ACK 6936
[CLIENT] sent ACK 6960
[CLIENT] sent ACK 6983
[CLIENT] sent ACK 7007
[CLIENT] sent ACK 7031
[CLIENT] sent ACK 7055
[CLIENT] sent ACK 7078
[CLIENT] sent ACK 7103
[CLIENT] sent ACK 7127
[CLIENT] sent ACK 7151
[CLIENT] sent ACK 7174
[CLIENT] sent ACK 7199
[CLIENT] sent ACK 7221
[CLIENT] sent ACK 7247
[CLIENT] sent ACK 7271
[CLIENT] sent ACK 7294
[CLIENT] sent ACK 7317
[CLIENT] sent ACK 7340
[CLIENT] sent ACK 7365
[CLIENT] sent ACK 7389
[CLIENT] sent ACK 7411
[CLIENT] sent ACK 7436
[CLIENT] sent ACK 7462
[CLIENT] sent ACK 7486
[CLIENT] sent ACK 7510
[CLIENT] sent ACK 7533
[CLIENT] sent ACK 7557
[CLIENT] sent ACK 7582
[CLIENT] sent ACK 7606
[CLIENT] sent ACK 7630
[CLIENT] sent ACK 7653
[CLIENT] sent ACK 7677
[CLIENT] sent ACK 7699
[CLIENT] sent ACK 7724
[CLIENT] sent ACK 7749
[CLIENT] sent ACK 7774
[CLIENT] sent ACK 7798
[CLIENT] sent ACK 7822
[CLIENT] sent ACK 7845
[CLIENT] sent ACK 7870
[CLIENT] sent ACK 7895
[CLIENT] sent ACK 7920
[CLIENT] sent ACK 7944
[CLIENT] sent ACK 7967
[CLIENT] sent ACK 7992
[CLIENT] sent ACK 8013
[CLIENT] sent ACK 8037
[CLIENT] sent ACK 8061
[CLIENT] sent ACK 8085
[CLIENT] sent ACK 8108
[CLIENT] sent ACK 8131
[CLIENT] sent ACK 8157
[CLIENT] sent ACK 8181
[CLIENT] sent ACK 8205
[CLIENT] sent ACK 8229
[CLIENT] sent ACK 8251
[CLIENT] sent ACK 8276
[CLIENT] sent ACK 8301
[CLIENT] sent ACK 8325
[CLIENT] sent ACK 8350
[CLIENT] sent ACK 8373
[CLIENT] sent ACK 8398
[CLIENT] sent ACK 8420
[CLIENT] sent ACK 8446
[CLIENT] sent ACK 8470
[CLIENT] sent ACK 8495
[CLIENT] sent ACK 8519
[CLIENT] sent ACK 8544
[CLIENT] sent ACK 8567
[CLIENT] sent ACK 8591
[CLIENT] sent ACK 8615
[CLIENT] sent ACK 8640
[CLIENT] sent ACK 8664
[CLIENT] sent ACK 8688
[CLIENT] sent ACK 8714
[CLIENT] sent ACK 8737
[CLIENT] sent ACK 8761
[CLIENT] sent ACK 8784
[CLIENT] sent ACK 8807
[CLIENT] sent ACK 8832
[CLIENT] sent ACK 8857
[CLIENT] sent ACK 8881
[CLIENT] sent ACK 8906
[CLIENT] sent ACK 8932
[CLIENT] sent ACK 8957
[CLIENT] sent ACK 8978
[CLIENT] sent ACK 9002
[CLIENT] sent ACK 9026
[CLIENT] sent ACK 9049
[CLIENT] sent ACK 9074
[CLIENT] sent ACK 9095
[CLIENT] sent ACK 9119
[CLIENT] sent ACK 9145
[CLIENT] sent ACK 9169
[CLIENT] sent ACK 9194
[CLIENT] sent ACK 9217
[CLIENT] sent ACK 9243
[CLIENT] sent ACK 9267
[CLIENT] sent ACK 9290
[CLIENT] sent ACK 9315
[CLIENT] sent ACK 9338
[CLIENT] sent ACK 9363
[CLIENT] sent ACK 9388
[CLIENT] sent ACK 9413
[CLIENT] sent ACK 9436
[CLIENT] sent ACK 9462
[CLIENT] sent ACK 9488
[CLIENT] sent ACK 9511
[CLIENT] sent ACK 9534
[CLIENT] sent ACK 9559
[CLIENT] sent ACK 9581
[CLIENT] sent ACK 9604
[CLIENT] sent ACK 9627
[CLIENT] sent ACK 9652
[CLIENT] sent ACK 9676
[CLIENT] sent ACK 9699
[CLIENT] sent ACK 9723
[CLIENT] sent ACK 9746
[CLIENT] sent ACK 9771
[CLIENT] sent ACK 9795
[CLIENT] sent ACK 9819
[CLIENT] sent ACK 9845
[CLIENT] sent ACK 9870
[CLIENT] sent ACK 9895
[CLIENT] sent ACK 9919
[CLIENT] sent ACK 9942
[CLIENT] sent ACK 9965
[CLIENT] sent ACK 9989
[CLIENT] sent ACK 10013
[CLIENT] sent ACK 10038
[CLIENT] sent ACK 10059
[CLIENT] sent ACK 10082
[CLIENT] sent ACK 10106
[CLIENT] sent ACK 10129
[CLIENT] sent ACK 10153
[CLIENT] sent ACK 10176
[CLIENT] sent ACK 10199
[CLIENT] sent ACK 10223
[CLIENT] sent ACK 10246
[CLIENT] sent ACK 10269
[CLIENT] sent ACK 10291
[CLIENT] sent ACK 10314
[CLIENT] sent ACK 10337
[CLIENT] sent ACK 10361
[CLIENT] sent ACK 10384
[CLIENT] sent ACK 10407
[CLIENT] sent ACK 10431
[CLIENT] sent ACK 10454
[CLIENT] sent ACK 10477
[CLIENT] sent ACK 10503
[CLIENT] sent ACK 10525
[CLIENT] sent ACK 10550
[CLIENT] sent ACK 10574
[CLIENT] sent ACK 10599
[CLIENT] sent ACK 10624
[CLIENT] sent ACK 10649
[CLIENT] sent ACK 10674
[CLIENT] sent ACK 10699
[CLIENT] sent ACK 10724
[CLIENT] sent ACK 10748
[CLIENT] sent ACK 10771
[CLIENT] sent ACK 10796
[CLIENT] sent ACK 10819
[CLIENT] sent ACK 10845
[CLIENT] sent ACK 10869
[CLIENT] sent ACK 10891
[CLIENT] sent ACK 10917
[CLIENT] sent ACK 10940
[CLIENT] sent ACK 10966
[CLIENT] sent ACK 10986
[CLIENT] sent ACK 11006
[CLIENT] sent ACK 11033
[CLIENT] sent ACK 11059
[CLIENT] sent ACK 11083
[CLIENT] sent ACK 11108
[CLIENT] sent ACK 11131
[CLIENT] sent ACK 11158
[CLIENT] sent ACK 11182
[CLIENT] sent ACK 11206
[CLIENT] sent ACK 11231
[CLIENT] sent ACK 11255
[CLIENT] sent ACK 11279
[CLIENT] sent ACK 11303
[CLIENT] sent ACK 11326
[CLIENT] sent ACK 11349
[CLIENT] sent ACK 11371
[CLIENT] sent ACK 11395
[CLIENT] sent ACK 11419
[CLIENT] sent ACK 11445
[CLIENT] sent ACK 11470
[CLIENT] sent ACK 11492
[CLIENT] sent ACK 11517
[CLIENT] sent ACK 11541
[CLIENT] sent ACK 11566
[CLIENT] sent ACK 11589
[CLIENT] sent ACK 11611
[CLIENT] sent ACK 11634
[CLIENT] sent ACK 11657
[CLIENT] sent ACK 11679
[CLIENT] sent ACK 11703
[CLIENT] sent ACK 11725
[CLIENT] sent ACK 11749
[CLIENT] sent ACK 11772
[CLIENT] sent ACK 11795
[CLIENT] sent ACK 11819
[CLIENT] sent ACK 11842
[CLIENT] sent ACK 11866
[CLIENT] sent ACK 11891
[CLIENT] sent ACK 11914
[CLIENT] sent ACK 11939
[CLIENT] sent ACK 11961
[CLIENT] sent ACK 11986
[CLIENT] sent ACK 12009
[CLIENT] sent ACK 12033
[CLIENT] sent ACK 12057
[CLIENT] sent ACK 12081
[CLIENT] sent ACK 12105
[CLIENT] sent ACK 12129
[CLIENT] sent ACK 12152
[CLIENT] sent ACK 12176
[CLIENT] sent ACK 12199
[CLIENT] sent ACK 12224
[CLIENT] sent ACK 12249
[CLIENT] sent ACK 12273
[CLIENT] sent ACK 12299
[CLIENT] sent ACK 12321
[CLIENT] sent ACK 12347
[CLIENT] sent ACK 12372
[CLIENT] sent ACK 12400
[CLIENT] sent ACK 12424
[CLIENT] sent ACK 12445
[CLIENT] sent ACK 12472
[CLIENT] sent ACK 12495
[CLIENT] sent ACK 12521
[CLIENT] sent ACK 12546
[CLIENT] sent ACK 12573
[CLIENT] sent ACK 12598
[CLIENT] sent ACK 12624
[CLIENT] sent ACK 12648
[CLIENT] sent ACK 12671
[CLIENT] sent ACK 12695
[CLIENT] sent ACK 12721
[CLIENT] sent ACK 12745
[CLIENT] sent ACK 12769
[CLIENT] sent ACK 12792
[CLIENT] sent ACK 12815
[CLIENT] sent ACK 12840
[CLIENT] sent ACK 12864
[CLIENT] sent ACK 12887
[CLIENT] sent ACK 12911
[CLIENT] sent ACK 12933
[CLIENT] sent ACK 12955
[CLIENT] sent ACK 12978
[CLIENT] sent ACK 13003
[CLIENT] sent ACK 13028
[CLIENT] sent ACK 13050
[CLIENT] sent ACK 13073
[CLIENT] sent ACK 13097
[CLIENT] sent ACK 13121
[CLIENT] sent ACK 13146
[CLIENT] sent ACK 13167
[CLIENT] sent ACK 13192
[CLIENT] sent ACK 13214
[CLIENT] sent ACK 13237
[CLIENT] sent ACK 13260
[CLIENT] sent ACK 13282
[CLIENT] sent ACK 13305
[CLIENT] sent ACK 13330
[CLIENT] sent ACK 13355
[CLIENT] sent ACK 13379
[CLIENT] sent ACK 13403
[CLIENT] sent ACK 13426
[CLIENT] sent ACK 13452
[CLIENT] sent ACK 13476
[CLIENT] sent ACK 13500
[CLIENT] sent ACK 13526
[CLIENT] sent ACK 13549
[CLIENT] sent ACK 13572
[CLIENT] sent ACK 13596
[CLIENT] sent ACK 13619
[CLIENT] sent ACK 13640
[CLIENT] sent ACK 13664
[CLIENT] sent ACK 13687
[CLIENT] sent ACK 13711
[CLIENT] sent ACK 13736
[CLIENT] sent ACK 13758
[CLIENT] sent ACK 13785
[CLIENT] sent ACK 13811
[CLIENT] sent ACK 13836
[CLIENT] sent ACK 13860
[CLIENT] sent ACK 13885
[CLIENT] sent ACK 13911
[CLIENT] sent ACK 13936
[CLIENT] sent ACK 13961
[CLIENT] sent ACK 13986
[CLIENT] sent ACK 14008
[CLIENT] sent ACK 14031
[CLIENT] sent ACK 14055
[CLIENT] sent ACK 14079
[CLIENT] sent ACK 14102
[CLIENT] sent ACK 14124
[CLIENT] sent ACK 14149
[CLIENT] sent ACK 14173
[CLIENT] sent ACK 14197
[CLIENT] sent ACK 14221
[CLIENT] sent ACK 14246
[CLIENT] sent ACK 14270
[CLIENT] sent ACK 14295
[CLIENT] sent ACK 14320
[CLIENT] sent ACK 14346
[CLIENT] sent ACK 14369
[CLIENT] sent ACK 14393
[CLIENT] sent ACK 14418
[CLIENT] sent ACK 14442
[CLIENT] sent ACK 14466
[CLIENT] sent ACK 14490
[CLIENT] sent ACK 14514
[CLIENT] sent ACK 14538
[CLIENT] sent ACK 14564
[CLIENT] sent ACK 14587
[CLIENT] sent ACK 14611
[CLIENT] sent ACK 14635
[CLIENT] sent ACK 14657
[CLIENT] sent ACK 14680
[CLIENT] sent ACK 14702
[CLIENT] sent ACK 14723
[CLIENT] sent ACK 14747
[CLIENT] sent ACK 14772
[CLIENT] sent ACK 14797
[CLIENT] sent ACK 14822
[CLIENT] sent ACK 14845
[CLIENT] sent ACK 14869
[CLIENT] sent ACK 14892
[CLIENT] sent ACK 14916
[CLIENT] sent ACK 14939
[CLIENT] sent ACK 14963
[CLIENT] sent ACK 14989
[CLIENT] sent ACK 15013
[CLIENT] sent ACK 15036
[CLIENT] sent ACK 15060
[CLIENT] sent ACK 15083
[CLIENT] sent ACK 15109
[CLIENT] sent ACK 15133
[CLIENT] sent ACK 15157
[CLIENT] sent ACK 15183
[CLIENT] sent ACK 15208
[CLIENT] sent ACK 15232
[CLIENT] sent ACK 15257
[CLIENT] sent ACK 15282
[CLIENT] sent ACK 15305
[CLIENT] sent ACK 15329
[CLIENT] sent ACK 15354
[CLIENT] sent ACK 15378
[CLIENT] sent ACK 15401
[CLIENT] sent ACK 15425
[CLIENT] sent ACK 15449
[CLIENT] sent ACK 15472
[CLIENT] sent ACK 15496
[CLIENT] sent ACK 15520
[CLIENT] sent ACK 15543
[CLIENT] sent ACK 15566
[CLIENT] sent ACK 15593
[CLIENT] sent ACK 15618
[CLIENT] sent ACK 15643
[CLIENT] sent ACK 15669
[CLIENT] sent ACK 15690
[CLIENT] sent ACK 15715
[CLIENT] sent ACK 15738
[CLIENT] sent ACK 15761
[CLIENT] sent ACK 15786
[CLIENT] sent ACK 15809
[CLIENT] sent ACK 15836
[CLIENT] sent ACK 15861
[CLIENT] sent ACK 15888
[CLIENT] sent ACK 15912
[CLIENT] sent ACK 15934
[CLIENT] sent ACK 15960
[CLIENT] sent ACK 15985
[CLIENT] sent ACK 16010
[CLIENT] sent ACK 16033
[CLIENT] sent ACK 16059
[CLIENT] sent ACK 16085
[CLIENT] sent ACK 16111
[CLIENT] sent ACK 16135
[CLIENT] sent ACK 16159
[CLIENT] sent ACK 16184
[CLIENT] sent ACK 16210
[CLIENT] sent ACK 16234
[CLIENT] sent ACK 16258
[CLIENT] sent ACK 16281
[CLIENT] sent ACK 16305
[CLIENT] sent ACK 16329
[CLIENT] sent ACK 16354
[CLIENT] sent ACK 16380
[CLIENT] sent ACK 16401
[CLIENT] sent ACK 16426
[CLIENT] sent ACK 16449
[CLIENT] sent ACK 16472
[CLIENT] sent ACK 16497
[CLIENT] sent ACK 16518
[CLIENT] sent ACK 16541
[CLIENT] sent ACK 16565
[CLIENT] sent ACK 16590
[CLIENT] sent ACK 16613
[CLIENT] sent ACK 16638
[CLIENT] sent ACK 16663
[CLIENT] sent ACK 16691
[CLIENT] sent ACK 16716
[CLIENT] sent ACK 16740
[CLIENT] sent ACK 16763
[CLIENT] sent ACK 16787
[CLIENT] sent ACK 16813
[CLIENT] sent ACK 16838
[CLIENT] sent ACK 16861
[CLIENT] sent ACK 16886
[CLIENT] sent ACK 16907
[CLIENT] sent ACK 16930
[CLIENT] sent ACK 16955
[CLIENT] sent ACK 16980
[CLIENT] sent ACK 17004
[CLIENT] sent ACK 17027
[CLIENT] sent ACK 17053
[CLIENT] sent ACK 17074
[CLIENT] sent ACK 17098
[CLIENT] sent ACK 17121
[CLIENT] sent ACK 17144
[CLIENT] sent ACK 17168
[CLIENT] sent ACK 17193
[CLIENT] sent ACK 17217
[CLIENT] sent ACK 17242
[CLIENT] sent ACK 17266
[CLIENT] sent ACK 17291
[CLIENT] sent ACK 17314
[CLIENT] sent ACK 17338
[CLIENT] sent ACK 17363
[CLIENT] sent ACK 17387
[CLIENT] sent ACK 17412
[CLIENT] sent ACK 17436
[CLIENT] sent ACK 17462
[CLIENT] sent ACK 17486
[CLIENT] sent ACK 17507
[CLIENT] sent ACK 17531
[CLIENT] sent ACK 17555
[CLIENT] sent ACK 17579
[CLIENT] sent ACK 17602
[CLIENT] sent ACK 17625
[CLIENT] sent ACK 17651
[CLIENT] sent ACK 17675
[CLIENT] sent ACK 17700
[CLIENT] sent ACK 17724
[CLIENT] sent ACK 17747
[CLIENT] sent ACK 17771
[CLIENT] sent ACK 17796
[CLIENT] sent ACK 17819
[CLIENT] sent ACK 17844
[CLIENT] sent ACK 17868
[CLIENT] sent ACK 17892
[CLIENT] sent ACK 17916
[CLIENT] sent ACK 17940
[CLIENT] sent ACK 17966
[CLIENT] sent ACK 17990
[CLIENT] sent ACK 18015
[CLIENT] sent ACK 18040
[CLIENT] sent ACK 18062
[CLIENT] sent ACK 18085
[CLIENT] sent ACK 18109
[CLIENT] sent ACK 18133
[CLIENT] sent ACK 18158
[CLIENT] sent ACK 18181
[CLIENT] sent ACK 18205
[CLIENT] sent ACK 18226
[CLIENT] sent ACK 18249
[CLIENT] sent ACK 18272
[CLIENT] sent ACK 18299
[CLIENT] sent ACK 18324
[CLIENT] sent ACK 18346
[CLIENT] sent ACK 18370
[CLIENT] sent ACK 18394
[CLIENT] sent ACK 18417
[CLIENT] sent ACK 18441
[CLIENT] sent ACK 18463
[CLIENT] sent ACK 18491
[CLIENT] sent ACK 18516
[CLIENT] sent ACK 18541
[CLIENT] sent ACK 18566
[CLIENT] sent ACK 18589
[CLIENT] sent ACK 18615
[CLIENT] sent ACK 18637
[CLIENT] sent ACK 18663
[CLIENT] sent ACK 18690
[CLIENT] sent ACK 18713
[CLIENT] sent ACK 18738
[CLIENT] sent ACK 18759
[CLIENT] sent ACK 18783
[CLIENT] sent ACK 18805
[CLIENT] sent ACK 18829
[CLIENT] sent ACK 18854
[CLIENT] sent ACK 18878
[CLIENT] sent ACK 18903
[CLIENT] sent ACK 18929
[CLIENT] sent ACK 18950
[CLIENT] sent ACK 18973
[CLIENT] sent ACK 18997
[CLIENT] sent ACK 19021
[CLIENT] sent ACK 19044
[CLIENT] sent ACK 19068
[CLIENT] sent ACK 19092
[CLIENT] sent ACK 19119
[CLIENT] sent ACK 19145
[CLIENT] sent ACK 19170
[CLIENT] sent ACK 19194
[CLIENT] sent ACK 19220
[CLIENT] sent ACK 19245
[CLIENT] sent ACK 19271
[CLIENT] sent ACK 19292
[CLIENT] sent ACK 19315
[CLIENT] sent ACK 19339
[CLIENT] sent ACK 19361
[CLIENT] sent ACK 19385
[CLIENT] sent ACK 19412
[CLIENT] sent ACK 19435
[CLIENT] sent ACK 19460
[CLIENT] sent ACK 19485
[CLIENT] sent ACK 19506
[CLIENT] sent ACK 19530
[CLIENT] sent ACK 19553
[CLIENT] sent ACK 19577
[CLIENT] sent ACK 19604
[CLIENT] sent ACK 19625
[CLIENT] sent ACK 19649
[CLIENT] sent ACK 19668
[CLIENT] sent ACK 19694
[CLIENT] sent ACK 19720
[CLIENT] sent ACK 19746
[CLIENT] sent ACK 19771
[CLIENT] sent ACK 19795
[CLIENT] sent ACK 19820
[CLIENT] sent ACK 19846
[CLIENT] sent ACK 19870
[CLIENT] sent ACK 19895
[CLIENT] sent ACK 19917
[CLIENT] sent ACK 19940
[CLIENT] sent ACK 19965
[CLIENT] sent ACK 19989
[CLIENT] sent ACK 20014
[CLIENT] sent ACK 20037
[CLIENT] sent ACK 20061
[CLIENT] sent ACK 20085
[CLIENT] sent ACK 20108
[CLIENT] sent ACK 20134
[CLIENT] sent ACK 20156
[CLIENT] sent ACK 20179
[CLIENT] sent ACK 20201
[CLIENT] sent ACK 20226
[CLIENT] sent ACK 20249
[CLIENT] sent ACK 20272
[CLIENT] sent ACK 20296
[CLIENT] sent ACK 20319
[CLIENT] sent ACK 20344
[CLIENT] sent ACK 20368
[CLIENT] sent ACK 20390
[CLIENT] sent ACK 20415
[CLIENT] sent ACK 20440
[CLIENT] sent ACK 20464
[CLIENT] sent ACK 20490
[CLIENT] sent ACK 20513
[CLIENT] sent ACK 20539
[CLIENT] sent ACK 20563
[CLIENT] sent ACK 20587
[CLIENT] sent ACK 20611
[CLIENT] sent ACK 20634
[CLIENT] sent ACK 20658
[CLIENT] sent ACK 20683
[CLIENT] sent ACK 20707
[CLIENT] sent ACK 20731
[CLIENT] sent ACK 20754
[CLIENT] sent ACK 20780
[CLIENT] sent ACK 20805
[CLIENT] sent ACK 20828
[CLIENT] sent ACK 20852
[CLIENT] sent ACK 20874
[CLIENT] sent ACK 20898
[CLIENT] sent ACK 20922
[CLIENT] sent ACK 20945
[CLIENT] sent ACK 20968
[CLIENT] sent ACK 20992
[CLIENT] sent ACK 21017
[CLIENT] sent ACK 21042
[CLIENT] sent ACK 21064
[CLIENT] sent ACK 21088
[CLIENT] sent ACK 21111
[CLIENT] sent ACK 21136
[CLIENT] sent ACK 21161
[CLIENT] sent ACK 21184
[CLIENT] sent ACK 21211
[CLIENT] sent ACK 21233
[CLIENT] sent ACK 21259
[CLIENT] sent ACK 21284
[CLIENT] sent ACK 21308
[CLIENT] sent ACK 21333
[CLIENT] sent ACK 21357
[CLIENT] sent ACK 21381
[CLIENT] sent ACK 21405
[CLIENT] sent ACK 21430
[CLIENT] sent ACK 21455
[CLIENT] sent ACK 21477
[CLIENT] sent ACK 21501
[CLIENT] sent ACK 21525
[CLIENT] sent ACK 21547
[CLIENT] sent ACK 21571
[CLIENT] sent ACK 21594
[CLIENT] sent ACK 21617
[CLIENT] sent ACK 21642
[CLIENT] sent ACK 21667
[CLIENT] sent ACK 21691
[CLIENT] sent ACK 21714
[CLIENT] sent ACK 21737
[CLIENT] sent ACK 21760
[CLIENT] sent ACK 21783
[CLIENT] sent ACK 21807
[CLIENT] sent ACK 21831
[CLIENT] sent ACK 21856
[CLIENT] sent ACK 21882
[CLIENT] sent ACK 21907
[CLIENT] sent ACK 21933
[CLIENT] sent ACK 21957
[CLIENT] sent ACK 21983
[CLIENT] sent ACK 22007
[CLIENT] sent ACK 22034
[CLIENT] sent ACK 22058
[CLIENT] sent ACK 22081
[CLIENT] sent ACK 22106
[CLIENT] sent ACK 22127
[CLIENT] sent ACK 22150
[CLIENT] sent ACK 22174
[CLIENT] sent ACK 22197
[CLIENT] sent ACK 22222
[CLIENT] sent ACK 22247
[CLIENT] sent ACK 22272
[CLIENT] sent ACK 22294
[CLIENT] sent ACK 22316
[CLIENT] sent ACK 22339
[CLIENT] sent ACK 22363
[CLIENT] sent ACK 22388
[CLIENT] sent ACK 22411
[CLIENT] sent ACK 22435
[CLIENT] sent ACK 22458
[CLIENT] sent ACK 22481
[CLIENT] sent ACK 22504
[CLIENT] sent ACK 22528
[CLIENT] sent ACK 22551
[CLIENT] sent ACK 22574
[CLIENT] sent ACK 22598
[CLIENT] sent ACK 22623
[CLIENT] sent ACK 22646
[CLIENT] sent ACK 22669
[CLIENT] sent ACK 22694
[CLIENT] sent ACK 22718
[CLIENT] sent ACK 22742
[CLIENT] sent ACK 22766
[CLIENT] sent ACK 22789
[CLIENT] sent ACK 22814
[CLIENT] sent ACK 22837
[CLIENT] sent ACK 22862
[CLIENT] sent ACK 22885
[CLIENT] sent ACK 22908
[CLIENT] sent ACK 22932
[CLIENT] sent ACK 22958
[CLIENT] sent ACK 22983
[CLIENT] sent ACK 23008
[CLIENT] sent ACK 23031
[CLIENT] sent ACK 23056
[CLIENT] sent ACK 23081
[CLIENT] sent ACK 23104
[CLIENT] sent ACK 23128
[CLIENT] sent ACK 23150
[CLIENT] sent ACK 23174
[CLIENT] sent ACK 23197
[CLIENT] sent ACK 23222
[CLIENT] sent ACK 23246
[CLIENT] sent ACK 23269
[CLIENT] sent ACK 23293
[CLIENT] sent ACK 23318
[CLIENT] sent ACK 23341
[CLIENT] sent ACK 23367
[CLIENT] sent ACK 23392
[CLIENT] sent ACK 23416
[CLIENT] sent ACK 23441
[CLIENT] sent ACK 23465
[CLIENT] sent ACK 23488
[CLIENT] sent ACK 23512
[CLIENT] sent ACK 23536
[CLIENT] sent ACK 23559
[CLIENT] sent ACK 23583
[CLIENT] sent ACK 23608
[CLIENT] sent ACK 23631
[CLIENT] sent ACK 23655
[CLIENT] sent ACK 23679
[CLIENT] sent ACK 23704
[CLIENT] sent ACK 23728
[CLIENT] sent ACK 23752
[CLIENT] sent ACK 23777
[CLIENT] sent ACK 23803
[CLIENT] sent ACK 23827
[CLIENT] sent ACK 23850
[CLIENT] sent ACK 23874
[CLIENT] sent ACK 23897
[CLIENT] sent ACK 23920
[CLIENT] sent ACK 23945
[CLIENT] sent ACK 23971
[CLIENT] sent ACK 23994
[CLIENT] sent ACK 24018
[CLIENT] sent ACK 24044
[CLIENT] sent ACK 24068
[CLIENT] sent ACK 24093
[CLIENT] sent ACK 24115
[CLIENT] sent ACK 24140
[CLIENT] sent ACK 24165
[CLIENT] sent ACK 24188
[CLIENT] sent ACK 24211
[CLIENT] sent ACK 24232
[CLIENT] sent ACK 24255
[CLIENT] sent ACK 24280
[CLIENT] sent ACK 24304
[CLIENT] sent ACK 24327
[CLIENT] sent ACK 24351
[CLIENT] sent ACK 24375
[CLIENT] sent ACK 24399
[CLIENT] sent ACK 24424
[CLIENT] sent ACK 24447
[CLIENT] sent ACK 24470
[CLIENT] sent ACK 24495
[CLIENT] sent ACK 24520
[CLIENT] sent ACK 24545
[CLIENT] sent ACK 24569
[CLIENT] sent ACK 24591
[CLIENT] sent ACK 24616
[CLIENT] sent ACK 24640
[CLIENT] sent ACK 24662
[CLIENT] sent ACK 24687
[CLIENT] sent ACK 24710
[CLIENT] sent ACK 24734
[CLIENT] sent ACK 24760
[CLIENT] sent ACK 24783
[CLIENT] sent ACK 24807
[CLIENT] sent ACK 24830
[CLIENT] sent ACK 24852
[CLIENT] sent ACK 24877
[CLIENT] sent ACK 24902
[CLIENT] sent ACK 24925
[CLIENT] sent ACK 24949
[CLIENT] sent ACK 24974
[CLIENT] sent ACK 24997
[CLIENT] sent ACK 25022
[CLIENT] sent ACK 25045
[CLIENT] sent ACK 25068
[CLIENT] sent ACK 25091
[CLIENT] sent ACK 25115
[CLIENT] sent ACK 25140
[CLIENT] sent ACK 25165
[CLIENT] sent ACK 25188
[CLIENT] sent ACK 25214
[CLIENT] sent ACK 25237
[CLIENT] sent ACK 25262
[CLIENT] sent ACK 25287
[CLIENT] sent ACK 25310
[CLIENT] sent ACK 25334
[CLIENT] sent ACK 25358
[CLIENT] sent ACK 25383
[CLIENT] sent ACK 25410
[CLIENT] sent ACK 25433
[CLIENT] sent ACK 25457
[CLIENT] sent ACK 25480
[CLIENT] sent ACK 25504
[CLIENT] sent ACK 25530
[CLIENT] sent ACK 25553
[CLIENT] sent ACK 25578
[CLIENT] sent ACK 25601
[CLIENT] sent ACK 25624
[CLIENT] sent ACK 25648
[CLIENT] sent ACK 25671
[CLIENT] sent ACK 25696
[CLIENT] sent ACK 25720
[CLIENT] sent ACK 25746
[CLIENT] sent ACK 25770
[CLIENT] sent ACK 25793
[CLIENT] sent ACK 25818
[CLIENT] sent ACK 25841
[CLIENT] sent ACK 25866
[CLIENT] sent ACK 25889
[CLIENT] sent ACK 25913
[CLIENT] sent ACK 25938
[CLIENT] sent ACK 25962
[CLIENT] sent ACK 25985
[CLIENT] sent ACK 26010
[CLIENT] sent ACK 26033
[CLIENT] sent ACK 26056
[CLIENT] sent ACK 26079
[CLIENT] sent ACK 26103
[CLIENT] sent ACK 26127
[CLIENT] sent ACK 26148
[CLIENT] sent ACK 26173
[CLIENT] sent ACK 26198
[CLIENT] sent ACK 26221
[CLIENT] sent ACK 26246
[CLIENT] sent ACK 26269
[CLIENT] sent ACK 26294
[CLIENT] sent ACK 26318
[CLIENT] sent ACK 26343
[CLIENT] sent ACK 26368
[CLIENT] sent ACK 26390
[CLIENT] sent ACK 26414
[CLIENT] sent ACK 26438
[CLIENT] sent ACK 26461
[CLIENT] sent ACK 26486
[CLIENT] sent ACK 26509
[CLIENT] sent ACK 26533
[CLIENT] sent ACK 26558
[CLIENT] sent ACK 26582
[CLIENT] sent ACK 26608
[CLIENT] sent ACK 26633
[CLIENT] sent ACK 26659
[CLIENT] sent ACK 26681
[CLIENT] sent ACK 26707
[CLIENT] sent ACK 26732
[CLIENT] sent ACK 26754
[CLIENT] sent ACK 26777
[CLIENT] sent ACK 26803
[CLIENT] sent ACK 26828
[CLIENT] sent ACK 26851
[CLIENT] sent ACK 26876
[CLIENT] sent ACK 26901
[CLIENT] sent ACK 26924
[CLIENT] sent ACK 26947
[CLIENT] sent ACK 26971
[CLIENT] sent ACK 26993
[CLIENT] sent ACK 27018
[CLIENT] sent ACK 27044
[CLIENT] sent ACK 27066
[CLIENT] sent ACK 27089
[CLIENT] sent ACK 27111
[CLIENT] sent ACK 27137
[CLIENT] sent ACK 27163
[CLIENT] sent ACK 27188
[CLIENT] sent ACK 27213
[CLIENT] sent ACK 27236
[CLIENT] sent ACK 27263
[CLIENT] sent ACK 27287
[CLIENT] sent ACK 27311
[CLIENT] sent ACK 27334
[CLIENT] sent ACK 27358
[CLIENT] sent ACK 27382
[CLIENT] sent ACK 27407
[CLIENT] sent ACK 27433
[CLIENT] sent ACK 27458
[CLIENT] sent ACK 27479
[CLIENT] sent ACK 27501
[CLIENT] sent ACK 27527
[CLIENT] sent ACK 27552
[CLIENT] sent ACK 27575
[CLIENT] sent ACK 27598
[CLIENT] sent ACK 27621
[CLIENT] sent ACK 27644
[CLIENT] sent ACK 27670
[CLIENT] sent ACK 27695
[CLIENT] sent ACK 27718
[CLIENT] sent ACK 27742
[CLIENT] sent ACK 27766
[CLIENT] sent ACK 27790
[CLIENT] sent ACK 27810
[CLIENT] sent ACK 27834
[CLIENT] sent ACK 27858
[CLIENT] sent ACK 27884
[CLIENT] sent ACK 27910
[CLIENT] sent ACK 27935
[CLIENT] sent ACK 27959
[CLIENT] sent ACK 27982
[CLIENT] sent ACK 28006
[CLIENT] sent ACK 28030
[CLIENT] sent ACK 28053
[CLIENT] sent ACK 28074
[CLIENT] sent ACK 28099
[CLIENT] sent ACK 28122
[CLIENT] sent ACK 28148
[CLIENT] sent ACK 28175
[CLIENT] sent ACK 28200
[CLIENT] sent ACK 28224
[CLIENT] sent ACK 28250
[CLIENT] sent ACK 28275
[CLIENT] sent ACK 28298
[CLIENT] sent ACK 28320
[CLIENT] sent ACK 28345
[CLIENT] sent ACK 28367
[CLIENT] sent ACK 28393
[CLIENT] sent ACK 28416
[CLIENT] sent ACK 28438
[CLIENT] sent ACK 28462
[CLIENT] sent ACK 28487
[CLIENT] sent ACK 28511
[CLIENT] sent ACK 28536
[CLIENT] sent ACK 28557
[CLIENT] sent ACK 28579
[CLIENT] sent ACK 28604
[CLIENT] sent ACK 28628
[CLIENT] sent ACK 28654
[CLIENT] sent ACK 28678
[CLIENT] sent ACK 28703
[CLIENT] sent ACK 28727
[CLIENT] sent ACK 28752
[CLIENT] sent ACK 28776
[CLIENT] sent ACK 28802
[CLIENT] sent ACK 28827
[CLIENT] sent ACK 28852
[CLIENT] sent ACK 28877
[CLIENT] sent ACK 28900
[CLIENT] sent ACK 28924
[CLIENT] sent ACK 28950
[CLIENT] sent ACK 28973
[CLIENT] sent ACK 28995
[CLIENT] sent ACK 29017
[CLIENT] sent ACK 29040
[CLIENT] sent ACK 29066
[CLIENT] sent ACK 29089
[CLIENT] sent ACK 29113
[CLIENT] sent ACK 29135
[CLIENT] sent ACK 29159
[CLIENT] sent ACK 29184
[CLIENT] sent ACK 29211
[CLIENT] sent ACK 29237
[CLIENT] sent ACK 29260
[CLIENT] sent ACK 29283
[CLIENT] sent ACK 29308
[CLIENT] sent ACK 29331
[CLIENT] sent ACK 29355
[CLIENT] sent ACK 29379
[CLIENT] sent ACK 29403
[CLIENT] sent ACK 29430
[CLIENT] sent ACK 29457
[CLIENT] sent ACK 29481
[CLIENT] sent ACK 29505
[CLIENT] sent ACK 29529
[CLIENT] sent ACK 29553
[CLIENT] sent ACK 29578
[CLIENT] sent ACK 29603
[CLIENT] sent ACK 29626
[CLIENT] sent ACK 29651
[CLIENT] sent ACK 29677
[CLIENT] sent ACK 29703
[CLIENT] sent ACK 29729
[CLIENT] sent ACK 29753
[CLIENT] sent ACK 29778
[CLIENT] sent ACK 29804
[CLIENT] sent ACK 29829
[CLIENT] sent ACK 29853
[CLIENT] sent ACK 29877
[CLIENT] sent ACK 29903
[CLIENT] sent ACK 29929
[CLIENT] sent ACK 29952
[CLIENT] sent ACK 29977
[CLIENT] sent ACK 30002
[CLIENT] sent ACK 30025
[CLIENT] sent ACK 30050
[CLIENT] sent ACK 30075
[CLIENT] sent ACK 30098
[CLIENT] sent ACK 30123
[CLIENT] sent ACK 30147
[CLIENT] sent ACK 30172
[CLIENT] sent ACK 30196
[CLIENT] sent ACK 30220
[CLIENT] sent ACK 30243
[CLIENT] sent ACK 30268
[CLIENT] sent ACK 30293
[CLIENT] sent ACK 30316
[CLIENT] sent ACK 30341
[CLIENT] sent ACK 30365
[CLIENT] sent ACK 30386
[CLIENT] sent ACK 30411
[CLIENT] sent ACK 30439
[CLIENT] sent ACK 30463
[CLIENT] sent ACK 30485
[CLIENT] sent ACK 30508
[CLIENT] sent ACK 30535
[CLIENT] sent ACK 30558
[CLIENT] sent ACK 30583
[CLIENT] sent ACK 30608
[CLIENT] sent ACK 30631
[CLIENT] sent ACK 30657
[CLIENT] sent ACK 30682
[CLIENT] sent ACK 30707
[CLIENT] sent ACK 30729
[CLIENT] sent ACK 30751
[CLIENT] sent ACK 30773
[CLIENT] sent ACK 30797
[CLIENT] sent ACK 30821
[CLIENT] sent ACK 30845
[CLIENT] sent ACK 30869
[CLIENT] sent ACK 30894
[CLIENT] sent ACK 30917
[CLIENT] sent ACK 30941
[CLIENT] sent ACK 30966
[CLIENT] sent ACK 30991
[CLIENT] sent ACK 31017
[CLIENT] sent ACK 31040
[CLIENT] sent ACK 31064
[CLIENT] sent ACK 31087
[CLIENT] sent ACK 31110
[CLIENT] sent ACK 31135
[CLIENT] sent ACK 31161
[CLIENT] sent ACK 31186
[CLIENT] sent ACK 31213
[CLIENT] sent ACK 31234
[CLIENT] sent ACK 31261
[CLIENT] sent ACK 31285
[CLIENT] sent ACK 31310
[CLIENT] sent ACK 31335
[CLIENT] sent ACK 31357
[CLIENT] sent ACK 31383
[CLIENT] sent ACK 31409
[CLIENT] sent ACK 31435
[CLIENT] sent ACK 31456
[CLIENT] sent ACK 31478
[CLIENT] sent ACK 31499
[CLIENT] sent ACK 31523
[CLIENT] sent ACK 31547
[CLIENT] sent ACK 31570
[CLIENT] sent ACK 31593
[CLIENT] sent ACK 31617
[CLIENT] sent ACK 31640
[CLIENT] sent ACK 31665
[CLIENT] sent ACK 31691
[CLIENT] sent ACK 31715
[CLIENT] sent ACK 31740
[CLIENT] sent ACK 31764
[CLIENT] sent ACK 31788
[CLIENT] sent ACK 31813
[CLIENT] sent ACK 31836
[CLIENT] sent ACK 31860
[CLIENT] sent ACK 31883
[CLIENT] sent ACK 31906
[CLIENT] sent ACK 31929
[CLIENT] sent ACK 31951
[CLIENT] sent ACK 31974
[CLIENT] sent ACK 31996
[CLIENT] sent ACK 32020
[CLIENT] sent ACK 32043
[CLIENT] sent ACK 32064
[CLIENT] sent ACK 32090
[CLIENT] sent ACK 32115
[CLIENT] sent ACK 32140
[CLIENT] sent ACK 32165
[CLIENT] sent ACK 32188
[CLIENT] sent ACK 32212
[CLIENT] sent ACK 32235
[CLIENT] sent ACK 32260
[CLIENT] sent ACK 32284
[CLIENT] sent ACK 32309
[CLIENT] sent ACK 32332
[CLIENT] sent ACK 32356
[CLIENT] sent ACK 32380
[CLIENT] sent ACK 32404
[CLIENT] sent ACK 32427
[CLIENT] sent ACK 32451
[CLIENT] sent ACK 32476
[CLIENT] sent ACK 32502
[CLIENT] sent ACK 32528
[CLIENT] sent ACK 32554
[CLIENT] sent ACK 32576
[CLIENT] sent ACK 32599
[CLIENT] sent ACK 32623
[CLIENT] sent ACK 32647
[CLIENT] sent ACK 32670
[CLIENT] sent ACK 32695
[CLIENT] sent ACK 32720
[CLIENT] sent ACK 32741
[CLIENT] sent ACK 32767
[CLIENT] sent ACK 32792
[CLIENT] sent ACK 32817
[CLIENT] sent ACK 32844
[CLIENT] sent ACK 32870
[CLIENT] sent ACK 32894
[CLIENT] sent ACK 32919
[CLIENT] sent ACK 32943
[CLIENT] sent ACK 32968
[CLIENT] sent ACK 32993
[CLIENT] sent ACK 33017
[CLIENT] sent ACK 33041
[CLIENT] sent ACK 33065
[CLIENT] sent ACK 33087
[CLIENT] sent ACK 33109
[CLIENT] sent ACK 33133
[CLIENT] sent ACK 33156
[CLIENT] sent ACK 33178
[CLIENT] sent ACK 33201
[CLIENT] sent ACK 33225
[CLIENT] sent ACK 33249
[CLIENT] sent ACK 33272
[CLIENT] sent ACK 33295
[CLIENT] sent ACK 33318
[CLIENT] sent ACK 33344
[CLIENT] sent ACK 33368
[CLIENT] sent ACK 33391
[CLIENT] sent ACK 33414
[CLIENT] sent ACK 33439
[CLIENT] sent ACK 33464
[CLIENT] sent ACK 33490
[CLIENT] sent ACK 33513
[CLIENT] sent ACK 33537
[CLIENT] sent ACK 33561
[CLIENT] sent ACK 33587
[CLIENT] sent ACK 33612
[CLIENT] sent ACK 33633
[CLIENT] sent ACK 33657
[CLIENT] sent ACK 33681
[CLIENT] sent ACK 33704
[CLIENT] sent ACK 33728
[CLIENT] sent ACK 33753
[CLIENT] sent ACK 33777
[CLIENT] sent ACK 33803
[CLIENT] sent ACK 33827
[CLIENT] sent ACK 33851
[CLIENT] sent ACK 33875
[CLIENT] sent ACK 33901
[CLIENT] sent ACK 33924
[CLIENT] sent ACK 33947
[CLIENT] sent ACK 33970
[CLIENT] sent ACK 33991
[CLIENT] sent ACK 34013
[CLIENT] sent ACK 34036
[CLIENT] sent ACK 34063
[CLIENT] sent ACK 34088
[CLIENT] sent ACK 34111
[CLIENT] sent ACK 34136
[CLIENT] sent ACK 34161
[CLIENT] sent ACK 34184
[CLIENT] sent ACK 34208
[CLIENT] sent ACK 34230
[CLIENT] sent ACK 34255
[CLIENT] sent ACK 34280
[CLIENT] sent ACK 34305
[CLIENT] sent ACK 34330
[CLIENT] sent ACK 34354
[CLIENT] sent ACK 34377
[CLIENT] sent ACK 34402
[CLIENT] sent ACK 34425
[CLIENT] sent ACK 34449
[CLIENT] sent ACK 34470
[CLIENT] sent ACK 34494
[CLIENT] sent ACK 34519
[CLIENT] sent ACK 34544
[CLIENT] sent ACK 34568
[CLIENT] sent ACK 34592
[CLIENT] sent ACK 34617
[CLIENT] sent ACK 34642
[CLIENT] sent ACK 34666
[CLIENT] sent ACK 34689
[CLIENT] sent ACK 34713
[CLIENT] sent ACK 34738
[CLIENT] sent ACK 34762
[CLIENT] sent ACK 34785
[CLIENT] sent ACK 34810
[CLIENT] sent ACK 34835
[CLIENT] sent ACK 34858
[CLIENT] sent ACK 34882
[CLIENT] sent ACK 34908
[CLIENT] sent ACK 34935
[CLIENT] sent ACK 34959
[CLIENT] sent ACK 34982
[CLIENT] sent ACK 35006
[CLIENT] sent ACK 35031
[CLIENT] sent ACK 35056
[CLIENT] sent ACK 35077
[CLIENT] sent ACK 35100
[CLIENT] sent ACK 35123
[CLIENT] sent ACK 35148
[CLIENT] sent ACK 35171
[CLIENT] sent ACK 35195
[CLIENT] sent ACK 35221
[CLIENT] sent ACK 35242
[CLIENT] sent ACK 35266
[CLIENT] sent ACK 35290
[CLIENT] sent ACK 35313
[CLIENT] sent ACK 35337
[CLIENT] sent ACK 35362
[CLIENT] sent ACK 35386
[CLIENT] sent ACK 35411
[CLIENT] sent ACK 35435
[CLIENT] sent ACK 35460
[CLIENT] sent ACK 35484
[CLIENT] sent ACK 35508
[CLIENT] sent ACK 35533
[CLIENT] sent ACK 35556
[CLIENT] sent ACK 35579
[CLIENT] sent ACK 35604
[CLIENT] sent ACK 35628
[CLIENT] sent ACK 35652
[CLIENT] sent ACK 35676
[CLIENT] sent ACK 35701
[CLIENT] sent ACK 35725
[CLIENT] sent ACK 35750
[CLIENT] sent ACK 35773
[CLIENT] sent ACK 35793
[CLIENT] sent ACK 35817
[CLIENT] sent ACK 35843
[CLIENT] sent ACK 35867
[CLIENT] sent ACK 35891
[CLIENT] sent ACK 35915
[CLIENT] sent ACK 35936
[CLIENT] sent ACK 35962
[CLIENT] sent ACK 35986
[CLIENT] sent ACK 36011
[CLIENT] sent ACK 36033
[CLIENT] sent ACK 36057
[CLIENT] sent ACK 36082
[CLIENT] sent ACK 36108
[CLIENT] sent ACK 36132
[CLIENT] sent ACK 36154
[CLIENT] sent ACK 36179
[CLIENT] sent ACK 36204
[CLIENT] sent ACK 36231
[CLIENT] sent ACK 36257
[CLIENT] sent ACK 36282
[CLIENT] sent ACK 36306
[CLIENT] sent ACK 36331
[CLIENT] sent ACK 36358
[CLIENT] sent ACK 36382
[CLIENT] sent ACK 36405
[CLIENT] sent ACK 36429
[CLIENT] sent ACK 36452
[CLIENT] sent ACK 36476
[CLIENT] sent ACK 36500
[CLIENT] sent ACK 36526
[CLIENT] sent ACK 36551
[CLIENT] sent ACK 36576
[CLIENT] sent ACK 36600
[CLIENT] sent ACK 36624
[CLIENT] sent ACK 36650
[CLIENT] sent ACK 36675
[CLIENT] sent ACK 36700
[CLIENT] sent ACK 36725
[CLIENT] sent ACK 36748
[CLIENT] sent ACK 36773
[CLIENT] sent ACK 36799
[CLIENT] sent ACK 36823
[CLIENT] sent ACK 36849
[CLIENT] sent ACK 36874
[CLIENT] sent ACK 36898
[CLIENT] sent ACK 36922
[CLIENT] sent ACK 36946
[CLIENT] sent ACK 36973
[CLIENT] sent ACK 36996
[CLIENT] sent ACK 37022
[CLIENT] sent ACK 37047
[CLIENT] sent ACK 37073
[CLIENT] sent ACK 37098
[CLIENT] sent ACK 37122
[CLIENT] sent ACK 37147
[CLIENT] sent ACK 37173
[CLIENT] sent ACK 37199
[CLIENT] sent ACK 37224
[CLIENT] sent ACK 37248
[CLIENT] sent ACK 37271
[CLIENT] sent ACK 37298
[CLIENT] sent ACK 37323
[CLIENT] sent ACK 37349
[CLIENT] sent ACK 37370
[CLIENT] sent ACK 37394
[CLIENT] sent ACK 37417
[CLIENT] sent ACK 37443
[CLIENT] sent ACK 37470
[CLIENT] sent ACK 37496
[CLIENT] sent ACK 37522
[CLIENT] sent ACK 37547
[CLIENT] sent ACK 37572
[CLIENT] sent ACK 37598
[CLIENT] sent ACK 37622
[CLIENT] sent ACK 37645
[CLIENT] sent ACK 37669
[CLIENT] sent ACK 37694
[CLIENT] sent ACK 37717
[CLIENT] sent ACK 37741
[CLIENT] sent ACK 37766
[CLIENT] sent ACK 37790
[CLIENT] sent ACK 37815
[CLIENT] sent ACK 37839
[CLIENT] sent ACK 37862
[CLIENT] sent ACK 37887
[CLIENT] sent ACK 37911
[CLIENT] sent ACK 37934
[CLIENT] sent ACK 37958
[CLIENT] sent ACK 37983
[CLIENT] sent ACK 38008
[CLIENT] sent ACK 38033
[CLIENT] sent ACK 38055
[CLIENT] sent ACK 38080
[CLIENT] sent ACK 38104
[CLIENT] sent ACK 38126
[CLIENT] sent ACK 38150
[CLIENT] sent ACK 38177
[CLIENT] sent ACK 38202
[CLIENT] sent ACK 38227
[CLIENT] sent ACK 38250
[CLIENT] sent ACK 38274
[CLIENT] sent ACK 38299
[CLIENT] sent ACK 38324
[CLIENT] sent ACK 38349
[CLIENT] sent ACK 38374
[CLIENT] sent ACK 38399
[CLIENT] sent ACK 38424
[CLIENT] sent ACK 38449
[CLIENT] sent ACK 38472
[CLIENT] sent ACK 38498
[CLIENT] sent ACK 38522
[CLIENT] sent ACK 38546
[CLIENT] sent ACK 38569
[CLIENT] sent ACK 38593
[CLIENT] sent ACK 38620
[CLIENT] sent ACK 38643
[CLIENT] sent ACK 38668
[CLIENT] sent ACK 38692
[CLIENT] sent ACK 38714
[CLIENT] sent ACK 38739
[CLIENT] sent ACK 38763
[CLIENT] sent ACK 38788
[CLIENT] sent ACK 38812
[CLIENT] sent ACK 38836
[CLIENT] sent ACK 38857
[CLIENT] sent ACK 38881
[CLIENT] sent ACK 38905
[CLIENT] sent ACK 38929
[CLIENT] sent ACK 38953
[CLIENT] sent ACK 38976
[CLIENT] sent ACK 39002
[CLIENT] sent ACK 39026
[CLIENT] sent ACK 39050
[CLIENT] sent ACK 39074
[CLIENT] sent ACK 39098
[CLIENT] sent ACK 39124
[CLIENT] sent ACK 39148
[CLIENT] sent ACK 39172
[CLIENT] sent ACK 39196
[CLIENT] sent ACK 39219
[CLIENT] sent ACK 39246
[CLIENT] sent ACK 39268
[CLIENT] sent ACK 39292
[CLIENT] sent ACK 39315
[CLIENT] sent ACK 39337
[CLIENT] sent ACK 39360
[CLIENT] sent ACK 39384
[CLIENT] sent ACK 39408
[CLIENT] sent ACK 39434
[CLIENT] sent ACK 39457
[CLIENT] sent ACK 39483
[CLIENT] sent ACK 39507
[CLIENT] sent ACK 39531
[CLIENT] sent ACK 39556
[CLIENT] sent ACK 39578
[CLIENT] sent ACK 39605
[CLIENT] sent ACK 39630
[CLIENT] sent ACK 39655
[CLIENT] sent ACK 39680
[CLIENT] sent ACK 39703
[CLIENT] sent ACK 39725
[CLIENT] sent ACK 39749
[CLIENT] sent ACK 39774
[CLIENT] sent ACK 39798
[CLIENT] sent ACK 39821
[CLIENT] sent ACK 39846
[CLIENT] sent ACK 39870
[CLIENT] sent ACK 39894
[CLIENT] sent ACK 39917
[CLIENT] sent ACK 39940
[CLIENT] sent ACK 39962
[CLIENT] sent ACK 39987
[CLIENT] sent ACK 40011
[CLIENT] sent ACK 40035
[CLIENT] sent ACK 40059
[CLIENT] sent ACK 40084
[CLIENT] sent ACK 40108
[CLIENT] sent ACK 40134
[CLIENT] sent ACK 40157
[CLIENT] sent ACK 40178
[CLIENT] sent ACK 40201
[CLIENT] sent ACK 40226
[CLIENT] sent ACK 40253
[CLIENT] sent ACK 40277
[CLIENT] sent ACK 40300
[CLIENT] sent ACK 40324
[CLIENT] sent ACK 40346
[CLIENT] sent ACK 40370
[CLIENT] sent ACK 40393
[CLIENT] sent ACK 40414
[CLIENT] sent ACK 40439
[CLIENT] sent ACK 40463
[CLIENT] sent ACK 40487
[CLIENT] sent ACK 40512
[CLIENT] sent ACK 40537
[CLIENT] sent ACK 40561
[CLIENT] sent ACK 40585
[CLIENT] sent ACK 40608
[CLIENT] sent ACK 40633
[CLIENT] sent ACK 40659
[CLIENT] sent ACK 40684
[CLIENT] sent ACK 40706
[CLIENT] sent ACK 40730
[CLIENT] sent ACK 40753
[CLIENT] sent ACK 40779
[CLIENT] sent ACK 40805
[CLIENT] sent ACK 40829
[CLIENT] sent ACK 40854
[CLIENT] sent ACK 40879
[CLIENT] sent ACK 40902
[CLIENT] sent ACK 40926
[CLIENT] sent ACK 40951
[CLIENT] sent ACK 40977
[CLIENT] sent ACK 40999
[CLIENT] sent ACK 41024
[CLIENT] sent ACK 41046
[CLIENT] sent ACK 41071
[CLIENT] sent ACK 41095
[CLIENT] sent ACK 41119
[CLIENT] sent ACK 41143
[CLIENT] sent ACK 41167
[CLIENT] sent ACK 41190
[CLIENT] sent ACK 41214
[CLIENT] sent ACK 41240
[CLIENT] sent ACK 41264
[CLIENT] sent ACK 41289
[CLIENT] sent ACK 41314
[CLIENT] sent ACK 41338
[CLIENT] sent ACK 41363
[CLIENT] sent ACK 41388
[CLIENT] sent ACK 41403
[CLIENT] sent ACK 41416
[CLIENT] sent ACK 41438
[CLIENT] sent ACK 41463
[CLIENT] sent ACK 41484
[CLIENT] sent ACK 41509
[CLIENT] sent ACK 41535
[CLIENT] sent ACK 41558
[CLIENT] sent ACK 41579
[CLIENT] sent ACK 41602
[CLIENT] sent ACK 41626
[CLIENT] sent ACK 41651
[CLIENT] sent ACK 41675
[CLIENT] sent ACK 41701
[CLIENT] sent ACK 41722
[CLIENT] sent ACK 41748
[CLIENT] sent ACK 41771
[CLIENT] sent ACK 41795
[CLIENT] sent ACK 41820
[CLIENT] sent ACK 41843
[CLIENT] sent ACK 41868
[CLIENT] sent ACK 41892
[CLIENT] sent ACK 41915
[CLIENT] sent ACK 41939
[CLIENT] sent ACK 41963
[CLIENT] sent ACK 41988
[CLIENT] sent ACK 42014
[CLIENT] sent ACK 42037
[CLIENT] sent ACK 42063
[CLIENT] sent ACK 42086
[CLIENT] sent ACK 42110
[CLIENT] sent ACK 42132
[CLIENT] sent ACK 42156
[CLIENT] sent ACK 42178
[CLIENT] sent ACK 42204
[CLIENT] sent ACK 42229
[CLIENT] sent ACK 42253
[CLIENT] sent ACK 42278
[CLIENT] sent ACK 42303
[CLIENT] sent ACK 42326
[CLIENT] sent ACK 42352
[CLIENT] sent ACK 42376
[CLIENT] sent ACK 42403
[CLIENT] sent ACK 42425
[CLIENT] sent ACK 42445
[CLIENT] sent ACK 42469
[CLIENT] sent ACK 42494
[CLIENT] sent ACK 42519
[CLIENT] sent ACK 42544
[CLIENT] sent ACK 42567
[CLIENT] sent ACK 42591
[CLIENT] sent ACK 42615
[CLIENT] sent ACK 42641
[CLIENT] sent ACK 42665
[CLIENT] sent ACK 42688
[CLIENT] sent ACK 42713
[CLIENT] sent ACK 42738
[CLIENT] sent ACK 42762
[CLIENT] sent ACK 42786
[CLIENT] sent ACK 42803
[CLIENT] sent ACK 42828
[CLIENT] sent ACK 42854
[CLIENT] sent ACK 42880
[CLIENT] sent ACK 42906
[CLIENT] sent ACK 42931
[CLIENT] sent ACK 42959
[CLIENT] sent ACK 42987
[CLIENT] sent ACK 43012
[CLIENT] sent ACK 43034
[CLIENT] sent ACK 43058
[CLIENT] sent ACK 43083
[CLIENT] sent ACK 43107
[CLIENT] sent ACK 43131
[CLIENT] sent ACK 43154
[CLIENT] sent ACK 43179
[CLIENT] sent ACK 43204
[CLIENT] sent ACK 43230
[CLIENT] sent ACK 43254
[CLIENT] sent ACK 43276
[CLIENT] sent ACK 43300
[CLIENT] sent ACK 43323
[CLIENT] sent ACK 43347
[CLIENT] sent ACK 43371
[CLIENT] sent ACK 43394
[CLIENT] sent ACK 43419
[CLIENT] sent ACK 43445
[CLIENT] sent ACK 43471
[CLIENT] sent ACK 43492
[CLIENT] sent ACK 43515
[CLIENT] sent ACK 43540
[CLIENT] sent ACK 43563
[CLIENT] sent ACK 43587
[CLIENT] sent ACK 43611
[CLIENT] sent ACK 43634
[CLIENT] sent ACK 43657
[CLIENT] sent ACK 43681
[CLIENT] sent ACK 43705
[CLIENT] sent ACK 43729
[CLIENT] sent ACK 43751
[CLIENT] sent ACK 43775
[CLIENT] sent ACK 43800
[CLIENT] sent ACK 43825
[CLIENT] sent ACK 43851
[CLIENT] sent ACK 43874
[CLIENT] sent ACK 43898
[CLIENT] sent ACK 43924
[CLIENT] sent ACK 43949
[CLIENT] sent ACK 43974
[CLIENT] sent ACK 43998
[CLIENT] sent ACK 44022
[CLIENT] sent ACK 44046
[CLIENT] sent ACK 44070
[CLIENT] sent ACK 44093
[CLIENT] sent ACK 44115
[CLIENT] sent ACK 44139
[CLIENT] sent ACK 44163
[CLIENT] sent ACK 44188
[CLIENT] sent ACK 44212
[CLIENT] sent ACK 44235
[CLIENT] sent ACK 44260
[CLIENT] sent ACK 44284
[CLIENT] sent ACK 44308
[CLIENT] sent ACK 44333
[CLIENT] sent ACK 44355
[CLIENT] sent ACK 44378
[CLIENT] sent ACK 44403
[CLIENT] sent ACK 44429
[CLIENT] sent ACK 44454
[CLIENT] sent ACK 44476
[CLIENT] sent ACK 44501
[CLIENT] sent ACK 44525
[CLIENT] sent ACK 44551
[CLIENT] sent ACK 44573
[CLIENT] sent ACK 44596
[CLIENT] sent ACK 44621
[CLIENT] sent ACK 44646
[CLIENT] sent ACK 44671
[CLIENT] sent ACK 44695
[CLIENT] sent ACK 44721
[CLIENT] sent ACK 44746
[CLIENT] sent ACK 44768
[CLIENT] sent ACK 44793
[CLIENT] sent ACK 44817
[CLIENT] sent ACK 44840
[CLIENT] sent ACK 44864
[CLIENT] sent ACK 44888
[CLIENT] sent ACK 44912
[CLIENT] sent ACK 44936
[CLIENT] sent ACK 44958
[CLIENT] sent ACK 44982
[CLIENT] sent ACK 45007
[CLIENT] sent ACK 45031
[CLIENT] sent ACK 45054
[CLIENT] sent ACK 45076
[CLIENT] sent ACK 45100
[CLIENT] sent ACK 45124
[CLIENT] sent ACK 45150
[CLIENT] sent ACK 45175
[CLIENT] sent ACK 45199
[CLIENT] sent ACK 45223
[CLIENT] sent ACK 45247
[CLIENT] sent ACK 45272
[CLIENT] sent ACK 45296
[CLIENT] sent ACK 45321
[CLIENT] sent ACK 45347
[CLIENT] sent ACK 45372
[CLIENT] sent ACK 45396
[CLIENT] sent ACK 45419
[CLIENT] sent ACK 45443
[CLIENT] sent ACK 45468
[CLIENT] sent ACK 45494
[CLIENT] sent ACK 45521
[CLIENT] sent ACK 45543
[CLIENT] sent ACK 45564
[CLIENT] sent ACK 45587
[CLIENT] sent ACK 45609
[CLIENT] sent ACK 45632
[CLIENT] sent ACK 45656
[CLIENT] sent ACK 45679
[CLIENT] sent ACK 45703
[CLIENT] sent ACK 45729
[CLIENT] sent ACK 45753
[CLIENT] sent ACK 45777
[CLIENT] sent ACK 45801
[CLIENT] sent ACK 45825
[CLIENT] sent ACK 45850
[CLIENT] sent ACK 45874
[CLIENT] sent ACK 45899
[CLIENT] sent ACK 45922
[CLIENT] sent ACK 45947
[CLIENT] sent ACK 45971
[CLIENT] sent ACK 45995
[CLIENT] sent ACK 46018
[CLIENT] sent ACK 46042
[CLIENT] sent ACK 46065
[CLIENT] sent ACK 46091
[CLIENT] sent ACK 46116
[CLIENT] sent ACK 46142
[CLIENT] sent ACK 46164
[CLIENT] sent ACK 46188
[CLIENT] sent ACK 46212
[CLIENT] sent ACK 46235
[CLIENT] sent ACK 46258
[CLIENT] sent ACK 46282
[CLIENT] sent ACK 46307
[CLIENT] sent ACK 46332
[CLIENT] sent ACK 46355
[CLIENT] sent ACK 46377
[CLIENT] sent ACK 46402
[CLIENT] sent ACK 46424
[CLIENT] sent ACK 46450
[CLIENT] sent ACK 46477
[CLIENT] sent ACK 46501
[CLIENT] sent ACK 46526
[CLIENT] sent ACK 46551
[CLIENT] sent ACK 46576
[CLIENT] sent ACK 46600
[CLIENT] sent ACK 46625
[CLIENT] sent ACK 46649
[CLIENT] sent ACK 46673
[CLIENT] sent ACK 46699
[CLIENT] sent ACK 46721
[CLIENT] sent ACK 46747
[CLIENT] sent ACK 46768
[CLIENT] sent ACK 46792
[CLIENT] sent ACK 46815
[CLIENT] sent ACK 46841
[CLIENT] sent ACK 46866
[CLIENT] sent ACK 46888
[CLIENT] sent ACK 46914
[CLIENT] sent ACK 46936
[CLIENT] sent ACK 46961
[CLIENT] sent ACK 46983
[CLIENT] sent ACK 47004
[CLIENT] sent ACK 47028
[CLIENT] sent ACK 47052
[CLIENT] sent ACK 47078
[CLIENT] sent ACK 47102
[CLIENT] sent ACK 47126
[CLIENT] sent ACK 47150
[CLIENT] sent ACK 47173
[CLIENT] sent ACK 47197
[CLIENT] sent ACK 47220
[CLIENT] sent ACK 47245
[CLIENT] sent ACK 47270
[CLIENT] sent ACK 47294
[CLIENT] sent ACK 47319
[CLIENT] sent ACK 47343
[CLIENT] sent ACK 47366
[CLIENT] sent ACK 47389
[CLIENT] sent ACK 47415
[CLIENT] sent ACK 47441
[CLIENT] sent ACK 47465
[CLIENT] sent ACK 47488
[CLIENT] sent ACK 47511
[CLIENT] sent ACK 47538
[CLIENT] sent ACK 47564
[CLIENT] sent ACK 47590
[CLIENT] sent ACK 47611
[CLIENT] sent ACK 47634
[CLIENT] sent ACK 47659
[CLIENT] sent ACK 47684
[CLIENT] sent ACK 47706
[CLIENT] sent ACK 47728
[CLIENT] sent ACK 47755
[CLIENT] sent ACK 47778
[CLIENT] sent ACK 47802
[CLIENT] sent ACK 47826
[CLIENT] sent ACK 47850
[CLIENT] sent ACK 47874
[CLIENT] sent ACK 47899
[CLIENT] sent ACK 47924
[CLIENT] sent ACK 47947
[CLIENT] sent ACK 47970
[CLIENT] sent ACK 47993
[CLIENT] sent ACK 48019
[CLIENT] sent ACK 48044
[CLIENT] sent ACK 48066
[CLIENT] sent ACK 48087
[CLIENT] sent ACK 48109
[CLIENT] sent ACK 48136
[CLIENT] sent ACK 48162
[CLIENT] sent ACK 48188
[CLIENT] sent ACK 48211
[CLIENT] sent ACK 48235
[CLIENT] sent ACK 48258
[CLIENT] sent ACK 48281
[CLIENT] sent ACK 48306
[CLIENT] sent ACK 48329
[CLIENT] sent ACK 48355
[CLIENT] sent ACK 48380
[CLIENT] sent ACK 48404
[CLIENT] sent ACK 48427
[CLIENT] sent ACK 48450
[CLIENT] sent ACK 48475
[CLIENT] sent ACK 48500
[CLIENT] sent ACK 48525
[CLIENT] sent ACK 48549
[CLIENT] sent ACK 48571
[CLIENT] sent ACK 48596
[CLIENT] sent ACK 48620
[CLIENT] sent ACK 48642
[CLIENT] sent ACK 48667
[CLIENT] sent ACK 48688
[CLIENT] sent ACK 48713
[CLIENT] sent ACK 48738
[CLIENT] sent ACK 48763
[CLIENT] sent ACK 48785
[CLIENT] sent ACK 48808
[CLIENT] sent ACK 48835
[CLIENT] sent ACK 48860
[CLIENT] sent ACK 48886
[CLIENT] sent ACK 48910
[CLIENT] sent ACK 48935
[CLIENT] sent ACK 48959
[CLIENT] sent ACK 48984
[CLIENT] sent ACK 49008
[CLIENT] sent ACK 49032
[CLIENT] sent ACK 49056
[CLIENT] sent ACK 49082
[CLIENT] sent ACK 49105
[CLIENT] sent ACK 49129
[CLIENT] sent ACK 49152
[CLIENT] sent ACK 49174
[CLIENT] sent ACK 49198
[CLIENT] sent ACK 49223
[CLIENT] sent ACK 49247
[CLIENT] sent ACK 49272
[CLIENT] sent ACK 49293
[CLIENT] sent ACK 49317
[CLIENT] sent ACK 49341
[CLIENT] sent ACK 49365
[CLIENT] sent ACK 49389
[CLIENT] sent ACK 49412
[CLIENT] sent ACK 49435
[CLIENT] sent ACK 49460
[CLIENT] sent ACK 49484
[CLIENT] sent ACK 49508
[CLIENT] sent ACK 49531
[CLIENT] sent ACK 49556
[CLIENT] sent ACK 49581
[CLIENT] sent ACK 49606
[CLIENT] sent ACK 49633
[CLIENT] sent ACK 49656
[CLIENT] sent ACK 49680
[CLIENT] sent ACK 49704
[CLIENT] sent ACK 49730
[CLIENT] sent ACK 49754
[CLIENT] sent ACK 49777
[CLIENT] sent ACK 49802
[CLIENT] sent ACK 49825
[CLIENT] sent ACK 49849
[CLIENT] sent ACK 49874
[CLIENT] sent ACK 49897
[CLIENT] sent ACK 49920
[CLIENT] sent ACK 49945
[CLIENT] sent ACK 49967
[CLIENT] sent ACK 49990
[CLIENT] sent ACK 50013
[CLIENT] sent ACK 50039
[CLIENT] sent ACK 50065
[CLIENT] sent ACK 50088
[CLIENT] sent ACK 50113
[CLIENT] sent ACK 50137
[CLIENT] sent ACK 50162
[CLIENT] sent ACK 50186
[CLIENT] sent ACK 50210
[CLIENT] sent ACK 50233
[CLIENT] sent ACK 50256
[CLIENT] sent ACK 50281
[CLIENT] sent ACK 50305
[CLIENT] sent ACK 50330
[CLIENT] sent ACK 50353
[CLIENT] sent ACK 50378
[CLIENT] sent ACK 50402
[CLIENT] sent ACK 50425
[CLIENT] sent ACK 50449
[CLIENT] sent ACK 50474
[CLIENT] sent ACK 50497
[CLIENT] sent ACK 50521
[CLIENT] sent ACK 50547
[CLIENT] sent ACK 50572
[CLIENT] sent ACK 50597
[CLIENT] sent ACK 50619
[CLIENT] sent ACK 50644
[CLIENT] sent ACK 50669
[CLIENT] sent ACK 50696
[CLIENT] sent ACK 50719
[CLIENT] sent ACK 50745
[CLIENT] sent ACK 50766
[CLIENT] sent ACK 50789
[CLIENT] sent ACK 50812
[CLIENT] sent ACK 50838
[CLIENT] sent ACK 50863
[CLIENT] sent ACK 50886
[CLIENT] sent ACK 50911
[CLIENT] sent ACK 50935
[CLIENT] sent ACK 50959
[CLIENT] sent ACK 50983
[CLIENT] sent ACK 51006
[CLIENT] sent ACK 51031
[CLIENT] sent ACK 51055
[CLIENT] sent ACK 51078
[CLIENT] sent ACK 51100
[CLIENT] sent ACK 51124
[CLIENT] sent ACK 51150
[CLIENT] sent ACK 51175
[CLIENT] sent ACK 51198
[CLIENT] sent ACK 51222
[CLIENT] sent ACK 51246
[CLIENT] sent ACK 51271
[CLIENT] sent ACK 51296
[CLIENT] sent ACK 51321
[CLIENT] sent ACK 51345
[CLIENT] sent ACK 51368
[CLIENT] sent ACK 51394
[CLIENT] sent ACK 51419
[CLIENT] sent ACK 51444
[CLIENT] sent ACK 51466
[CLIENT] sent ACK 51491
[CLIENT] sent ACK 51516
[CLIENT] sent ACK 51540
[CLIENT] sent ACK 51564
[CLIENT] sent ACK 51587
[CLIENT] sent ACK 51611
[CLIENT] sent ACK 51635
[CLIENT] sent ACK 51657
[CLIENT] sent ACK 51681
[CLIENT] sent ACK 51703
[CLIENT] sent ACK 51727
[CLIENT] sent ACK 51751
[CLIENT] sent ACK 51780
[CLIENT] sent ACK 51803
[CLIENT] sent ACK 51825
[CLIENT] sent ACK 51851
[CLIENT] sent ACK 51876
[CLIENT] sent ACK 51900
[CLIENT] sent ACK 51923
[CLIENT] sent ACK 51947
[CLIENT] sent ACK 51972
[CLIENT] sent ACK 51997
[CLIENT] sent ACK 52020
[CLIENT] sent ACK 52043
[CLIENT] sent ACK 52066
[CLIENT] sent ACK 52091
[CLIENT] sent ACK 52115
[CLIENT] sent ACK 52139
[CLIENT] sent ACK 52161
[CLIENT] sent ACK 52185
[CLIENT] sent ACK 52209
[CLIENT] sent ACK 52234
[CLIENT] sent ACK 52259
[CLIENT] sent ACK 52282
[CLIENT] sent ACK 52307
[CLIENT] sent ACK 52334
[CLIENT] sent ACK 52359
[CLIENT] sent ACK 52384
[CLIENT] sent ACK 52408
[CLIENT] sent ACK 52429
[CLIENT] sent ACK 52453
[CLIENT] sent ACK 52478
[CLIENT] sent ACK 52502
[CLIENT] sent ACK 52525
[CLIENT] sent ACK 52547
[CLIENT] sent ACK 52571
[CLIENT] sent ACK 52593
[CLIENT] sent ACK 52618
[CLIENT] sent ACK 52641
[CLIENT] sent ACK 52667
[CLIENT] sent ACK 52691
[CLIENT] sent ACK 52715
[CLIENT] sent ACK 52738
[CLIENT] sent ACK 52765
[CLIENT] sent ACK 52788
[CLIENT] sent ACK 52814
[CLIENT] sent ACK 52837
[CLIENT] sent ACK 52861
[CLIENT] sent ACK 52888
[CLIENT] sent ACK 52912
[CLIENT] sent ACK 52940
[CLIENT] sent ACK 52962
[CLIENT] sent ACK 52986
[CLIENT] sent ACK 53011
[CLIENT] sent ACK 53035
[CLIENT] sent ACK 53058
[CLIENT] sent ACK 53080
[CLIENT] sent ACK 53104
[CLIENT] sent ACK 53125
[CLIENT] sent ACK 53147
[CLIENT] sent ACK 53172
[CLIENT] sent ACK 53197
[CLIENT] sent ACK 53223
[CLIENT] sent ACK 53246
[CLIENT] sent ACK 53271
[CLIENT] sent ACK 53295
[CLIENT] sent ACK 53321
[CLIENT] sent ACK 53345
[CLIENT] sent ACK 53369
[CLIENT] sent ACK 53393
[CLIENT] sent ACK 53416
[CLIENT] sent ACK 53441
[CLIENT] sent ACK 53465
[CLIENT] sent ACK 53489
[CLIENT] sent ACK 53512
[CLIENT] sent ACK 53535
[CLIENT] sent ACK 53558
[CLIENT] sent ACK 53582
[CLIENT] sent ACK 53603
[CLIENT] sent ACK 53625
[CLIENT] sent ACK 53650
[CLIENT] sent ACK 53675
[CLIENT] sent ACK 53698
[CLIENT] sent ACK 53723
[CLIENT] sent ACK 53744
[CLIENT] sent ACK 53767
[CLIENT] sent ACK 53789
[CLIENT] sent ACK 53813
[CLIENT] sent ACK 53837
[CLIENT] sent ACK 53862
[CLIENT] sent ACK 53887
[CLIENT] sent ACK 53912
[CLIENT] sent ACK 53937
[CLIENT] sent ACK 53962
[CLIENT] sent ACK 53985
[CLIENT] sent ACK 54009
[CLIENT] sent ACK 54035
[CLIENT] sent ACK 54059
[CLIENT] sent ACK 54084
[CLIENT] sent ACK 54106
[CLIENT] sent ACK 54130
[CLIENT] sent ACK 54155
[CLIENT] sent ACK 54179
[CLIENT] sent ACK 54204
[CLIENT] sent ACK 54227
[CLIENT] sent ACK 54250
[CLIENT] sent ACK 54274
[CLIENT] sent ACK 54297
[CLIENT] sent ACK 54321
[CLIENT] sent ACK 54346
[CLIENT] sent ACK 54371
[CLIENT] sent ACK 54397
[CLIENT] sent ACK 54421
[CLIENT] sent ACK 54447
[CLIENT] sent ACK 54470
[CLIENT] sent ACK 54494
[CLIENT] sent ACK 54519
[CLIENT] sent ACK 54544
[CLIENT] sent ACK 54568
[CLIENT] sent ACK 54591
[CLIENT] sent ACK 54617
[CLIENT] sent ACK 54639
[CLIENT] sent ACK 54663
[CLIENT] sent ACK 54688
[CLIENT] sent ACK 54713
[CLIENT] sent ACK 54738
[CLIENT] sent ACK 54762
[CLIENT] sent ACK 54786
[CLIENT] sent ACK 54809
[CLIENT] sent ACK 54830
[CLIENT] sent ACK 54854
[CLIENT] sent ACK 54878
[CLIENT] sent ACK 54901
[CLIENT] sent ACK 54924
[CLIENT] sent ACK 54946
[CLIENT] sent ACK 54970
[CLIENT] sent ACK 54993
[CLIENT] sent ACK 55017
[CLIENT] sent ACK 55040
[CLIENT] sent ACK 55062
[CLIENT] sent ACK 55085
[CLIENT] sent ACK 55109
[CLIENT] sent ACK 55134
[CLIENT] sent ACK 55158
[CLIENT] sent ACK 55183
[CLIENT] sent ACK 55209
[CLIENT] sent ACK 55234
[CLIENT] sent ACK 55258
[CLIENT] sent ACK 55282
[CLIENT] sent ACK 55308
[CLIENT] sent ACK 55333
[CLIENT] sent ACK 55357
[CLIENT] sent ACK 55380
[CLIENT] sent ACK 55403
[CLIENT] sent ACK 55426
[CLIENT] sent ACK 55451
[CLIENT] sent ACK 55476
[CLIENT] sent ACK 55501
[CLIENT] sent ACK 55525
[CLIENT] sent ACK 55548
[CLIENT] sent ACK 55573
[CLIENT] sent ACK 55595
[CLIENT] sent ACK 55619
[CLIENT] sent ACK 55642
[CLIENT] sent ACK 55666
[CLIENT] sent ACK 55691
[CLIENT] sent ACK 55716
[CLIENT] sent ACK 55741
[CLIENT] sent ACK 55766
[CLIENT] sent ACK 55789
[CLIENT] sent ACK 55814
[CLIENT] sent ACK 55838
[CLIENT] sent ACK 55862
[CLIENT] sent ACK 55885
[CLIENT] sent ACK 55909
[CLIENT] sent ACK 55934
[CLIENT] sent ACK 55959
[CLIENT] sent ACK 55983
[CLIENT] sent ACK 56009
[CLIENT] sent ACK 56032
[CLIENT] sent ACK 56057
[CLIENT] sent ACK 56082
[CLIENT] sent ACK 56105
[CLIENT] sent ACK 56130
[CLIENT] sent ACK 56152
[CLIENT] sent ACK 56177
[CLIENT] sent ACK 56199
[CLIENT] sent ACK 56223
[CLIENT] sent ACK 56249
[CLIENT] sent ACK 56272
[CLIENT] sent ACK 56297
[CLIENT] sent ACK 56321
[CLIENT] sent ACK 56344
[CLIENT] sent ACK 56367
[CLIENT] sent ACK 56391
[CLIENT] sent ACK 56414
[CLIENT] sent ACK 56439
[CLIENT] sent ACK 56463
[CLIENT] sent ACK 56487
[CLIENT] sent ACK 56514
[CLIENT] sent ACK 56539
[CLIENT] sent ACK 56563
[CLIENT] sent ACK 56588
[CLIENT] sent ACK 56614
[CLIENT] sent ACK 56637
[CLIENT] sent ACK 56660
[CLIENT] sent ACK 56685
[CLIENT] sent ACK 56710
[CLIENT] sent ACK 56731
[CLIENT] sent ACK 56752
[CLIENT] sent ACK 56775
[CLIENT] sent ACK 56801
[CLIENT] sent ACK 56824
[CLIENT] sent ACK 56848
[CLIENT] sent ACK 56872
[CLIENT] sent ACK 56895
[CLIENT] sent ACK 56919
[CLIENT] sent ACK 56942
[CLIENT] sent ACK 56965
[CLIENT] sent ACK 56990
[CLIENT] sent ACK 57014
[CLIENT] sent ACK 57037
[CLIENT] sent ACK 57060
[CLIENT] sent ACK 57083
[CLIENT] sent ACK 57107
[CLIENT] sent ACK 57131
[CLIENT] sent ACK 57155
[CLIENT] sent ACK 57179
[CLIENT] sent ACK 57204
[CLIENT] sent ACK 57227
[CLIENT] sent ACK 57253
[CLIENT] sent ACK 57281
[CLIENT] sent ACK 57306
[CLIENT] sent ACK 57329
[CLIENT] sent ACK 57354
[CLIENT] sent ACK 57378
[CLIENT] sent ACK 57403
[CLIENT] sent ACK 57428
[CLIENT] sent ACK 57453
[CLIENT] sent ACK 57477
[CLIENT] sent ACK 57501
[CLIENT] sent ACK 57526
[CLIENT] sent ACK 57547
[CLIENT] sent ACK 57570
[CLIENT] sent ACK 57593
[CLIENT] sent ACK 57617
[CLIENT] sent ACK 57641
[CLIENT] sent ACK 57664
[CLIENT] sent ACK 57689
[CLIENT] sent ACK 57710
[CLIENT] sent ACK 57736
[CLIENT] sent ACK 57760
[CLIENT] sent ACK 57784
[CLIENT] sent ACK 57811
[CLIENT] sent ACK 57834
[CLIENT] sent ACK 57859
[CLIENT] sent ACK 57885
[CLIENT] sent ACK 57906
[CLIENT] sent ACK 57932
[CLIENT] sent ACK 57956
[CLIENT] sent ACK 57979
[CLIENT] sent ACK 58005
[CLIENT] sent ACK 58029
[CLIENT] sent ACK 58054
[CLIENT] sent ACK 58077
[CLIENT] sent ACK 58101
[CLIENT] sent ACK 58125
[CLIENT] sent ACK 58148
[CLIENT] sent ACK 58172
[CLIENT] sent ACK 58196
[CLIENT] sent ACK 58220
[CLIENT] sent ACK 58244
[CLIENT] sent ACK 58268
[CLIENT] sent ACK 58293
[CLIENT] sent ACK 58316
[CLIENT] sent ACK 58340
[CLIENT] sent ACK 58365
[CLIENT] sent ACK 58389
[CLIENT] sent ACK 58414
[CLIENT] sent ACK 58437
[CLIENT] sent ACK 58462
[CLIENT] sent ACK 58486
[CLIENT] sent ACK 58511
[CLIENT] sent ACK 58535
[CLIENT] sent ACK 58561
[CLIENT] sent ACK 58585
[CLIENT] sent ACK 58608
[CLIENT] sent ACK 58632
[CLIENT] sent ACK 58657
[CLIENT] sent ACK 58681
[CLIENT] sent ACK 58707
[CLIENT] sent ACK 58731
[CLIENT] sent ACK 58753
[CLIENT] sent ACK 58777
[CLIENT] sent ACK 58803
[CLIENT] sent ACK 58826
[CLIENT] sent ACK 58849
[CLIENT] sent ACK 58876
[CLIENT] sent ACK 58900
[CLIENT] sent ACK 58923
[CLIENT] sent ACK 58947
[CLIENT] sent ACK 58970
[CLIENT] sent ACK 58992
[CLIENT] sent ACK 59016
[CLIENT] sent ACK 59039
[CLIENT] sent ACK 59063
[CLIENT] sent ACK 59089
[CLIENT] sent ACK 59114
[CLIENT] sent ACK 59138
[CLIENT] sent ACK 59160
[CLIENT] sent ACK 59185
[CLIENT] sent ACK 59210
[CLIENT] sent ACK 59233
[CLIENT] sent ACK 59258
[CLIENT] sent ACK 59280
[CLIENT] sent ACK 59304
[CLIENT] sent ACK 59328
[CLIENT] sent ACK 59352
[CLIENT] sent ACK 59376
[CLIENT] sent ACK 59398
[CLIENT] sent ACK 59421
[CLIENT] sent ACK 59445
[CLIENT] sent ACK 59470
[CLIENT] sent ACK 59495
[CLIENT] sent ACK 59518
[CLIENT] sent ACK 59543
[CLIENT] sent ACK 59568
[CLIENT] sent ACK 59592
[CLIENT] sent ACK 59617
[CLIENT] sent ACK 59641
[CLIENT] sent ACK 59666
[CLIENT] sent ACK 59690
[CLIENT] sent ACK 59715
[CLIENT] sent ACK 59739
[CLIENT] sent ACK 59763
[CLIENT] sent ACK 59788
[CLIENT] sent ACK 59812
[CLIENT] sent ACK 59837
[CLIENT] sent ACK 59862
[CLIENT] sent ACK 59884
[CLIENT] sent ACK 59907
[CLIENT] sent ACK 59930
[CLIENT] sent ACK 59956
[CLIENT] sent ACK 59979
[CLIENT] sent ACK 60001
[CLIENT] sent ACK 60025
[CLIENT] sent ACK 60048
[CLIENT] sent ACK 60073
[CLIENT] sent ACK 60098
[CLIENT] sent ACK 60121
[CLIENT] sent ACK 60146
[CLIENT] sent ACK 60170
[CLIENT] sent ACK 60195
[CLIENT] sent ACK 60220
[CLIENT] sent ACK 60243
[CLIENT] sent ACK 60269
[CLIENT] sent ACK 60294
[CLIENT] sent ACK 60319
[CLIENT] sent ACK 60342
[CLIENT] sent ACK 60363
[CLIENT] sent ACK 60388
[CLIENT] sent ACK 60412
[CLIENT] sent ACK 60437
[CLIENT] sent ACK 60462
[CLIENT] sent ACK 60485
[CLIENT] sent ACK 60510
[CLIENT] sent ACK 60534
[CLIENT] sent ACK 60557
[CLIENT] sent ACK 60582
[CLIENT] sent ACK 60605
[CLIENT] sent ACK 60631
[CLIENT] sent ACK 60654
[CLIENT] sent ACK 60679
[CLIENT] sent ACK 60703
[CLIENT] sent ACK 60727
[CLIENT] sent ACK 60751
[CLIENT] sent ACK 60776
[CLIENT] sent ACK 60801
[CLIENT] sent ACK 60825
[CLIENT] sent ACK 60848
[CLIENT] sent ACK 60873
[CLIENT] sent ACK 60895
[CLIENT] sent ACK 60919
[CLIENT] sent ACK 60942
[CLIENT] sent ACK 60963
[CLIENT] sent ACK 60986
[CLIENT] sent ACK 61009
[CLIENT] sent ACK 61032
[CLIENT] sent ACK 61055
[CLIENT] sent ACK 61078
[CLIENT] sent ACK 61101
[CLIENT] sent ACK 61127
[CLIENT] sent ACK 61152
[CLIENT] sent ACK 61175
[CLIENT] sent ACK 61200
[CLIENT] sent ACK 61224
[CLIENT] sent ACK 61248
[CLIENT] sent ACK 61272
[CLIENT] sent ACK 61295
[CLIENT] sent ACK 61320
[CLIENT] sent ACK 61345
[CLIENT] sent ACK 61370
[CLIENT] sent ACK 61394
[CLIENT] sent ACK 61419
[CLIENT] sent ACK 61443
[CLIENT] sent ACK 61468
[CLIENT] sent ACK 61492
[CLIENT] sent ACK 61516
[CLIENT] sent ACK 61539
[CLIENT] sent ACK 61563
[CLIENT] sent ACK 61586
[CLIENT] sent ACK 61610
[CLIENT] sent ACK 61636
[CLIENT] sent ACK 61661
[CLIENT] sent ACK 61685
[CLIENT] sent ACK 61708
[CLIENT] sent ACK 61733
[CLIENT] sent ACK 61756
[CLIENT] sent ACK 61782
[CLIENT] sent ACK 61806
[CLIENT] sent ACK 61828
[CLIENT] sent ACK 61852
[CLIENT] sent ACK 61876
[CLIENT] sent ACK 61899
[CLIENT] sent ACK 61921
[CLIENT] sent ACK 61947
[CLIENT] sent ACK 61971
[CLIENT] sent ACK 61997
[CLIENT] sent ACK 62020
[CLIENT] sent ACK 62044
[CLIENT] sent ACK 62067
[CLIENT] sent ACK 62091
[CLIENT] sent ACK 62116
[CLIENT] sent ACK 62132
[CLIENT] sent ACK 62157
[CLIENT] sent ACK 62184
[CLIENT] sent ACK 62211
[CLIENT] sent ACK 62238
[CLIENT] sent ACK 62264
[CLIENT] sent ACK 62289
[CLIENT] sent ACK 62316
[CLIENT] sent ACK 62343
[CLIENT] sent ACK 62370
[CLIENT] sent ACK 62394
[CLIENT] sent ACK 62420
[CLIENT] sent ACK 62446
[CLIENT] sent ACK 62472
[CLIENT] sent ACK 62499
[CLIENT] sent ACK 62524
[CLIENT] sent ACK 62550
[CLIENT] sent ACK 62575
[CLIENT] sent ACK 62598
[CLIENT] sent ACK 62621
[CLIENT] sent ACK 62644
[CLIENT] sent ACK 62665
[CLIENT] sent ACK 62691
[CLIENT] sent ACK 62716
[CLIENT] sent ACK 62741
[CLIENT] sent ACK 62765
[CLIENT] sent ACK 62790
[CLIENT] sent ACK 62815
[CLIENT] sent ACK 62840
[CLIENT] sent ACK 62863
[CLIENT] sent ACK 62888
[CLIENT] sent ACK 62914
[CLIENT] sent ACK 62938
[CLIENT] sent ACK 62962
[CLIENT] sent ACK 62986
[CLIENT] sent ACK 63009
[CLIENT] sent ACK 63035
[CLIENT] sent ACK 63056
[CLIENT] sent ACK 63081
[CLIENT] sent ACK 63104
[CLIENT] sent ACK 63129
[CLIENT] sent ACK 63153
[CLIENT] sent ACK 63177
[CLIENT] sent ACK 63200
[CLIENT] sent ACK 63219
[CLIENT] sent ACK 63241
[CLIENT] sent ACK 63265
[CLIENT] sent ACK 63289
[CLIENT] sent ACK 63314
[CLIENT] sent ACK 63337
[CLIENT] sent ACK 63361
[CLIENT] sent ACK 63386
[CLIENT] sent ACK 63412
[CLIENT] sent ACK 63438
[CLIENT] sent ACK 63461
[CLIENT] sent ACK 63486
[CLIENT] sent ACK 63512
[CLIENT] sent ACK 63536
[CLIENT] sent ACK 63559
[CLIENT] sent ACK 63584
[CLIENT] sent ACK 63610
[CLIENT] sent ACK 63632
[CLIENT] sent ACK 63656
[CLIENT] sent ACK 63681
[CLIENT] sent ACK 63703
[CLIENT] sent ACK 63725
[CLIENT] sent ACK 63750
[CLIENT] sent ACK 63774
[CLIENT] sent ACK 63798
[CLIENT] sent ACK 63820
[CLIENT] sent ACK 63846
[CLIENT] sent ACK 63870
[CLIENT] sent ACK 63893
[CLIENT] sent ACK 63919
[CLIENT] sent ACK 63944
[CLIENT] sent ACK 63969
[CLIENT] sent ACK 63994
[CLIENT] sent ACK 64019
[CLIENT] sent ACK 64043
[CLIENT] sent ACK 64066
[CLIENT] sent ACK 64090
[CLIENT] sent ACK 64115
[CLIENT] sent ACK 64140
[CLIENT] sent ACK 64164
[CLIENT] sent ACK 64188
[CLIENT] sent ACK 64212
[CLIENT] sent ACK 64237
[CLIENT] sent ACK 64258
[CLIENT] sent ACK 64280
[CLIENT] sent ACK 64304
[CLIENT] sent ACK 64327
[CLIENT] sent ACK 64352
[CLIENT] sent ACK 64376
[CLIENT] sent ACK 64400
[CLIENT] sent ACK 64423
[CLIENT] sent ACK 64448
[CLIENT] sent ACK 64473
[CLIENT] sent ACK 64498
[CLIENT] sent ACK 64523
[CLIENT] sent ACK 64547
[CLIENT] sent ACK 64571
[CLIENT] sent ACK 64595
[CLIENT] sent ACK 64618
[CLIENT] sent ACK 64642
[CLIENT] sent ACK 64665
[CLIENT] sent ACK 64688
[CLIENT] sent ACK 64714
[CLIENT] sent ACK 64740
[CLIENT] sent ACK 64764
[CLIENT] sent ACK 64786
[CLIENT] sent ACK 64809
[CLIENT] sent ACK 64833
[CLIENT] sent ACK 64856
[CLIENT] sent ACK 64881
[CLIENT] sent ACK 64904
[CLIENT] sent ACK 64930
[CLIENT] sent ACK 64954
[CLIENT] sent ACK 64977
[CLIENT] sent ACK 65001
[CLIENT] sent ACK 65023
[CLIENT] sent ACK 65049
[CLIENT] sent ACK 65073
[CLIENT] sent ACK 65098
[CLIENT] sent ACK 65123
[CLIENT] sent ACK 65147
[CLIENT] sent ACK 65173
[CLIENT] sent ACK 65199
[CLIENT] sent ACK 65222
[CLIENT] sent ACK 65245
[CLIENT] sent ACK 65269
[CLIENT] sent ACK 65294
[CLIENT] sent ACK 65320
[CLIENT] sent ACK 65342
[CLIENT] sent ACK 65366
[CLIENT] sent ACK 65389
[CLIENT] sent ACK 65415
[CLIENT] sent ACK 65437
[CLIENT] sent ACK 65462
[CLIENT] sent ACK 65486
[CLIENT] sent ACK 65510
[CLIENT] sent ACK 65535
[CLIENT] sent ACK 65560
[CLIENT] sent ACK 65582
[CLIENT] sent ACK 65606
[CLIENT] sent ACK 65630
[CLIENT] sent ACK 65656
[CLIENT] sent ACK 65680
[CLIENT] sent ACK 65706
[CLIENT] sent ACK 65730
[CLIENT] sent ACK 65754
[CLIENT] sent ACK 65777
[CLIENT] sent ACK 65801
[CLIENT] sent ACK 65825
[CLIENT] sent ACK 65849
[CLIENT] sent ACK 65872
[CLIENT] sent ACK 65896
[CLIENT] sent ACK 65921
[CLIENT] sent ACK 65945
[CLIENT] sent ACK 65970
[CLIENT] sent ACK 65994
[CLIENT] sent ACK 66017
[CLIENT] sent ACK 66043
[CLIENT] sent ACK 66067
[CLIENT] sent ACK 66092
[CLIENT] sent ACK 66115
[CLIENT] sent ACK 66136
[CLIENT] sent ACK 66162
[CLIENT] sent ACK 66186
[CLIENT] sent ACK 66209
[CLIENT] sent ACK 66233
[CLIENT] sent ACK 66258
[CLIENT] sent ACK 66282
[CLIENT] sent ACK 66306
[CLIENT] sent ACK 66330
[CLIENT] sent ACK 66355
[CLIENT] sent ACK 66380
[CLIENT] sent ACK 66404
[CLIENT] sent ACK 66428
[CLIENT] sent ACK 66452
[CLIENT] sent ACK 66475
[CLIENT] sent ACK 66502
[CLIENT] sent ACK 66526
[CLIENT] sent ACK 66550
[CLIENT] sent ACK 66572
[CLIENT] sent ACK 66594
[CLIENT] sent ACK 66618
[CLIENT] sent ACK 66643
[CLIENT] sent ACK 66668
[CLIENT] sent ACK 66693
[CLIENT] sent ACK 66717
[CLIENT] sent ACK 66741
[CLIENT] sent ACK 66766
[CLIENT] sent ACK 66789
[CLIENT] sent ACK 66812
[CLIENT] sent ACK 66836
[CLIENT] sent ACK 66860
[CLIENT] sent ACK 66882
[CLIENT] sent ACK 66905
[CLIENT] sent ACK 66930
[CLIENT] sent ACK 66952
[CLIENT] sent ACK 66976
[CLIENT] sent ACK 66999
[CLIENT] sent ACK 67024
[CLIENT] sent ACK 67050
[CLIENT] sent ACK 67074
[CLIENT] sent ACK 67097
[CLIENT] sent ACK 67121
[CLIENT] sent ACK 67148
[CLIENT] sent ACK 67172
[CLIENT] sent ACK 67196
[CLIENT] sent ACK 67220
[CLIENT] sent ACK 67244
[CLIENT] sent ACK 67270
[CLIENT] sent ACK 67293
[CLIENT] sent ACK 67317
[CLIENT] sent ACK 67342
[CLIENT] sent ACK 67367
[CLIENT] sent ACK 67391
[CLIENT] sent ACK 67417
[CLIENT] sent ACK 67438
[CLIENT] sent ACK 67461
[CLIENT] sent ACK 67484
[CLIENT] sent ACK 67509
[CLIENT] sent ACK 67533
[CLIENT] sent ACK 67556
[CLIENT] sent ACK 67581
[CLIENT] sent ACK 67605
[CLIENT] sent ACK 67630
[CLIENT] sent ACK 67654
[CLIENT] sent ACK 67679
[CLIENT] sent ACK 67704
[CLIENT] sent ACK 67729
[CLIENT] sent ACK 67756
[CLIENT] sent ACK 67779
[CLIENT] sent ACK 67803
[CLIENT] sent ACK 67828
[CLIENT] sent ACK 67850
[CLIENT] sent ACK 67875
[CLIENT] sent ACK 67901
[CLIENT] sent ACK 67925
[CLIENT] sent ACK 67949
[CLIENT] sent ACK 67976
[CLIENT] sent ACK 68001
[CLIENT] sent ACK 68026
[CLIENT] sent ACK 68051
[CLIENT] sent ACK 68077
[CLIENT] sent ACK 68102
[CLIENT] sent ACK 68127
[CLIENT] sent ACK 68152
[CLIENT] sent ACK 68177
[CLIENT] sent ACK 68202
[CLIENT] sent ACK 68228
[CLIENT] sent ACK 68250
[CLIENT] sent ACK 68274
[CLIENT] sent ACK 68300
[CLIENT] sent ACK 68323
[CLIENT] sent ACK 68348
[CLIENT] sent ACK 68371
[CLIENT] sent ACK 68396
[CLIENT] sent ACK 68421
[CLIENT] sent ACK 68447
[CLIENT] sent ACK 68472
[CLIENT] sent ACK 68496
[CLIENT] sent ACK 68521
[CLIENT] sent ACK 68545
[CLIENT] sent ACK 68570
[CLIENT] sent ACK 68596
[CLIENT] sent ACK 68623
[CLIENT] sent ACK 68648
[CLIENT] sent ACK 68673
[CLIENT] sent ACK 68700
[CLIENT] sent ACK 68726
[CLIENT] sent ACK 68750
[CLIENT] sent ACK 68775
[CLIENT] sent ACK 68799
[CLIENT] sent ACK 68825
[CLIENT] sent ACK 68850
[CLIENT] sent ACK 68873
[CLIENT] sent ACK 68897
[CLIENT] sent ACK 68921
[CLIENT] sent ACK 68945
[CLIENT] sent ACK 68969
[CLIENT] sent ACK 68992
[CLIENT] sent ACK 69015
[CLIENT] sent ACK 69039
[CLIENT] sent ACK 69064
[CLIENT] sent ACK 69090
[CLIENT] sent ACK 69115
[CLIENT] sent ACK 69138
[CLIENT] sent ACK 69163
[CLIENT] sent ACK 69188
[CLIENT] sent ACK 69212
[CLIENT] sent ACK 69237
[CLIENT] sent ACK 69258
[CLIENT] sent ACK 69280
[CLIENT] sent ACK 69305
[CLIENT] sent ACK 69331
[CLIENT] sent ACK 69356
[CLIENT] sent ACK 69380
[CLIENT] sent ACK 69403
[CLIENT] sent ACK 69426
[CLIENT] sent ACK 69450
[CLIENT] sent ACK 69474
[CLIENT] sent ACK 69496
[CLIENT] sent ACK 69519
[CLIENT] sent ACK 69544
[CLIENT] sent ACK 69568
[CLIENT] sent ACK 69593
[CLIENT] sent ACK 69617
[CLIENT] sent ACK 69640
[CLIENT] sent ACK 69667
[CLIENT] sent ACK 69692
[CLIENT] sent ACK 69716
[CLIENT] sent ACK 69740
[CLIENT] sent ACK 69762
[CLIENT] sent ACK 69785
[CLIENT] sent ACK 69810
[CLIENT] sent ACK 69836
[CLIENT] sent ACK 69859
[CLIENT] sent ACK 69884
[CLIENT] sent ACK 69909
[CLIENT] sent ACK 69935
[CLIENT] sent ACK 69960
[CLIENT] sent ACK 69984
[CLIENT] sent ACK 70007
[CLIENT] sent ACK 70029
[CLIENT] sent ACK 70053
[CLIENT] sent ACK 70079
[CLIENT] sent ACK 70101
[CLIENT] sent ACK 70124
[CLIENT] sent ACK 70147
[CLIENT] sent ACK 70172
[CLIENT] sent ACK 70197
[CLIENT] sent ACK 70221
[CLIENT] sent ACK 70244
[CLIENT] sent ACK 70268
[CLIENT] sent ACK 70290
[CLIENT] sent ACK 70314
[CLIENT] sent ACK 70338
[CLIENT] sent ACK 70363
[CLIENT] sent ACK 70388
[CLIENT] sent ACK 70412
[CLIENT] sent ACK 70439
[CLIENT] sent ACK 70464
[CLIENT] sent ACK 70487
[CLIENT] sent ACK 70514
[CLIENT] sent ACK 70538
[CLIENT] sent ACK 70562
[CLIENT] sent ACK 70586
[CLIENT] sent ACK 70610
[CLIENT] sent ACK 70635
[CLIENT] sent ACK 70659
[CLIENT] sent ACK 70680
[CLIENT] sent ACK 70704
[CLIENT] sent ACK 70726
[CLIENT] sent ACK 70750
[CLIENT] sent ACK 70777
[CLIENT] sent ACK 70802
[CLIENT] sent ACK 70826
[CLIENT] sent ACK 70850
[CLIENT] sent ACK 70875
[CLIENT] sent ACK 70900
[CLIENT] sent ACK 70924
[CLIENT] sent ACK 70950
[CLIENT] sent ACK 70972
[CLIENT] sent ACK 70998
[CLIENT] sent ACK 71021
[CLIENT] sent ACK 71047
[CLIENT] sent ACK 71073
[CLIENT] sent ACK 71095
[CLIENT] sent ACK 71121
[CLIENT] sent ACK 71143
[CLIENT] sent ACK 71167
[CLIENT] sent ACK 71191
[CLIENT] sent ACK 71213
[CLIENT] sent ACK 71238
[CLIENT] sent ACK 71259
[CLIENT] sent ACK 71283
[CLIENT] sent ACK 71308
[CLIENT] sent ACK 71331
[CLIENT] sent ACK 71353
[CLIENT] sent ACK 71379
[CLIENT] sent ACK 71404
[CLIENT] sent ACK 71428
[CLIENT] sent ACK 71452
[CLIENT] sent ACK 71477
[CLIENT] sent ACK 71503
[CLIENT] sent ACK 71528
[CLIENT] sent ACK 71554
[CLIENT] sent ACK 71577
[CLIENT] sent ACK 71600
[CLIENT] sent ACK 71626
[CLIENT] sent ACK 71653
[CLIENT] sent ACK 71679
[CLIENT] sent ACK 71699
[CLIENT] sent ACK 71722
[CLIENT] sent ACK 71746
[CLIENT] sent ACK 71769
[CLIENT] sent ACK 71793
[CLIENT] sent ACK 71817
[CLIENT] sent ACK 71841
[CLIENT] sent ACK 71864
[CLIENT] sent ACK 71886
[CLIENT] sent ACK 71910
[CLIENT] sent ACK 71933
[CLIENT] sent ACK 71957
[CLIENT] sent ACK 71981
[CLIENT] sent ACK 72004
[CLIENT] sent ACK 72029
[CLIENT] sent ACK 72053
[CLIENT] sent ACK 72078
[CLIENT] sent ACK 72102
[CLIENT] sent ACK 72125
[CLIENT] sent ACK 72150
[CLIENT] sent ACK 72173
[CLIENT] sent ACK 72196
[CLIENT] sent ACK 72219
[CLIENT] sent ACK 72243
[CLIENT] sent ACK 72265
[CLIENT] sent ACK 72288
[CLIENT] sent ACK 72313
[CLIENT] sent ACK 72337
[CLIENT] sent ACK 72361
[CLIENT] sent ACK 72385
[CLIENT] sent ACK 72408
[CLIENT] sent ACK 72431
[CLIENT] sent ACK 72456
[CLIENT] sent ACK 72480
[CLIENT] sent ACK 72504
[CLIENT] sent ACK 72526
[CLIENT] sent ACK 72551
[CLIENT] sent ACK 72576
[CLIENT] sent ACK 72600
[CLIENT] sent ACK 72624
[CLIENT] sent ACK 72647
[CLIENT] sent ACK 72672
[CLIENT] sent ACK 72696
[CLIENT] sent ACK 72720
[CLIENT] sent ACK 72745
[CLIENT] sent ACK 72766
[CLIENT] sent ACK 72789
[CLIENT] sent ACK 72813
[CLIENT] sent ACK 72836
[CLIENT] sent ACK 72862
[CLIENT] sent ACK 72886
[CLIENT] sent ACK 72913
[CLIENT] sent ACK 72937
[CLIENT] sent ACK 72961
[CLIENT] sent ACK 72986
[CLIENT] sent ACK 73009
[CLIENT] sent ACK 73034
[CLIENT] sent ACK 73058
[CLIENT] sent ACK 73084
[CLIENT] sent ACK 73110
[CLIENT] sent ACK 73134
[CLIENT] sent ACK 73158
[CLIENT] sent ACK 73180
[CLIENT] sent ACK 73203
[CLIENT] sent ACK 73228
[CLIENT] sent ACK 73254
[CLIENT] sent ACK 73281
[CLIENT] sent ACK 73307
[CLIENT] sent ACK 73333
[CLIENT] sent ACK 73356
[CLIENT] sent ACK 73380
[CLIENT] sent ACK 73404
[CLIENT] sent ACK 73431
[CLIENT] sent ACK 73455
[CLIENT] sent ACK 73478
[CLIENT] sent ACK 73504
[CLIENT] sent ACK 73528
[CLIENT] sent ACK 73555
[CLIENT] sent ACK 73580
[CLIENT] sent ACK 73605
[CLIENT] sent ACK 73629
[CLIENT] sent ACK 73655
[CLIENT] sent ACK 73681
[CLIENT] sent ACK 73707
[CLIENT] sent ACK 73730
[CLIENT] sent ACK 73755
[CLIENT] sent ACK 73781
[CLIENT] sent ACK 73805
[CLIENT] sent ACK 73829
[CLIENT] sent ACK 73853
[CLIENT] sent ACK 73877
[CLIENT] sent ACK 73902
[CLIENT] sent ACK 73926
[CLIENT] sent ACK 73950
[CLIENT] sent ACK 73974
[CLIENT] sent ACK 74001
[CLIENT] sent ACK 74026
[CLIENT] sent ACK 74050
[CLIENT] sent ACK 74074
[CLIENT] sent ACK 74096
[CLIENT] sent ACK 74121
[CLIENT] sent ACK 74145
[CLIENT] sent ACK 74169
[CLIENT] sent ACK 74193
[CLIENT] sent ACK 74219
[CLIENT] sent ACK 74240
[CLIENT] sent ACK 74263
[CLIENT] sent ACK 74287
[CLIENT] sent ACK 74312
[CLIENT] sent ACK 74336
[CLIENT] sent ACK 74361
[CLIENT] sent ACK 74386
[CLIENT] sent ACK 74411
[CLIENT] sent ACK 74437
[CLIENT] sent ACK 74459
[CLIENT] sent ACK 74479
[CLIENT] sent ACK 74503
[CLIENT] sent ACK 74526
[CLIENT] sent ACK 74551
[CLIENT] sent ACK 74577
[CLIENT] sent ACK 74599
[CLIENT] sent ACK 74625
[CLIENT] sent ACK 74651
[CLIENT] sent ACK 74677
[CLIENT] sent ACK 74705
[CLIENT] sent ACK 74726
[CLIENT] sent ACK 74751
[CLIENT] sent ACK 74775
[CLIENT] sent ACK 74799
[CLIENT] sent ACK 74824
[CLIENT] sent ACK 74845
[CLIENT] sent ACK 74869
[CLIENT] sent ACK 74892
[CLIENT] sent ACK 74899
[CLIENT] sent ACK 74900
[CLIENT] SHA-256 match: True

==================================================
CLIENT REPORT
==================================================
Security enabled (PSK + AEAD):            Yes
Handshake status:                         Success
Size of the transferred file:             104857600 bytes
Number of packets received from server:   74899
Number of duplicate packets:              617
Replay drops:                             617
Number of out-of-order packets:           0
Number of packets with checksum errors:   0
Time duration of the file transfer:       00:00:36
Received file MD5:                        2f282b84e7e608d5852449ed940bfc51
AEAD authentication failures:             1
SHA-256 match:                            Yes
==================================================

[CLIENT] Report saved to client_report.txt
[CLIENT] file saved as received_test_100mb_file

Script done on 2026-04-22 18:01:50+00:00 [COMMAND_EXIT_CODE="0"]
