Script started on 2026-04-22 17:56:17+00:00 [COMMAND="cd ~/secure-reliable-file-fransfer && /usr/bin/time -p sudo PYTHONPATH=. python3 -u main.py --mode client --config config_phase2.json --file ./gdrive-folder/test_100mb_file" TERM="xterm-256color" TTY="/dev/pts/0" COLUMNS="222" LINES="30"]
[CLIENT] running on 172.31.64.201:50000
[CLIENT] talking to server 172.31.77.14:50000
[CLIENT] sent ClientHello
[CLIENT] Handshake complete
[CLIENT] requested file: ./gdrive-folder/test_100mb_file
[CLIENT] sent ACK 11
[CLIENT] sent ACK 34
[CLIENT] sent ACK 59
[CLIENT] sent ACK 85
[CLIENT] sent ACK 111
[CLIENT] sent ACK 139
[CLIENT] sent ACK 164
[CLIENT] sent ACK 191
[CLIENT] sent ACK 217
[CLIENT] sent ACK 246
[CLIENT] sent ACK 271
[CLIENT] sent ACK 297
[CLIENT] sent ACK 322
[CLIENT] sent ACK 348
[CLIENT] sent ACK 375
[CLIENT] sent ACK 401
[CLIENT] sent ACK 426
[CLIENT] sent ACK 451
[CLIENT] sent ACK 477
[CLIENT] sent ACK 503
[CLIENT] sent ACK 530
[CLIENT] sent ACK 557
[CLIENT] sent ACK 580
[CLIENT] sent ACK 605
[CLIENT] sent ACK 627
[CLIENT] sent ACK 651
[CLIENT] sent ACK 672
[CLIENT] sent ACK 695
[CLIENT] sent ACK 722
[CLIENT] sent ACK 746
[CLIENT] sent ACK 770
[CLIENT] sent ACK 794
[CLIENT] sent ACK 816
[CLIENT] sent ACK 839
[CLIENT] sent ACK 861
[CLIENT] sent ACK 886
[CLIENT] sent ACK 908
[CLIENT] sent ACK 932
[CLIENT] sent ACK 956
[CLIENT] sent ACK 980
[CLIENT] sent ACK 1005
[CLIENT] sent ACK 1030
[CLIENT] sent ACK 1054
[CLIENT] sent ACK 1080
[CLIENT] sent ACK 1105
[CLIENT] sent ACK 1127
[CLIENT] sent ACK 1150
[CLIENT] sent ACK 1176
[CLIENT] sent ACK 1200
[CLIENT] sent ACK 1225
[CLIENT] sent ACK 1247
[CLIENT] sent ACK 1272
[CLIENT] sent ACK 1295
[CLIENT] sent ACK 1312
[CLIENT] sent ACK 1335
[CLIENT] sent ACK 1358
[CLIENT] sent ACK 1383
[CLIENT] sent ACK 1405
[CLIENT] sent ACK 1430
[CLIENT] sent ACK 1455
[CLIENT] sent ACK 1478
[CLIENT] sent ACK 1503
[CLIENT] sent ACK 1529
[CLIENT] sent ACK 1554
[CLIENT] sent ACK 1578
[CLIENT] sent ACK 1602
[CLIENT] sent ACK 1627
[CLIENT] sent ACK 1652
[CLIENT] sent ACK 1675
[CLIENT] sent ACK 1700
[CLIENT] sent ACK 1722
[CLIENT] sent ACK 1746
[CLIENT] sent ACK 1772
[CLIENT] sent ACK 1797
[CLIENT] sent ACK 1822
[CLIENT] sent ACK 1847
[CLIENT] sent ACK 1870
[CLIENT] sent ACK 1897
[CLIENT] sent ACK 1923
[CLIENT] sent ACK 1949
[CLIENT] sent ACK 1975
[CLIENT] sent ACK 2002
[CLIENT] sent ACK 2030
[CLIENT] sent ACK 2055
[CLIENT] sent ACK 2079
[CLIENT] sent ACK 2106
[CLIENT] sent ACK 2129
[CLIENT] sent ACK 2154
[CLIENT] sent ACK 2178
[CLIENT] sent ACK 2200
[CLIENT] sent ACK 2225
[CLIENT] sent ACK 2252
[CLIENT] sent ACK 2277
[CLIENT] sent ACK 2301
[CLIENT] sent ACK 2325
[CLIENT] sent ACK 2352
[CLIENT] sent ACK 2377
[CLIENT] sent ACK 2402
[CLIENT] sent ACK 2425
[CLIENT] sent ACK 2449
[CLIENT] sent ACK 2474
[CLIENT] sent ACK 2498
[CLIENT] sent ACK 2525
[CLIENT] sent ACK 2551
[CLIENT] sent ACK 2574
[CLIENT] sent ACK 2597
[CLIENT] sent ACK 2624
[CLIENT] sent ACK 2646
[CLIENT] sent ACK 2671
[CLIENT] sent ACK 2693
[CLIENT] sent ACK 2718
[CLIENT] sent ACK 2740
[CLIENT] sent ACK 2765
[CLIENT] sent ACK 2790
[CLIENT] sent ACK 2813
[CLIENT] sent ACK 2837
[CLIENT] sent ACK 2863
[CLIENT] sent ACK 2886
[CLIENT] sent ACK 2911
[CLIENT] sent ACK 2935
[CLIENT] sent ACK 2960
[CLIENT] sent ACK 2982
[CLIENT] sent ACK 3005
[CLIENT] sent ACK 3032
[CLIENT] sent ACK 3057
[CLIENT] sent ACK 3080
[CLIENT] sent ACK 3103
[CLIENT] sent ACK 3128
[CLIENT] sent ACK 3154
[CLIENT] sent ACK 3178
[CLIENT] sent ACK 3201
[CLIENT] sent ACK 3225
[CLIENT] sent ACK 3250
[CLIENT] sent ACK 3274
[CLIENT] sent ACK 3299
[CLIENT] sent ACK 3322
[CLIENT] sent ACK 3345
[CLIENT] sent ACK 3370
[CLIENT] sent ACK 3396
[CLIENT] sent ACK 3419
[CLIENT] sent ACK 3442
[CLIENT] sent ACK 3469
[CLIENT] sent ACK 3493
[CLIENT] sent ACK 3515
[CLIENT] sent ACK 3537
[CLIENT] sent ACK 3560
[CLIENT] sent ACK 3584
[CLIENT] sent ACK 3607
[CLIENT] sent ACK 3632
[CLIENT] sent ACK 3655
[CLIENT] sent ACK 3678
[CLIENT] sent ACK 3702
[CLIENT] sent ACK 3727
[CLIENT] sent ACK 3753
[CLIENT] sent ACK 3776
[CLIENT] sent ACK 3803
[CLIENT] sent ACK 3828
[CLIENT] sent ACK 3853
[CLIENT] sent ACK 3881
[CLIENT] sent ACK 3903
[CLIENT] sent ACK 3928
[CLIENT] sent ACK 3952
[CLIENT] sent ACK 3977
[CLIENT] sent ACK 4003
[CLIENT] sent ACK 4027
[CLIENT] sent ACK 4051
[CLIENT] sent ACK 4077
[CLIENT] sent ACK 4103
[CLIENT] sent ACK 4127
[CLIENT] sent ACK 4150
[CLIENT] sent ACK 4174
[CLIENT] sent ACK 4202
[CLIENT] sent ACK 4228
[CLIENT] sent ACK 4255
[CLIENT] sent ACK 4280
[CLIENT] sent ACK 4304
[CLIENT] sent ACK 4329
[CLIENT] sent ACK 4354
[CLIENT] sent ACK 4380
[CLIENT] sent ACK 4407
[CLIENT] sent ACK 4431
[CLIENT] sent ACK 4455
[CLIENT] sent ACK 4481
[CLIENT] sent ACK 4507
[CLIENT] sent ACK 4535
[CLIENT] sent ACK 4559
[CLIENT] sent ACK 4586
[CLIENT] sent ACK 4612
[CLIENT] sent ACK 4636
[CLIENT] sent ACK 4660
[CLIENT] sent ACK 4683
[CLIENT] sent ACK 4710
[CLIENT] sent ACK 4735
[CLIENT] sent ACK 4761
[CLIENT] sent ACK 4787
[CLIENT] sent ACK 4811
[CLIENT] sent ACK 4835
[CLIENT] sent ACK 4860
[CLIENT] sent ACK 4887
[CLIENT] sent ACK 4913
[CLIENT] sent ACK 4937
[CLIENT] sent ACK 4961
[CLIENT] sent ACK 4987
[CLIENT] sent ACK 5013
[CLIENT] sent ACK 5040
[CLIENT] sent ACK 5063
[CLIENT] sent ACK 5088
[CLIENT] sent ACK 5115
[CLIENT] sent ACK 5141
[CLIENT] sent ACK 5166
[CLIENT] sent ACK 5190
[CLIENT] sent ACK 5214
[CLIENT] sent ACK 5239
[CLIENT] sent ACK 5265
[CLIENT] sent ACK 5290
[CLIENT] sent ACK 5314
[CLIENT] sent ACK 5338
[CLIENT] sent ACK 5363
[CLIENT] sent ACK 5387
[CLIENT] sent ACK 5411
[CLIENT] sent ACK 5435
[CLIENT] sent ACK 5460
[CLIENT] sent ACK 5485
[CLIENT] sent ACK 5509
[CLIENT] sent ACK 5533
[CLIENT] sent ACK 5558
[CLIENT] sent ACK 5583
[CLIENT] sent ACK 5607
[CLIENT] sent ACK 5634
[CLIENT] sent ACK 5660
[CLIENT] sent ACK 5684
[CLIENT] sent ACK 5710
[CLIENT] sent ACK 5736
[CLIENT] sent ACK 5762
[CLIENT] sent ACK 5786
[CLIENT] sent ACK 5810
[CLIENT] sent ACK 5835
[CLIENT] sent ACK 5861
[CLIENT] sent ACK 5887
[CLIENT] sent ACK 5911
[CLIENT] sent ACK 5936
[CLIENT] sent ACK 5961
[CLIENT] sent ACK 5987
[CLIENT] sent ACK 6012
[CLIENT] sent ACK 6038
[CLIENT] sent ACK 6061
[CLIENT] sent ACK 6089
[CLIENT] sent ACK 6117
[CLIENT] sent ACK 6141
[CLIENT] sent ACK 6167
[CLIENT] sent ACK 6193
[CLIENT] sent ACK 6218
[CLIENT] sent ACK 6243
[CLIENT] sent ACK 6268
[CLIENT] sent ACK 6294
[CLIENT] sent ACK 6319
[CLIENT] sent ACK 6345
[CLIENT] sent ACK 6369
[CLIENT] sent ACK 6394
[CLIENT] sent ACK 6420
[CLIENT] sent ACK 6442
[CLIENT] sent ACK 6467
[CLIENT] sent ACK 6492
[CLIENT] sent ACK 6518
[CLIENT] sent ACK 6546
[CLIENT] sent ACK 6569
[CLIENT] sent ACK 6595
[CLIENT] sent ACK 6621
[CLIENT] sent ACK 6645
[CLIENT] sent ACK 6670
[CLIENT] sent ACK 6694
[CLIENT] sent ACK 6719
[CLIENT] sent ACK 6745
[CLIENT] sent ACK 6769
[CLIENT] sent ACK 6796
[CLIENT] sent ACK 6818
[CLIENT] sent ACK 6843
[CLIENT] sent ACK 6868
[CLIENT] sent ACK 6890
[CLIENT] sent ACK 6914
[CLIENT] sent ACK 6937
[CLIENT] sent ACK 6961
[CLIENT] sent ACK 6987
[CLIENT] sent ACK 7012
[CLIENT] sent ACK 7036
[CLIENT] sent ACK 7060
[CLIENT] sent ACK 7085
[CLIENT] sent ACK 7112
[CLIENT] sent ACK 7137
[CLIENT] sent ACK 7164
[CLIENT] sent ACK 7190
[CLIENT] sent ACK 7213
[CLIENT] sent ACK 7238
[CLIENT] sent ACK 7262
[CLIENT] sent ACK 7288
[CLIENT] sent ACK 7311
[CLIENT] sent ACK 7336
[CLIENT] sent ACK 7360
[CLIENT] sent ACK 7387
[CLIENT] sent ACK 7413
[CLIENT] sent ACK 7436
[CLIENT] sent ACK 7461
[CLIENT] sent ACK 7486
[CLIENT] sent ACK 7511
[CLIENT] sent ACK 7535
[CLIENT] sent ACK 7559
[CLIENT] sent ACK 7585
[CLIENT] sent ACK 7610
[CLIENT] sent ACK 7633
[CLIENT] sent ACK 7654
[CLIENT] sent ACK 7679
[CLIENT] sent ACK 7704
[CLIENT] sent ACK 7730
[CLIENT] sent ACK 7754
[CLIENT] sent ACK 7779
[CLIENT] sent ACK 7804
[CLIENT] sent ACK 7830
[CLIENT] sent ACK 7856
[CLIENT] sent ACK 7881
[CLIENT] sent ACK 7908
[CLIENT] sent ACK 7934
[CLIENT] sent ACK 7960
[CLIENT] sent ACK 7984
[CLIENT] sent ACK 8009
[CLIENT] sent ACK 8035
[CLIENT] sent ACK 8060
[CLIENT] sent ACK 8087
[CLIENT] sent ACK 8112
[CLIENT] sent ACK 8138
[CLIENT] sent ACK 8162
[CLIENT] sent ACK 8187
[CLIENT] sent ACK 8212
[CLIENT] sent ACK 8239
[CLIENT] sent ACK 8264
[CLIENT] sent ACK 8291
[CLIENT] sent ACK 8317
[CLIENT] sent ACK 8343
[CLIENT] sent ACK 8370
[CLIENT] sent ACK 8397
[CLIENT] sent ACK 8420
[CLIENT] sent ACK 8445
[CLIENT] sent ACK 8467
[CLIENT] sent ACK 8492
[CLIENT] sent ACK 8517
[CLIENT] sent ACK 8541
[CLIENT] sent ACK 8564
[CLIENT] sent ACK 8587
[CLIENT] sent ACK 8612
[CLIENT] sent ACK 8635
[CLIENT] sent ACK 8661
[CLIENT] sent ACK 8683
[CLIENT] sent ACK 8709
[CLIENT] sent ACK 8733
[CLIENT] sent ACK 8757
[CLIENT] sent ACK 8782
[CLIENT] sent ACK 8804
[CLIENT] sent ACK 8829
[CLIENT] sent ACK 8849
[CLIENT] sent ACK 8874
[CLIENT] sent ACK 8900
[CLIENT] sent ACK 8922
[CLIENT] sent ACK 8947
[CLIENT] sent ACK 8972
[CLIENT] sent ACK 8997
[CLIENT] sent ACK 9021
[CLIENT] sent ACK 9044
[CLIENT] sent ACK 9068
[CLIENT] sent ACK 9092
[CLIENT] sent ACK 9117
[CLIENT] sent ACK 9141
[CLIENT] sent ACK 9166
[CLIENT] sent ACK 9190
[CLIENT] sent ACK 9216
[CLIENT] sent ACK 9241
[CLIENT] sent ACK 9267
[CLIENT] sent ACK 9292
[CLIENT] sent ACK 9315
[CLIENT] sent ACK 9339
[CLIENT] sent ACK 9362
[CLIENT] sent ACK 9386
[CLIENT] sent ACK 9407
[CLIENT] sent ACK 9433
[CLIENT] sent ACK 9455
[CLIENT] sent ACK 9479
[CLIENT] sent ACK 9503
[CLIENT] sent ACK 9526
[CLIENT] sent ACK 9551
[CLIENT] sent ACK 9575
[CLIENT] sent ACK 9600
[CLIENT] sent ACK 9626
[CLIENT] sent ACK 9650
[CLIENT] sent ACK 9673
[CLIENT] sent ACK 9699
[CLIENT] sent ACK 9723
[CLIENT] sent ACK 9749
[CLIENT] sent ACK 9771
[CLIENT] sent ACK 9796
[CLIENT] sent ACK 9810
[CLIENT] sent ACK 9834
[CLIENT] sent ACK 9860
[CLIENT] sent ACK 9885
[CLIENT] sent ACK 9912
[CLIENT] sent ACK 9939
[CLIENT] sent ACK 9966
[CLIENT] sent ACK 9991
[CLIENT] sent ACK 10011
[CLIENT] sent ACK 10036
[CLIENT] sent ACK 10059
[CLIENT] sent ACK 10084
[CLIENT] sent ACK 10109
[CLIENT] sent ACK 10137
[CLIENT] sent ACK 10159
[CLIENT] sent ACK 10183
[CLIENT] sent ACK 10206
[CLIENT] sent ACK 10232
[CLIENT] sent ACK 10255
[CLIENT] sent ACK 10277
[CLIENT] sent ACK 10302
[CLIENT] sent ACK 10328
[CLIENT] sent ACK 10350
[CLIENT] sent ACK 10374
[CLIENT] sent ACK 10400
[CLIENT] sent ACK 10426
[CLIENT] sent ACK 10451
[CLIENT] sent ACK 10472
[CLIENT] sent ACK 10495
[CLIENT] sent ACK 10520
[CLIENT] sent ACK 10546
[CLIENT] sent ACK 10570
[CLIENT] sent ACK 10592
[CLIENT] sent ACK 10615
[CLIENT] sent ACK 10640
[CLIENT] sent ACK 10669
[CLIENT] sent ACK 10692
[CLIENT] sent ACK 10716
[CLIENT] sent ACK 10738
[CLIENT] sent ACK 10763
[CLIENT] sent ACK 10787
[CLIENT] sent ACK 10813
[CLIENT] sent ACK 10834
[CLIENT] sent ACK 10857
[CLIENT] sent ACK 10882
[CLIENT] sent ACK 10906
[CLIENT] sent ACK 10929
[CLIENT] sent ACK 10952
[CLIENT] sent ACK 10976
[CLIENT] sent ACK 11002
[CLIENT] sent ACK 11027
[CLIENT] sent ACK 11049
[CLIENT] sent ACK 11073
[CLIENT] sent ACK 11096
[CLIENT] sent ACK 11119
[CLIENT] sent ACK 11142
[CLIENT] sent ACK 11169
[CLIENT] sent ACK 11192
[CLIENT] sent ACK 11215
[CLIENT] sent ACK 11239
[CLIENT] sent ACK 11265
[CLIENT] sent ACK 11291
[CLIENT] sent ACK 11316
[CLIENT] sent ACK 11340
[CLIENT] sent ACK 11364
[CLIENT] sent ACK 11387
[CLIENT] sent ACK 11410
[CLIENT] sent ACK 11433
[CLIENT] sent ACK 11458
[CLIENT] sent ACK 11483
[CLIENT] sent ACK 11507
[CLIENT] sent ACK 11533
[CLIENT] sent ACK 11558
[CLIENT] sent ACK 11582
[CLIENT] sent ACK 11607
[CLIENT] sent ACK 11629
[CLIENT] sent ACK 11653
[CLIENT] sent ACK 11675
[CLIENT] sent ACK 11699
[CLIENT] sent ACK 11724
[CLIENT] sent ACK 11747
[CLIENT] sent ACK 11773
[CLIENT] sent ACK 11798
[CLIENT] sent ACK 11820
[CLIENT] sent ACK 11843
[CLIENT] sent ACK 11869
[CLIENT] sent ACK 11891
[CLIENT] sent ACK 11918
[CLIENT] sent ACK 11942
[CLIENT] sent ACK 11966
[CLIENT] sent ACK 11991
[CLIENT] sent ACK 12017
[CLIENT] sent ACK 12040
[CLIENT] sent ACK 12064
[CLIENT] sent ACK 12089
[CLIENT] sent ACK 12114
[CLIENT] sent ACK 12138
[CLIENT] sent ACK 12163
[CLIENT] sent ACK 12187
[CLIENT] sent ACK 12211
[CLIENT] sent ACK 12236
[CLIENT] sent ACK 12257
[CLIENT] sent ACK 12280
[CLIENT] sent ACK 12306
[CLIENT] sent ACK 12331
[CLIENT] sent ACK 12353
[CLIENT] sent ACK 12377
[CLIENT] sent ACK 12401
[CLIENT] sent ACK 12424
[CLIENT] sent ACK 12449
[CLIENT] sent ACK 12474
[CLIENT] sent ACK 12500
[CLIENT] sent ACK 12524
[CLIENT] sent ACK 12548
[CLIENT] sent ACK 12574
[CLIENT] sent ACK 12599
[CLIENT] sent ACK 12626
[CLIENT] sent ACK 12647
[CLIENT] sent ACK 12669
[CLIENT] sent ACK 12694
[CLIENT] sent ACK 12718
[CLIENT] sent ACK 12745
[CLIENT] sent ACK 12769
[CLIENT] sent ACK 12790
[CLIENT] sent ACK 12812
[CLIENT] sent ACK 12836
[CLIENT] sent ACK 12862
[CLIENT] sent ACK 12885
[CLIENT] sent ACK 12908
[CLIENT] sent ACK 12932
[CLIENT] sent ACK 12957
[CLIENT] sent ACK 12979
[CLIENT] sent ACK 13006
[CLIENT] sent ACK 13029
[CLIENT] sent ACK 13053
[CLIENT] sent ACK 13078
[CLIENT] sent ACK 13104
[CLIENT] sent ACK 13128
[CLIENT] sent ACK 13152
[CLIENT] sent ACK 13179
[CLIENT] sent ACK 13202
[CLIENT] sent ACK 13226
[CLIENT] sent ACK 13249
[CLIENT] sent ACK 13273
[CLIENT] sent ACK 13296
[CLIENT] sent ACK 13321
[CLIENT] sent ACK 13344
[CLIENT] sent ACK 13367
[CLIENT] sent ACK 13393
[CLIENT] sent ACK 13416
[CLIENT] sent ACK 13441
[CLIENT] sent ACK 13465
[CLIENT] sent ACK 13490
[CLIENT] sent ACK 13511
[CLIENT] sent ACK 13534
[CLIENT] sent ACK 13559
[CLIENT] sent ACK 13584
[CLIENT] sent ACK 13609
[CLIENT] sent ACK 13634
[CLIENT] sent ACK 13657
[CLIENT] sent ACK 13682
[CLIENT] sent ACK 13706
[CLIENT] sent ACK 13732
[CLIENT] sent ACK 13755
[CLIENT] sent ACK 13778
[CLIENT] sent ACK 13802
[CLIENT] sent ACK 13827
[CLIENT] sent ACK 13852
[CLIENT] sent ACK 13876
[CLIENT] sent ACK 13902
[CLIENT] sent ACK 13927
[CLIENT] sent ACK 13951
[CLIENT] sent ACK 13972
[CLIENT] sent ACK 13997
[CLIENT] sent ACK 14019
[CLIENT] sent ACK 14045
[CLIENT] sent ACK 14071
[CLIENT] sent ACK 14098
[CLIENT] sent ACK 14123
[CLIENT] sent ACK 14148
[CLIENT] sent ACK 14174
[CLIENT] sent ACK 14201
[CLIENT] sent ACK 14228
[CLIENT] sent ACK 14256
[CLIENT] sent ACK 14280
[CLIENT] sent ACK 14305
[CLIENT] sent ACK 14328
[CLIENT] sent ACK 14354
[CLIENT] sent ACK 14379
[CLIENT] sent ACK 14405
[CLIENT] sent ACK 14431
[CLIENT] sent ACK 14458
[CLIENT] sent ACK 14484
[CLIENT] sent ACK 14506
[CLIENT] sent ACK 14530
[CLIENT] sent ACK 14553
[CLIENT] sent ACK 14578
[CLIENT] sent ACK 14604
[CLIENT] sent ACK 14629
[CLIENT] sent ACK 14656
[CLIENT] sent ACK 14681
[CLIENT] sent ACK 14707
[CLIENT] sent ACK 14733
[CLIENT] sent ACK 14760
[CLIENT] sent ACK 14784
[CLIENT] sent ACK 14809
[CLIENT] sent ACK 14833
[CLIENT] sent ACK 14858
[CLIENT] sent ACK 14883
[CLIENT] sent ACK 14909
[CLIENT] sent ACK 14931
[CLIENT] sent ACK 14957
[CLIENT] sent ACK 14981
[CLIENT] sent ACK 15005
[CLIENT] sent ACK 15030
[CLIENT] sent ACK 15055
[CLIENT] sent ACK 15081
[CLIENT] sent ACK 15106
[CLIENT] sent ACK 15130
[CLIENT] sent ACK 15157
[CLIENT] sent ACK 15182
[CLIENT] sent ACK 15208
[CLIENT] sent ACK 15234
[CLIENT] sent ACK 15259
[CLIENT] sent ACK 15285
[CLIENT] sent ACK 15310
[CLIENT] sent ACK 15336
[CLIENT] sent ACK 15362
[CLIENT] sent ACK 15385
[CLIENT] sent ACK 15412
[CLIENT] sent ACK 15438
[CLIENT] sent ACK 15463
[CLIENT] sent ACK 15489
[CLIENT] sent ACK 15513
[CLIENT] sent ACK 15538
[CLIENT] sent ACK 15564
[CLIENT] sent ACK 15591
[CLIENT] sent ACK 15614
[CLIENT] sent ACK 15637
[CLIENT] sent ACK 15661
[CLIENT] sent ACK 15686
[CLIENT] sent ACK 15712
[CLIENT] sent ACK 15738
[CLIENT] sent ACK 15761
[CLIENT] sent ACK 15787
[CLIENT] sent ACK 15811
[CLIENT] sent ACK 15838
[CLIENT] sent ACK 15861
[CLIENT] sent ACK 15883
[CLIENT] sent ACK 15907
[CLIENT] sent ACK 15933
[CLIENT] sent ACK 15956
[CLIENT] sent ACK 15981
[CLIENT] sent ACK 16004
[CLIENT] sent ACK 16028
[CLIENT] sent ACK 16052
[CLIENT] sent ACK 16077
[CLIENT] sent ACK 16097
[CLIENT] sent ACK 16122
[CLIENT] sent ACK 16148
[CLIENT] sent ACK 16173
[CLIENT] sent ACK 16198
[CLIENT] sent ACK 16223
[CLIENT] sent ACK 16245
[CLIENT] sent ACK 16267
[CLIENT] sent ACK 16290
[CLIENT] sent ACK 16313
[CLIENT] sent ACK 16336
[CLIENT] sent ACK 16360
[CLIENT] sent ACK 16383
[CLIENT] sent ACK 16407
[CLIENT] sent ACK 16432
[CLIENT] sent ACK 16457
[CLIENT] sent ACK 16480
[CLIENT] sent ACK 16502
[CLIENT] sent ACK 16527
[CLIENT] sent ACK 16550
[CLIENT] sent ACK 16574
[CLIENT] sent ACK 16595
[CLIENT] sent ACK 16619
[CLIENT] sent ACK 16643
[CLIENT] sent ACK 16666
[CLIENT] sent ACK 16689
[CLIENT] sent ACK 16715
[CLIENT] sent ACK 16737
[CLIENT] sent ACK 16762
[CLIENT] sent ACK 16786
[CLIENT] sent ACK 16811
[CLIENT] sent ACK 16835
[CLIENT] sent ACK 16859
[CLIENT] sent ACK 16883
[CLIENT] sent ACK 16908
[CLIENT] sent ACK 16931
[CLIENT] sent ACK 16955
[CLIENT] sent ACK 16976
[CLIENT] sent ACK 17001
[CLIENT] sent ACK 17024
[CLIENT] sent ACK 17049
[CLIENT] sent ACK 17073
[CLIENT] sent ACK 17094
[CLIENT] sent ACK 17117
[CLIENT] sent ACK 17142
[CLIENT] sent ACK 17166
[CLIENT] sent ACK 17191
[CLIENT] sent ACK 17215
[CLIENT] sent ACK 17240
[CLIENT] sent ACK 17265
[CLIENT] sent ACK 17291
[CLIENT] sent ACK 17317
[CLIENT] sent ACK 17340
[CLIENT] sent ACK 17367
[CLIENT] sent ACK 17390
[CLIENT] sent ACK 17415
[CLIENT] sent ACK 17441
[CLIENT] sent ACK 17464
[CLIENT] sent ACK 17488
[CLIENT] sent ACK 17511
[CLIENT] sent ACK 17538
[CLIENT] sent ACK 17562
[CLIENT] sent ACK 17586
[CLIENT] sent ACK 17608
[CLIENT] sent ACK 17631
[CLIENT] sent ACK 17655
[CLIENT] sent ACK 17678
[CLIENT] sent ACK 17703
[CLIENT] sent ACK 17724
[CLIENT] sent ACK 17747
[CLIENT] sent ACK 17772
[CLIENT] sent ACK 17797
[CLIENT] sent ACK 17821
[CLIENT] sent ACK 17847
[CLIENT] sent ACK 17871
[CLIENT] sent ACK 17896
[CLIENT] sent ACK 17921
[CLIENT] sent ACK 17946
[CLIENT] sent ACK 17972
[CLIENT] sent ACK 17997
[CLIENT] sent ACK 18023
[CLIENT] sent ACK 18050
[CLIENT] sent ACK 18072
[CLIENT] sent ACK 18096
[CLIENT] sent ACK 18120
[CLIENT] sent ACK 18144
[CLIENT] sent ACK 18170
[CLIENT] sent ACK 18195
[CLIENT] sent ACK 18221
[CLIENT] sent ACK 18248
[CLIENT] sent ACK 18273
[CLIENT] sent ACK 18298
[CLIENT] sent ACK 18323
[CLIENT] sent ACK 18349
[CLIENT] sent ACK 18376
[CLIENT] sent ACK 18401
[CLIENT] sent ACK 18425
[CLIENT] sent ACK 18450
[CLIENT] sent ACK 18473
[CLIENT] sent ACK 18496
[CLIENT] sent ACK 18520
[CLIENT] sent ACK 18543
[CLIENT] sent ACK 18567
[CLIENT] sent ACK 18594
[CLIENT] sent ACK 18620
[CLIENT] sent ACK 18644
[CLIENT] sent ACK 18666
[CLIENT] sent ACK 18690
[CLIENT] sent ACK 18716
[CLIENT] sent ACK 18741
[CLIENT] sent ACK 18764
[CLIENT] sent ACK 18786
[CLIENT] sent ACK 18811
[CLIENT] sent ACK 18835
[CLIENT] sent ACK 18861
[CLIENT] sent ACK 18884
[CLIENT] sent ACK 18907
[CLIENT] sent ACK 18931
[CLIENT] sent ACK 18956
[CLIENT] sent ACK 18979
[CLIENT] sent ACK 19002
[CLIENT] sent ACK 19026
[CLIENT] sent ACK 19049
[CLIENT] sent ACK 19075
[CLIENT] sent ACK 19099
[CLIENT] sent ACK 19127
[CLIENT] sent ACK 19154
[CLIENT] sent ACK 19177
[CLIENT] sent ACK 19202
[CLIENT] sent ACK 19228
[CLIENT] sent ACK 19253
[CLIENT] sent ACK 19278
[CLIENT] sent ACK 19302
[CLIENT] sent ACK 19327
[CLIENT] sent ACK 19353
[CLIENT] sent ACK 19379
[CLIENT] sent ACK 19403
[CLIENT] sent ACK 19426
[CLIENT] sent ACK 19451
[CLIENT] sent ACK 19475
[CLIENT] sent ACK 19501
[CLIENT] sent ACK 19525
[CLIENT] sent ACK 19552
[CLIENT] sent ACK 19576
[CLIENT] sent ACK 19602
[CLIENT] sent ACK 19627
[CLIENT] sent ACK 19652
[CLIENT] sent ACK 19673
[CLIENT] sent ACK 19700
[CLIENT] sent ACK 19727
[CLIENT] sent ACK 19751
[CLIENT] sent ACK 19776
[CLIENT] sent ACK 19801
[CLIENT] sent ACK 19826
[CLIENT] sent ACK 19851
[CLIENT] sent ACK 19876
[CLIENT] sent ACK 19902
[CLIENT] sent ACK 19927
[CLIENT] sent ACK 19954
[CLIENT] sent ACK 19979
[CLIENT] sent ACK 20004
[CLIENT] sent ACK 20030
[CLIENT] sent ACK 20055
[CLIENT] sent ACK 20081
[CLIENT] sent ACK 20106
[CLIENT] sent ACK 20132
[CLIENT] sent ACK 20155
[CLIENT] sent ACK 20179
[CLIENT] sent ACK 20205
[CLIENT] sent ACK 20231
[CLIENT] sent ACK 20257
[CLIENT] sent ACK 20278
[CLIENT] sent ACK 20303
[CLIENT] sent ACK 20327
[CLIENT] sent ACK 20354
[CLIENT] sent ACK 20378
[CLIENT] sent ACK 20402
[CLIENT] sent ACK 20427
[CLIENT] sent ACK 20454
[CLIENT] sent ACK 20479
[CLIENT] sent ACK 20504
[CLIENT] sent ACK 20527
[CLIENT] sent ACK 20550
[CLIENT] sent ACK 20574
[CLIENT] sent ACK 20600
[CLIENT] sent ACK 20626
[CLIENT] sent ACK 20650
[CLIENT] sent ACK 20676
[CLIENT] sent ACK 20700
[CLIENT] sent ACK 20726
[CLIENT] sent ACK 20752
[CLIENT] sent ACK 20775
[CLIENT] sent ACK 20799
[CLIENT] sent ACK 20825
[CLIENT] sent ACK 20850
[CLIENT] sent ACK 20877
[CLIENT] sent ACK 20902
[CLIENT] sent ACK 20928
[CLIENT] sent ACK 20954
[CLIENT] sent ACK 20982
[CLIENT] sent ACK 21007
[CLIENT] sent ACK 21032
[CLIENT] sent ACK 21057
[CLIENT] sent ACK 21081
[CLIENT] sent ACK 21106
[CLIENT] sent ACK 21132
[CLIENT] sent ACK 21155
[CLIENT] sent ACK 21180
[CLIENT] sent ACK 21206
[CLIENT] sent ACK 21231
[CLIENT] sent ACK 21256
[CLIENT] sent ACK 21279
[CLIENT] sent ACK 21305
[CLIENT] sent ACK 21330
[CLIENT] sent ACK 21357
[CLIENT] sent ACK 21382
[CLIENT] sent ACK 21407
[CLIENT] sent ACK 21433
[CLIENT] sent ACK 21458
[CLIENT] sent ACK 21483
[CLIENT] sent ACK 21508
[CLIENT] sent ACK 21533
[CLIENT] sent ACK 21559
[CLIENT] sent ACK 21582
[CLIENT] sent ACK 21608
[CLIENT] sent ACK 21633
[CLIENT] sent ACK 21655
[CLIENT] sent ACK 21680
[CLIENT] sent ACK 21704
[CLIENT] sent ACK 21730
[CLIENT] sent ACK 21754
[CLIENT] sent ACK 21777
[CLIENT] sent ACK 21802
[CLIENT] sent ACK 21827
[CLIENT] sent ACK 21853
[CLIENT] sent ACK 21877
[CLIENT] sent ACK 21900
[CLIENT] sent ACK 21924
[CLIENT] sent ACK 21948
[CLIENT] sent ACK 21973
[CLIENT] sent ACK 21998
[CLIENT] sent ACK 22022
[CLIENT] sent ACK 22046
[CLIENT] sent ACK 22071
[CLIENT] sent ACK 22096
[CLIENT] sent ACK 22121
[CLIENT] sent ACK 22145
[CLIENT] sent ACK 22165
[CLIENT] sent ACK 22188
[CLIENT] sent ACK 22211
[CLIENT] sent ACK 22234
[CLIENT] sent ACK 22258
[CLIENT] sent ACK 22281
[CLIENT] sent ACK 22306
[CLIENT] sent ACK 22332
[CLIENT] sent ACK 22357
[CLIENT] sent ACK 22380
[CLIENT] sent ACK 22402
[CLIENT] sent ACK 22426
[CLIENT] sent ACK 22450
[CLIENT] sent ACK 22475
[CLIENT] sent ACK 22499
[CLIENT] sent ACK 22521
[CLIENT] sent ACK 22547
[CLIENT] sent ACK 22571
[CLIENT] sent ACK 22596
[CLIENT] sent ACK 22620
[CLIENT] sent ACK 22642
[CLIENT] sent ACK 22665
[CLIENT] sent ACK 22688
[CLIENT] sent ACK 22713
[CLIENT] sent ACK 22739
[CLIENT] sent ACK 22762
[CLIENT] sent ACK 22786
[CLIENT] sent ACK 22809
[CLIENT] sent ACK 22834
[CLIENT] sent ACK 22856
[CLIENT] sent ACK 22878
[CLIENT] sent ACK 22902
[CLIENT] sent ACK 22925
[CLIENT] sent ACK 22950
[CLIENT] sent ACK 22974
[CLIENT] sent ACK 22998
[CLIENT] sent ACK 23022
[CLIENT] sent ACK 23046
[CLIENT] sent ACK 23070
[CLIENT] sent ACK 23096
[CLIENT] sent ACK 23119
[CLIENT] sent ACK 23143
[CLIENT] sent ACK 23168
[CLIENT] sent ACK 23191
[CLIENT] sent ACK 23216
[CLIENT] sent ACK 23238
[CLIENT] sent ACK 23263
[CLIENT] sent ACK 23287
[CLIENT] sent ACK 23312
[CLIENT] sent ACK 23335
[CLIENT] sent ACK 23357
[CLIENT] sent ACK 23381
[CLIENT] sent ACK 23405
[CLIENT] sent ACK 23431
[CLIENT] sent ACK 23456
[CLIENT] sent ACK 23479
[CLIENT] sent ACK 23505
[CLIENT] sent ACK 23530
[CLIENT] sent ACK 23557
[CLIENT] sent ACK 23579
[CLIENT] sent ACK 23601
[CLIENT] sent ACK 23626
[CLIENT] sent ACK 23651
[CLIENT] sent ACK 23674
[CLIENT] sent ACK 23697
[CLIENT] sent ACK 23720
[CLIENT] sent ACK 23745
[CLIENT] sent ACK 23771
[CLIENT] sent ACK 23796
[CLIENT] sent ACK 23819
[CLIENT] sent ACK 23843
[CLIENT] sent ACK 23868
[CLIENT] sent ACK 23890
[CLIENT] sent ACK 23914
[CLIENT] sent ACK 23937
[CLIENT] sent ACK 23960
[CLIENT] sent ACK 23986
[CLIENT] sent ACK 24009
[CLIENT] sent ACK 24033
[CLIENT] sent ACK 24057
[CLIENT] sent ACK 24080
[CLIENT] sent ACK 24105
[CLIENT] sent ACK 24131
[CLIENT] sent ACK 24156
[CLIENT] sent ACK 24181
[CLIENT] sent ACK 24206
[CLIENT] sent ACK 24230
[CLIENT] sent ACK 24255
[CLIENT] sent ACK 24278
[CLIENT] sent ACK 24303
[CLIENT] sent ACK 24327
[CLIENT] sent ACK 24352
[CLIENT] sent ACK 24376
[CLIENT] sent ACK 24401
[CLIENT] sent ACK 24423
[CLIENT] sent ACK 24447
[CLIENT] sent ACK 24471
[CLIENT] sent ACK 24498
[CLIENT] sent ACK 24523
[CLIENT] sent ACK 24547
[CLIENT] sent ACK 24572
[CLIENT] sent ACK 24599
[CLIENT] sent ACK 24626
[CLIENT] sent ACK 24650
[CLIENT] sent ACK 24673
[CLIENT] sent ACK 24699
[CLIENT] sent ACK 24726
[CLIENT] sent ACK 24751
[CLIENT] sent ACK 24778
[CLIENT] sent ACK 24801
[CLIENT] sent ACK 24827
[CLIENT] sent ACK 24854
[CLIENT] sent ACK 24879
[CLIENT] sent ACK 24904
[CLIENT] sent ACK 24927
[CLIENT] sent ACK 24952
[CLIENT] sent ACK 24978
[CLIENT] sent ACK 25002
[CLIENT] sent ACK 25026
[CLIENT] sent ACK 25049
[CLIENT] sent ACK 25074
[CLIENT] sent ACK 25097
[CLIENT] sent ACK 25122
[CLIENT] sent ACK 25147
[CLIENT] sent ACK 25171
[CLIENT] sent ACK 25196
[CLIENT] sent ACK 25221
[CLIENT] sent ACK 25246
[CLIENT] sent ACK 25272
[CLIENT] sent ACK 25295
[CLIENT] sent ACK 25319
[CLIENT] sent ACK 25343
[CLIENT] sent ACK 25368
[CLIENT] sent ACK 25391
[CLIENT] sent ACK 25416
[CLIENT] sent ACK 25437
[CLIENT] sent ACK 25461
[CLIENT] sent ACK 25488
[CLIENT] sent ACK 25511
[CLIENT] sent ACK 25537
[CLIENT] sent ACK 25559
[CLIENT] sent ACK 25582
[CLIENT] sent ACK 25607
[CLIENT] sent ACK 25630
[CLIENT] sent ACK 25655
[CLIENT] sent ACK 25679
[CLIENT] sent ACK 25704
[CLIENT] sent ACK 25728
[CLIENT] sent ACK 25755
[CLIENT] sent ACK 25779
[CLIENT] sent ACK 25804
[CLIENT] sent ACK 25827
[CLIENT] sent ACK 25852
[CLIENT] sent ACK 25876
[CLIENT] sent ACK 25901
[CLIENT] sent ACK 25924
[CLIENT] sent ACK 25949
[CLIENT] sent ACK 25973
[CLIENT] sent ACK 25999
[CLIENT] sent ACK 26021
[CLIENT] sent ACK 26046
[CLIENT] sent ACK 26070
[CLIENT] sent ACK 26092
[CLIENT] sent ACK 26117
[CLIENT] sent ACK 26140
[CLIENT] sent ACK 26163
[CLIENT] sent ACK 26188
[CLIENT] sent ACK 26213
[CLIENT] sent ACK 26236
[CLIENT] sent ACK 26260
[CLIENT] sent ACK 26284
[CLIENT] sent ACK 26308
[CLIENT] sent ACK 26333
[CLIENT] sent ACK 26359
[CLIENT] sent ACK 26384
[CLIENT] sent ACK 26407
[CLIENT] sent ACK 26430
[CLIENT] sent ACK 26455
[CLIENT] sent ACK 26480
[CLIENT] sent ACK 26505
[CLIENT] sent ACK 26530
[CLIENT] sent ACK 26554
[CLIENT] sent ACK 26577
[CLIENT] sent ACK 26602
[CLIENT] sent ACK 26624
[CLIENT] sent ACK 26648
[CLIENT] sent ACK 26671
[CLIENT] sent ACK 26694
[CLIENT] sent ACK 26719
[CLIENT] sent ACK 26745
[CLIENT] sent ACK 26768
[CLIENT] sent ACK 26791
[CLIENT] sent ACK 26815
[CLIENT] sent ACK 26840
[CLIENT] sent ACK 26866
[CLIENT] sent ACK 26888
[CLIENT] sent ACK 26912
[CLIENT] sent ACK 26937
[CLIENT] sent ACK 26961
[CLIENT] sent ACK 26984
[CLIENT] sent ACK 27006
[CLIENT] sent ACK 27031
[CLIENT] sent ACK 27055
[CLIENT] sent ACK 27078
[CLIENT] sent ACK 27102
[CLIENT] sent ACK 27123
[CLIENT] sent ACK 27149
[CLIENT] sent ACK 27172
[CLIENT] sent ACK 27199
[CLIENT] sent ACK 27222
[CLIENT] sent ACK 27245
[CLIENT] sent ACK 27269
[CLIENT] sent ACK 27295
[CLIENT] sent ACK 27321
[CLIENT] sent ACK 27346
[CLIENT] sent ACK 27368
[CLIENT] sent ACK 27393
[CLIENT] sent ACK 27418
[CLIENT] sent ACK 27442
[CLIENT] sent ACK 27465
[CLIENT] sent ACK 27491
[CLIENT] sent ACK 27514
[CLIENT] sent ACK 27539
[CLIENT] sent ACK 27567
[CLIENT] sent ACK 27590
[CLIENT] sent ACK 27615
[CLIENT] sent ACK 27641
[CLIENT] sent ACK 27668
[CLIENT] sent ACK 27692
[CLIENT] sent ACK 27716
[CLIENT] sent ACK 27742
[CLIENT] sent ACK 27766
[CLIENT] sent ACK 27791
[CLIENT] sent ACK 27818
[CLIENT] sent ACK 27845
[CLIENT] sent ACK 27871
[CLIENT] sent ACK 27897
[CLIENT] sent ACK 27922
[CLIENT] sent ACK 27947
[CLIENT] sent ACK 27970
[CLIENT] sent ACK 27996
[CLIENT] sent ACK 28024
[CLIENT] sent ACK 28049
[CLIENT] sent ACK 28074
[CLIENT] sent ACK 28096
[CLIENT] sent ACK 28121
[CLIENT] sent ACK 28146
[CLIENT] sent ACK 28170
[CLIENT] sent ACK 28196
[CLIENT] sent ACK 28218
[CLIENT] sent ACK 28242
[CLIENT] sent ACK 28267
[CLIENT] sent ACK 28290
[CLIENT] sent ACK 28313
[CLIENT] sent ACK 28338
[CLIENT] sent ACK 28363
[CLIENT] sent ACK 28388
[CLIENT] sent ACK 28414
[CLIENT] sent ACK 28438
[CLIENT] sent ACK 28462
[CLIENT] sent ACK 28486
[CLIENT] sent ACK 28511
[CLIENT] sent ACK 28538
[CLIENT] sent ACK 28562
[CLIENT] sent ACK 28586
[CLIENT] sent ACK 28607
[CLIENT] sent ACK 28629
[CLIENT] sent ACK 28652
[CLIENT] sent ACK 28675
[CLIENT] sent ACK 28699
[CLIENT] sent ACK 28723
[CLIENT] sent ACK 28748
[CLIENT] sent ACK 28772
[CLIENT] sent ACK 28796
[CLIENT] sent ACK 28820
[CLIENT] sent ACK 28843
[CLIENT] sent ACK 28867
[CLIENT] sent ACK 28893
[CLIENT] sent ACK 28918
[CLIENT] sent ACK 28942
[CLIENT] sent ACK 28963
[CLIENT] sent ACK 28987
[CLIENT] sent ACK 29011
[CLIENT] sent ACK 29036
[CLIENT] sent ACK 29060
[CLIENT] sent ACK 29082
[CLIENT] sent ACK 29108
[CLIENT] sent ACK 29133
[CLIENT] sent ACK 29158
[CLIENT] sent ACK 29183
[CLIENT] sent ACK 29204
[CLIENT] sent ACK 29227
[CLIENT] sent ACK 29252
[CLIENT] sent ACK 29276
[CLIENT] sent ACK 29300
[CLIENT] sent ACK 29322
[CLIENT] sent ACK 29348
[CLIENT] sent ACK 29371
[CLIENT] sent ACK 29395
[CLIENT] sent ACK 29420
[CLIENT] sent ACK 29443
[CLIENT] sent ACK 29466
[CLIENT] sent ACK 29492
[CLIENT] sent ACK 29515
[CLIENT] sent ACK 29538
[CLIENT] sent ACK 29561
[CLIENT] sent ACK 29586
[CLIENT] sent ACK 29611
[CLIENT] sent ACK 29635
[CLIENT] sent ACK 29659
[CLIENT] sent ACK 29684
[CLIENT] sent ACK 29707
[CLIENT] sent ACK 29731
[CLIENT] sent ACK 29757
[CLIENT] sent ACK 29781
[CLIENT] sent ACK 29805
[CLIENT] sent ACK 29829
[CLIENT] sent ACK 29856
[CLIENT] sent ACK 29879
[CLIENT] sent ACK 29904
[CLIENT] sent ACK 29928
[CLIENT] sent ACK 29953
[CLIENT] sent ACK 29977
[CLIENT] sent ACK 30000
[CLIENT] sent ACK 30025
[CLIENT] sent ACK 30048
[CLIENT] sent ACK 30072
[CLIENT] sent ACK 30097
[CLIENT] sent ACK 30121
[CLIENT] sent ACK 30145
[CLIENT] sent ACK 30169
[CLIENT] sent ACK 30192
[CLIENT] sent ACK 30219
[CLIENT] sent ACK 30246
[CLIENT] sent ACK 30272
[CLIENT] sent ACK 30297
[CLIENT] sent ACK 30324
[CLIENT] sent ACK 30350
[CLIENT] sent ACK 30375
[CLIENT] sent ACK 30399
[CLIENT] sent ACK 30424
[CLIENT] sent ACK 30450
[CLIENT] sent ACK 30475
[CLIENT] sent ACK 30501
[CLIENT] sent ACK 30525
[CLIENT] sent ACK 30551
[CLIENT] sent ACK 30577
[CLIENT] sent ACK 30603
[CLIENT] sent ACK 30629
[CLIENT] sent ACK 30654
[CLIENT] sent ACK 30679
[CLIENT] sent ACK 30705
[CLIENT] sent ACK 30731
[CLIENT] sent ACK 30756
[CLIENT] sent ACK 30779
[CLIENT] sent ACK 30804
[CLIENT] sent ACK 30828
[CLIENT] sent ACK 30853
[CLIENT] sent ACK 30877
[CLIENT] sent ACK 30900
[CLIENT] sent ACK 30925
[CLIENT] sent ACK 30951
[CLIENT] sent ACK 30978
[CLIENT] sent ACK 31005
[CLIENT] sent ACK 31029
[CLIENT] sent ACK 31053
[CLIENT] sent ACK 31079
[CLIENT] sent ACK 31102
[CLIENT] sent ACK 31125
[CLIENT] sent ACK 31148
[CLIENT] sent ACK 31171
[CLIENT] sent ACK 31196
[CLIENT] sent ACK 31219
[CLIENT] sent ACK 31242
[CLIENT] sent ACK 31268
[CLIENT] sent ACK 31288
[CLIENT] sent ACK 31313
[CLIENT] sent ACK 31338
[CLIENT] sent ACK 31362
[CLIENT] sent ACK 31387
[CLIENT] sent ACK 31411
[CLIENT] sent ACK 31433
[CLIENT] sent ACK 31457
[CLIENT] sent ACK 31481
[CLIENT] sent ACK 31504
[CLIENT] sent ACK 31529
[CLIENT] sent ACK 31553
[CLIENT] sent ACK 31578
[CLIENT] sent ACK 31602
[CLIENT] sent ACK 31626
[CLIENT] sent ACK 31652
[CLIENT] sent ACK 31676
[CLIENT] sent ACK 31698
[CLIENT] sent ACK 31721
[CLIENT] sent ACK 31745
[CLIENT] sent ACK 31767
[CLIENT] sent ACK 31790
[CLIENT] sent ACK 31816
[CLIENT] sent ACK 31839
[CLIENT] sent ACK 31862
[CLIENT] sent ACK 31884
[CLIENT] sent ACK 31910
[CLIENT] sent ACK 31934
[CLIENT] sent ACK 31957
[CLIENT] sent ACK 31981
[CLIENT] sent ACK 32004
[CLIENT] sent ACK 32030
[CLIENT] sent ACK 32055
[CLIENT] sent ACK 32081
[CLIENT] sent ACK 32105
[CLIENT] sent ACK 32128
[CLIENT] sent ACK 32151
[CLIENT] sent ACK 32175
[CLIENT] sent ACK 32200
[CLIENT] sent ACK 32224
[CLIENT] sent ACK 32249
[CLIENT] sent ACK 32274
[CLIENT] sent ACK 32298
[CLIENT] sent ACK 32323
[CLIENT] sent ACK 32346
[CLIENT] sent ACK 32369
[CLIENT] sent ACK 32392
[CLIENT] sent ACK 32416
[CLIENT] sent ACK 32439
[CLIENT] sent ACK 32463
[CLIENT] sent ACK 32487
[CLIENT] sent ACK 32510
[CLIENT] sent ACK 32534
[CLIENT] sent ACK 32558
[CLIENT] sent ACK 32582
[CLIENT] sent ACK 32604
[CLIENT] sent ACK 32629
[CLIENT] sent ACK 32653
[CLIENT] sent ACK 32678
[CLIENT] sent ACK 32701
[CLIENT] sent ACK 32723
[CLIENT] sent ACK 32749
[CLIENT] sent ACK 32774
[CLIENT] sent ACK 32798
[CLIENT] sent ACK 32821
[CLIENT] sent ACK 32844
[CLIENT] sent ACK 32870
[CLIENT] sent ACK 32892
[CLIENT] sent ACK 32918
[CLIENT] sent ACK 32944
[CLIENT] sent ACK 32971
[CLIENT] sent ACK 32997
[CLIENT] sent ACK 33020
[CLIENT] sent ACK 33043
[CLIENT] sent ACK 33067
[CLIENT] sent ACK 33088
[CLIENT] sent ACK 33113
[CLIENT] sent ACK 33137
[CLIENT] sent ACK 33161
[CLIENT] sent ACK 33185
[CLIENT] sent ACK 33208
[CLIENT] sent ACK 33232
[CLIENT] sent ACK 33256
[CLIENT] sent ACK 33280
[CLIENT] sent ACK 33304
[CLIENT] sent ACK 33327
[CLIENT] sent ACK 33350
[CLIENT] sent ACK 33375
[CLIENT] sent ACK 33401
[CLIENT] sent ACK 33425
[CLIENT] sent ACK 33450
[CLIENT] sent ACK 33474
[CLIENT] sent ACK 33500
[CLIENT] sent ACK 33524
[CLIENT] sent ACK 33549
[CLIENT] sent ACK 33573
[CLIENT] sent ACK 33599
[CLIENT] sent ACK 33622
[CLIENT] sent ACK 33647
[CLIENT] sent ACK 33670
[CLIENT] sent ACK 33693
[CLIENT] sent ACK 33719
[CLIENT] sent ACK 33742
[CLIENT] sent ACK 33765
[CLIENT] sent ACK 33789
[CLIENT] sent ACK 33813
[CLIENT] sent ACK 33840
[CLIENT] sent ACK 33866
[CLIENT] sent ACK 33890
[CLIENT] sent ACK 33913
[CLIENT] sent ACK 33937
[CLIENT] sent ACK 33962
[CLIENT] sent ACK 33985
[CLIENT] sent ACK 34009
[CLIENT] sent ACK 34035
[CLIENT] sent ACK 34057
[CLIENT] sent ACK 34081
[CLIENT] sent ACK 34104
[CLIENT] sent ACK 34129
[CLIENT] sent ACK 34153
[CLIENT] sent ACK 34176
[CLIENT] sent ACK 34201
[CLIENT] sent ACK 34227
[CLIENT] sent ACK 34251
[CLIENT] sent ACK 34277
[CLIENT] sent ACK 34298
[CLIENT] sent ACK 34323
[CLIENT] sent ACK 34347
[CLIENT] sent ACK 34373
[CLIENT] sent ACK 34399
[CLIENT] sent ACK 34422
[CLIENT] sent ACK 34446
[CLIENT] sent ACK 34471
[CLIENT] sent ACK 34496
[CLIENT] sent ACK 34518
[CLIENT] sent ACK 34540
[CLIENT] sent ACK 34563
[CLIENT] sent ACK 34588
[CLIENT] sent ACK 34613
[CLIENT] sent ACK 34636
[CLIENT] sent ACK 34659
[CLIENT] sent ACK 34683
[CLIENT] sent ACK 34708
[CLIENT] sent ACK 34732
[CLIENT] sent ACK 34755
[CLIENT] sent ACK 34780
[CLIENT] sent ACK 34806
[CLIENT] sent ACK 34830
[CLIENT] sent ACK 34856
[CLIENT] sent ACK 34879
[CLIENT] sent ACK 34901
[CLIENT] sent ACK 34925
[CLIENT] sent ACK 34951
[CLIENT] sent ACK 34976
[CLIENT] sent ACK 35000
[CLIENT] sent ACK 35022
[CLIENT] sent ACK 35046
[CLIENT] sent ACK 35072
[CLIENT] sent ACK 35096
[CLIENT] sent ACK 35119
[CLIENT] sent ACK 35141
[CLIENT] sent ACK 35169
[CLIENT] sent ACK 35192
[CLIENT] sent ACK 35218
[CLIENT] sent ACK 35242
[CLIENT] sent ACK 35267
[CLIENT] sent ACK 35288
[CLIENT] sent ACK 35311
[CLIENT] sent ACK 35334
[CLIENT] sent ACK 35358
[CLIENT] sent ACK 35381
[CLIENT] sent ACK 35408
[CLIENT] sent ACK 35432
[CLIENT] sent ACK 35457
[CLIENT] sent ACK 35485
[CLIENT] sent ACK 35509
[CLIENT] sent ACK 35537
[CLIENT] sent ACK 35562
[CLIENT] sent ACK 35591
[CLIENT] sent ACK 35613
[CLIENT] sent ACK 35638
[CLIENT] sent ACK 35661
[CLIENT] sent ACK 35685
[CLIENT] sent ACK 35709
[CLIENT] sent ACK 35733
[CLIENT] sent ACK 35757
[CLIENT] sent ACK 35781
[CLIENT] sent ACK 35805
[CLIENT] sent ACK 35830
[CLIENT] sent ACK 35853
[CLIENT] sent ACK 35877
[CLIENT] sent ACK 35901
[CLIENT] sent ACK 35925
[CLIENT] sent ACK 35948
[CLIENT] sent ACK 35970
[CLIENT] sent ACK 35997
[CLIENT] sent ACK 36018
[CLIENT] sent ACK 36043
[CLIENT] sent ACK 36067
[CLIENT] sent ACK 36093
[CLIENT] sent ACK 36117
[CLIENT] sent ACK 36142
[CLIENT] sent ACK 36167
[CLIENT] sent ACK 36193
[CLIENT] sent ACK 36218
[CLIENT] sent ACK 36241
[CLIENT] sent ACK 36265
[CLIENT] sent ACK 36289
[CLIENT] sent ACK 36315
[CLIENT] sent ACK 36339
[CLIENT] sent ACK 36361
[CLIENT] sent ACK 36386
[CLIENT] sent ACK 36408
[CLIENT] sent ACK 36431
[CLIENT] sent ACK 36456
[CLIENT] sent ACK 36478
[CLIENT] sent ACK 36501
[CLIENT] sent ACK 36526
[CLIENT] sent ACK 36551
[CLIENT] sent ACK 36576
[CLIENT] sent ACK 36599
[CLIENT] sent ACK 36624
[CLIENT] sent ACK 36647
[CLIENT] sent ACK 36672
[CLIENT] sent ACK 36697
[CLIENT] sent ACK 36720
[CLIENT] sent ACK 36743
[CLIENT] sent ACK 36769
[CLIENT] sent ACK 36796
[CLIENT] sent ACK 36820
[CLIENT] sent ACK 36842
[CLIENT] sent ACK 36866
[CLIENT] sent ACK 36893
[CLIENT] sent ACK 36918
[CLIENT] sent ACK 36943
[CLIENT] sent ACK 36964
[CLIENT] sent ACK 36987
[CLIENT] sent ACK 37010
[CLIENT] sent ACK 37036
[CLIENT] sent ACK 37060
[CLIENT] sent ACK 37085
[CLIENT] sent ACK 37107
[CLIENT] sent ACK 37132
[CLIENT] sent ACK 37156
[CLIENT] sent ACK 37180
[CLIENT] sent ACK 37201
[CLIENT] sent ACK 37225
[CLIENT] sent ACK 37250
[CLIENT] sent ACK 37275
[CLIENT] sent ACK 37299
[CLIENT] sent ACK 37323
[CLIENT] sent ACK 37347
[CLIENT] sent ACK 37374
[CLIENT] sent ACK 37399
[CLIENT] sent ACK 37423
[CLIENT] sent ACK 37447
[CLIENT] sent ACK 37470
[CLIENT] sent ACK 37495
[CLIENT] sent ACK 37520
[CLIENT] sent ACK 37545
[CLIENT] sent ACK 37569
[CLIENT] sent ACK 37593
[CLIENT] sent ACK 37618
[CLIENT] sent ACK 37644
[CLIENT] sent ACK 37665
[CLIENT] sent ACK 37689
[CLIENT] sent ACK 37715
[CLIENT] sent ACK 37741
[CLIENT] sent ACK 37767
[CLIENT] sent ACK 37792
[CLIENT] sent ACK 37820
[CLIENT] sent ACK 37843
[CLIENT] sent ACK 37869
[CLIENT] sent ACK 37895
[CLIENT] sent ACK 37921
[CLIENT] sent ACK 37946
[CLIENT] sent ACK 37972
[CLIENT] sent ACK 37997
[CLIENT] sent ACK 38021
[CLIENT] sent ACK 38046
[CLIENT] sent ACK 38071
[CLIENT] sent ACK 38097
[CLIENT] sent ACK 38124
[CLIENT] sent ACK 38149
[CLIENT] sent ACK 38172
[CLIENT] sent ACK 38198
[CLIENT] sent ACK 38225
[CLIENT] sent ACK 38252
[CLIENT] sent ACK 38277
[CLIENT] sent ACK 38301
[CLIENT] sent ACK 38325
[CLIENT] sent ACK 38352
[CLIENT] sent ACK 38378
[CLIENT] sent ACK 38404
[CLIENT] sent ACK 38427
[CLIENT] sent ACK 38453
[CLIENT] sent ACK 38481
[CLIENT] sent ACK 38506
[CLIENT] sent ACK 38532
[CLIENT] sent ACK 38554
[CLIENT] sent ACK 38580
[CLIENT] sent ACK 38607
[CLIENT] sent ACK 38633
[CLIENT] sent ACK 38659
[CLIENT] sent ACK 38682
[CLIENT] sent ACK 38707
[CLIENT] sent ACK 38733
[CLIENT] sent ACK 38759
[CLIENT] sent ACK 38783
[CLIENT] sent ACK 38809
[CLIENT] sent ACK 38834
[CLIENT] sent ACK 38859
[CLIENT] sent ACK 38886
[CLIENT] sent ACK 38914
[CLIENT] sent ACK 38939
[CLIENT] sent ACK 38964
[CLIENT] sent ACK 38986
[CLIENT] sent ACK 39012
[CLIENT] sent ACK 39038
[CLIENT] sent ACK 39060
[CLIENT] sent ACK 39086
[CLIENT] sent ACK 39110
[CLIENT] sent ACK 39135
[CLIENT] sent ACK 39161
[CLIENT] sent ACK 39186
[CLIENT] sent ACK 39212
[CLIENT] sent ACK 39236
[CLIENT] sent ACK 39264
[CLIENT] sent ACK 39291
[CLIENT] sent ACK 39314
[CLIENT] sent ACK 39339
[CLIENT] sent ACK 39365
[CLIENT] sent ACK 39391
[CLIENT] sent ACK 39417
[CLIENT] sent ACK 39441
[CLIENT] sent ACK 39465
[CLIENT] sent ACK 39491
[CLIENT] sent ACK 39516
[CLIENT] sent ACK 39541
[CLIENT] sent ACK 39565
[CLIENT] sent ACK 39590
[CLIENT] sent ACK 39616
[CLIENT] sent ACK 39641
[CLIENT] sent ACK 39667
[CLIENT] sent ACK 39691
[CLIENT] sent ACK 39717
[CLIENT] sent ACK 39742
[CLIENT] sent ACK 39768
[CLIENT] sent ACK 39795
[CLIENT] sent ACK 39820
[CLIENT] sent ACK 39844
[CLIENT] sent ACK 39869
[CLIENT] sent ACK 39894
[CLIENT] sent ACK 39918
[CLIENT] sent ACK 39943
[CLIENT] sent ACK 39967
[CLIENT] sent ACK 39995
[CLIENT] sent ACK 40022
[CLIENT] sent ACK 40046
[CLIENT] sent ACK 40071
[CLIENT] sent ACK 40096
[CLIENT] sent ACK 40120
[CLIENT] sent ACK 40144
[CLIENT] sent ACK 40168
[CLIENT] sent ACK 40192
[CLIENT] sent ACK 40215
[CLIENT] sent ACK 40242
[CLIENT] sent ACK 40266
[CLIENT] sent ACK 40291
[CLIENT] sent ACK 40314
[CLIENT] sent ACK 40338
[CLIENT] sent ACK 40362
[CLIENT] sent ACK 40385
[CLIENT] sent ACK 40409
[CLIENT] sent ACK 40432
[CLIENT] sent ACK 40455
[CLIENT] sent ACK 40479
[CLIENT] sent ACK 40504
[CLIENT] sent ACK 40528
[CLIENT] sent ACK 40552
[CLIENT] sent ACK 40575
[CLIENT] sent ACK 40600
[CLIENT] sent ACK 40625
[CLIENT] sent ACK 40649
[CLIENT] sent ACK 40675
[CLIENT] sent ACK 40700
[CLIENT] sent ACK 40726
[CLIENT] sent ACK 40748
[CLIENT] sent ACK 40771
[CLIENT] sent ACK 40796
[CLIENT] sent ACK 40819
[CLIENT] sent ACK 40844
[CLIENT] sent ACK 40871
[CLIENT] sent ACK 40895
[CLIENT] sent ACK 40919
[CLIENT] sent ACK 40943
[CLIENT] sent ACK 40967
[CLIENT] sent ACK 40991
[CLIENT] sent ACK 41018
[CLIENT] sent ACK 41043
[CLIENT] sent ACK 41069
[CLIENT] sent ACK 41096
[CLIENT] sent ACK 41121
[CLIENT] sent ACK 41148
[CLIENT] sent ACK 41172
[CLIENT] sent ACK 41200
[CLIENT] sent ACK 41227
[CLIENT] sent ACK 41253
[CLIENT] sent ACK 41279
[CLIENT] sent ACK 41303
[CLIENT] sent ACK 41328
[CLIENT] sent ACK 41351
[CLIENT] sent ACK 41375
[CLIENT] sent ACK 41400
[CLIENT] sent ACK 41422
[CLIENT] sent ACK 41446
[CLIENT] sent ACK 41469
[CLIENT] sent ACK 41495
[CLIENT] sent ACK 41519
[CLIENT] sent ACK 41542
[CLIENT] sent ACK 41567
[CLIENT] sent ACK 41592
[CLIENT] sent ACK 41617
[CLIENT] sent ACK 41641
[CLIENT] sent ACK 41663
[CLIENT] sent ACK 41689
[CLIENT] sent ACK 41713
[CLIENT] sent ACK 41737
[CLIENT] sent ACK 41761
[CLIENT] sent ACK 41785
[CLIENT] sent ACK 41809
[CLIENT] sent ACK 41835
[CLIENT] sent ACK 41859
[CLIENT] sent ACK 41883
[CLIENT] sent ACK 41908
[CLIENT] sent ACK 41932
[CLIENT] sent ACK 41956
[CLIENT] sent ACK 41979
[CLIENT] sent ACK 42003
[CLIENT] sent ACK 42027
[CLIENT] sent ACK 42053
[CLIENT] sent ACK 42075
[CLIENT] sent ACK 42099
[CLIENT] sent ACK 42125
[CLIENT] sent ACK 42150
[CLIENT] sent ACK 42173
[CLIENT] sent ACK 42198
[CLIENT] sent ACK 42223
[CLIENT] sent ACK 42246
[CLIENT] sent ACK 42269
[CLIENT] sent ACK 42296
[CLIENT] sent ACK 42321
[CLIENT] sent ACK 42347
[CLIENT] sent ACK 42371
[CLIENT] sent ACK 42395
[CLIENT] sent ACK 42421
[CLIENT] sent ACK 42447
[CLIENT] sent ACK 42473
[CLIENT] sent ACK 42499
[CLIENT] sent ACK 42523
[CLIENT] sent ACK 42548
[CLIENT] sent ACK 42573
[CLIENT] sent ACK 42598
[CLIENT] sent ACK 42623
[CLIENT] sent ACK 42646
[CLIENT] sent ACK 42671
[CLIENT] sent ACK 42696
[CLIENT] sent ACK 42720
[CLIENT] sent ACK 42744
[CLIENT] sent ACK 42768
[CLIENT] sent ACK 42793
[CLIENT] sent ACK 42818
[CLIENT] sent ACK 42841
[CLIENT] sent ACK 42866
[CLIENT] sent ACK 42889
[CLIENT] sent ACK 42914
[CLIENT] sent ACK 42940
[CLIENT] sent ACK 42966
[CLIENT] sent ACK 42990
[CLIENT] sent ACK 43014
[CLIENT] sent ACK 43038
[CLIENT] sent ACK 43062
[CLIENT] sent ACK 43088
[CLIENT] sent ACK 43114
[CLIENT] sent ACK 43138
[CLIENT] sent ACK 43164
[CLIENT] sent ACK 43188
[CLIENT] sent ACK 43212
[CLIENT] sent ACK 43238
[CLIENT] sent ACK 43261
[CLIENT] sent ACK 43285
[CLIENT] sent ACK 43310
[CLIENT] sent ACK 43333
[CLIENT] sent ACK 43359
[CLIENT] sent ACK 43383
[CLIENT] sent ACK 43408
[CLIENT] sent ACK 43432
[CLIENT] sent ACK 43457
[CLIENT] sent ACK 43481
[CLIENT] sent ACK 43506
[CLIENT] sent ACK 43532
[CLIENT] sent ACK 43558
[CLIENT] sent ACK 43583
[CLIENT] sent ACK 43610
[CLIENT] sent ACK 43633
[CLIENT] sent ACK 43657
[CLIENT] sent ACK 43682
[CLIENT] sent ACK 43705
[CLIENT] sent ACK 43730
[CLIENT] sent ACK 43754
[CLIENT] sent ACK 43780
[CLIENT] sent ACK 43804
[CLIENT] sent ACK 43828
[CLIENT] sent ACK 43852
[CLIENT] sent ACK 43873
[CLIENT] sent ACK 43898
[CLIENT] sent ACK 43923
[CLIENT] sent ACK 43947
[CLIENT] sent ACK 43972
[CLIENT] sent ACK 43995
[CLIENT] sent ACK 44020
[CLIENT] sent ACK 44045
[CLIENT] sent ACK 44070
[CLIENT] sent ACK 44095
[CLIENT] sent ACK 44119
[CLIENT] sent ACK 44142
[CLIENT] sent ACK 44166
[CLIENT] sent ACK 44191
[CLIENT] sent ACK 44214
[CLIENT] sent ACK 44239
[CLIENT] sent ACK 44263
[CLIENT] sent ACK 44287
[CLIENT] sent ACK 44313
[CLIENT] sent ACK 44338
[CLIENT] sent ACK 44361
[CLIENT] sent ACK 44385
[CLIENT] sent ACK 44406
[CLIENT] sent ACK 44430
[CLIENT] sent ACK 44454
[CLIENT] sent ACK 44477
[CLIENT] sent ACK 44499
[CLIENT] sent ACK 44525
[CLIENT] sent ACK 44550
[CLIENT] sent ACK 44574
[CLIENT] sent ACK 44599
[CLIENT] sent ACK 44624
[CLIENT] sent ACK 44649
[CLIENT] sent ACK 44674
[CLIENT] sent ACK 44699
[CLIENT] sent ACK 44724
[CLIENT] sent ACK 44745
[CLIENT] sent ACK 44772
[CLIENT] sent ACK 44797
[CLIENT] sent ACK 44820
[CLIENT] sent ACK 44845
[CLIENT] sent ACK 44867
[CLIENT] sent ACK 44893
[CLIENT] sent ACK 44918
[CLIENT] sent ACK 44942
[CLIENT] sent ACK 44966
[CLIENT] sent ACK 44987
[CLIENT] sent ACK 45010
[CLIENT] sent ACK 45034
[CLIENT] sent ACK 45058
[CLIENT] sent ACK 45085
[CLIENT] sent ACK 45107
[CLIENT] sent ACK 45132
[CLIENT] sent ACK 45156
[CLIENT] sent ACK 45182
[CLIENT] sent ACK 45206
[CLIENT] sent ACK 45229
[CLIENT] sent ACK 45257
[CLIENT] sent ACK 45279
[CLIENT] sent ACK 45301
[CLIENT] sent ACK 45324
[CLIENT] sent ACK 45348
[CLIENT] sent ACK 45374
[CLIENT] sent ACK 45398
[CLIENT] sent ACK 45420
[CLIENT] sent ACK 45447
[CLIENT] sent ACK 45471
[CLIENT] sent ACK 45497
[CLIENT] sent ACK 45521
[CLIENT] sent ACK 45543
[CLIENT] sent ACK 45568
[CLIENT] sent ACK 45591
[CLIENT] sent ACK 45615
[CLIENT] sent ACK 45640
[CLIENT] sent ACK 45665
[CLIENT] sent ACK 45689
[CLIENT] sent ACK 45714
[CLIENT] sent ACK 45738
[CLIENT] sent ACK 45761
[CLIENT] sent ACK 45786
[CLIENT] sent ACK 45810
[CLIENT] sent ACK 45835
[CLIENT] sent ACK 45858
[CLIENT] sent ACK 45880
[CLIENT] sent ACK 45903
[CLIENT] sent ACK 45927
[CLIENT] sent ACK 45949
[CLIENT] sent ACK 45972
[CLIENT] sent ACK 45995
[CLIENT] sent ACK 46019
[CLIENT] sent ACK 46044
[CLIENT] sent ACK 46066
[CLIENT] sent ACK 46091
[CLIENT] sent ACK 46117
[CLIENT] sent ACK 46141
[CLIENT] sent ACK 46166
[CLIENT] sent ACK 46190
[CLIENT] sent ACK 46214
[CLIENT] sent ACK 46239
[CLIENT] sent ACK 46264
[CLIENT] sent ACK 46289
[CLIENT] sent ACK 46311
[CLIENT] sent ACK 46335
[CLIENT] sent ACK 46361
[CLIENT] sent ACK 46385
[CLIENT] sent ACK 46408
[CLIENT] sent ACK 46430
[CLIENT] sent ACK 46453
[CLIENT] sent ACK 46479
[CLIENT] sent ACK 46504
[CLIENT] sent ACK 46528
[CLIENT] sent ACK 46551
[CLIENT] sent ACK 46575
[CLIENT] sent ACK 46597
[CLIENT] sent ACK 46622
[CLIENT] sent ACK 46648
[CLIENT] sent ACK 46671
[CLIENT] sent ACK 46696
[CLIENT] sent ACK 46723
[CLIENT] sent ACK 46750
[CLIENT] sent ACK 46775
[CLIENT] sent ACK 46798
[CLIENT] sent ACK 46822
[CLIENT] sent ACK 46844
[CLIENT] sent ACK 46868
[CLIENT] sent ACK 46892
[CLIENT] sent ACK 46914
[CLIENT] sent ACK 46939
[CLIENT] sent ACK 46964
[CLIENT] sent ACK 46987
[CLIENT] sent ACK 47011
[CLIENT] sent ACK 47033
[CLIENT] sent ACK 47059
[CLIENT] sent ACK 47083
[CLIENT] sent ACK 47109
[CLIENT] sent ACK 47134
[CLIENT] sent ACK 47155
[CLIENT] sent ACK 47181
[CLIENT] sent ACK 47204
[CLIENT] sent ACK 47230
[CLIENT] sent ACK 47253
[CLIENT] sent ACK 47276
[CLIENT] sent ACK 47302
[CLIENT] sent ACK 47326
[CLIENT] sent ACK 47352
[CLIENT] sent ACK 47377
[CLIENT] sent ACK 47402
[CLIENT] sent ACK 47426
[CLIENT] sent ACK 47448
[CLIENT] sent ACK 47471
[CLIENT] sent ACK 47495
[CLIENT] sent ACK 47518
[CLIENT] sent ACK 47545
[CLIENT] sent ACK 47568
[CLIENT] sent ACK 47593
[CLIENT] sent ACK 47616
[CLIENT] sent ACK 47641
[CLIENT] sent ACK 47666
[CLIENT] sent ACK 47688
[CLIENT] sent ACK 47715
[CLIENT] sent ACK 47738
[CLIENT] sent ACK 47761
[CLIENT] sent ACK 47786
[CLIENT] sent ACK 47809
[CLIENT] sent ACK 47833
[CLIENT] sent ACK 47857
[CLIENT] sent ACK 47878
[CLIENT] sent ACK 47902
[CLIENT] sent ACK 47927
[CLIENT] sent ACK 47952
[CLIENT] sent ACK 47976
[CLIENT] sent ACK 47999
[CLIENT] sent ACK 48022
[CLIENT] sent ACK 48047
[CLIENT] sent ACK 48072
[CLIENT] sent ACK 48098
[CLIENT] sent ACK 48123
[CLIENT] sent ACK 48146
[CLIENT] sent ACK 48169
[CLIENT] sent ACK 48194
[CLIENT] sent ACK 48218
[CLIENT] sent ACK 48242
[CLIENT] sent ACK 48268
[CLIENT] sent ACK 48291
[CLIENT] sent ACK 48315
[CLIENT] sent ACK 48340
[CLIENT] sent ACK 48363
[CLIENT] sent ACK 48387
[CLIENT] sent ACK 48410
[CLIENT] sent ACK 48434
[CLIENT] sent ACK 48460
[CLIENT] sent ACK 48483
[CLIENT] sent ACK 48506
[CLIENT] sent ACK 48530
[CLIENT] sent ACK 48556
[CLIENT] sent ACK 48580
[CLIENT] sent ACK 48602
[CLIENT] sent ACK 48627
[CLIENT] sent ACK 48652
[CLIENT] sent ACK 48678
[CLIENT] sent ACK 48701
[CLIENT] sent ACK 48726
[CLIENT] sent ACK 48750
[CLIENT] sent ACK 48775
[CLIENT] sent ACK 48800
[CLIENT] sent ACK 48824
[CLIENT] sent ACK 48846
[CLIENT] sent ACK 48871
[CLIENT] sent ACK 48895
[CLIENT] sent ACK 48921
[CLIENT] sent ACK 48943
[CLIENT] sent ACK 48967
[CLIENT] sent ACK 48991
[CLIENT] sent ACK 49016
[CLIENT] sent ACK 49039
[CLIENT] sent ACK 49061
[CLIENT] sent ACK 49085
[CLIENT] sent ACK 49112
[CLIENT] sent ACK 49136
[CLIENT] sent ACK 49159
[CLIENT] sent ACK 49186
[CLIENT] sent ACK 49209
[CLIENT] sent ACK 49235
[CLIENT] sent ACK 49260
[CLIENT] sent ACK 49284
[CLIENT] sent ACK 49308
[CLIENT] sent ACK 49332
[CLIENT] sent ACK 49357
[CLIENT] sent ACK 49380
[CLIENT] sent ACK 49404
[CLIENT] sent ACK 49429
[CLIENT] sent ACK 49452
[CLIENT] sent ACK 49476
[CLIENT] sent ACK 49502
[CLIENT] sent ACK 49527
[CLIENT] sent ACK 49551
[CLIENT] sent ACK 49574
[CLIENT] sent ACK 49596
[CLIENT] sent ACK 49622
[CLIENT] sent ACK 49645
[CLIENT] sent ACK 49671
[CLIENT] sent ACK 49692
[CLIENT] sent ACK 49715
[CLIENT] sent ACK 49740
[CLIENT] sent ACK 49764
[CLIENT] sent ACK 49787
[CLIENT] sent ACK 49811
[CLIENT] sent ACK 49836
[CLIENT] sent ACK 49861
[CLIENT] sent ACK 49887
[CLIENT] sent ACK 49913
[CLIENT] sent ACK 49939
[CLIENT] sent ACK 49963
[CLIENT] sent ACK 49986
[CLIENT] sent ACK 50010
[CLIENT] sent ACK 50037
[CLIENT] sent ACK 50061
[CLIENT] sent ACK 50086
[CLIENT] sent ACK 50111
[CLIENT] sent ACK 50137
[CLIENT] sent ACK 50162
[CLIENT] sent ACK 50188
[CLIENT] sent ACK 50213
[CLIENT] sent ACK 50239
[CLIENT] sent ACK 50265
[CLIENT] sent ACK 50288
[CLIENT] sent ACK 50314
[CLIENT] sent ACK 50338
[CLIENT] sent ACK 50364
[CLIENT] sent ACK 50388
[CLIENT] sent ACK 50412
[CLIENT] sent ACK 50437
[CLIENT] sent ACK 50462
[CLIENT] sent ACK 50487
[CLIENT] sent ACK 50513
[CLIENT] sent ACK 50536
[CLIENT] sent ACK 50561
[CLIENT] sent ACK 50586
[CLIENT] sent ACK 50610
[CLIENT] sent ACK 50634
[CLIENT] sent ACK 50657
[CLIENT] sent ACK 50682
[CLIENT] sent ACK 50707
[CLIENT] sent ACK 50732
[CLIENT] sent ACK 50759
[CLIENT] sent ACK 50783
[CLIENT] sent ACK 50808
[CLIENT] sent ACK 50834
[CLIENT] sent ACK 50860
[CLIENT] sent ACK 50884
[CLIENT] sent ACK 50909
[CLIENT] sent ACK 50935
[CLIENT] sent ACK 50960
[CLIENT] sent ACK 50983
[CLIENT] sent ACK 51009
[CLIENT] sent ACK 51033
[CLIENT] sent ACK 51058
[CLIENT] sent ACK 51083
[CLIENT] sent ACK 51107
[CLIENT] sent ACK 51131
[CLIENT] sent ACK 51155
[CLIENT] sent ACK 51178
[CLIENT] sent ACK 51201
[CLIENT] sent ACK 51225
[CLIENT] sent ACK 51249
[CLIENT] sent ACK 51272
[CLIENT] sent ACK 51297
[CLIENT] sent ACK 51323
[CLIENT] sent ACK 51348
[CLIENT] sent ACK 51371
[CLIENT] sent ACK 51393
[CLIENT] sent ACK 51418
[CLIENT] sent ACK 51441
[CLIENT] sent ACK 51465
[CLIENT] sent ACK 51489
[CLIENT] sent ACK 51514
[CLIENT] sent ACK 51537
[CLIENT] sent ACK 51561
[CLIENT] sent ACK 51587
[CLIENT] sent ACK 51611
[CLIENT] sent ACK 51638
[CLIENT] sent ACK 51659
[CLIENT] sent ACK 51682
[CLIENT] sent ACK 51706
[CLIENT] sent ACK 51730
[CLIENT] sent ACK 51756
[CLIENT] sent ACK 51779
[CLIENT] sent ACK 51805
[CLIENT] sent ACK 51829
[CLIENT] sent ACK 51855
[CLIENT] sent ACK 51880
[CLIENT] sent ACK 51902
[CLIENT] sent ACK 51927
[CLIENT] sent ACK 51951
[CLIENT] sent ACK 51974
[CLIENT] sent ACK 51997
[CLIENT] sent ACK 52022
[CLIENT] sent ACK 52046
[CLIENT] sent ACK 52070
[CLIENT] sent ACK 52094
[CLIENT] sent ACK 52118
[CLIENT] sent ACK 52141
[CLIENT] sent ACK 52168
[CLIENT] sent ACK 52193
[CLIENT] sent ACK 52216
[CLIENT] sent ACK 52240
[CLIENT] sent ACK 52263
[CLIENT] sent ACK 52288
[CLIENT] sent ACK 52313
[CLIENT] sent ACK 52339
[CLIENT] sent ACK 52365
[CLIENT] sent ACK 52391
[CLIENT] sent ACK 52414
[CLIENT] sent ACK 52438
[CLIENT] sent ACK 52461
[CLIENT] sent ACK 52485
[CLIENT] sent ACK 52509
[CLIENT] sent ACK 52531
[CLIENT] sent ACK 52556
[CLIENT] sent ACK 52580
[CLIENT] sent ACK 52605
[CLIENT] sent ACK 52628
[CLIENT] sent ACK 52652
[CLIENT] sent ACK 52674
[CLIENT] sent ACK 52698
[CLIENT] sent ACK 52724
[CLIENT] sent ACK 52747
[CLIENT] sent ACK 52771
[CLIENT] sent ACK 52795
[CLIENT] sent ACK 52820
[CLIENT] sent ACK 52845
[CLIENT] sent ACK 52870
[CLIENT] sent ACK 52896
[CLIENT] sent ACK 52919
[CLIENT] sent ACK 52944
[CLIENT] sent ACK 52969
[CLIENT] sent ACK 52996
[CLIENT] sent ACK 53020
[CLIENT] sent ACK 53042
[CLIENT] sent ACK 53067
[CLIENT] sent ACK 53090
[CLIENT] sent ACK 53116
[CLIENT] sent ACK 53140
[CLIENT] sent ACK 53166
[CLIENT] sent ACK 53190
[CLIENT] sent ACK 53214
[CLIENT] sent ACK 53237
[CLIENT] sent ACK 53262
[CLIENT] sent ACK 53285
[CLIENT] sent ACK 53309
[CLIENT] sent ACK 53332
[CLIENT] sent ACK 53357
[CLIENT] sent ACK 53382
[CLIENT] sent ACK 53403
[CLIENT] sent ACK 53429
[CLIENT] sent ACK 53453
[CLIENT] sent ACK 53477
[CLIENT] sent ACK 53502
[CLIENT] sent ACK 53526
[CLIENT] sent ACK 53551
[CLIENT] sent ACK 53576
[CLIENT] sent ACK 53599
[CLIENT] sent ACK 53623
[CLIENT] sent ACK 53649
[CLIENT] sent ACK 53674
[CLIENT] sent ACK 53696
[CLIENT] sent ACK 53719
[CLIENT] sent ACK 53743
[CLIENT] sent ACK 53769
[CLIENT] sent ACK 53795
[CLIENT] sent ACK 53820
[CLIENT] sent ACK 53845
[CLIENT] sent ACK 53868
[CLIENT] sent ACK 53891
[CLIENT] sent ACK 53915
[CLIENT] sent ACK 53941
[CLIENT] sent ACK 53962
[CLIENT] sent ACK 53987
[CLIENT] sent ACK 54011
[CLIENT] sent ACK 54035
[CLIENT] sent ACK 54059
[CLIENT] sent ACK 54084
[CLIENT] sent ACK 54108
[CLIENT] sent ACK 54135
[CLIENT] sent ACK 54157
[CLIENT] sent ACK 54181
[CLIENT] sent ACK 54203
[CLIENT] sent ACK 54229
[CLIENT] sent ACK 54253
[CLIENT] sent ACK 54277
[CLIENT] sent ACK 54302
[CLIENT] sent ACK 54324
[CLIENT] sent ACK 54350
[CLIENT] sent ACK 54374
[CLIENT] sent ACK 54399
[CLIENT] sent ACK 54424
[CLIENT] sent ACK 54448
[CLIENT] sent ACK 54473
[CLIENT] sent ACK 54495
[CLIENT] sent ACK 54518
[CLIENT] sent ACK 54542
[CLIENT] sent ACK 54566
[CLIENT] sent ACK 54591
[CLIENT] sent ACK 54617
[CLIENT] sent ACK 54641
[CLIENT] sent ACK 54666
[CLIENT] sent ACK 54689
[CLIENT] sent ACK 54716
[CLIENT] sent ACK 54741
[CLIENT] sent ACK 54761
[CLIENT] sent ACK 54784
[CLIENT] sent ACK 54807
[CLIENT] sent ACK 54832
[CLIENT] sent ACK 54855
[CLIENT] sent ACK 54879
[CLIENT] sent ACK 54903
[CLIENT] sent ACK 54929
[CLIENT] sent ACK 54952
[CLIENT] sent ACK 54977
[CLIENT] sent ACK 54999
[CLIENT] sent ACK 55024
[CLIENT] sent ACK 55044
[CLIENT] sent ACK 55072
[CLIENT] sent ACK 55099
[CLIENT] sent ACK 55124
[CLIENT] sent ACK 55150
[CLIENT] sent ACK 55175
[CLIENT] sent ACK 55200
[CLIENT] sent ACK 55222
[CLIENT] sent ACK 55246
[CLIENT] sent ACK 55269
[CLIENT] sent ACK 55292
[CLIENT] sent ACK 55315
[CLIENT] sent ACK 55340
[CLIENT] sent ACK 55366
[CLIENT] sent ACK 55388
[CLIENT] sent ACK 55412
[CLIENT] sent ACK 55439
[CLIENT] sent ACK 55462
[CLIENT] sent ACK 55486
[CLIENT] sent ACK 55511
[CLIENT] sent ACK 55531
[CLIENT] sent ACK 55557
[CLIENT] sent ACK 55582
[CLIENT] sent ACK 55605
[CLIENT] sent ACK 55630
[CLIENT] sent ACK 55653
[CLIENT] sent ACK 55680
[CLIENT] sent ACK 55704
[CLIENT] sent ACK 55728
[CLIENT] sent ACK 55752
[CLIENT] sent ACK 55776
[CLIENT] sent ACK 55801
[CLIENT] sent ACK 55825
[CLIENT] sent ACK 55848
[CLIENT] sent ACK 55871
[CLIENT] sent ACK 55895
[CLIENT] sent ACK 55919
[CLIENT] sent ACK 55943
[CLIENT] sent ACK 55968
[CLIENT] sent ACK 55992
[CLIENT] sent ACK 56016
[CLIENT] sent ACK 56042
[CLIENT] sent ACK 56064
[CLIENT] sent ACK 56087
[CLIENT] sent ACK 56111
[CLIENT] sent ACK 56135
[CLIENT] sent ACK 56160
[CLIENT] sent ACK 56184
[CLIENT] sent ACK 56211
[CLIENT] sent ACK 56236
[CLIENT] sent ACK 56259
[CLIENT] sent ACK 56283
[CLIENT] sent ACK 56308
[CLIENT] sent ACK 56334
[CLIENT] sent ACK 56360
[CLIENT] sent ACK 56381
[CLIENT] sent ACK 56404
[CLIENT] sent ACK 56428
[CLIENT] sent ACK 56452
[CLIENT] sent ACK 56478
[CLIENT] sent ACK 56500
[CLIENT] sent ACK 56525
[CLIENT] sent ACK 56550
[CLIENT] sent ACK 56573
[CLIENT] sent ACK 56597
[CLIENT] sent ACK 56621
[CLIENT] sent ACK 56646
[CLIENT] sent ACK 56672
[CLIENT] sent ACK 56694
[CLIENT] sent ACK 56718
[CLIENT] sent ACK 56739
[CLIENT] sent ACK 56765
[CLIENT] sent ACK 56792
[CLIENT] sent ACK 56817
[CLIENT] sent ACK 56841
[CLIENT] sent ACK 56867
[CLIENT] sent ACK 56893
[CLIENT] sent ACK 56918
[CLIENT] sent ACK 56944
[CLIENT] sent ACK 56967
[CLIENT] sent ACK 56993
[CLIENT] sent ACK 57019
[CLIENT] sent ACK 57044
[CLIENT] sent ACK 57069
[CLIENT] sent ACK 57093
[CLIENT] sent ACK 57118
[CLIENT] sent ACK 57144
[CLIENT] sent ACK 57173
[CLIENT] sent ACK 57201
[CLIENT] sent ACK 57226
[CLIENT] sent ACK 57251
[CLIENT] sent ACK 57274
[CLIENT] sent ACK 57298
[CLIENT] sent ACK 57321
[CLIENT] sent ACK 57343
[CLIENT] sent ACK 57367
[CLIENT] sent ACK 57390
[CLIENT] sent ACK 57415
[CLIENT] sent ACK 57438
[CLIENT] sent ACK 57462
[CLIENT] sent ACK 57486
[CLIENT] sent ACK 57510
[CLIENT] sent ACK 57533
[CLIENT] sent ACK 57558
[CLIENT] sent ACK 57581
[CLIENT] sent ACK 57606
[CLIENT] sent ACK 57630
[CLIENT] sent ACK 57655
[CLIENT] sent ACK 57677
[CLIENT] sent ACK 57699
[CLIENT] sent ACK 57724
[CLIENT] sent ACK 57751
[CLIENT] sent ACK 57776
[CLIENT] sent ACK 57801
[CLIENT] sent ACK 57827
[CLIENT] sent ACK 57851
[CLIENT] sent ACK 57875
[CLIENT] sent ACK 57901
[CLIENT] sent ACK 57923
[CLIENT] sent ACK 57946
[CLIENT] sent ACK 57968
[CLIENT] sent ACK 57994
[CLIENT] sent ACK 58017
[CLIENT] sent ACK 58043
[CLIENT] sent ACK 58067
[CLIENT] sent ACK 58091
[CLIENT] sent ACK 58115
[CLIENT] sent ACK 58138
[CLIENT] sent ACK 58161
[CLIENT] sent ACK 58185
[CLIENT] sent ACK 58208
[CLIENT] sent ACK 58232
[CLIENT] sent ACK 58257
[CLIENT] sent ACK 58281
[CLIENT] sent ACK 58305
[CLIENT] sent ACK 58326
[CLIENT] sent ACK 58351
[CLIENT] sent ACK 58376
[CLIENT] sent ACK 58400
[CLIENT] sent ACK 58425
[CLIENT] sent ACK 58448
[CLIENT] sent ACK 58474
[CLIENT] sent ACK 58497
[CLIENT] sent ACK 58523
[CLIENT] sent ACK 58547
[CLIENT] sent ACK 58571
[CLIENT] sent ACK 58595
[CLIENT] sent ACK 58621
[CLIENT] sent ACK 58646
[CLIENT] sent ACK 58671
[CLIENT] sent ACK 58694
[CLIENT] sent ACK 58717
[CLIENT] sent ACK 58741
[CLIENT] sent ACK 58766
[CLIENT] sent ACK 58791
[CLIENT] sent ACK 58813
[CLIENT] sent ACK 58838
[CLIENT] sent ACK 58860
[CLIENT] sent ACK 58884
[CLIENT] sent ACK 58906
[CLIENT] sent ACK 58933
[CLIENT] sent ACK 58956
[CLIENT] sent ACK 58982
[CLIENT] sent ACK 59009
[CLIENT] sent ACK 59034
[CLIENT] sent ACK 59056
[CLIENT] sent ACK 59082
[CLIENT] sent ACK 59105
[CLIENT] sent ACK 59129
[CLIENT] sent ACK 59153
[CLIENT] sent ACK 59177
[CLIENT] sent ACK 59205
[CLIENT] sent ACK 59232
[CLIENT] sent ACK 59255
[CLIENT] sent ACK 59279
[CLIENT] sent ACK 59297
[CLIENT] sent ACK 59311
[CLIENT] sent ACK 59326
[CLIENT] sent ACK 59354
[CLIENT] sent ACK 59382
[CLIENT] sent ACK 59408
[CLIENT] sent ACK 59435
[CLIENT] sent ACK 59461
[CLIENT] sent ACK 59488
[CLIENT] sent ACK 59515
[CLIENT] sent ACK 59541
[CLIENT] sent ACK 59569
[CLIENT] sent ACK 59597
[CLIENT] sent ACK 59625
[CLIENT] sent ACK 59653
[CLIENT] sent ACK 59681
[CLIENT] sent ACK 59708
[CLIENT] sent ACK 59738
[CLIENT] sent ACK 59765
[CLIENT] sent ACK 59792
[CLIENT] sent ACK 59819
[CLIENT] sent ACK 59844
[CLIENT] sent ACK 59870
[CLIENT] sent ACK 59894
[CLIENT] sent ACK 59918
[CLIENT] sent ACK 59942
[CLIENT] sent ACK 59967
[CLIENT] sent ACK 59994
[CLIENT] sent ACK 60021
[CLIENT] sent ACK 60046
[CLIENT] sent ACK 60071
[CLIENT] sent ACK 60095
[CLIENT] sent ACK 60118
[CLIENT] sent ACK 60144
[CLIENT] sent ACK 60169
[CLIENT] sent ACK 60195
[CLIENT] sent ACK 60219
[CLIENT] sent ACK 60242
[CLIENT] sent ACK 60264
[CLIENT] sent ACK 60287
[CLIENT] sent ACK 60311
[CLIENT] sent ACK 60336
[CLIENT] sent ACK 60361
[CLIENT] sent ACK 60384
[CLIENT] sent ACK 60409
[CLIENT] sent ACK 60434
[CLIENT] sent ACK 60458
[CLIENT] sent ACK 60482
[CLIENT] sent ACK 60508
[CLIENT] sent ACK 60533
[CLIENT] sent ACK 60559
[CLIENT] sent ACK 60584
[CLIENT] sent ACK 60609
[CLIENT] sent ACK 60634
[CLIENT] sent ACK 60659
[CLIENT] sent ACK 60684
[CLIENT] sent ACK 60708
[CLIENT] sent ACK 60732
[CLIENT] sent ACK 60756
[CLIENT] sent ACK 60782
[CLIENT] sent ACK 60806
[CLIENT] sent ACK 60830
[CLIENT] sent ACK 60859
[CLIENT] sent ACK 60885
[CLIENT] sent ACK 60910
[CLIENT] sent ACK 60933
[CLIENT] sent ACK 60958
[CLIENT] sent ACK 60984
[CLIENT] sent ACK 61006
[CLIENT] sent ACK 61032
[CLIENT] sent ACK 61057
[CLIENT] sent ACK 61083
[CLIENT] sent ACK 61107
[CLIENT] sent ACK 61132
[CLIENT] sent ACK 61157
[CLIENT] sent ACK 61182
[CLIENT] sent ACK 61207
[CLIENT] sent ACK 61231
[CLIENT] sent ACK 61254
[CLIENT] sent ACK 61279
[CLIENT] sent ACK 61303
[CLIENT] sent ACK 61329
[CLIENT] sent ACK 61355
[CLIENT] sent ACK 61379
[CLIENT] sent ACK 61406
[CLIENT] sent ACK 61432
[CLIENT] sent ACK 61457
[CLIENT] sent ACK 61481
[CLIENT] sent ACK 61505
[CLIENT] sent ACK 61530
[CLIENT] sent ACK 61555
[CLIENT] sent ACK 61581
[CLIENT] sent ACK 61607
[CLIENT] sent ACK 61631
[CLIENT] sent ACK 61656
[CLIENT] sent ACK 61679
[CLIENT] sent ACK 61704
[CLIENT] sent ACK 61727
[CLIENT] sent ACK 61749
[CLIENT] sent ACK 61775
[CLIENT] sent ACK 61802
[CLIENT] sent ACK 61826
[CLIENT] sent ACK 61851
[CLIENT] sent ACK 61874
[CLIENT] sent ACK 61897
[CLIENT] sent ACK 61922
[CLIENT] sent ACK 61946
[CLIENT] sent ACK 61970
[CLIENT] sent ACK 61993
[CLIENT] sent ACK 62016
[CLIENT] sent ACK 62038
[CLIENT] sent ACK 62063
[CLIENT] sent ACK 62088
[CLIENT] sent ACK 62111
[CLIENT] sent ACK 62136
[CLIENT] sent ACK 62160
[CLIENT] sent ACK 62184
[CLIENT] sent ACK 62208
[CLIENT] sent ACK 62232
[CLIENT] sent ACK 62255
[CLIENT] sent ACK 62280
[CLIENT] sent ACK 62304
[CLIENT] sent ACK 62330
[CLIENT] sent ACK 62354
[CLIENT] sent ACK 62378
[CLIENT] sent ACK 62401
[CLIENT] sent ACK 62426
[CLIENT] sent ACK 62451
[CLIENT] sent ACK 62475
[CLIENT] sent ACK 62500
[CLIENT] sent ACK 62525
[CLIENT] sent ACK 62549
[CLIENT] sent ACK 62571
[CLIENT] sent ACK 62595
[CLIENT] sent ACK 62618
[CLIENT] sent ACK 62643
[CLIENT] sent ACK 62668
[CLIENT] sent ACK 62694
[CLIENT] sent ACK 62718
[CLIENT] sent ACK 62742
[CLIENT] sent ACK 62766
[CLIENT] sent ACK 62789
[CLIENT] sent ACK 62813
[CLIENT] sent ACK 62837
[CLIENT] sent ACK 62861
[CLIENT] sent ACK 62890
[CLIENT] sent ACK 62914
[CLIENT] sent ACK 62942
[CLIENT] sent ACK 62965
[CLIENT] sent ACK 62990
[CLIENT] sent ACK 63015
[CLIENT] sent ACK 63040
[CLIENT] sent ACK 63065
[CLIENT] sent ACK 63089
[CLIENT] sent ACK 63115
[CLIENT] sent ACK 63139
[CLIENT] sent ACK 63165
[CLIENT] sent ACK 63190
[CLIENT] sent ACK 63213
[CLIENT] sent ACK 63238
[CLIENT] sent ACK 63262
[CLIENT] sent ACK 63288
[CLIENT] sent ACK 63313
[CLIENT] sent ACK 63337
[CLIENT] sent ACK 63361
[CLIENT] sent ACK 63385
[CLIENT] sent ACK 63409
[CLIENT] sent ACK 63433
[CLIENT] sent ACK 63456
[CLIENT] sent ACK 63471
[CLIENT] sent ACK 63479
[CLIENT] sent ACK 63495
[CLIENT] sent ACK 63523
[CLIENT] sent ACK 63549
[CLIENT] sent ACK 63575
[CLIENT] sent ACK 63601
[CLIENT] sent ACK 63626
[CLIENT] sent ACK 63651
[CLIENT] sent ACK 63678
[CLIENT] sent ACK 63704
[CLIENT] sent ACK 63731
[CLIENT] sent ACK 63757
[CLIENT] sent ACK 63786
[CLIENT] sent ACK 63813
[CLIENT] sent ACK 63837
[CLIENT] sent ACK 63863
[CLIENT] sent ACK 63889
[CLIENT] sent ACK 63915
[CLIENT] sent ACK 63943
[CLIENT] sent ACK 63969
[CLIENT] sent ACK 63995
[CLIENT] sent ACK 64022
[CLIENT] sent ACK 64051
[CLIENT] sent ACK 64077
[CLIENT] sent ACK 64104
[CLIENT] sent ACK 64131
[CLIENT] sent ACK 64159
[CLIENT] sent ACK 64187
[CLIENT] sent ACK 64212
[CLIENT] sent ACK 64238
[CLIENT] sent ACK 64266
[CLIENT] sent ACK 64292
[CLIENT] sent ACK 64317
[CLIENT] sent ACK 64343
[CLIENT] sent ACK 64367
[CLIENT] sent ACK 64392
[CLIENT] sent ACK 64417
[CLIENT] sent ACK 64441
[CLIENT] sent ACK 64468
[CLIENT] sent ACK 64495
[CLIENT] sent ACK 64520
[CLIENT] sent ACK 64546
[CLIENT] sent ACK 64571
[CLIENT] sent ACK 64598
[CLIENT] sent ACK 64623
[CLIENT] sent ACK 64648
[CLIENT] sent ACK 64671
[CLIENT] sent ACK 64697
[CLIENT] sent ACK 64723
[CLIENT] sent ACK 64745
[CLIENT] sent ACK 64769
[CLIENT] sent ACK 64793
[CLIENT] sent ACK 64818
[CLIENT] sent ACK 64842
[CLIENT] sent ACK 64868
[CLIENT] sent ACK 64895
[CLIENT] sent ACK 64919
[CLIENT] sent ACK 64943
[CLIENT] sent ACK 64967
[CLIENT] sent ACK 64993
[CLIENT] sent ACK 65019
[CLIENT] sent ACK 65045
[CLIENT] sent ACK 65069
[CLIENT] sent ACK 65096
[CLIENT] sent ACK 65119
[CLIENT] sent ACK 65145
[CLIENT] sent ACK 65170
[CLIENT] sent ACK 65196
[CLIENT] sent ACK 65222
[CLIENT] sent ACK 65246
[CLIENT] sent ACK 65270
[CLIENT] sent ACK 65294
[CLIENT] sent ACK 65318
[CLIENT] sent ACK 65344
[CLIENT] sent ACK 65370
[CLIENT] sent ACK 65394
[CLIENT] sent ACK 65418
[CLIENT] sent ACK 65442
[CLIENT] sent ACK 65467
[CLIENT] sent ACK 65492
[CLIENT] sent ACK 65516
[CLIENT] sent ACK 65540
[CLIENT] sent ACK 65564
[CLIENT] sent ACK 65589
[CLIENT] sent ACK 65613
[CLIENT] sent ACK 65637
[CLIENT] sent ACK 65662
[CLIENT] sent ACK 65685
[CLIENT] sent ACK 65710
[CLIENT] sent ACK 65734
[CLIENT] sent ACK 65755
[CLIENT] sent ACK 65779
[CLIENT] sent ACK 65804
[CLIENT] sent ACK 65829
[CLIENT] sent ACK 65854
[CLIENT] sent ACK 65879
[CLIENT] sent ACK 65902
[CLIENT] sent ACK 65926
[CLIENT] sent ACK 65948
[CLIENT] sent ACK 65971
[CLIENT] sent ACK 65995
[CLIENT] sent ACK 66019
[CLIENT] sent ACK 66044
[CLIENT] sent ACK 66067
[CLIENT] sent ACK 66090
[CLIENT] sent ACK 66114
[CLIENT] sent ACK 66140
[CLIENT] sent ACK 66165
[CLIENT] sent ACK 66190
[CLIENT] sent ACK 66213
[CLIENT] sent ACK 66237
[CLIENT] sent ACK 66262
[CLIENT] sent ACK 66286
[CLIENT] sent ACK 66311
[CLIENT] sent ACK 66335
[CLIENT] sent ACK 66359
[CLIENT] sent ACK 66386
[CLIENT] sent ACK 66414
[CLIENT] sent ACK 66434
[CLIENT] sent ACK 66458
[CLIENT] sent ACK 66481
[CLIENT] sent ACK 66504
[CLIENT] sent ACK 66527
[CLIENT] sent ACK 66553
[CLIENT] sent ACK 66576
[CLIENT] sent ACK 66599
[CLIENT] sent ACK 66624
[CLIENT] sent ACK 66647
[CLIENT] sent ACK 66670
[CLIENT] sent ACK 66695
[CLIENT] sent ACK 66719
[CLIENT] sent ACK 66743
[CLIENT] sent ACK 66769
[CLIENT] sent ACK 66794
[CLIENT] sent ACK 66820
[CLIENT] sent ACK 66843
[CLIENT] sent ACK 66870
[CLIENT] sent ACK 66895
[CLIENT] sent ACK 66921
[CLIENT] sent ACK 66946
[CLIENT] sent ACK 66967
[CLIENT] sent ACK 66990
[CLIENT] sent ACK 67015
[CLIENT] sent ACK 67039
[CLIENT] sent ACK 67064
[CLIENT] sent ACK 67088
[CLIENT] sent ACK 67112
[CLIENT] sent ACK 67137
[CLIENT] sent ACK 67163
[CLIENT] sent ACK 67188
[CLIENT] sent ACK 67213
[CLIENT] sent ACK 67239
[CLIENT] sent ACK 67263
[CLIENT] sent ACK 67288
[CLIENT] sent ACK 67310
[CLIENT] sent ACK 67334
[CLIENT] sent ACK 67358
[CLIENT] sent ACK 67382
[CLIENT] sent ACK 67405
[CLIENT] sent ACK 67429
[CLIENT] sent ACK 67456
[CLIENT] sent ACK 67481
[CLIENT] sent ACK 67506
[CLIENT] sent ACK 67530
[CLIENT] sent ACK 67554
[CLIENT] sent ACK 67578
[CLIENT] sent ACK 67602
[CLIENT] sent ACK 67628
[CLIENT] sent ACK 67652
[CLIENT] sent ACK 67677
[CLIENT] sent ACK 67702
[CLIENT] sent ACK 67727
[CLIENT] sent ACK 67754
[CLIENT] sent ACK 67778
[CLIENT] sent ACK 67801
[CLIENT] sent ACK 67826
[CLIENT] sent ACK 67854
[CLIENT] sent ACK 67879
[CLIENT] sent ACK 67896
[CLIENT] sent ACK 67911
[CLIENT] sent ACK 67925
[CLIENT] sent ACK 67940
[CLIENT] sent ACK 67954
[CLIENT] sent ACK 67967
[CLIENT] sent ACK 67993
[CLIENT] sent ACK 68019
[CLIENT] sent ACK 68044
[CLIENT] sent ACK 68070
[CLIENT] sent ACK 68097
[CLIENT] sent ACK 68123
[CLIENT] sent ACK 68147
[CLIENT] sent ACK 68173
[CLIENT] sent ACK 68200
[CLIENT] sent ACK 68225
[CLIENT] sent ACK 68251
[CLIENT] sent ACK 68278
[CLIENT] sent ACK 68303
[CLIENT] sent ACK 68329
[CLIENT] sent ACK 68356
[CLIENT] sent ACK 68381
[CLIENT] sent ACK 68405
[CLIENT] sent ACK 68430
[CLIENT] sent ACK 68457
[CLIENT] sent ACK 68483
[CLIENT] sent ACK 68508
[CLIENT] sent ACK 68533
[CLIENT] sent ACK 68560
[CLIENT] sent ACK 68587
[CLIENT] sent ACK 68614
[CLIENT] sent ACK 68639
[CLIENT] sent ACK 68664
[CLIENT] sent ACK 68690
[CLIENT] sent ACK 68716
[CLIENT] sent ACK 68743
[CLIENT] sent ACK 68768
[CLIENT] sent ACK 68794
[CLIENT] sent ACK 68820
[CLIENT] sent ACK 68845
[CLIENT] sent ACK 68870
[CLIENT] sent ACK 68893
[CLIENT] sent ACK 68919
[CLIENT] sent ACK 68945
[CLIENT] sent ACK 68970
[CLIENT] sent ACK 68995
[CLIENT] sent ACK 69020
[CLIENT] sent ACK 69046
[CLIENT] sent ACK 69072
[CLIENT] sent ACK 69097
[CLIENT] sent ACK 69122
[CLIENT] sent ACK 69147
[CLIENT] sent ACK 69172
[CLIENT] sent ACK 69198
[CLIENT] sent ACK 69224
[CLIENT] sent ACK 69249
[CLIENT] sent ACK 69274
[CLIENT] sent ACK 69300
[CLIENT] sent ACK 69327
[CLIENT] sent ACK 69354
[CLIENT] sent ACK 69380
[CLIENT] sent ACK 69406
[CLIENT] sent ACK 69430
[CLIENT] sent ACK 69452
[CLIENT] sent ACK 69478
[CLIENT] sent ACK 69502
[CLIENT] sent ACK 69528
[CLIENT] sent ACK 69552
[CLIENT] sent ACK 69577
[CLIENT] sent ACK 69601
[CLIENT] sent ACK 69625
[CLIENT] sent ACK 69650
[CLIENT] sent ACK 69674
[CLIENT] sent ACK 69697
[CLIENT] sent ACK 69723
[CLIENT] sent ACK 69746
[CLIENT] sent ACK 69769
[CLIENT] sent ACK 69794
[CLIENT] sent ACK 69819
[CLIENT] sent ACK 69844
[CLIENT] sent ACK 69868
[CLIENT] sent ACK 69893
[CLIENT] sent ACK 69921
[CLIENT] sent ACK 69947
[CLIENT] sent ACK 69973
[CLIENT] sent ACK 69999
[CLIENT] sent ACK 70021
[CLIENT] sent ACK 70047
[CLIENT] sent ACK 70070
[CLIENT] sent ACK 70095
[CLIENT] sent ACK 70117
[CLIENT] sent ACK 70140
[CLIENT] sent ACK 70164
[CLIENT] sent ACK 70189
[CLIENT] sent ACK 70213
[CLIENT] sent ACK 70237
[CLIENT] sent ACK 70263
[CLIENT] sent ACK 70288
[CLIENT] sent ACK 70312
[CLIENT] sent ACK 70337
[CLIENT] sent ACK 70362
[CLIENT] sent ACK 70388
[CLIENT] sent ACK 70414
[CLIENT] sent ACK 70440
[CLIENT] sent ACK 70466
[CLIENT] sent ACK 70490
[CLIENT] sent ACK 70515
[CLIENT] sent ACK 70540
[CLIENT] sent ACK 70565
[CLIENT] sent ACK 70590
[CLIENT] sent ACK 70613
[CLIENT] sent ACK 70637
[CLIENT] sent ACK 70663
[CLIENT] sent ACK 70683
[CLIENT] sent ACK 70706
[CLIENT] sent ACK 70730
[CLIENT] sent ACK 70755
[CLIENT] sent ACK 70779
[CLIENT] sent ACK 70804
[CLIENT] sent ACK 70829
[CLIENT] sent ACK 70852
[CLIENT] sent ACK 70879
[CLIENT] sent ACK 70905
[CLIENT] sent ACK 70930
[CLIENT] sent ACK 70955
[CLIENT] sent ACK 70979
[CLIENT] sent ACK 71002
[CLIENT] sent ACK 71029
[CLIENT] sent ACK 71053
[CLIENT] sent ACK 71079
[CLIENT] sent ACK 71102
[CLIENT] sent ACK 71126
[CLIENT] sent ACK 71151
[CLIENT] sent ACK 71175
[CLIENT] sent ACK 71196
[CLIENT] sent ACK 71219
[CLIENT] sent ACK 71245
[CLIENT] sent ACK 71269
[CLIENT] sent ACK 71292
[CLIENT] sent ACK 71316
[CLIENT] sent ACK 71341
[CLIENT] sent ACK 71362
[CLIENT] sent ACK 71385
[CLIENT] sent ACK 71408
[CLIENT] sent ACK 71434
[CLIENT] sent ACK 71458
[CLIENT] sent ACK 71482
[CLIENT] sent ACK 71507
[CLIENT] sent ACK 71532
[CLIENT] sent ACK 71557
[CLIENT] sent ACK 71580
[CLIENT] sent ACK 71604
[CLIENT] sent ACK 71628
[CLIENT] sent ACK 71652
[CLIENT] sent ACK 71675
[CLIENT] sent ACK 71700
[CLIENT] sent ACK 71723
[CLIENT] sent ACK 71748
[CLIENT] sent ACK 71772
[CLIENT] sent ACK 71797
[CLIENT] sent ACK 71822
[CLIENT] sent ACK 71846
[CLIENT] sent ACK 71872
[CLIENT] sent ACK 71897
[CLIENT] sent ACK 71921
[CLIENT] sent ACK 71945
[CLIENT] sent ACK 71967
[CLIENT] sent ACK 71991
[CLIENT] sent ACK 72016
[CLIENT] sent ACK 72042
[CLIENT] sent ACK 72067
[CLIENT] sent ACK 72090
[CLIENT] sent ACK 72114
[CLIENT] sent ACK 72138
[CLIENT] sent ACK 72162
[CLIENT] sent ACK 72186
[CLIENT] sent ACK 72208
[CLIENT] sent ACK 72230
[CLIENT] sent ACK 72256
[CLIENT] sent ACK 72278
[CLIENT] sent ACK 72294
[CLIENT] sent ACK 72318
[CLIENT] sent ACK 72342
[CLIENT] sent ACK 72367
[CLIENT] sent ACK 72393
[CLIENT] sent ACK 72418
[CLIENT] sent ACK 72443
[CLIENT] sent ACK 72469
[CLIENT] sent ACK 72492
[CLIENT] sent ACK 72515
[CLIENT] sent ACK 72537
[CLIENT] sent ACK 72561
[CLIENT] sent ACK 72584
[CLIENT] sent ACK 72609
[CLIENT] sent ACK 72634
[CLIENT] sent ACK 72656
[CLIENT] sent ACK 72681
[CLIENT] sent ACK 72706
[CLIENT] sent ACK 72730
[CLIENT] sent ACK 72754
[CLIENT] sent ACK 72779
[CLIENT] sent ACK 72803
[CLIENT] sent ACK 72828
[CLIENT] sent ACK 72853
[CLIENT] sent ACK 72876
[CLIENT] sent ACK 72900
[CLIENT] sent ACK 72922
[CLIENT] sent ACK 72948
[CLIENT] sent ACK 72972
[CLIENT] sent ACK 72998
[CLIENT] sent ACK 73022
[CLIENT] sent ACK 73045
[CLIENT] sent ACK 73071
[CLIENT] sent ACK 73095
[CLIENT] sent ACK 73120
[CLIENT] sent ACK 73140
[CLIENT] sent ACK 73165
[CLIENT] sent ACK 73188
[CLIENT] sent ACK 73210
[CLIENT] sent ACK 73236
[CLIENT] sent ACK 73260
[CLIENT] sent ACK 73285
[CLIENT] sent ACK 73313
[CLIENT] sent ACK 73339
[CLIENT] sent ACK 73366
[CLIENT] sent ACK 73391
[CLIENT] sent ACK 73417
[CLIENT] sent ACK 73442
[CLIENT] sent ACK 73466
[CLIENT] sent ACK 73488
[CLIENT] sent ACK 73512
[CLIENT] sent ACK 73536
[CLIENT] sent ACK 73560
[CLIENT] sent ACK 73584
[CLIENT] sent ACK 73608
[CLIENT] sent ACK 73632
[CLIENT] sent ACK 73652
[CLIENT] sent ACK 73676
[CLIENT] sent ACK 73698
[CLIENT] sent ACK 73721
[CLIENT] sent ACK 73743
[CLIENT] sent ACK 73766
[CLIENT] sent ACK 73791
[CLIENT] sent ACK 73816
[CLIENT] sent ACK 73841
[CLIENT] sent ACK 73866
[CLIENT] sent ACK 73888
[CLIENT] sent ACK 73913
[CLIENT] sent ACK 73937
[CLIENT] sent ACK 73961
[CLIENT] sent ACK 73984
[CLIENT] sent ACK 74006
[CLIENT] sent ACK 74031
[CLIENT] sent ACK 74055
[CLIENT] sent ACK 74080
[CLIENT] sent ACK 74105
[CLIENT] sent ACK 74129
[CLIENT] sent ACK 74154
[CLIENT] sent ACK 74177
[CLIENT] sent ACK 74201
[CLIENT] sent ACK 74224
[CLIENT] sent ACK 74248
[CLIENT] sent ACK 74272
[CLIENT] sent ACK 74298
[CLIENT] sent ACK 74323
[CLIENT] sent ACK 74347
[CLIENT] sent ACK 74370
[CLIENT] sent ACK 74394
[CLIENT] sent ACK 74418
[CLIENT] sent ACK 74442
[CLIENT] sent ACK 74466
[CLIENT] sent ACK 74490
[CLIENT] sent ACK 74514
[CLIENT] sent ACK 74539
[CLIENT] sent ACK 74564
[CLIENT] sent ACK 74589
[CLIENT] sent ACK 74612
[CLIENT] sent ACK 74635
[CLIENT] sent ACK 74661
[CLIENT] sent ACK 74686
[CLIENT] sent ACK 74711
[CLIENT] sent ACK 74735
[CLIENT] sent ACK 74757
[CLIENT] sent ACK 74782
[CLIENT] sent ACK 74807
[CLIENT] sent ACK 74831
[CLIENT] sent ACK 74856
[CLIENT] sent ACK 74880
[CLIENT] sent ACK 74899
[CLIENT] sent ACK 74900
[CLIENT] SHA-256 match: True

==================================================
CLIENT REPORT
==================================================
Security enabled (PSK + AEAD):            Yes
Handshake status:                         Success
Size of the transferred file:             104857600 bytes
Number of packets received from server:   74899
Number of duplicate packets:              609
Replay drops:                             609
Number of out-of-order packets:           0
Number of packets with checksum errors:   0
Time duration of the file transfer:       00:00:36
Received file MD5:                        2f282b84e7e608d5852449ed940bfc51
AEAD authentication failures:             0
SHA-256 match:                            Yes
==================================================

[CLIENT] Report saved to client_report.txt
[CLIENT] file saved as received_test_100mb_file
real 41.38
user 0.07
sys 0.14

Script done on 2026-04-22 17:56:59+00:00 [COMMAND_EXIT_CODE="0"]
