Script started on 2026-04-22 18:02:06+00:00 [COMMAND="cd ~/secure-reliable-file-fransfer && sudo PYTHONPATH=. python3 -u main.py --mode client --config config_phase2.json --file ./gdrive-folder/test_100mb_file" TERM="xterm-256color" TTY="/dev/pts/0" COLUMNS="222" LINES="30"]
[CLIENT] running on 172.31.64.201:50000
[CLIENT] talking to server 172.31.77.14:50000
[CLIENT] sent ClientHello
[CLIENT] Handshake complete
[CLIENT] requested file: ./gdrive-folder/test_100mb_file
[CLIENT] sent ACK 9
[CLIENT] sent ACK 33
[CLIENT] sent ACK 59
[CLIENT] sent ACK 84
[CLIENT] sent ACK 110
[CLIENT] sent ACK 135
[CLIENT] sent ACK 160
[CLIENT] sent ACK 184
[CLIENT] sent ACK 209
[CLIENT] sent ACK 235
[CLIENT] sent ACK 261
[CLIENT] sent ACK 286
[CLIENT] sent ACK 311
[CLIENT] sent ACK 336
[CLIENT] sent ACK 362
[CLIENT] sent ACK 386
[CLIENT] sent ACK 411
[CLIENT] sent ACK 437
[CLIENT] sent ACK 464
[CLIENT] sent ACK 488
[CLIENT] sent ACK 512
[CLIENT] sent ACK 536
[CLIENT] sent ACK 562
[CLIENT] sent ACK 587
[CLIENT] sent ACK 611
[CLIENT] sent ACK 634
[CLIENT] sent ACK 659
[CLIENT] sent ACK 684
[CLIENT] sent ACK 708
[CLIENT] sent ACK 733
[CLIENT] sent ACK 757
[CLIENT] sent ACK 782
[CLIENT] sent ACK 805
[CLIENT] sent ACK 826
[CLIENT] sent ACK 846
[CLIENT] sent ACK 869
[CLIENT] sent ACK 892
[CLIENT] sent ACK 916
[CLIENT] sent ACK 940
[CLIENT] sent ACK 964
[CLIENT] sent ACK 987
[CLIENT] sent ACK 1012
[CLIENT] sent ACK 1038
[CLIENT] sent ACK 1062
[CLIENT] sent ACK 1086
[CLIENT] sent ACK 1108
[CLIENT] sent ACK 1134
[CLIENT] sent ACK 1158
[CLIENT] sent ACK 1182
[CLIENT] sent ACK 1206
[CLIENT] sent ACK 1229
[CLIENT] sent ACK 1253
[CLIENT] sent ACK 1276
[CLIENT] sent ACK 1301
[CLIENT] sent ACK 1325
[CLIENT] sent ACK 1350
[CLIENT] sent ACK 1374
[CLIENT] sent ACK 1400
[CLIENT] sent ACK 1424
[CLIENT] sent ACK 1449
[CLIENT] sent ACK 1473
[CLIENT] sent ACK 1496
[CLIENT] sent ACK 1520
[CLIENT] sent ACK 1546
[CLIENT] sent ACK 1571
[CLIENT] sent ACK 1593
[CLIENT] sent ACK 1617
[CLIENT] sent ACK 1642
[CLIENT] sent ACK 1669
[CLIENT] sent ACK 1691
[CLIENT] sent ACK 1708
[CLIENT] sent ACK 1721
[CLIENT] sent ACK 1744
[CLIENT] sent ACK 1770
[CLIENT] sent ACK 1796
[CLIENT] sent ACK 1820
[CLIENT] sent ACK 1844
[CLIENT] sent ACK 1873
[CLIENT] sent ACK 1898
[CLIENT] sent ACK 1921
[CLIENT] sent ACK 1947
[CLIENT] sent ACK 1972
[CLIENT] sent ACK 1998
[CLIENT] sent ACK 2024
[CLIENT] sent ACK 2048
[CLIENT] sent ACK 2071
[CLIENT] sent ACK 2095
[CLIENT] sent ACK 2122
[CLIENT] sent ACK 2148
[CLIENT] sent ACK 2170
[CLIENT] sent ACK 2196
[CLIENT] sent ACK 2220
[CLIENT] sent ACK 2243
[CLIENT] sent ACK 2268
[CLIENT] sent ACK 2291
[CLIENT] sent ACK 2316
[CLIENT] sent ACK 2342
[CLIENT] sent ACK 2368
[CLIENT] sent ACK 2398
[CLIENT] sent ACK 2420
[CLIENT] sent ACK 2447
[CLIENT] sent ACK 2461
[CLIENT] sent ACK 2486
[CLIENT] sent ACK 2512
[CLIENT] sent ACK 2537
[CLIENT] sent ACK 2563
[CLIENT] sent ACK 2591
[CLIENT] sent ACK 2617
[CLIENT] sent ACK 2643
[CLIENT] sent ACK 2669
[CLIENT] sent ACK 2695
[CLIENT] sent ACK 2721
[CLIENT] sent ACK 2748
[CLIENT] sent ACK 2775
[CLIENT] sent ACK 2800
[CLIENT] sent ACK 2825
[CLIENT] sent ACK 2851
[CLIENT] sent ACK 2878
[CLIENT] sent ACK 2903
[CLIENT] sent ACK 2926
[CLIENT] sent ACK 2950
[CLIENT] sent ACK 2973
[CLIENT] sent ACK 2998
[CLIENT] sent ACK 3022
[CLIENT] sent ACK 3045
[CLIENT] sent ACK 3069
[CLIENT] sent ACK 3093
[CLIENT] sent ACK 3117
[CLIENT] sent ACK 3143
[CLIENT] sent ACK 3166
[CLIENT] sent ACK 3190
[CLIENT] sent ACK 3213
[CLIENT] sent ACK 3238
[CLIENT] sent ACK 3264
[CLIENT] sent ACK 3288
[CLIENT] sent ACK 3314
[CLIENT] sent ACK 3339
[CLIENT] sent ACK 3363
[CLIENT] sent ACK 3389
[CLIENT] sent ACK 3411
[CLIENT] sent ACK 3434
[CLIENT] sent ACK 3459
[CLIENT] sent ACK 3483
[CLIENT] sent ACK 3507
[CLIENT] sent ACK 3529
[CLIENT] sent ACK 3550
[CLIENT] sent ACK 3575
[CLIENT] sent ACK 3600
[CLIENT] sent ACK 3625
[CLIENT] sent ACK 3648
[CLIENT] sent ACK 3674
[CLIENT] sent ACK 3700
[CLIENT] sent ACK 3724
[CLIENT] sent ACK 3747
[CLIENT] sent ACK 3772
[CLIENT] sent ACK 3795
[CLIENT] sent ACK 3821
[CLIENT] sent ACK 3846
[CLIENT] sent ACK 3870
[CLIENT] sent ACK 3896
[CLIENT] sent ACK 3920
[CLIENT] sent ACK 3945
[CLIENT] sent ACK 3965
[CLIENT] sent ACK 3990
[CLIENT] sent ACK 4013
[CLIENT] sent ACK 4039
[CLIENT] sent ACK 4062
[CLIENT] sent ACK 4087
[CLIENT] sent ACK 4113
[CLIENT] sent ACK 4138
[CLIENT] sent ACK 4162
[CLIENT] sent ACK 4186
[CLIENT] sent ACK 4212
[CLIENT] sent ACK 4233
[CLIENT] sent ACK 4257
[CLIENT] sent ACK 4280
[CLIENT] sent ACK 4305
[CLIENT] sent ACK 4328
[CLIENT] sent ACK 4352
[CLIENT] sent ACK 4379
[CLIENT] sent ACK 4403
[CLIENT] sent ACK 4428
[CLIENT] sent ACK 4453
[CLIENT] sent ACK 4478
[CLIENT] sent ACK 4503
[CLIENT] sent ACK 4522
[CLIENT] sent ACK 4539
[CLIENT] sent ACK 4564
[CLIENT] sent ACK 4591
[CLIENT] sent ACK 4614
[CLIENT] sent ACK 4639
[CLIENT] sent ACK 4665
[CLIENT] sent ACK 4690
[CLIENT] sent ACK 4715
[CLIENT] sent ACK 4741
[CLIENT] sent ACK 4766
[CLIENT] sent ACK 4791
[CLIENT] sent ACK 4814
[CLIENT] sent ACK 4839
[CLIENT] sent ACK 4862
[CLIENT] sent ACK 4889
[CLIENT] sent ACK 4915
[CLIENT] sent ACK 4940
[CLIENT] sent ACK 4965
[CLIENT] sent ACK 4985
[CLIENT] sent ACK 5011
[CLIENT] sent ACK 5036
[CLIENT] sent ACK 5060
[CLIENT] sent ACK 5082
[CLIENT] sent ACK 5106
[CLIENT] sent ACK 5132
[CLIENT] sent ACK 5157
[CLIENT] sent ACK 5184
[CLIENT] sent ACK 5207
[CLIENT] sent ACK 5234
[CLIENT] sent ACK 5260
[CLIENT] sent ACK 5284
[CLIENT] sent ACK 5307
[CLIENT] sent ACK 5330
[CLIENT] sent ACK 5356
[CLIENT] sent ACK 5380
[CLIENT] sent ACK 5403
[CLIENT] sent ACK 5431
[CLIENT] sent ACK 5454
[CLIENT] sent ACK 5478
[CLIENT] sent ACK 5502
[CLIENT] sent ACK 5528
[CLIENT] sent ACK 5545
[CLIENT] sent ACK 5570
[CLIENT] sent ACK 5596
[CLIENT] sent ACK 5622
[CLIENT] sent ACK 5648
[CLIENT] sent ACK 5669
[CLIENT] sent ACK 5696
[CLIENT] sent ACK 5721
[CLIENT] sent ACK 5748
[CLIENT] sent ACK 5774
[CLIENT] sent ACK 5800
[CLIENT] sent ACK 5823
[CLIENT] sent ACK 5848
[CLIENT] sent ACK 5875
[CLIENT] sent ACK 5902
[CLIENT] sent ACK 5927
[CLIENT] sent ACK 5951
[CLIENT] sent ACK 5976
[CLIENT] sent ACK 6002
[CLIENT] sent ACK 6028
[CLIENT] sent ACK 6052
[CLIENT] sent ACK 6076
[CLIENT] sent ACK 6102
[CLIENT] sent ACK 6127
[CLIENT] sent ACK 6152
[CLIENT] sent ACK 6176
[CLIENT] sent ACK 6198
[CLIENT] sent ACK 6222
[CLIENT] sent ACK 6246
[CLIENT] sent ACK 6271
[CLIENT] sent ACK 6296
[CLIENT] sent ACK 6321
[CLIENT] sent ACK 6347
[CLIENT] sent ACK 6371
[CLIENT] sent ACK 6395
[CLIENT] sent ACK 6419
[CLIENT] sent ACK 6445
[CLIENT] sent ACK 6469
[CLIENT] sent ACK 6494
[CLIENT] sent ACK 6518
[CLIENT] sent ACK 6544
[CLIENT] sent ACK 6563
[CLIENT] sent ACK 6586
[CLIENT] sent ACK 6610
[CLIENT] sent ACK 6635
[CLIENT] sent ACK 6660
[CLIENT] sent ACK 6685
[CLIENT] sent ACK 6711
[CLIENT] sent ACK 6735
[CLIENT] sent ACK 6759
[CLIENT] sent ACK 6785
[CLIENT] sent ACK 6809
[CLIENT] sent ACK 6835
[CLIENT] sent ACK 6861
[CLIENT] sent ACK 6888
[CLIENT] sent ACK 6914
[CLIENT] sent ACK 6936
[CLIENT] sent ACK 6961
[CLIENT] sent ACK 6989
[CLIENT] sent ACK 7015
[CLIENT] sent ACK 7039
[CLIENT] sent ACK 7064
[CLIENT] sent ACK 7084
[CLIENT] sent ACK 7109
[CLIENT] sent ACK 7135
[CLIENT] sent ACK 7161
[CLIENT] sent ACK 7183
[CLIENT] sent ACK 7209
[CLIENT] sent ACK 7234
[CLIENT] sent ACK 7259
[CLIENT] sent ACK 7285
[CLIENT] sent ACK 7307
[CLIENT] sent ACK 7332
[CLIENT] sent ACK 7359
[CLIENT] sent ACK 7382
[CLIENT] sent ACK 7407
[CLIENT] sent ACK 7429
[CLIENT] sent ACK 7454
[CLIENT] sent ACK 7476
[CLIENT] sent ACK 7488
[CLIENT] sent ACK 7507
[CLIENT] sent ACK 7533
[CLIENT] sent ACK 7560
[CLIENT] sent ACK 7587
[CLIENT] sent ACK 7613
[CLIENT] sent ACK 7638
[CLIENT] sent ACK 7662
[CLIENT] sent ACK 7688
[CLIENT] sent ACK 7712
[CLIENT] sent ACK 7738
[CLIENT] sent ACK 7763
[CLIENT] sent ACK 7787
[CLIENT] sent ACK 7811
[CLIENT] sent ACK 7836
[CLIENT] sent ACK 7860
[CLIENT] sent ACK 7886
[CLIENT] sent ACK 7909
[CLIENT] sent ACK 7935
[CLIENT] sent ACK 7961
[CLIENT] sent ACK 7984
[CLIENT] sent ACK 8009
[CLIENT] sent ACK 8032
[CLIENT] sent ACK 8056
[CLIENT] sent ACK 8080
[CLIENT] sent ACK 8105
[CLIENT] sent ACK 8131
[CLIENT] sent ACK 8155
[CLIENT] sent ACK 8179
[CLIENT] sent ACK 8205
[CLIENT] sent ACK 8230
[CLIENT] sent ACK 8255
[CLIENT] sent ACK 8280
[CLIENT] sent ACK 8305
[CLIENT] sent ACK 8330
[CLIENT] sent ACK 8355
[CLIENT] sent ACK 8380
[CLIENT] sent ACK 8402
[CLIENT] sent ACK 8420
[CLIENT] sent ACK 8443
[CLIENT] sent ACK 8467
[CLIENT] sent ACK 8491
[CLIENT] sent ACK 8519
[CLIENT] sent ACK 8542
[CLIENT] sent ACK 8566
[CLIENT] sent ACK 8590
[CLIENT] sent ACK 8616
[CLIENT] sent ACK 8638
[CLIENT] sent ACK 8664
[CLIENT] sent ACK 8689
[CLIENT] sent ACK 8715
[CLIENT] sent ACK 8739
[CLIENT] sent ACK 8763
[CLIENT] sent ACK 8789
[CLIENT] sent ACK 8814
[CLIENT] sent ACK 8839
[CLIENT] sent ACK 8865
[CLIENT] sent ACK 8886
[CLIENT] sent ACK 8908
[CLIENT] sent ACK 8933
[CLIENT] sent ACK 8961
[CLIENT] sent ACK 8985
[CLIENT] sent ACK 9011
[CLIENT] sent ACK 9036
[CLIENT] sent ACK 9060
[CLIENT] sent ACK 9085
[CLIENT] sent ACK 9109
[CLIENT] sent ACK 9134
[CLIENT] sent ACK 9158
[CLIENT] sent ACK 9181
[CLIENT] sent ACK 9206
[CLIENT] sent ACK 9229
[CLIENT] sent ACK 9255
[CLIENT] sent ACK 9280
[CLIENT] sent ACK 9303
[CLIENT] sent ACK 9327
[CLIENT] sent ACK 9347
[CLIENT] sent ACK 9370
[CLIENT] sent ACK 9394
[CLIENT] sent ACK 9417
[CLIENT] sent ACK 9439
[CLIENT] sent ACK 9464
[CLIENT] sent ACK 9487
[CLIENT] sent ACK 9511
[CLIENT] sent ACK 9536
[CLIENT] sent ACK 9562
[CLIENT] sent ACK 9587
[CLIENT] sent ACK 9611
[CLIENT] sent ACK 9634
[CLIENT] sent ACK 9660
[CLIENT] sent ACK 9686
[CLIENT] sent ACK 9710
[CLIENT] sent ACK 9733
[CLIENT] sent ACK 9758
[CLIENT] sent ACK 9780
[CLIENT] sent ACK 9805
[CLIENT] sent ACK 9829
[CLIENT] sent ACK 9853
[CLIENT] sent ACK 9879
[CLIENT] sent ACK 9902
[CLIENT] sent ACK 9926
[CLIENT] sent ACK 9949
[CLIENT] sent ACK 9973
[CLIENT] sent ACK 9997
[CLIENT] sent ACK 10020
[CLIENT] sent ACK 10045
[CLIENT] sent ACK 10069
[CLIENT] sent ACK 10093
[CLIENT] sent ACK 10119
[CLIENT] sent ACK 10145
[CLIENT] sent ACK 10168
[CLIENT] sent ACK 10193
[CLIENT] sent ACK 10216
[CLIENT] sent ACK 10240
[CLIENT] sent ACK 10263
[CLIENT] sent ACK 10288
[CLIENT] sent ACK 10312
[CLIENT] sent ACK 10335
[CLIENT] sent ACK 10360
[CLIENT] sent ACK 10386
[CLIENT] sent ACK 10408
[CLIENT] sent ACK 10433
[CLIENT] sent ACK 10456
[CLIENT] sent ACK 10480
[CLIENT] sent ACK 10504
[CLIENT] sent ACK 10529
[CLIENT] sent ACK 10554
[CLIENT] sent ACK 10576
[CLIENT] sent ACK 10600
[CLIENT] sent ACK 10625
[CLIENT] sent ACK 10650
[CLIENT] sent ACK 10675
[CLIENT] sent ACK 10699
[CLIENT] sent ACK 10724
[CLIENT] sent ACK 10750
[CLIENT] sent ACK 10775
[CLIENT] sent ACK 10797
[CLIENT] sent ACK 10821
[CLIENT] sent ACK 10845
[CLIENT] sent ACK 10868
[CLIENT] sent ACK 10895
[CLIENT] sent ACK 10919
[CLIENT] sent ACK 10941
[CLIENT] sent ACK 10967
[CLIENT] sent ACK 10990
[CLIENT] sent ACK 11015
[CLIENT] sent ACK 11037
[CLIENT] sent ACK 11060
[CLIENT] sent ACK 11084
[CLIENT] sent ACK 11110
[CLIENT] sent ACK 11133
[CLIENT] sent ACK 11159
[CLIENT] sent ACK 11182
[CLIENT] sent ACK 11206
[CLIENT] sent ACK 11229
[CLIENT] sent ACK 11253
[CLIENT] sent ACK 11278
[CLIENT] sent ACK 11303
[CLIENT] sent ACK 11327
[CLIENT] sent ACK 11353
[CLIENT] sent ACK 11378
[CLIENT] sent ACK 11401
[CLIENT] sent ACK 11424
[CLIENT] sent ACK 11451
[CLIENT] sent ACK 11476
[CLIENT] sent ACK 11502
[CLIENT] sent ACK 11525
[CLIENT] sent ACK 11549
[CLIENT] sent ACK 11574
[CLIENT] sent ACK 11599
[CLIENT] sent ACK 11622
[CLIENT] sent ACK 11645
[CLIENT] sent ACK 11670
[CLIENT] sent ACK 11692
[CLIENT] sent ACK 11716
[CLIENT] sent ACK 11736
[CLIENT] sent ACK 11748
[CLIENT] sent ACK 11768
[CLIENT] sent ACK 11792
[CLIENT] sent ACK 11816
[CLIENT] sent ACK 11841
[CLIENT] sent ACK 11865
[CLIENT] sent ACK 11890
[CLIENT] sent ACK 11911
[CLIENT] sent ACK 11934
[CLIENT] sent ACK 11961
[CLIENT] sent ACK 11985
[CLIENT] sent ACK 12010
[CLIENT] sent ACK 12033
[CLIENT] sent ACK 12059
[CLIENT] sent ACK 12084
[CLIENT] sent ACK 12110
[CLIENT] sent ACK 12132
[CLIENT] sent ACK 12153
[CLIENT] sent ACK 12178
[CLIENT] sent ACK 12205
[CLIENT] sent ACK 12228
[CLIENT] sent ACK 12252
[CLIENT] sent ACK 12277
[CLIENT] sent ACK 12303
[CLIENT] sent ACK 12327
[CLIENT] sent ACK 12349
[CLIENT] sent ACK 12373
[CLIENT] sent ACK 12397
[CLIENT] sent ACK 12423
[CLIENT] sent ACK 12449
[CLIENT] sent ACK 12475
[CLIENT] sent ACK 12498
[CLIENT] sent ACK 12523
[CLIENT] sent ACK 12550
[CLIENT] sent ACK 12575
[CLIENT] sent ACK 12601
[CLIENT] sent ACK 12625
[CLIENT] sent ACK 12650
[CLIENT] sent ACK 12676
[CLIENT] sent ACK 12702
[CLIENT] sent ACK 12718
[CLIENT] sent ACK 12741
[CLIENT] sent ACK 12766
[CLIENT] sent ACK 12790
[CLIENT] sent ACK 12818
[CLIENT] sent ACK 12841
[CLIENT] sent ACK 12867
[CLIENT] sent ACK 12891
[CLIENT] sent ACK 12915
[CLIENT] sent ACK 12942
[CLIENT] sent ACK 12967
[CLIENT] sent ACK 12989
[CLIENT] sent ACK 13016
[CLIENT] sent ACK 13040
[CLIENT] sent ACK 13065
[CLIENT] sent ACK 13091
[CLIENT] sent ACK 13115
[CLIENT] sent ACK 13140
[CLIENT] sent ACK 13165
[CLIENT] sent ACK 13189
[CLIENT] sent ACK 13213
[CLIENT] sent ACK 13233
[CLIENT] sent ACK 13256
[CLIENT] sent ACK 13280
[CLIENT] sent ACK 13305
[CLIENT] sent ACK 13330
[CLIENT] sent ACK 13353
[CLIENT] sent ACK 13373
[CLIENT] sent ACK 13397
[CLIENT] sent ACK 13422
[CLIENT] sent ACK 13445
[CLIENT] sent ACK 13470
[CLIENT] sent ACK 13492
[CLIENT] sent ACK 13516
[CLIENT] sent ACK 13539
[CLIENT] sent ACK 13564
[CLIENT] sent ACK 13589
[CLIENT] sent ACK 13613
[CLIENT] sent ACK 13638
[CLIENT] sent ACK 13661
[CLIENT] sent ACK 13686
[CLIENT] sent ACK 13711
[CLIENT] sent ACK 13736
[CLIENT] sent ACK 13760
[CLIENT] sent ACK 13782
[CLIENT] sent ACK 13805
[CLIENT] sent ACK 13831
[CLIENT] sent ACK 13854
[CLIENT] sent ACK 13879
[CLIENT] sent ACK 13904
[CLIENT] sent ACK 13927
[CLIENT] sent ACK 13952
[CLIENT] sent ACK 13975
[CLIENT] sent ACK 13999
[CLIENT] sent ACK 14022
[CLIENT] sent ACK 14046
[CLIENT] sent ACK 14072
[CLIENT] sent ACK 14098
[CLIENT] sent ACK 14122
[CLIENT] sent ACK 14145
[CLIENT] sent ACK 14169
[CLIENT] sent ACK 14194
[CLIENT] sent ACK 14218
[CLIENT] sent ACK 14243
[CLIENT] sent ACK 14267
[CLIENT] sent ACK 14291
[CLIENT] sent ACK 14314
[CLIENT] sent ACK 14336
[CLIENT] sent ACK 14360
[CLIENT] sent ACK 14386
[CLIENT] sent ACK 14409
[CLIENT] sent ACK 14432
[CLIENT] sent ACK 14455
[CLIENT] sent ACK 14480
[CLIENT] sent ACK 14505
[CLIENT] sent ACK 14529
[CLIENT] sent ACK 14553
[CLIENT] sent ACK 14576
[CLIENT] sent ACK 14601
[CLIENT] sent ACK 14626
[CLIENT] sent ACK 14651
[CLIENT] sent ACK 14677
[CLIENT] sent ACK 14700
[CLIENT] sent ACK 14723
[CLIENT] sent ACK 14748
[CLIENT] sent ACK 14771
[CLIENT] sent ACK 14795
[CLIENT] sent ACK 14819
[CLIENT] sent ACK 14843
[CLIENT] sent ACK 14868
[CLIENT] sent ACK 14893
[CLIENT] sent ACK 14918
[CLIENT] sent ACK 14937
[CLIENT] sent ACK 14961
[CLIENT] sent ACK 14987
[CLIENT] sent ACK 15013
[CLIENT] sent ACK 15039
[CLIENT] sent ACK 15062
[CLIENT] sent ACK 15086
[CLIENT] sent ACK 15110
[CLIENT] sent ACK 15136
[CLIENT] sent ACK 15159
[CLIENT] sent ACK 15182
[CLIENT] sent ACK 15207
[CLIENT] sent ACK 15231
[CLIENT] sent ACK 15257
[CLIENT] sent ACK 15282
[CLIENT] sent ACK 15307
[CLIENT] sent ACK 15328
[CLIENT] sent ACK 15351
[CLIENT] sent ACK 15377
[CLIENT] sent ACK 15401
[CLIENT] sent ACK 15424
[CLIENT] sent ACK 15448
[CLIENT] sent ACK 15470
[CLIENT] sent ACK 15495
[CLIENT] sent ACK 15520
[CLIENT] sent ACK 15542
[CLIENT] sent ACK 15563
[CLIENT] sent ACK 15587
[CLIENT] sent ACK 15611
[CLIENT] sent ACK 15635
[CLIENT] sent ACK 15660
[CLIENT] sent ACK 15683
[CLIENT] sent ACK 15710
[CLIENT] sent ACK 15734
[CLIENT] sent ACK 15762
[CLIENT] sent ACK 15787
[CLIENT] sent ACK 15812
[CLIENT] sent ACK 15838
[CLIENT] sent ACK 15863
[CLIENT] sent ACK 15888
[CLIENT] sent ACK 15913
[CLIENT] sent ACK 15934
[CLIENT] sent ACK 15949
[CLIENT] sent ACK 15965
[CLIENT] sent ACK 15988
[CLIENT] sent ACK 16012
[CLIENT] sent ACK 16037
[CLIENT] sent ACK 16062
[CLIENT] sent ACK 16090
[CLIENT] sent ACK 16115
[CLIENT] sent ACK 16139
[CLIENT] sent ACK 16163
[CLIENT] sent ACK 16187
[CLIENT] sent ACK 16213
[CLIENT] sent ACK 16238
[CLIENT] sent ACK 16261
[CLIENT] sent ACK 16285
[CLIENT] sent ACK 16312
[CLIENT] sent ACK 16337
[CLIENT] sent ACK 16361
[CLIENT] sent ACK 16385
[CLIENT] sent ACK 16410
[CLIENT] sent ACK 16437
[CLIENT] sent ACK 16463
[CLIENT] sent ACK 16487
[CLIENT] sent ACK 16512
[CLIENT] sent ACK 16538
[CLIENT] sent ACK 16562
[CLIENT] sent ACK 16587
[CLIENT] sent ACK 16612
[CLIENT] sent ACK 16635
[CLIENT] sent ACK 16660
[CLIENT] sent ACK 16686
[CLIENT] sent ACK 16709
[CLIENT] sent ACK 16735
[CLIENT] sent ACK 16759
[CLIENT] sent ACK 16784
[CLIENT] sent ACK 16808
[CLIENT] sent ACK 16831
[CLIENT] sent ACK 16856
[CLIENT] sent ACK 16879
[CLIENT] sent ACK 16903
[CLIENT] sent ACK 16928
[CLIENT] sent ACK 16952
[CLIENT] sent ACK 16975
[CLIENT] sent ACK 16992
[CLIENT] sent ACK 17014
[CLIENT] sent ACK 17040
[CLIENT] sent ACK 17066
[CLIENT] sent ACK 17091
[CLIENT] sent ACK 17115
[CLIENT] sent ACK 17140
[CLIENT] sent ACK 17167
[CLIENT] sent ACK 17192
[CLIENT] sent ACK 17217
[CLIENT] sent ACK 17242
[CLIENT] sent ACK 17266
[CLIENT] sent ACK 17291
[CLIENT] sent ACK 17317
[CLIENT] sent ACK 17342
[CLIENT] sent ACK 17365
[CLIENT] sent ACK 17390
[CLIENT] sent ACK 17414
[CLIENT] sent ACK 17438
[CLIENT] sent ACK 17462
[CLIENT] sent ACK 17487
[CLIENT] sent ACK 17507
[CLIENT] sent ACK 17534
[CLIENT] sent ACK 17559
[CLIENT] sent ACK 17584
[CLIENT] sent ACK 17606
[CLIENT] sent ACK 17630
[CLIENT] sent ACK 17654
[CLIENT] sent ACK 17679
[CLIENT] sent ACK 17704
[CLIENT] sent ACK 17729
[CLIENT] sent ACK 17750
[CLIENT] sent ACK 17773
[CLIENT] sent ACK 17798
[CLIENT] sent ACK 17822
[CLIENT] sent ACK 17846
[CLIENT] sent ACK 17871
[CLIENT] sent ACK 17896
[CLIENT] sent ACK 17923
[CLIENT] sent ACK 17947
[CLIENT] sent ACK 17971
[CLIENT] sent ACK 17995
[CLIENT] sent ACK 18015
[CLIENT] sent ACK 18035
[CLIENT] sent ACK 18059
[CLIENT] sent ACK 18085
[CLIENT] sent ACK 18110
[CLIENT] sent ACK 18135
[CLIENT] sent ACK 18160
[CLIENT] sent ACK 18184
[CLIENT] sent ACK 18208
[CLIENT] sent ACK 18232
[CLIENT] sent ACK 18257
[CLIENT] sent ACK 18282
[CLIENT] sent ACK 18305
[CLIENT] sent ACK 18332
[CLIENT] sent ACK 18358
[CLIENT] sent ACK 18380
[CLIENT] sent ACK 18405
[CLIENT] sent ACK 18429
[CLIENT] sent ACK 18455
[CLIENT] sent ACK 18480
[CLIENT] sent ACK 18505
[CLIENT] sent ACK 18527
[CLIENT] sent ACK 18551
[CLIENT] sent ACK 18573
[CLIENT] sent ACK 18600
[CLIENT] sent ACK 18624
[CLIENT] sent ACK 18649
[CLIENT] sent ACK 18675
[CLIENT] sent ACK 18700
[CLIENT] sent ACK 18723
[CLIENT] sent ACK 18749
[CLIENT] sent ACK 18775
[CLIENT] sent ACK 18800
[CLIENT] sent ACK 18823
[CLIENT] sent ACK 18846
[CLIENT] sent ACK 18870
[CLIENT] sent ACK 18893
[CLIENT] sent ACK 18917
[CLIENT] sent ACK 18941
[CLIENT] sent ACK 18966
[CLIENT] sent ACK 18988
[CLIENT] sent ACK 19010
[CLIENT] sent ACK 19032
[CLIENT] sent ACK 19043
[CLIENT] sent ACK 19060
[CLIENT] sent ACK 19082
[CLIENT] sent ACK 19105
[CLIENT] sent ACK 19130
[CLIENT] sent ACK 19153
[CLIENT] sent ACK 19178
[CLIENT] sent ACK 19202
[CLIENT] sent ACK 19225
[CLIENT] sent ACK 19251
[CLIENT] sent ACK 19275
[CLIENT] sent ACK 19298
[CLIENT] sent ACK 19321
[CLIENT] sent ACK 19346
[CLIENT] sent ACK 19369
[CLIENT] sent ACK 19392
[CLIENT] sent ACK 19414
[CLIENT] sent ACK 19440
[CLIENT] sent ACK 19464
[CLIENT] sent ACK 19491
[CLIENT] sent ACK 19516
[CLIENT] sent ACK 19540
[CLIENT] sent ACK 19565
[CLIENT] sent ACK 19589
[CLIENT] sent ACK 19615
[CLIENT] sent ACK 19640
[CLIENT] sent ACK 19661
[CLIENT] sent ACK 19686
[CLIENT] sent ACK 19711
[CLIENT] sent ACK 19737
[CLIENT] sent ACK 19758
[CLIENT] sent ACK 19781
[CLIENT] sent ACK 19804
[CLIENT] sent ACK 19829
[CLIENT] sent ACK 19853
[CLIENT] sent ACK 19879
[CLIENT] sent ACK 19902
[CLIENT] sent ACK 19923
[CLIENT] sent ACK 19950
[CLIENT] sent ACK 19974
[CLIENT] sent ACK 20000
[CLIENT] sent ACK 20024
[CLIENT] sent ACK 20049
[CLIENT] sent ACK 20073
[CLIENT] sent ACK 20096
[CLIENT] sent ACK 20119
[CLIENT] sent ACK 20143
[CLIENT] sent ACK 20167
[CLIENT] sent ACK 20191
[CLIENT] sent ACK 20216
[CLIENT] sent ACK 20241
[CLIENT] sent ACK 20264
[CLIENT] sent ACK 20287
[CLIENT] sent ACK 20312
[CLIENT] sent ACK 20335
[CLIENT] sent ACK 20359
[CLIENT] sent ACK 20385
[CLIENT] sent ACK 20411
[CLIENT] sent ACK 20436
[CLIENT] sent ACK 20463
[CLIENT] sent ACK 20487
[CLIENT] sent ACK 20512
[CLIENT] sent ACK 20537
[CLIENT] sent ACK 20561
[CLIENT] sent ACK 20576
[CLIENT] sent ACK 20597
[CLIENT] sent ACK 20621
[CLIENT] sent ACK 20646
[CLIENT] sent ACK 20672
[CLIENT] sent ACK 20697
[CLIENT] sent ACK 20721
[CLIENT] sent ACK 20746
[CLIENT] sent ACK 20772
[CLIENT] sent ACK 20797
[CLIENT] sent ACK 20823
[CLIENT] sent ACK 20845
[CLIENT] sent ACK 20867
[CLIENT] sent ACK 20892
[CLIENT] sent ACK 20918
[CLIENT] sent ACK 20940
[CLIENT] sent ACK 20964
[CLIENT] sent ACK 20990
[CLIENT] sent ACK 21013
[CLIENT] sent ACK 21037
[CLIENT] sent ACK 21061
[CLIENT] sent ACK 21086
[CLIENT] sent ACK 21109
[CLIENT] sent ACK 21130
[CLIENT] sent ACK 21153
[CLIENT] sent ACK 21177
[CLIENT] sent ACK 21201
[CLIENT] sent ACK 21224
[CLIENT] sent ACK 21250
[CLIENT] sent ACK 21275
[CLIENT] sent ACK 21300
[CLIENT] sent ACK 21324
[CLIENT] sent ACK 21347
[CLIENT] sent ACK 21372
[CLIENT] sent ACK 21397
[CLIENT] sent ACK 21420
[CLIENT] sent ACK 21444
[CLIENT] sent ACK 21469
[CLIENT] sent ACK 21494
[CLIENT] sent ACK 21520
[CLIENT] sent ACK 21544
[CLIENT] sent ACK 21571
[CLIENT] sent ACK 21591
[CLIENT] sent ACK 21614
[CLIENT] sent ACK 21638
[CLIENT] sent ACK 21661
[CLIENT] sent ACK 21685
[CLIENT] sent ACK 21708
[CLIENT] sent ACK 21732
[CLIENT] sent ACK 21756
[CLIENT] sent ACK 21779
[CLIENT] sent ACK 21804
[CLIENT] sent ACK 21827
[CLIENT] sent ACK 21850
[CLIENT] sent ACK 21875
[CLIENT] sent ACK 21901
[CLIENT] sent ACK 21926
[CLIENT] sent ACK 21951
[CLIENT] sent ACK 21976
[CLIENT] sent ACK 22000
[CLIENT] sent ACK 22023
[CLIENT] sent ACK 22048
[CLIENT] sent ACK 22070
[CLIENT] sent ACK 22093
[CLIENT] sent ACK 22114
[CLIENT] sent ACK 22136
[CLIENT] sent ACK 22162
[CLIENT] sent ACK 22186
[CLIENT] sent ACK 22209
[CLIENT] sent ACK 22233
[CLIENT] sent ACK 22259
[CLIENT] sent ACK 22283
[CLIENT] sent ACK 22307
[CLIENT] sent ACK 22331
[CLIENT] sent ACK 22354
[CLIENT] sent ACK 22378
[CLIENT] sent ACK 22402
[CLIENT] sent ACK 22428
[CLIENT] sent ACK 22455
[CLIENT] sent ACK 22474
[CLIENT] sent ACK 22488
[CLIENT] sent ACK 22512
[CLIENT] sent ACK 22536
[CLIENT] sent ACK 22561
[CLIENT] sent ACK 22586
[CLIENT] sent ACK 22610
[CLIENT] sent ACK 22634
[CLIENT] sent ACK 22658
[CLIENT] sent ACK 22683
[CLIENT] sent ACK 22708
[CLIENT] sent ACK 22732
[CLIENT] sent ACK 22758
[CLIENT] sent ACK 22783
[CLIENT] sent ACK 22806
[CLIENT] sent ACK 22831
[CLIENT] sent ACK 22856
[CLIENT] sent ACK 22879
[CLIENT] sent ACK 22905
[CLIENT] sent ACK 22930
[CLIENT] sent ACK 22954
[CLIENT] sent ACK 22977
[CLIENT] sent ACK 23001
[CLIENT] sent ACK 23027
[CLIENT] sent ACK 23053
[CLIENT] sent ACK 23079
[CLIENT] sent ACK 23103
[CLIENT] sent ACK 23129
[CLIENT] sent ACK 23154
[CLIENT] sent ACK 23180
[CLIENT] sent ACK 23203
[CLIENT] sent ACK 23227
[CLIENT] sent ACK 23254
[CLIENT] sent ACK 23279
[CLIENT] sent ACK 23305
[CLIENT] sent ACK 23329
[CLIENT] sent ACK 23354
[CLIENT] sent ACK 23375
[CLIENT] sent ACK 23392
[CLIENT] sent ACK 23417
[CLIENT] sent ACK 23442
[CLIENT] sent ACK 23463
[CLIENT] sent ACK 23485
[CLIENT] sent ACK 23509
[CLIENT] sent ACK 23536
[CLIENT] sent ACK 23559
[CLIENT] sent ACK 23582
[CLIENT] sent ACK 23603
[CLIENT] sent ACK 23627
[CLIENT] sent ACK 23651
[CLIENT] sent ACK 23677
[CLIENT] sent ACK 23701
[CLIENT] sent ACK 23725
[CLIENT] sent ACK 23751
[CLIENT] sent ACK 23775
[CLIENT] sent ACK 23800
[CLIENT] sent ACK 23826
[CLIENT] sent ACK 23849
[CLIENT] sent ACK 23873
[CLIENT] sent ACK 23899
[CLIENT] sent ACK 23924
[CLIENT] sent ACK 23948
[CLIENT] sent ACK 23973
[CLIENT] sent ACK 23997
[CLIENT] sent ACK 24019
[CLIENT] sent ACK 24045
[CLIENT] sent ACK 24069
[CLIENT] sent ACK 24094
[CLIENT] sent ACK 24118
[CLIENT] sent ACK 24142
[CLIENT] sent ACK 24167
[CLIENT] sent ACK 24191
[CLIENT] sent ACK 24216
[CLIENT] sent ACK 24242
[CLIENT] sent ACK 24268
[CLIENT] sent ACK 24289
[CLIENT] sent ACK 24314
[CLIENT] sent ACK 24338
[CLIENT] sent ACK 24363
[CLIENT] sent ACK 24388
[CLIENT] sent ACK 24414
[CLIENT] sent ACK 24438
[CLIENT] sent ACK 24464
[CLIENT] sent ACK 24488
[CLIENT] sent ACK 24512
[CLIENT] sent ACK 24538
[CLIENT] sent ACK 24565
[CLIENT] sent ACK 24591
[CLIENT] sent ACK 24618
[CLIENT] sent ACK 24644
[CLIENT] sent ACK 24668
[CLIENT] sent ACK 24694
[CLIENT] sent ACK 24719
[CLIENT] sent ACK 24741
[CLIENT] sent ACK 24766
[CLIENT] sent ACK 24793
[CLIENT] sent ACK 24817
[CLIENT] sent ACK 24841
[CLIENT] sent ACK 24863
[CLIENT] sent ACK 24888
[CLIENT] sent ACK 24914
[CLIENT] sent ACK 24941
[CLIENT] sent ACK 24967
[CLIENT] sent ACK 24992
[CLIENT] sent ACK 25018
[CLIENT] sent ACK 25041
[CLIENT] sent ACK 25065
[CLIENT] sent ACK 25092
[CLIENT] sent ACK 25116
[CLIENT] sent ACK 25141
[CLIENT] sent ACK 25165
[CLIENT] sent ACK 25189
[CLIENT] sent ACK 25214
[CLIENT] sent ACK 25239
[CLIENT] sent ACK 25259
[CLIENT] sent ACK 25270
[CLIENT] sent ACK 25292
[CLIENT] sent ACK 25319
[CLIENT] sent ACK 25344
[CLIENT] sent ACK 25369
[CLIENT] sent ACK 25396
[CLIENT] sent ACK 25419
[CLIENT] sent ACK 25443
[CLIENT] sent ACK 25469
[CLIENT] sent ACK 25493
[CLIENT] sent ACK 25518
[CLIENT] sent ACK 25543
[CLIENT] sent ACK 25568
[CLIENT] sent ACK 25594
[CLIENT] sent ACK 25619
[CLIENT] sent ACK 25645
[CLIENT] sent ACK 25670
[CLIENT] sent ACK 25695
[CLIENT] sent ACK 25720
[CLIENT] sent ACK 25746
[CLIENT] sent ACK 25769
[CLIENT] sent ACK 25794
[CLIENT] sent ACK 25818
[CLIENT] sent ACK 25844
[CLIENT] sent ACK 25869
[CLIENT] sent ACK 25893
[CLIENT] sent ACK 25919
[CLIENT] sent ACK 25944
[CLIENT] sent ACK 25971
[CLIENT] sent ACK 25996
[CLIENT] sent ACK 26019
[CLIENT] sent ACK 26045
[CLIENT] sent ACK 26070
[CLIENT] sent ACK 26095
[CLIENT] sent ACK 26120
[CLIENT] sent ACK 26144
[CLIENT] sent ACK 26169
[CLIENT] sent ACK 26195
[CLIENT] sent ACK 26221
[CLIENT] sent ACK 26246
[CLIENT] sent ACK 26272
[CLIENT] sent ACK 26296
[CLIENT] sent ACK 26320
[CLIENT] sent ACK 26344
[CLIENT] sent ACK 26368
[CLIENT] sent ACK 26391
[CLIENT] sent ACK 26416
[CLIENT] sent ACK 26442
[CLIENT] sent ACK 26468
[CLIENT] sent ACK 26491
[CLIENT] sent ACK 26514
[CLIENT] sent ACK 26539
[CLIENT] sent ACK 26565
[CLIENT] sent ACK 26589
[CLIENT] sent ACK 26613
[CLIENT] sent ACK 26638
[CLIENT] sent ACK 26661
[CLIENT] sent ACK 26686
[CLIENT] sent ACK 26711
[CLIENT] sent ACK 26738
[CLIENT] sent ACK 26762
[CLIENT] sent ACK 26788
[CLIENT] sent ACK 26813
[CLIENT] sent ACK 26839
[CLIENT] sent ACK 26861
[CLIENT] sent ACK 26887
[CLIENT] sent ACK 26913
[CLIENT] sent ACK 26940
[CLIENT] sent ACK 26968
[CLIENT] sent ACK 26993
[CLIENT] sent ACK 27017
[CLIENT] sent ACK 27043
[CLIENT] sent ACK 27069
[CLIENT] sent ACK 27095
[CLIENT] sent ACK 27120
[CLIENT] sent ACK 27143
[CLIENT] sent ACK 27169
[CLIENT] sent ACK 27194
[CLIENT] sent ACK 27219
[CLIENT] sent ACK 27244
[CLIENT] sent ACK 27269
[CLIENT] sent ACK 27293
[CLIENT] sent ACK 27319
[CLIENT] sent ACK 27344
[CLIENT] sent ACK 27368
[CLIENT] sent ACK 27391
[CLIENT] sent ACK 27415
[CLIENT] sent ACK 27441
[CLIENT] sent ACK 27466
[CLIENT] sent ACK 27490
[CLIENT] sent ACK 27514
[CLIENT] sent ACK 27540
[CLIENT] sent ACK 27563
[CLIENT] sent ACK 27588
[CLIENT] sent ACK 27610
[CLIENT] sent ACK 27633
[CLIENT] sent ACK 27657
[CLIENT] sent ACK 27682
[CLIENT] sent ACK 27706
[CLIENT] sent ACK 27731
[CLIENT] sent ACK 27756
[CLIENT] sent ACK 27781
[CLIENT] sent ACK 27807
[CLIENT] sent ACK 27831
[CLIENT] sent ACK 27856
[CLIENT] sent ACK 27876
[CLIENT] sent ACK 27900
[CLIENT] sent ACK 27924
[CLIENT] sent ACK 27947
[CLIENT] sent ACK 27972
[CLIENT] sent ACK 27997
[CLIENT] sent ACK 28021
[CLIENT] sent ACK 28045
[CLIENT] sent ACK 28071
[CLIENT] sent ACK 28095
[CLIENT] sent ACK 28118
[CLIENT] sent ACK 28141
[CLIENT] sent ACK 28166
[CLIENT] sent ACK 28191
[CLIENT] sent ACK 28215
[CLIENT] sent ACK 28239
[CLIENT] sent ACK 28255
[CLIENT] sent ACK 28280
[CLIENT] sent ACK 28304
[CLIENT] sent ACK 28330
[CLIENT] sent ACK 28356
[CLIENT] sent ACK 28381
[CLIENT] sent ACK 28407
[CLIENT] sent ACK 28431
[CLIENT] sent ACK 28454
[CLIENT] sent ACK 28479
[CLIENT] sent ACK 28503
[CLIENT] sent ACK 28529
[CLIENT] sent ACK 28553
[CLIENT] sent ACK 28576
[CLIENT] sent ACK 28600
[CLIENT] sent ACK 28623
[CLIENT] sent ACK 28648
[CLIENT] sent ACK 28672
[CLIENT] sent ACK 28694
[CLIENT] sent ACK 28718
[CLIENT] sent ACK 28743
[CLIENT] sent ACK 28768
[CLIENT] sent ACK 28792
[CLIENT] sent ACK 28813
[CLIENT] sent ACK 28838
[CLIENT] sent ACK 28864
[CLIENT] sent ACK 28887
[CLIENT] sent ACK 28912
[CLIENT] sent ACK 28935
[CLIENT] sent ACK 28961
[CLIENT] sent ACK 28984
[CLIENT] sent ACK 29008
[CLIENT] sent ACK 29032
[CLIENT] sent ACK 29055
[CLIENT] sent ACK 29080
[CLIENT] sent ACK 29105
[CLIENT] sent ACK 29130
[CLIENT] sent ACK 29153
[CLIENT] sent ACK 29177
[CLIENT] sent ACK 29201
[CLIENT] sent ACK 29221
[CLIENT] sent ACK 29244
[CLIENT] sent ACK 29270
[CLIENT] sent ACK 29294
[CLIENT] sent ACK 29317
[CLIENT] sent ACK 29341
[CLIENT] sent ACK 29364
[CLIENT] sent ACK 29389
[CLIENT] sent ACK 29412
[CLIENT] sent ACK 29435
[CLIENT] sent ACK 29459
[CLIENT] sent ACK 29482
[CLIENT] sent ACK 29506
[CLIENT] sent ACK 29530
[CLIENT] sent ACK 29554
[CLIENT] sent ACK 29579
[CLIENT] sent ACK 29605
[CLIENT] sent ACK 29630
[CLIENT] sent ACK 29654
[CLIENT] sent ACK 29676
[CLIENT] sent ACK 29700
[CLIENT] sent ACK 29726
[CLIENT] sent ACK 29750
[CLIENT] sent ACK 29775
[CLIENT] sent ACK 29801
[CLIENT] sent ACK 29825
[CLIENT] sent ACK 29849
[CLIENT] sent ACK 29874
[CLIENT] sent ACK 29897
[CLIENT] sent ACK 29920
[CLIENT] sent ACK 29942
[CLIENT] sent ACK 29966
[CLIENT] sent ACK 29990
[CLIENT] sent ACK 30013
[CLIENT] sent ACK 30038
[CLIENT] sent ACK 30061
[CLIENT] sent ACK 30088
[CLIENT] sent ACK 30111
[CLIENT] sent ACK 30125
[CLIENT] sent ACK 30142
[CLIENT] sent ACK 30167
[CLIENT] sent ACK 30193
[CLIENT] sent ACK 30218
[CLIENT] sent ACK 30241
[CLIENT] sent ACK 30264
[CLIENT] sent ACK 30289
[CLIENT] sent ACK 30315
[CLIENT] sent ACK 30340
[CLIENT] sent ACK 30365
[CLIENT] sent ACK 30390
[CLIENT] sent ACK 30416
[CLIENT] sent ACK 30440
[CLIENT] sent ACK 30466
[CLIENT] sent ACK 30491
[CLIENT] sent ACK 30515
[CLIENT] sent ACK 30539
[CLIENT] sent ACK 30566
[CLIENT] sent ACK 30590
[CLIENT] sent ACK 30613
[CLIENT] sent ACK 30636
[CLIENT] sent ACK 30657
[CLIENT] sent ACK 30681
[CLIENT] sent ACK 30707
[CLIENT] sent ACK 30731
[CLIENT] sent ACK 30755
[CLIENT] sent ACK 30781
[CLIENT] sent ACK 30803
[CLIENT] sent ACK 30829
[CLIENT] sent ACK 30852
[CLIENT] sent ACK 30876
[CLIENT] sent ACK 30898
[CLIENT] sent ACK 30919
[CLIENT] sent ACK 30943
[CLIENT] sent ACK 30966
[CLIENT] sent ACK 30987
[CLIENT] sent ACK 31012
[CLIENT] sent ACK 31037
[CLIENT] sent ACK 31054
[CLIENT] sent ACK 31078
[CLIENT] sent ACK 31102
[CLIENT] sent ACK 31123
[CLIENT] sent ACK 31146
[CLIENT] sent ACK 31169
[CLIENT] sent ACK 31192
[CLIENT] sent ACK 31214
[CLIENT] sent ACK 31236
[CLIENT] sent ACK 31259
[CLIENT] sent ACK 31284
[CLIENT] sent ACK 31306
[CLIENT] sent ACK 31329
[CLIENT] sent ACK 31352
[CLIENT] sent ACK 31377
[CLIENT] sent ACK 31400
[CLIENT] sent ACK 31425
[CLIENT] sent ACK 31449
[CLIENT] sent ACK 31472
[CLIENT] sent ACK 31495
[CLIENT] sent ACK 31521
[CLIENT] sent ACK 31546
[CLIENT] sent ACK 31568
[CLIENT] sent ACK 31592
[CLIENT] sent ACK 31617
[CLIENT] sent ACK 31643
[CLIENT] sent ACK 31669
[CLIENT] sent ACK 31695
[CLIENT] sent ACK 31719
[CLIENT] sent ACK 31745
[CLIENT] sent ACK 31770
[CLIENT] sent ACK 31792
[CLIENT] sent ACK 31817
[CLIENT] sent ACK 31839
[CLIENT] sent ACK 31862
[CLIENT] sent ACK 31887
[CLIENT] sent ACK 31911
[CLIENT] sent ACK 31934
[CLIENT] sent ACK 31958
[CLIENT] sent ACK 31977
[CLIENT] sent ACK 31998
[CLIENT] sent ACK 32020
[CLIENT] sent ACK 32044
[CLIENT] sent ACK 32068
[CLIENT] sent ACK 32093
[CLIENT] sent ACK 32118
[CLIENT] sent ACK 32141
[CLIENT] sent ACK 32165
[CLIENT] sent ACK 32190
[CLIENT] sent ACK 32216
[CLIENT] sent ACK 32240
[CLIENT] sent ACK 32265
[CLIENT] sent ACK 32291
[CLIENT] sent ACK 32316
[CLIENT] sent ACK 32341
[CLIENT] sent ACK 32366
[CLIENT] sent ACK 32389
[CLIENT] sent ACK 32413
[CLIENT] sent ACK 32436
[CLIENT] sent ACK 32461
[CLIENT] sent ACK 32485
[CLIENT] sent ACK 32510
[CLIENT] sent ACK 32531
[CLIENT] sent ACK 32554
[CLIENT] sent ACK 32578
[CLIENT] sent ACK 32601
[CLIENT] sent ACK 32624
[CLIENT] sent ACK 32648
[CLIENT] sent ACK 32674
[CLIENT] sent ACK 32698
[CLIENT] sent ACK 32722
[CLIENT] sent ACK 32746
[CLIENT] sent ACK 32769
[CLIENT] sent ACK 32792
[CLIENT] sent ACK 32816
[CLIENT] sent ACK 32839
[CLIENT] sent ACK 32856
[CLIENT] sent ACK 32869
[CLIENT] sent ACK 32892
[CLIENT] sent ACK 32915
[CLIENT] sent ACK 32940
[CLIENT] sent ACK 32964
[CLIENT] sent ACK 32991
[CLIENT] sent ACK 33013
[CLIENT] sent ACK 33039
[CLIENT] sent ACK 33064
[CLIENT] sent ACK 33090
[CLIENT] sent ACK 33112
[CLIENT] sent ACK 33137
[CLIENT] sent ACK 33161
[CLIENT] sent ACK 33186
[CLIENT] sent ACK 33210
[CLIENT] sent ACK 33235
[CLIENT] sent ACK 33258
[CLIENT] sent ACK 33282
[CLIENT] sent ACK 33305
[CLIENT] sent ACK 33330
[CLIENT] sent ACK 33354
[CLIENT] sent ACK 33379
[CLIENT] sent ACK 33405
[CLIENT] sent ACK 33430
[CLIENT] sent ACK 33454
[CLIENT] sent ACK 33478
[CLIENT] sent ACK 33503
[CLIENT] sent ACK 33525
[CLIENT] sent ACK 33551
[CLIENT] sent ACK 33573
[CLIENT] sent ACK 33595
[CLIENT] sent ACK 33620
[CLIENT] sent ACK 33644
[CLIENT] sent ACK 33669
[CLIENT] sent ACK 33694
[CLIENT] sent ACK 33717
[CLIENT] sent ACK 33739
[CLIENT] sent ACK 33763
[CLIENT] sent ACK 33787
[CLIENT] sent ACK 33813
[CLIENT] sent ACK 33838
[CLIENT] sent ACK 33860
[CLIENT] sent ACK 33883
[CLIENT] sent ACK 33909
[CLIENT] sent ACK 33932
[CLIENT] sent ACK 33956
[CLIENT] sent ACK 33979
[CLIENT] sent ACK 34002
[CLIENT] sent ACK 34028
[CLIENT] sent ACK 34052
[CLIENT] sent ACK 34076
[CLIENT] sent ACK 34101
[CLIENT] sent ACK 34126
[CLIENT] sent ACK 34151
[CLIENT] sent ACK 34175
[CLIENT] sent ACK 34201
[CLIENT] sent ACK 34225
[CLIENT] sent ACK 34249
[CLIENT] sent ACK 34275
[CLIENT] sent ACK 34296
[CLIENT] sent ACK 34319
[CLIENT] sent ACK 34342
[CLIENT] sent ACK 34365
[CLIENT] sent ACK 34391
[CLIENT] sent ACK 34414
[CLIENT] sent ACK 34437
[CLIENT] sent ACK 34460
[CLIENT] sent ACK 34483
[CLIENT] sent ACK 34507
[CLIENT] sent ACK 34532
[CLIENT] sent ACK 34556
[CLIENT] sent ACK 34579
[CLIENT] sent ACK 34604
[CLIENT] sent ACK 34629
[CLIENT] sent ACK 34655
[CLIENT] sent ACK 34680
[CLIENT] sent ACK 34704
[CLIENT] sent ACK 34727
[CLIENT] sent ACK 34752
[CLIENT] sent ACK 34777
[CLIENT] sent ACK 34802
[CLIENT] sent ACK 34827
[CLIENT] sent ACK 34851
[CLIENT] sent ACK 34877
[CLIENT] sent ACK 34898
[CLIENT] sent ACK 34923
[CLIENT] sent ACK 34948
[CLIENT] sent ACK 34972
[CLIENT] sent ACK 34996
[CLIENT] sent ACK 35021
[CLIENT] sent ACK 35045
[CLIENT] sent ACK 35070
[CLIENT] sent ACK 35095
[CLIENT] sent ACK 35120
[CLIENT] sent ACK 35144
[CLIENT] sent ACK 35168
[CLIENT] sent ACK 35192
[CLIENT] sent ACK 35213
[CLIENT] sent ACK 35237
[CLIENT] sent ACK 35260
[CLIENT] sent ACK 35282
[CLIENT] sent ACK 35305
[CLIENT] sent ACK 35329
[CLIENT] sent ACK 35353
[CLIENT] sent ACK 35379
[CLIENT] sent ACK 35404
[CLIENT] sent ACK 35426
[CLIENT] sent ACK 35449
[CLIENT] sent ACK 35475
[CLIENT] sent ACK 35501
[CLIENT] sent ACK 35525
[CLIENT] sent ACK 35549
[CLIENT] sent ACK 35575
[CLIENT] sent ACK 35601
[CLIENT] sent ACK 35629
[CLIENT] sent ACK 35652
[CLIENT] sent ACK 35674
[CLIENT] sent ACK 35700
[CLIENT] sent ACK 35725
[CLIENT] sent ACK 35749
[CLIENT] sent ACK 35773
[CLIENT] sent ACK 35797
[CLIENT] sent ACK 35823
[CLIENT] sent ACK 35847
[CLIENT] sent ACK 35870
[CLIENT] sent ACK 35893
[CLIENT] sent ACK 35917
[CLIENT] sent ACK 35942
[CLIENT] sent ACK 35968
[CLIENT] sent ACK 35993
[CLIENT] sent ACK 36016
[CLIENT] sent ACK 36041
[CLIENT] sent ACK 36067
[CLIENT] sent ACK 36092
[CLIENT] sent ACK 36116
[CLIENT] sent ACK 36141
[CLIENT] sent ACK 36162
[CLIENT] sent ACK 36185
[CLIENT] sent ACK 36207
[CLIENT] sent ACK 36232
[CLIENT] sent ACK 36257
[CLIENT] sent ACK 36281
[CLIENT] sent ACK 36308
[CLIENT] sent ACK 36330
[CLIENT] sent ACK 36356
[CLIENT] sent ACK 36379
[CLIENT] sent ACK 36402
[CLIENT] sent ACK 36426
[CLIENT] sent ACK 36450
[CLIENT] sent ACK 36474
[CLIENT] sent ACK 36498
[CLIENT] sent ACK 36522
[CLIENT] sent ACK 36545
[CLIENT] sent ACK 36570
[CLIENT] sent ACK 36596
[CLIENT] sent ACK 36623
[CLIENT] sent ACK 36646
[CLIENT] sent ACK 36670
[CLIENT] sent ACK 36696
[CLIENT] sent ACK 36718
[CLIENT] sent ACK 36740
[CLIENT] sent ACK 36761
[CLIENT] sent ACK 36786
[CLIENT] sent ACK 36812
[CLIENT] sent ACK 36837
[CLIENT] sent ACK 36861
[CLIENT] sent ACK 36883
[CLIENT] sent ACK 36906
[CLIENT] sent ACK 36930
[CLIENT] sent ACK 36954
[CLIENT] sent ACK 36977
[CLIENT] sent ACK 36998
[CLIENT] sent ACK 37021
[CLIENT] sent ACK 37045
[CLIENT] sent ACK 37071
[CLIENT] sent ACK 37095
[CLIENT] sent ACK 37119
[CLIENT] sent ACK 37143
[CLIENT] sent ACK 37167
[CLIENT] sent ACK 37191
[CLIENT] sent ACK 37214
[CLIENT] sent ACK 37233
[CLIENT] sent ACK 37258
[CLIENT] sent ACK 37282
[CLIENT] sent ACK 37305
[CLIENT] sent ACK 37331
[CLIENT] sent ACK 37357
[CLIENT] sent ACK 37383
[CLIENT] sent ACK 37406
[CLIENT] sent ACK 37430
[CLIENT] sent ACK 37452
[CLIENT] sent ACK 37475
[CLIENT] sent ACK 37499
[CLIENT] sent ACK 37524
[CLIENT] sent ACK 37551
[CLIENT] sent ACK 37576
[CLIENT] sent ACK 37601
[CLIENT] sent ACK 37626
[CLIENT] sent ACK 37648
[CLIENT] sent ACK 37671
[CLIENT] sent ACK 37695
[CLIENT] sent ACK 37717
[CLIENT] sent ACK 37741
[CLIENT] sent ACK 37764
[CLIENT] sent ACK 37788
[CLIENT] sent ACK 37811
[CLIENT] sent ACK 37835
[CLIENT] sent ACK 37858
[CLIENT] sent ACK 37884
[CLIENT] sent ACK 37908
[CLIENT] sent ACK 37933
[CLIENT] sent ACK 37956
[CLIENT] sent ACK 37980
[CLIENT] sent ACK 38005
[CLIENT] sent ACK 38030
[CLIENT] sent ACK 38054
[CLIENT] sent ACK 38076
[CLIENT] sent ACK 38099
[CLIENT] sent ACK 38124
[CLIENT] sent ACK 38149
[CLIENT] sent ACK 38175
[CLIENT] sent ACK 38199
[CLIENT] sent ACK 38220
[CLIENT] sent ACK 38244
[CLIENT] sent ACK 38268
[CLIENT] sent ACK 38292
[CLIENT] sent ACK 38315
[CLIENT] sent ACK 38342
[CLIENT] sent ACK 38367
[CLIENT] sent ACK 38393
[CLIENT] sent ACK 38418
[CLIENT] sent ACK 38444
[CLIENT] sent ACK 38466
[CLIENT] sent ACK 38489
[CLIENT] sent ACK 38512
[CLIENT] sent ACK 38538
[CLIENT] sent ACK 38561
[CLIENT] sent ACK 38586
[CLIENT] sent ACK 38612
[CLIENT] sent ACK 38636
[CLIENT] sent ACK 38661
[CLIENT] sent ACK 38682
[CLIENT] sent ACK 38707
[CLIENT] sent ACK 38733
[CLIENT] sent ACK 38758
[CLIENT] sent ACK 38782
[CLIENT] sent ACK 38808
[CLIENT] sent ACK 38833
[CLIENT] sent ACK 38859
[CLIENT] sent ACK 38884
[CLIENT] sent ACK 38906
[CLIENT] sent ACK 38930
[CLIENT] sent ACK 38954
[CLIENT] sent ACK 38978
[CLIENT] sent ACK 39001
[CLIENT] sent ACK 39025
[CLIENT] sent ACK 39050
[CLIENT] sent ACK 39077
[CLIENT] sent ACK 39103
[CLIENT] sent ACK 39128
[CLIENT] sent ACK 39155
[CLIENT] sent ACK 39180
[CLIENT] sent ACK 39205
[CLIENT] sent ACK 39230
[CLIENT] sent ACK 39255
[CLIENT] sent ACK 39280
[CLIENT] sent ACK 39304
[CLIENT] sent ACK 39329
[CLIENT] sent ACK 39354
[CLIENT] sent ACK 39379
[CLIENT] sent ACK 39402
[CLIENT] sent ACK 39426
[CLIENT] sent ACK 39450
[CLIENT] sent ACK 39475
[CLIENT] sent ACK 39501
[CLIENT] sent ACK 39524
[CLIENT] sent ACK 39547
[CLIENT] sent ACK 39573
[CLIENT] sent ACK 39598
[CLIENT] sent ACK 39621
[CLIENT] sent ACK 39644
[CLIENT] sent ACK 39670
[CLIENT] sent ACK 39695
[CLIENT] sent ACK 39720
[CLIENT] sent ACK 39744
[CLIENT] sent ACK 39768
[CLIENT] sent ACK 39793
[CLIENT] sent ACK 39817
[CLIENT] sent ACK 39842
[CLIENT] sent ACK 39866
[CLIENT] sent ACK 39891
[CLIENT] sent ACK 39911
[CLIENT] sent ACK 39937
[CLIENT] sent ACK 39962
[CLIENT] sent ACK 39983
[CLIENT] sent ACK 40006
[CLIENT] sent ACK 40031
[CLIENT] sent ACK 40054
[CLIENT] sent ACK 40078
[CLIENT] sent ACK 40103
[CLIENT] sent ACK 40127
[CLIENT] sent ACK 40149
[CLIENT] sent ACK 40175
[CLIENT] sent ACK 40198
[CLIENT] sent ACK 40222
[CLIENT] sent ACK 40245
[CLIENT] sent ACK 40269
[CLIENT] sent ACK 40295
[CLIENT] sent ACK 40321
[CLIENT] sent ACK 40345
[CLIENT] sent ACK 40371
[CLIENT] sent ACK 40394
[CLIENT] sent ACK 40421
[CLIENT] sent ACK 40446
[CLIENT] sent ACK 40469
[CLIENT] sent ACK 40495
[CLIENT] sent ACK 40515
[CLIENT] sent ACK 40540
[CLIENT] sent ACK 40565
[CLIENT] sent ACK 40587
[CLIENT] sent ACK 40612
[CLIENT] sent ACK 40634
[CLIENT] sent ACK 40658
[CLIENT] sent ACK 40681
[CLIENT] sent ACK 40705
[CLIENT] sent ACK 40729
[CLIENT] sent ACK 40753
[CLIENT] sent ACK 40777
[CLIENT] sent ACK 40802
[CLIENT] sent ACK 40826
[CLIENT] sent ACK 40850
[CLIENT] sent ACK 40873
[CLIENT] sent ACK 40898
[CLIENT] sent ACK 40922
[CLIENT] sent ACK 40946
[CLIENT] sent ACK 40971
[CLIENT] sent ACK 40993
[CLIENT] sent ACK 41018
[CLIENT] sent ACK 41044
[CLIENT] sent ACK 41067
[CLIENT] sent ACK 41092
[CLIENT] sent ACK 41117
[CLIENT] sent ACK 41143
[CLIENT] sent ACK 41169
[CLIENT] sent ACK 41191
[CLIENT] sent ACK 41214
[CLIENT] sent ACK 41237
[CLIENT] sent ACK 41261
[CLIENT] sent ACK 41285
[CLIENT] sent ACK 41309
[CLIENT] sent ACK 41333
[CLIENT] sent ACK 41357
[CLIENT] sent ACK 41380
[CLIENT] sent ACK 41404
[CLIENT] sent ACK 41428
[CLIENT] sent ACK 41453
[CLIENT] sent ACK 41476
[CLIENT] sent ACK 41501
[CLIENT] sent ACK 41526
[CLIENT] sent ACK 41551
[CLIENT] sent ACK 41577
[CLIENT] sent ACK 41602
[CLIENT] sent ACK 41626
[CLIENT] sent ACK 41652
[CLIENT] sent ACK 41676
[CLIENT] sent ACK 41700
[CLIENT] sent ACK 41726
[CLIENT] sent ACK 41749
[CLIENT] sent ACK 41773
[CLIENT] sent ACK 41799
[CLIENT] sent ACK 41821
[CLIENT] sent ACK 41846
[CLIENT] sent ACK 41873
[CLIENT] sent ACK 41899
[CLIENT] sent ACK 41923
[CLIENT] sent ACK 41946
[CLIENT] sent ACK 41971
[CLIENT] sent ACK 41995
[CLIENT] sent ACK 42021
[CLIENT] sent ACK 42047
[CLIENT] sent ACK 42069
[CLIENT] sent ACK 42093
[CLIENT] sent ACK 42117
[CLIENT] sent ACK 42142
[CLIENT] sent ACK 42167
[CLIENT] sent ACK 42190
[CLIENT] sent ACK 42214
[CLIENT] sent ACK 42238
[CLIENT] sent ACK 42262
[CLIENT] sent ACK 42287
[CLIENT] sent ACK 42311
[CLIENT] sent ACK 42332
[CLIENT] sent ACK 42354
[CLIENT] sent ACK 42377
[CLIENT] sent ACK 42401
[CLIENT] sent ACK 42424
[CLIENT] sent ACK 42445
[CLIENT] sent ACK 42469
[CLIENT] sent ACK 42494
[CLIENT] sent ACK 42517
[CLIENT] sent ACK 42541
[CLIENT] sent ACK 42564
[CLIENT] sent ACK 42589
[CLIENT] sent ACK 42615
[CLIENT] sent ACK 42641
[CLIENT] sent ACK 42664
[CLIENT] sent ACK 42687
[CLIENT] sent ACK 42711
[CLIENT] sent ACK 42736
[CLIENT] sent ACK 42762
[CLIENT] sent ACK 42788
[CLIENT] sent ACK 42813
[CLIENT] sent ACK 42839
[CLIENT] sent ACK 42865
[CLIENT] sent ACK 42888
[CLIENT] sent ACK 42910
[CLIENT] sent ACK 42933
[CLIENT] sent ACK 42958
[CLIENT] sent ACK 42984
[CLIENT] sent ACK 43008
[CLIENT] sent ACK 43030
[CLIENT] sent ACK 43055
[CLIENT] sent ACK 43078
[CLIENT] sent ACK 43104
[CLIENT] sent ACK 43128
[CLIENT] sent ACK 43153
[CLIENT] sent ACK 43177
[CLIENT] sent ACK 43202
[CLIENT] sent ACK 43226
[CLIENT] sent ACK 43250
[CLIENT] sent ACK 43274
[CLIENT] sent ACK 43295
[CLIENT] sent ACK 43320
[CLIENT] sent ACK 43345
[CLIENT] sent ACK 43370
[CLIENT] sent ACK 43394
[CLIENT] sent ACK 43418
[CLIENT] sent ACK 43443
[CLIENT] sent ACK 43466
[CLIENT] sent ACK 43490
[CLIENT] sent ACK 43514
[CLIENT] sent ACK 43537
[CLIENT] sent ACK 43560
[CLIENT] sent ACK 43587
[CLIENT] sent ACK 43610
[CLIENT] sent ACK 43635
[CLIENT] sent ACK 43659
[CLIENT] sent ACK 43685
[CLIENT] sent ACK 43710
[CLIENT] sent ACK 43733
[CLIENT] sent ACK 43756
[CLIENT] sent ACK 43780
[CLIENT] sent ACK 43804
[CLIENT] sent ACK 43827
[CLIENT] sent ACK 43853
[CLIENT] sent ACK 43876
[CLIENT] sent ACK 43899
[CLIENT] sent ACK 43923
[CLIENT] sent ACK 43948
[CLIENT] sent ACK 43972
[CLIENT] sent ACK 43996
[CLIENT] sent ACK 44022
[CLIENT] sent ACK 44047
[CLIENT] sent ACK 44071
[CLIENT] sent ACK 44094
[CLIENT] sent ACK 44117
[CLIENT] sent ACK 44143
[CLIENT] sent ACK 44167
[CLIENT] sent ACK 44192
[CLIENT] sent ACK 44219
[CLIENT] sent ACK 44243
[CLIENT] sent ACK 44267
[CLIENT] sent ACK 44290
[CLIENT] sent ACK 44314
[CLIENT] sent ACK 44338
[CLIENT] sent ACK 44361
[CLIENT] sent ACK 44383
[CLIENT] sent ACK 44408
[CLIENT] sent ACK 44433
[CLIENT] sent ACK 44457
[CLIENT] sent ACK 44481
[CLIENT] sent ACK 44505
[CLIENT] sent ACK 44531
[CLIENT] sent ACK 44556
[CLIENT] sent ACK 44581
[CLIENT] sent ACK 44604
[CLIENT] sent ACK 44630
[CLIENT] sent ACK 44657
[CLIENT] sent ACK 44683
[CLIENT] sent ACK 44709
[CLIENT] sent ACK 44733
[CLIENT] sent ACK 44756
[CLIENT] sent ACK 44780
[CLIENT] sent ACK 44804
[CLIENT] sent ACK 44829
[CLIENT] sent ACK 44855
[CLIENT] sent ACK 44879
[CLIENT] sent ACK 44902
[CLIENT] sent ACK 44927
[CLIENT] sent ACK 44951
[CLIENT] sent ACK 44974
[CLIENT] sent ACK 44997
[CLIENT] sent ACK 45022
[CLIENT] sent ACK 45047
[CLIENT] sent ACK 45073
[CLIENT] sent ACK 45097
[CLIENT] sent ACK 45122
[CLIENT] sent ACK 45147
[CLIENT] sent ACK 45173
[CLIENT] sent ACK 45198
[CLIENT] sent ACK 45222
[CLIENT] sent ACK 45245
[CLIENT] sent ACK 45270
[CLIENT] sent ACK 45297
[CLIENT] sent ACK 45321
[CLIENT] sent ACK 45346
[CLIENT] sent ACK 45371
[CLIENT] sent ACK 45397
[CLIENT] sent ACK 45420
[CLIENT] sent ACK 45445
[CLIENT] sent ACK 45470
[CLIENT] sent ACK 45495
[CLIENT] sent ACK 45521
[CLIENT] sent ACK 45546
[CLIENT] sent ACK 45572
[CLIENT] sent ACK 45594
[CLIENT] sent ACK 45618
[CLIENT] sent ACK 45642
[CLIENT] sent ACK 45666
[CLIENT] sent ACK 45689
[CLIENT] sent ACK 45713
[CLIENT] sent ACK 45738
[CLIENT] sent ACK 45761
[CLIENT] sent ACK 45787
[CLIENT] sent ACK 45812
[CLIENT] sent ACK 45834
[CLIENT] sent ACK 45858
[CLIENT] sent ACK 45883
[CLIENT] sent ACK 45908
[CLIENT] sent ACK 45930
[CLIENT] sent ACK 45953
[CLIENT] sent ACK 45978
[CLIENT] sent ACK 46002
[CLIENT] sent ACK 46025
[CLIENT] sent ACK 46050
[CLIENT] sent ACK 46075
[CLIENT] sent ACK 46101
[CLIENT] sent ACK 46125
[CLIENT] sent ACK 46150
[CLIENT] sent ACK 46176
[CLIENT] sent ACK 46198
[CLIENT] sent ACK 46221
[CLIENT] sent ACK 46247
[CLIENT] sent ACK 46271
[CLIENT] sent ACK 46294
[CLIENT] sent ACK 46318
[CLIENT] sent ACK 46341
[CLIENT] sent ACK 46365
[CLIENT] sent ACK 46391
[CLIENT] sent ACK 46415
[CLIENT] sent ACK 46441
[CLIENT] sent ACK 46463
[CLIENT] sent ACK 46486
[CLIENT] sent ACK 46511
[CLIENT] sent ACK 46536
[CLIENT] sent ACK 46561
[CLIENT] sent ACK 46583
[CLIENT] sent ACK 46606
[CLIENT] sent ACK 46630
[CLIENT] sent ACK 46654
[CLIENT] sent ACK 46678
[CLIENT] sent ACK 46698
[CLIENT] sent ACK 46724
[CLIENT] sent ACK 46751
[CLIENT] sent ACK 46776
[CLIENT] sent ACK 46799
[CLIENT] sent ACK 46823
[CLIENT] sent ACK 46847
[CLIENT] sent ACK 46871
[CLIENT] sent ACK 46895
[CLIENT] sent ACK 46920
[CLIENT] sent ACK 46942
[CLIENT] sent ACK 46967
[CLIENT] sent ACK 46991
[CLIENT] sent ACK 47017
[CLIENT] sent ACK 47041
[CLIENT] sent ACK 47065
[CLIENT] sent ACK 47091
[CLIENT] sent ACK 47114
[CLIENT] sent ACK 47137
[CLIENT] sent ACK 47160
[CLIENT] sent ACK 47183
[CLIENT] sent ACK 47208
[CLIENT] sent ACK 47233
[CLIENT] sent ACK 47258
[CLIENT] sent ACK 47283
[CLIENT] sent ACK 47307
[CLIENT] sent ACK 47333
[CLIENT] sent ACK 47359
[CLIENT] sent ACK 47380
[CLIENT] sent ACK 47404
[CLIENT] sent ACK 47427
[CLIENT] sent ACK 47452
[CLIENT] sent ACK 47478
[CLIENT] sent ACK 47500
[CLIENT] sent ACK 47523
[CLIENT] sent ACK 47546
[CLIENT] sent ACK 47571
[CLIENT] sent ACK 47598
[CLIENT] sent ACK 47624
[CLIENT] sent ACK 47649
[CLIENT] sent ACK 47669
[CLIENT] sent ACK 47694
[CLIENT] sent ACK 47717
[CLIENT] sent ACK 47741
[CLIENT] sent ACK 47766
[CLIENT] sent ACK 47790
[CLIENT] sent ACK 47813
[CLIENT] sent ACK 47839
[CLIENT] sent ACK 47866
[CLIENT] sent ACK 47890
[CLIENT] sent ACK 47914
[CLIENT] sent ACK 47935
[CLIENT] sent ACK 47958
[CLIENT] sent ACK 47984
[CLIENT] sent ACK 48009
[CLIENT] sent ACK 48034
[CLIENT] sent ACK 48060
[CLIENT] sent ACK 48087
[CLIENT] sent ACK 48113
[CLIENT] sent ACK 48137
[CLIENT] sent ACK 48163
[CLIENT] sent ACK 48190
[CLIENT] sent ACK 48215
[CLIENT] sent ACK 48240
[CLIENT] sent ACK 48261
[CLIENT] sent ACK 48286
[CLIENT] sent ACK 48311
[CLIENT] sent ACK 48337
[CLIENT] sent ACK 48362
[CLIENT] sent ACK 48385
[CLIENT] sent ACK 48410
[CLIENT] sent ACK 48436
[CLIENT] sent ACK 48461
[CLIENT] sent ACK 48487
[CLIENT] sent ACK 48510
[CLIENT] sent ACK 48536
[CLIENT] sent ACK 48561
[CLIENT] sent ACK 48586
[CLIENT] sent ACK 48611
[CLIENT] sent ACK 48637
[CLIENT] sent ACK 48663
[CLIENT] sent ACK 48689
[CLIENT] sent ACK 48713
[CLIENT] sent ACK 48737
[CLIENT] sent ACK 48763
[CLIENT] sent ACK 48787
[CLIENT] sent ACK 48816
[CLIENT] sent ACK 48839
[CLIENT] sent ACK 48864
[CLIENT] sent ACK 48886
[CLIENT] sent ACK 48911
[CLIENT] sent ACK 48936
[CLIENT] sent ACK 48961
[CLIENT] sent ACK 48986
[CLIENT] sent ACK 49008
[CLIENT] sent ACK 49032
[CLIENT] sent ACK 49056
[CLIENT] sent ACK 49080
[CLIENT] sent ACK 49104
[CLIENT] sent ACK 49129
[CLIENT] sent ACK 49153
[CLIENT] sent ACK 49179
[CLIENT] sent ACK 49203
[CLIENT] sent ACK 49226
[CLIENT] sent ACK 49250
[CLIENT] sent ACK 49274
[CLIENT] sent ACK 49298
[CLIENT] sent ACK 49322
[CLIENT] sent ACK 49347
[CLIENT] sent ACK 49372
[CLIENT] sent ACK 49395
[CLIENT] sent ACK 49417
[CLIENT] sent ACK 49441
[CLIENT] sent ACK 49466
[CLIENT] sent ACK 49492
[CLIENT] sent ACK 49514
[CLIENT] sent ACK 49539
[CLIENT] sent ACK 49564
[CLIENT] sent ACK 49587
[CLIENT] sent ACK 49612
[CLIENT] sent ACK 49636
[CLIENT] sent ACK 49660
[CLIENT] sent ACK 49685
[CLIENT] sent ACK 49710
[CLIENT] sent ACK 49735
[CLIENT] sent ACK 49761
[CLIENT] sent ACK 49783
[CLIENT] sent ACK 49808
[CLIENT] sent ACK 49833
[CLIENT] sent ACK 49856
[CLIENT] sent ACK 49879
[CLIENT] sent ACK 49903
[CLIENT] sent ACK 49928
[CLIENT] sent ACK 49950
[CLIENT] sent ACK 49973
[CLIENT] sent ACK 49997
[CLIENT] sent ACK 50023
[CLIENT] sent ACK 50048
[CLIENT] sent ACK 50071
[CLIENT] sent ACK 50095
[CLIENT] sent ACK 50117
[CLIENT] sent ACK 50142
[CLIENT] sent ACK 50167
[CLIENT] sent ACK 50193
[CLIENT] sent ACK 50217
[CLIENT] sent ACK 50241
[CLIENT] sent ACK 50265
[CLIENT] sent ACK 50289
[CLIENT] sent ACK 50313
[CLIENT] sent ACK 50339
[CLIENT] sent ACK 50364
[CLIENT] sent ACK 50388
[CLIENT] sent ACK 50411
[CLIENT] sent ACK 50437
[CLIENT] sent ACK 50461
[CLIENT] sent ACK 50485
[CLIENT] sent ACK 50506
[CLIENT] sent ACK 50530
[CLIENT] sent ACK 50555
[CLIENT] sent ACK 50580
[CLIENT] sent ACK 50602
[CLIENT] sent ACK 50627
[CLIENT] sent ACK 50652
[CLIENT] sent ACK 50676
[CLIENT] sent ACK 50700
[CLIENT] sent ACK 50722
[CLIENT] sent ACK 50745
[CLIENT] sent ACK 50770
[CLIENT] sent ACK 50795
[CLIENT] sent ACK 50820
[CLIENT] sent ACK 50842
[CLIENT] sent ACK 50867
[CLIENT] sent ACK 50893
[CLIENT] sent ACK 50920
[CLIENT] sent ACK 50944
[CLIENT] sent ACK 50967
[CLIENT] sent ACK 50993
[CLIENT] sent ACK 51019
[CLIENT] sent ACK 51045
[CLIENT] sent ACK 51069
[CLIENT] sent ACK 51093
[CLIENT] sent ACK 51118
[CLIENT] sent ACK 51143
[CLIENT] sent ACK 51169
[CLIENT] sent ACK 51193
[CLIENT] sent ACK 51219
[CLIENT] sent ACK 51245
[CLIENT] sent ACK 51270
[CLIENT] sent ACK 51297
[CLIENT] sent ACK 51323
[CLIENT] sent ACK 51347
[CLIENT] sent ACK 51373
[CLIENT] sent ACK 51399
[CLIENT] sent ACK 51427
[CLIENT] sent ACK 51451
[CLIENT] sent ACK 51476
[CLIENT] sent ACK 51501
[CLIENT] sent ACK 51527
[CLIENT] sent ACK 51553
[CLIENT] sent ACK 51578
[CLIENT] sent ACK 51603
[CLIENT] sent ACK 51627
[CLIENT] sent ACK 51651
[CLIENT] sent ACK 51677
[CLIENT] sent ACK 51702
[CLIENT] sent ACK 51727
[CLIENT] sent ACK 51754
[CLIENT] sent ACK 51778
[CLIENT] sent ACK 51803
[CLIENT] sent ACK 51827
[CLIENT] sent ACK 51853
[CLIENT] sent ACK 51878
[CLIENT] sent ACK 51905
[CLIENT] sent ACK 51929
[CLIENT] sent ACK 51954
[CLIENT] sent ACK 51979
[CLIENT] sent ACK 52004
[CLIENT] sent ACK 52029
[CLIENT] sent ACK 52054
[CLIENT] sent ACK 52078
[CLIENT] sent ACK 52101
[CLIENT] sent ACK 52126
[CLIENT] sent ACK 52151
[CLIENT] sent ACK 52175
[CLIENT] sent ACK 52197
[CLIENT] sent ACK 52222
[CLIENT] sent ACK 52247
[CLIENT] sent ACK 52271
[CLIENT] sent ACK 52296
[CLIENT] sent ACK 52320
[CLIENT] sent ACK 52345
[CLIENT] sent ACK 52370
[CLIENT] sent ACK 52395
[CLIENT] sent ACK 52420
[CLIENT] sent ACK 52442
[CLIENT] sent ACK 52466
[CLIENT] sent ACK 52492
[CLIENT] sent ACK 52516
[CLIENT] sent ACK 52540
[CLIENT] sent ACK 52562
[CLIENT] sent ACK 52584
[CLIENT] sent ACK 52609
[CLIENT] sent ACK 52637
[CLIENT] sent ACK 52660
[CLIENT] sent ACK 52686
[CLIENT] sent ACK 52709
[CLIENT] sent ACK 52730
[CLIENT] sent ACK 52755
[CLIENT] sent ACK 52781
[CLIENT] sent ACK 52806
[CLIENT] sent ACK 52829
[CLIENT] sent ACK 52855
[CLIENT] sent ACK 52881
[CLIENT] sent ACK 52907
[CLIENT] sent ACK 52928
[CLIENT] sent ACK 52951
[CLIENT] sent ACK 52976
[CLIENT] sent ACK 52998
[CLIENT] sent ACK 53026
[CLIENT] sent ACK 53051
[CLIENT] sent ACK 53073
[CLIENT] sent ACK 53096
[CLIENT] sent ACK 53120
[CLIENT] sent ACK 53143
[CLIENT] sent ACK 53166
[CLIENT] sent ACK 53190
[CLIENT] sent ACK 53216
[CLIENT] sent ACK 53241
[CLIENT] sent ACK 53264
[CLIENT] sent ACK 53287
[CLIENT] sent ACK 53310
[CLIENT] sent ACK 53334
[CLIENT] sent ACK 53358
[CLIENT] sent ACK 53380
[CLIENT] sent ACK 53402
[CLIENT] sent ACK 53425
[CLIENT] sent ACK 53448
[CLIENT] sent ACK 53473
[CLIENT] sent ACK 53496
[CLIENT] sent ACK 53519
[CLIENT] sent ACK 53541
[CLIENT] sent ACK 53566
[CLIENT] sent ACK 53589
[CLIENT] sent ACK 53615
[CLIENT] sent ACK 53638
[CLIENT] sent ACK 53659
[CLIENT] sent ACK 53683
[CLIENT] sent ACK 53707
[CLIENT] sent ACK 53732
[CLIENT] sent ACK 53756
[CLIENT] sent ACK 53779
[CLIENT] sent ACK 53803
[CLIENT] sent ACK 53828
[CLIENT] sent ACK 53853
[CLIENT] sent ACK 53879
[CLIENT] sent ACK 53902
[CLIENT] sent ACK 53925
[CLIENT] sent ACK 53949
[CLIENT] sent ACK 53974
[CLIENT] sent ACK 53998
[CLIENT] sent ACK 54022
[CLIENT] sent ACK 54046
[CLIENT] sent ACK 54071
[CLIENT] sent ACK 54097
[CLIENT] sent ACK 54120
[CLIENT] sent ACK 54143
[CLIENT] sent ACK 54170
[CLIENT] sent ACK 54192
[CLIENT] sent ACK 54216
[CLIENT] sent ACK 54240
[CLIENT] sent ACK 54264
[CLIENT] sent ACK 54288
[CLIENT] sent ACK 54313
[CLIENT] sent ACK 54339
[CLIENT] sent ACK 54362
[CLIENT] sent ACK 54389
[CLIENT] sent ACK 54414
[CLIENT] sent ACK 54438
[CLIENT] sent ACK 54463
[CLIENT] sent ACK 54487
[CLIENT] sent ACK 54511
[CLIENT] sent ACK 54537
[CLIENT] sent ACK 54561
[CLIENT] sent ACK 54587
[CLIENT] sent ACK 54611
[CLIENT] sent ACK 54636
[CLIENT] sent ACK 54659
[CLIENT] sent ACK 54683
[CLIENT] sent ACK 54709
[CLIENT] sent ACK 54732
[CLIENT] sent ACK 54756
[CLIENT] sent ACK 54779
[CLIENT] sent ACK 54804
[CLIENT] sent ACK 54828
[CLIENT] sent ACK 54851
[CLIENT] sent ACK 54871
[CLIENT] sent ACK 54896
[CLIENT] sent ACK 54920
[CLIENT] sent ACK 54946
[CLIENT] sent ACK 54973
[CLIENT] sent ACK 54998
[CLIENT] sent ACK 55022
[CLIENT] sent ACK 55047
[CLIENT] sent ACK 55074
[CLIENT] sent ACK 55093
[CLIENT] sent ACK 55117
[CLIENT] sent ACK 55142
[CLIENT] sent ACK 55168
[CLIENT] sent ACK 55195
[CLIENT] sent ACK 55224
[CLIENT] sent ACK 55250
[CLIENT] sent ACK 55275
[CLIENT] sent ACK 55302
[CLIENT] sent ACK 55328
[CLIENT] sent ACK 55353
[CLIENT] sent ACK 55379
[CLIENT] sent ACK 55404
[CLIENT] sent ACK 55429
[CLIENT] sent ACK 55455
[CLIENT] sent ACK 55478
[CLIENT] sent ACK 55501
[CLIENT] sent ACK 55525
[CLIENT] sent ACK 55549
[CLIENT] sent ACK 55572
[CLIENT] sent ACK 55595
[CLIENT] sent ACK 55620
[CLIENT] sent ACK 55646
[CLIENT] sent ACK 55669
[CLIENT] sent ACK 55693
[CLIENT] sent ACK 55716
[CLIENT] sent ACK 55742
[CLIENT] sent ACK 55767
[CLIENT] sent ACK 55795
[CLIENT] sent ACK 55820
[CLIENT] sent ACK 55843
[CLIENT] sent ACK 55870
[CLIENT] sent ACK 55895
[CLIENT] sent ACK 55921
[CLIENT] sent ACK 55948
[CLIENT] sent ACK 55972
[CLIENT] sent ACK 55995
[CLIENT] sent ACK 56021
[CLIENT] sent ACK 56046
[CLIENT] sent ACK 56073
[CLIENT] sent ACK 56098
[CLIENT] sent ACK 56122
[CLIENT] sent ACK 56145
[CLIENT] sent ACK 56169
[CLIENT] sent ACK 56195
[CLIENT] sent ACK 56220
[CLIENT] sent ACK 56245
[CLIENT] sent ACK 56270
[CLIENT] sent ACK 56295
[CLIENT] sent ACK 56319
[CLIENT] sent ACK 56344
[CLIENT] sent ACK 56369
[CLIENT] sent ACK 56395
[CLIENT] sent ACK 56421
[CLIENT] sent ACK 56447
[CLIENT] sent ACK 56473
[CLIENT] sent ACK 56499
[CLIENT] sent ACK 56524
[CLIENT] sent ACK 56550
[CLIENT] sent ACK 56575
[CLIENT] sent ACK 56599
[CLIENT] sent ACK 56624
[CLIENT] sent ACK 56647
[CLIENT] sent ACK 56671
[CLIENT] sent ACK 56696
[CLIENT] sent ACK 56718
[CLIENT] sent ACK 56742
[CLIENT] sent ACK 56769
[CLIENT] sent ACK 56796
[CLIENT] sent ACK 56820
[CLIENT] sent ACK 56845
[CLIENT] sent ACK 56870
[CLIENT] sent ACK 56895
[CLIENT] sent ACK 56921
[CLIENT] sent ACK 56946
[CLIENT] sent ACK 56971
[CLIENT] sent ACK 56996
[CLIENT] sent ACK 57021
[CLIENT] sent ACK 57047
[CLIENT] sent ACK 57073
[CLIENT] sent ACK 57097
[CLIENT] sent ACK 57122
[CLIENT] sent ACK 57149
[CLIENT] sent ACK 57175
[CLIENT] sent ACK 57199
[CLIENT] sent ACK 57225
[CLIENT] sent ACK 57249
[CLIENT] sent ACK 57272
[CLIENT] sent ACK 57296
[CLIENT] sent ACK 57319
[CLIENT] sent ACK 57342
[CLIENT] sent ACK 57366
[CLIENT] sent ACK 57390
[CLIENT] sent ACK 57413
[CLIENT] sent ACK 57439
[CLIENT] sent ACK 57461
[CLIENT] sent ACK 57485
[CLIENT] sent ACK 57510
[CLIENT] sent ACK 57534
[CLIENT] sent ACK 57562
[CLIENT] sent ACK 57585
[CLIENT] sent ACK 57606
[CLIENT] sent ACK 57629
[CLIENT] sent ACK 57656
[CLIENT] sent ACK 57680
[CLIENT] sent ACK 57704
[CLIENT] sent ACK 57728
[CLIENT] sent ACK 57752
[CLIENT] sent ACK 57776
[CLIENT] sent ACK 57800
[CLIENT] sent ACK 57824
[CLIENT] sent ACK 57847
[CLIENT] sent ACK 57872
[CLIENT] sent ACK 57898
[CLIENT] sent ACK 57924
[CLIENT] sent ACK 57947
[CLIENT] sent ACK 57971
[CLIENT] sent ACK 57995
[CLIENT] sent ACK 58022
[CLIENT] sent ACK 58046
[CLIENT] sent ACK 58071
[CLIENT] sent ACK 58092
[CLIENT] sent ACK 58117
[CLIENT] sent ACK 58143
[CLIENT] sent ACK 58168
[CLIENT] sent ACK 58189
[CLIENT] sent ACK 58211
[CLIENT] sent ACK 58234
[CLIENT] sent ACK 58258
[CLIENT] sent ACK 58284
[CLIENT] sent ACK 58308
[CLIENT] sent ACK 58333
[CLIENT] sent ACK 58359
[CLIENT] sent ACK 58382
[CLIENT] sent ACK 58405
[CLIENT] sent ACK 58429
[CLIENT] sent ACK 58453
[CLIENT] sent ACK 58478
[CLIENT] sent ACK 58503
[CLIENT] sent ACK 58527
[CLIENT] sent ACK 58551
[CLIENT] sent ACK 58575
[CLIENT] sent ACK 58597
[CLIENT] sent ACK 58623
[CLIENT] sent ACK 58647
[CLIENT] sent ACK 58670
[CLIENT] sent ACK 58695
[CLIENT] sent ACK 58718
[CLIENT] sent ACK 58742
[CLIENT] sent ACK 58767
[CLIENT] sent ACK 58793
[CLIENT] sent ACK 58819
[CLIENT] sent ACK 58844
[CLIENT] sent ACK 58870
[CLIENT] sent ACK 58894
[CLIENT] sent ACK 58922
[CLIENT] sent ACK 58947
[CLIENT] sent ACK 58974
[CLIENT] sent ACK 58998
[CLIENT] sent ACK 59023
[CLIENT] sent ACK 59050
[CLIENT] sent ACK 59076
[CLIENT] sent ACK 59101
[CLIENT] sent ACK 59128
[CLIENT] sent ACK 59155
[CLIENT] sent ACK 59180
[CLIENT] sent ACK 59205
[CLIENT] sent ACK 59230
[CLIENT] sent ACK 59251
[CLIENT] sent ACK 59275
[CLIENT] sent ACK 59298
[CLIENT] sent ACK 59322
[CLIENT] sent ACK 59346
[CLIENT] sent ACK 59373
[CLIENT] sent ACK 59400
[CLIENT] sent ACK 59424
[CLIENT] sent ACK 59450
[CLIENT] sent ACK 59476
[CLIENT] sent ACK 59502
[CLIENT] sent ACK 59527
[CLIENT] sent ACK 59552
[CLIENT] sent ACK 59577
[CLIENT] sent ACK 59603
[CLIENT] sent ACK 59628
[CLIENT] sent ACK 59654
[CLIENT] sent ACK 59680
[CLIENT] sent ACK 59704
[CLIENT] sent ACK 59728
[CLIENT] sent ACK 59752
[CLIENT] sent ACK 59776
[CLIENT] sent ACK 59801
[CLIENT] sent ACK 59823
[CLIENT] sent ACK 59848
[CLIENT] sent ACK 59872
[CLIENT] sent ACK 59897
[CLIENT] sent ACK 59921
[CLIENT] sent ACK 59944
[CLIENT] sent ACK 59969
[CLIENT] sent ACK 59994
[CLIENT] sent ACK 60018
[CLIENT] sent ACK 60042
[CLIENT] sent ACK 60066
[CLIENT] sent ACK 60092
[CLIENT] sent ACK 60115
[CLIENT] sent ACK 60140
[CLIENT] sent ACK 60166
[CLIENT] sent ACK 60187
[CLIENT] sent ACK 60209
[CLIENT] sent ACK 60233
[CLIENT] sent ACK 60257
[CLIENT] sent ACK 60284
[CLIENT] sent ACK 60309
[CLIENT] sent ACK 60333
[CLIENT] sent ACK 60355
[CLIENT] sent ACK 60379
[CLIENT] sent ACK 60402
[CLIENT] sent ACK 60426
[CLIENT] sent ACK 60450
[CLIENT] sent ACK 60474
[CLIENT] sent ACK 60499
[CLIENT] sent ACK 60523
[CLIENT] sent ACK 60547
[CLIENT] sent ACK 60571
[CLIENT] sent ACK 60596
[CLIENT] sent ACK 60621
[CLIENT] sent ACK 60645
[CLIENT] sent ACK 60669
[CLIENT] sent ACK 60691
[CLIENT] sent ACK 60715
[CLIENT] sent ACK 60740
[CLIENT] sent ACK 60764
[CLIENT] sent ACK 60788
[CLIENT] sent ACK 60811
[CLIENT] sent ACK 60836
[CLIENT] sent ACK 60861
[CLIENT] sent ACK 60884
[CLIENT] sent ACK 60910
[CLIENT] sent ACK 60934
[CLIENT] sent ACK 60957
[CLIENT] sent ACK 60982
[CLIENT] sent ACK 61007
[CLIENT] sent ACK 61032
[CLIENT] sent ACK 61054
[CLIENT] sent ACK 61078
[CLIENT] sent ACK 61102
[CLIENT] sent ACK 61127
[CLIENT] sent ACK 61151
[CLIENT] sent ACK 61174
[CLIENT] sent ACK 61197
[CLIENT] sent ACK 61221
[CLIENT] sent ACK 61245
[CLIENT] sent ACK 61271
[CLIENT] sent ACK 61295
[CLIENT] sent ACK 61318
[CLIENT] sent ACK 61342
[CLIENT] sent ACK 61365
[CLIENT] sent ACK 61388
[CLIENT] sent ACK 61412
[CLIENT] sent ACK 61436
[CLIENT] sent ACK 61460
[CLIENT] sent ACK 61487
[CLIENT] sent ACK 61512
[CLIENT] sent ACK 61536
[CLIENT] sent ACK 61563
[CLIENT] sent ACK 61587
[CLIENT] sent ACK 61611
[CLIENT] sent ACK 61635
[CLIENT] sent ACK 61659
[CLIENT] sent ACK 61686
[CLIENT] sent ACK 61711
[CLIENT] sent ACK 61732
[CLIENT] sent ACK 61756
[CLIENT] sent ACK 61777
[CLIENT] sent ACK 61802
[CLIENT] sent ACK 61826
[CLIENT] sent ACK 61850
[CLIENT] sent ACK 61875
[CLIENT] sent ACK 61897
[CLIENT] sent ACK 61923
[CLIENT] sent ACK 61946
[CLIENT] sent ACK 61970
[CLIENT] sent ACK 61994
[CLIENT] sent ACK 62017
[CLIENT] sent ACK 62041
[CLIENT] sent ACK 62068
[CLIENT] sent ACK 62094
[CLIENT] sent ACK 62118
[CLIENT] sent ACK 62141
[CLIENT] sent ACK 62167
[CLIENT] sent ACK 62192
[CLIENT] sent ACK 62215
[CLIENT] sent ACK 62239
[CLIENT] sent ACK 62261
[CLIENT] sent ACK 62286
[CLIENT] sent ACK 62311
[CLIENT] sent ACK 62337
[CLIENT] sent ACK 62362
[CLIENT] sent ACK 62382
[CLIENT] sent ACK 62408
[CLIENT] sent ACK 62435
[CLIENT] sent ACK 62456
[CLIENT] sent ACK 62481
[CLIENT] sent ACK 62503
[CLIENT] sent ACK 62526
[CLIENT] sent ACK 62551
[CLIENT] sent ACK 62575
[CLIENT] sent ACK 62600
[CLIENT] sent ACK 62623
[CLIENT] sent ACK 62649
[CLIENT] sent ACK 62675
[CLIENT] sent ACK 62700
[CLIENT] sent ACK 62725
[CLIENT] sent ACK 62748
[CLIENT] sent ACK 62774
[CLIENT] sent ACK 62801
[CLIENT] sent ACK 62826
[CLIENT] sent ACK 62849
[CLIENT] sent ACK 62874
[CLIENT] sent ACK 62898
[CLIENT] sent ACK 62923
[CLIENT] sent ACK 62951
[CLIENT] sent ACK 62973
[CLIENT] sent ACK 62999
[CLIENT] sent ACK 63023
[CLIENT] sent ACK 63047
[CLIENT] sent ACK 63072
[CLIENT] sent ACK 63096
[CLIENT] sent ACK 63122
[CLIENT] sent ACK 63147
[CLIENT] sent ACK 63174
[CLIENT] sent ACK 63198
[CLIENT] sent ACK 63221
[CLIENT] sent ACK 63246
[CLIENT] sent ACK 63271
[CLIENT] sent ACK 63296
[CLIENT] sent ACK 63319
[CLIENT] sent ACK 63343
[CLIENT] sent ACK 63370
[CLIENT] sent ACK 63393
[CLIENT] sent ACK 63418
[CLIENT] sent ACK 63442
[CLIENT] sent ACK 63467
[CLIENT] sent ACK 63492
[CLIENT] sent ACK 63518
[CLIENT] sent ACK 63542
[CLIENT] sent ACK 63567
[CLIENT] sent ACK 63591
[CLIENT] sent ACK 63620
[CLIENT] sent ACK 63643
[CLIENT] sent ACK 63668
[CLIENT] sent ACK 63692
[CLIENT] sent ACK 63714
[CLIENT] sent ACK 63738
[CLIENT] sent ACK 63763
[CLIENT] sent ACK 63789
[CLIENT] sent ACK 63814
[CLIENT] sent ACK 63836
[CLIENT] sent ACK 63862
[CLIENT] sent ACK 63887
[CLIENT] sent ACK 63912
[CLIENT] sent ACK 63935
[CLIENT] sent ACK 63959
[CLIENT] sent ACK 63982
[CLIENT] sent ACK 64005
[CLIENT] sent ACK 64030
[CLIENT] sent ACK 64054
[CLIENT] sent ACK 64079
[CLIENT] sent ACK 64100
[CLIENT] sent ACK 64123
[CLIENT] sent ACK 64147
[CLIENT] sent ACK 64170
[CLIENT] sent ACK 64196
[CLIENT] sent ACK 64219
[CLIENT] sent ACK 64246
[CLIENT] sent ACK 64271
[CLIENT] sent ACK 64296
[CLIENT] sent ACK 64319
[CLIENT] sent ACK 64342
[CLIENT] sent ACK 64365
[CLIENT] sent ACK 64391
[CLIENT] sent ACK 64416
[CLIENT] sent ACK 64439
[CLIENT] sent ACK 64462
[CLIENT] sent ACK 64486
[CLIENT] sent ACK 64511
[CLIENT] sent ACK 64535
[CLIENT] sent ACK 64559
[CLIENT] sent ACK 64584
[CLIENT] sent ACK 64611
[CLIENT] sent ACK 64634
[CLIENT] sent ACK 64657
[CLIENT] sent ACK 64681
[CLIENT] sent ACK 64704
[CLIENT] sent ACK 64730
[CLIENT] sent ACK 64753
[CLIENT] sent ACK 64777
[CLIENT] sent ACK 64802
[CLIENT] sent ACK 64824
[CLIENT] sent ACK 64848
[CLIENT] sent ACK 64873
[CLIENT] sent ACK 64899
[CLIENT] sent ACK 64923
[CLIENT] sent ACK 64947
[CLIENT] sent ACK 64973
[CLIENT] sent ACK 64995
[CLIENT] sent ACK 65019
[CLIENT] sent ACK 65043
[CLIENT] sent ACK 65066
[CLIENT] sent ACK 65091
[CLIENT] sent ACK 65117
[CLIENT] sent ACK 65142
[CLIENT] sent ACK 65166
[CLIENT] sent ACK 65190
[CLIENT] sent ACK 65213
[CLIENT] sent ACK 65240
[CLIENT] sent ACK 65263
[CLIENT] sent ACK 65286
[CLIENT] sent ACK 65310
[CLIENT] sent ACK 65335
[CLIENT] sent ACK 65357
[CLIENT] sent ACK 65383
[CLIENT] sent ACK 65405
[CLIENT] sent ACK 65428
[CLIENT] sent ACK 65454
[CLIENT] sent ACK 65477
[CLIENT] sent ACK 65502
[CLIENT] sent ACK 65526
[CLIENT] sent ACK 65549
[CLIENT] sent ACK 65572
[CLIENT] sent ACK 65595
[CLIENT] sent ACK 65620
[CLIENT] sent ACK 65645
[CLIENT] sent ACK 65669
[CLIENT] sent ACK 65694
[CLIENT] sent ACK 65719
[CLIENT] sent ACK 65744
[CLIENT] sent ACK 65769
[CLIENT] sent ACK 65793
[CLIENT] sent ACK 65819
[CLIENT] sent ACK 65842
[CLIENT] sent ACK 65867
[CLIENT] sent ACK 65890
[CLIENT] sent ACK 65914
[CLIENT] sent ACK 65940
[CLIENT] sent ACK 65961
[CLIENT] sent ACK 65985
[CLIENT] sent ACK 66010
[CLIENT] sent ACK 66034
[CLIENT] sent ACK 66057
[CLIENT] sent ACK 66081
[CLIENT] sent ACK 66105
[CLIENT] sent ACK 66128
[CLIENT] sent ACK 66153
[CLIENT] sent ACK 66177
[CLIENT] sent ACK 66203
[CLIENT] sent ACK 66228
[CLIENT] sent ACK 66253
[CLIENT] sent ACK 66275
[CLIENT] sent ACK 66299
[CLIENT] sent ACK 66323
[CLIENT] sent ACK 66346
[CLIENT] sent ACK 66371
[CLIENT] sent ACK 66394
[CLIENT] sent ACK 66418
[CLIENT] sent ACK 66444
[CLIENT] sent ACK 66469
[CLIENT] sent ACK 66493
[CLIENT] sent ACK 66517
[CLIENT] sent ACK 66544
[CLIENT] sent ACK 66568
[CLIENT] sent ACK 66590
[CLIENT] sent ACK 66614
[CLIENT] sent ACK 66635
[CLIENT] sent ACK 66658
[CLIENT] sent ACK 66681
[CLIENT] sent ACK 66706
[CLIENT] sent ACK 66730
[CLIENT] sent ACK 66753
[CLIENT] sent ACK 66778
[CLIENT] sent ACK 66801
[CLIENT] sent ACK 66826
[CLIENT] sent ACK 66851
[CLIENT] sent ACK 66875
[CLIENT] sent ACK 66901
[CLIENT] sent ACK 66926
[CLIENT] sent ACK 66949
[CLIENT] sent ACK 66973
[CLIENT] sent ACK 66996
[CLIENT] sent ACK 67020
[CLIENT] sent ACK 67044
[CLIENT] sent ACK 67068
[CLIENT] sent ACK 67092
[CLIENT] sent ACK 67116
[CLIENT] sent ACK 67141
[CLIENT] sent ACK 67166
[CLIENT] sent ACK 67192
[CLIENT] sent ACK 67214
[CLIENT] sent ACK 67237
[CLIENT] sent ACK 67262
[CLIENT] sent ACK 67287
[CLIENT] sent ACK 67311
[CLIENT] sent ACK 67334
[CLIENT] sent ACK 67356
[CLIENT] sent ACK 67380
[CLIENT] sent ACK 67403
[CLIENT] sent ACK 67426
[CLIENT] sent ACK 67450
[CLIENT] sent ACK 67472
[CLIENT] sent ACK 67495
[CLIENT] sent ACK 67519
[CLIENT] sent ACK 67543
[CLIENT] sent ACK 67569
[CLIENT] sent ACK 67591
[CLIENT] sent ACK 67616
[CLIENT] sent ACK 67639
[CLIENT] sent ACK 67664
[CLIENT] sent ACK 67688
[CLIENT] sent ACK 67710
[CLIENT] sent ACK 67734
[CLIENT] sent ACK 67758
[CLIENT] sent ACK 67781
[CLIENT] sent ACK 67806
[CLIENT] sent ACK 67829
[CLIENT] sent ACK 67854
[CLIENT] sent ACK 67878
[CLIENT] sent ACK 67903
[CLIENT] sent ACK 67927
[CLIENT] sent ACK 67949
[CLIENT] sent ACK 67972
[CLIENT] sent ACK 67995
[CLIENT] sent ACK 68022
[CLIENT] sent ACK 68048
[CLIENT] sent ACK 68070
[CLIENT] sent ACK 68095
[CLIENT] sent ACK 68121
[CLIENT] sent ACK 68146
[CLIENT] sent ACK 68169
[CLIENT] sent ACK 68192
[CLIENT] sent ACK 68220
[CLIENT] sent ACK 68243
[CLIENT] sent ACK 68266
[CLIENT] sent ACK 68288
[CLIENT] sent ACK 68312
[CLIENT] sent ACK 68339
[CLIENT] sent ACK 68362
[CLIENT] sent ACK 68387
[CLIENT] sent ACK 68412
[CLIENT] sent ACK 68437
[CLIENT] sent ACK 68461
[CLIENT] sent ACK 68486
[CLIENT] sent ACK 68510
[CLIENT] sent ACK 68534
[CLIENT] sent ACK 68553
[CLIENT] sent ACK 68576
[CLIENT] sent ACK 68600
[CLIENT] sent ACK 68624
[CLIENT] sent ACK 68647
[CLIENT] sent ACK 68669
[CLIENT] sent ACK 68696
[CLIENT] sent ACK 68720
[CLIENT] sent ACK 68743
[CLIENT] sent ACK 68771
[CLIENT] sent ACK 68793
[CLIENT] sent ACK 68819
[CLIENT] sent ACK 68843
[CLIENT] sent ACK 68868
[CLIENT] sent ACK 68892
[CLIENT] sent ACK 68914
[CLIENT] sent ACK 68939
[CLIENT] sent ACK 68964
[CLIENT] sent ACK 68987
[CLIENT] sent ACK 69010
[CLIENT] sent ACK 69034
[CLIENT] sent ACK 69058
[CLIENT] sent ACK 69080
[CLIENT] sent ACK 69102
[CLIENT] sent ACK 69127
[CLIENT] sent ACK 69150
[CLIENT] sent ACK 69174
[CLIENT] sent ACK 69200
[CLIENT] sent ACK 69224
[CLIENT] sent ACK 69249
[CLIENT] sent ACK 69272
[CLIENT] sent ACK 69298
[CLIENT] sent ACK 69322
[CLIENT] sent ACK 69348
[CLIENT] sent ACK 69372
[CLIENT] sent ACK 69398
[CLIENT] sent ACK 69423
[CLIENT] sent ACK 69447
[CLIENT] sent ACK 69472
[CLIENT] sent ACK 69497
[CLIENT] sent ACK 69520
[CLIENT] sent ACK 69544
[CLIENT] sent ACK 69569
[CLIENT] sent ACK 69592
[CLIENT] sent ACK 69613
[CLIENT] sent ACK 69635
[CLIENT] sent ACK 69661
[CLIENT] sent ACK 69684
[CLIENT] sent ACK 69710
[CLIENT] sent ACK 69732
[CLIENT] sent ACK 69753
[CLIENT] sent ACK 69779
[CLIENT] sent ACK 69804
[CLIENT] sent ACK 69831
[CLIENT] sent ACK 69857
[CLIENT] sent ACK 69880
[CLIENT] sent ACK 69905
[CLIENT] sent ACK 69932
[CLIENT] sent ACK 69958
[CLIENT] sent ACK 69981
[CLIENT] sent ACK 70004
[CLIENT] sent ACK 70029
[CLIENT] sent ACK 70055
[CLIENT] sent ACK 70078
[CLIENT] sent ACK 70101
[CLIENT] sent ACK 70125
[CLIENT] sent ACK 70150
[CLIENT] sent ACK 70174
[CLIENT] sent ACK 70199
[CLIENT] sent ACK 70223
[CLIENT] sent ACK 70248
[CLIENT] sent ACK 70273
[CLIENT] sent ACK 70299
[CLIENT] sent ACK 70325
[CLIENT] sent ACK 70350
[CLIENT] sent ACK 70376
[CLIENT] sent ACK 70401
[CLIENT] sent ACK 70428
[CLIENT] sent ACK 70453
[CLIENT] sent ACK 70477
[CLIENT] sent ACK 70502
[CLIENT] sent ACK 70526
[CLIENT] sent ACK 70550
[CLIENT] sent ACK 70573
[CLIENT] sent ACK 70598
[CLIENT] sent ACK 70622
[CLIENT] sent ACK 70649
[CLIENT] sent ACK 70676
[CLIENT] sent ACK 70701
[CLIENT] sent ACK 70725
[CLIENT] sent ACK 70751
[CLIENT] sent ACK 70776
[CLIENT] sent ACK 70801
[CLIENT] sent ACK 70826
[CLIENT] sent ACK 70848
[CLIENT] sent ACK 70872
[CLIENT] sent ACK 70898
[CLIENT] sent ACK 70925
[CLIENT] sent ACK 70950
[CLIENT] sent ACK 70975
[CLIENT] sent ACK 71001
[CLIENT] sent ACK 71024
[CLIENT] sent ACK 71049
[CLIENT] sent ACK 71073
[CLIENT] sent ACK 71097
[CLIENT] sent ACK 71123
[CLIENT] sent ACK 71148
[CLIENT] sent ACK 71175
[CLIENT] sent ACK 71200
[CLIENT] sent ACK 71225
[CLIENT] sent ACK 71249
[CLIENT] sent ACK 71275
[CLIENT] sent ACK 71301
[CLIENT] sent ACK 71326
[CLIENT] sent ACK 71352
[CLIENT] sent ACK 71378
[CLIENT] sent ACK 71401
[CLIENT] sent ACK 71425
[CLIENT] sent ACK 71450
[CLIENT] sent ACK 71473
[CLIENT] sent ACK 71496
[CLIENT] sent ACK 71519
[CLIENT] sent ACK 71543
[CLIENT] sent ACK 71567
[CLIENT] sent ACK 71591
[CLIENT] sent ACK 71616
[CLIENT] sent ACK 71641
[CLIENT] sent ACK 71665
[CLIENT] sent ACK 71690
[CLIENT] sent ACK 71713
[CLIENT] sent ACK 71737
[CLIENT] sent ACK 71763
[CLIENT] sent ACK 71789
[CLIENT] sent ACK 71815
[CLIENT] sent ACK 71839
[CLIENT] sent ACK 71863
[CLIENT] sent ACK 71889
[CLIENT] sent ACK 71914
[CLIENT] sent ACK 71939
[CLIENT] sent ACK 71962
[CLIENT] sent ACK 71987
[CLIENT] sent ACK 72011
[CLIENT] sent ACK 72037
[CLIENT] sent ACK 72063
[CLIENT] sent ACK 72086
[CLIENT] sent ACK 72110
[CLIENT] sent ACK 72134
[CLIENT] sent ACK 72159
[CLIENT] sent ACK 72186
[CLIENT] sent ACK 72210
[CLIENT] sent ACK 72236
[CLIENT] sent ACK 72260
[CLIENT] sent ACK 72285
[CLIENT] sent ACK 72308
[CLIENT] sent ACK 72331
[CLIENT] sent ACK 72356
[CLIENT] sent ACK 72382
[CLIENT] sent ACK 72406
[CLIENT] sent ACK 72431
[CLIENT] sent ACK 72454
[CLIENT] sent ACK 72480
[CLIENT] sent ACK 72505
[CLIENT] sent ACK 72530
[CLIENT] sent ACK 72555
[CLIENT] sent ACK 72579
[CLIENT] sent ACK 72604
[CLIENT] sent ACK 72629
[CLIENT] sent ACK 72654
[CLIENT] sent ACK 72677
[CLIENT] sent ACK 72703
[CLIENT] sent ACK 72731
[CLIENT] sent ACK 72755
[CLIENT] sent ACK 72781
[CLIENT] sent ACK 72807
[CLIENT] sent ACK 72829
[CLIENT] sent ACK 72855
[CLIENT] sent ACK 72879
[CLIENT] sent ACK 72903
[CLIENT] sent ACK 72928
[CLIENT] sent ACK 72954
[CLIENT] sent ACK 72980
[CLIENT] sent ACK 73006
[CLIENT] sent ACK 73032
[CLIENT] sent ACK 73056
[CLIENT] sent ACK 73080
[CLIENT] sent ACK 73103
[CLIENT] sent ACK 73127
[CLIENT] sent ACK 73153
[CLIENT] sent ACK 73177
[CLIENT] sent ACK 73200
[CLIENT] sent ACK 73225
[CLIENT] sent ACK 73252
[CLIENT] sent ACK 73277
[CLIENT] sent ACK 73302
[CLIENT] sent ACK 73325
[CLIENT] sent ACK 73350
[CLIENT] sent ACK 73375
[CLIENT] sent ACK 73400
[CLIENT] sent ACK 73425
[CLIENT] sent ACK 73447
[CLIENT] sent ACK 73473
[CLIENT] sent ACK 73498
[CLIENT] sent ACK 73522
[CLIENT] sent ACK 73547
[CLIENT] sent ACK 73571
[CLIENT] sent ACK 73597
[CLIENT] sent ACK 73624
[CLIENT] sent ACK 73651
[CLIENT] sent ACK 73677
[CLIENT] sent ACK 73701
[CLIENT] sent ACK 73725
[CLIENT] sent ACK 73751
[CLIENT] sent ACK 73776
[CLIENT] sent ACK 73799
[CLIENT] sent ACK 73822
[CLIENT] sent ACK 73847
[CLIENT] sent ACK 73872
[CLIENT] sent ACK 73897
[CLIENT] sent ACK 73924
[CLIENT] sent ACK 73946
[CLIENT] sent ACK 73971
[CLIENT] sent ACK 73997
[CLIENT] sent ACK 74023
[CLIENT] sent ACK 74049
[CLIENT] sent ACK 74074
[CLIENT] sent ACK 74098
[CLIENT] sent ACK 74126
[CLIENT] sent ACK 74150
[CLIENT] sent ACK 74176
[CLIENT] sent ACK 74199
[CLIENT] sent ACK 74225
[CLIENT] sent ACK 74250
[CLIENT] sent ACK 74276
[CLIENT] sent ACK 74302
[CLIENT] sent ACK 74326
[CLIENT] sent ACK 74350
[CLIENT] sent ACK 74376
[CLIENT] sent ACK 74401
[CLIENT] sent ACK 74426
[CLIENT] sent ACK 74448
[CLIENT] sent ACK 74475
[CLIENT] sent ACK 74500
[CLIENT] sent ACK 74524
[CLIENT] sent ACK 74547
[CLIENT] sent ACK 74572
[CLIENT] sent ACK 74595
[CLIENT] sent ACK 74624
[CLIENT] sent ACK 74648
[CLIENT] sent ACK 74671
[CLIENT] sent ACK 74694
[CLIENT] sent ACK 74717
[CLIENT] sent ACK 74743
[CLIENT] sent ACK 74769
[CLIENT] sent ACK 74794
[CLIENT] sent ACK 74818
[CLIENT] sent ACK 74843
[CLIENT] sent ACK 74867
[CLIENT] sent ACK 74893
[CLIENT] sent ACK 74899
[CLIENT] sent ACK 74900
[CLIENT] SHA-256 match: True

==================================================
CLIENT REPORT
==================================================
Security enabled (PSK + AEAD):            Yes
Handshake status:                         Success
Size of the transferred file:             104857600 bytes
Number of packets received from server:   74899
Number of duplicate packets:              613
Replay drops:                             613
Number of out-of-order packets:           0
Number of packets with checksum errors:   0
Time duration of the file transfer:       00:00:36
Received file MD5:                        2f282b84e7e608d5852449ed940bfc51
AEAD authentication failures:             0
SHA-256 match:                            Yes
==================================================

[CLIENT] Report saved to client_report.txt
[CLIENT] file saved as received_test_100mb_file

Script done on 2026-04-22 18:02:47+00:00 [COMMAND_EXIT_CODE="0"]
